Configurations - 2025-12-25 21:18:13
-----------------------------------------------------------------------------------------------------------------
|order |                                          keys |                                                  values|
-----------------------------------------------------------------------------------------------------------------
|    1 |                                         model |                                               PGS2Net_b|
|    2 |                               resume_training |                                                    None|
|    3 |                                  dataset_path | /home/inspur/PythonProject/zjr/DehazeLab/data/RSHD/thick|
|    4 |                                          seed |                                                      11|
|    5 |                                        epochs |                                                     500|
|    6 |                                   input_shape |                                              [256, 256]|
|    7 |                                    batch_size |                                                       4|
|    8 |                                       log_dir |                                                  ./logs|
|    9 |                                            lr |                                                  0.0002|
|   10 |                                      momentum |                                                     0.9|
|   11 |                                  weight_decay |                                                  0.0001|
|   12 |                                     optimizer |                                                   adamw|
|   13 |                                           amp |                                                   False|
|   14 |                                       gpu_ids |                                                       0|
-----------------------------------------------------------------------------------------------------------------
使用设备: cuda:0
使用单卡训练: cuda:0
初始训练 DCTNet_b
1 - psnr: 17.057078086194537, ssim: 0.7342086272580283
Epoch:1/500
Total Loss: 0.65434 || Val Loss: 1.08531 
Best model saved at epoch —— 1, metric —— 17.057078086194537
Save best model to ./logs/2025_12_25_21_18_13/weights/best_metric_model.pth
2 - psnr: 19.355098446210224, ssim: 0.7833574815875008
Epoch:2/500
Total Loss: 0.47101 || Val Loss: 0.83262 
Best model saved at epoch —— 2, metric —— 19.355098446210224
Save best model to ./logs/2025_12_25_21_18_13/weights/best_metric_model.pth
3 - psnr: 19.448645753519877, ssim: 0.7751285405386061
Epoch:3/500
Total Loss: 0.44277 || Val Loss: 0.85821 
Best model saved at epoch —— 3, metric —— 19.448645753519877
Save best model to ./logs/2025_12_25_21_18_13/weights/best_metric_model.pth
4 - psnr: 18.210769883223943, ssim: 0.7694319316319057
Epoch:4/500
Total Loss: 0.44934 || Val Loss: 0.88909 
5 - psnr: 14.008106552419209, ssim: 0.7116392089497475
Epoch:5/500
Total Loss: 0.45484 || Val Loss: 1.58071 
6 - psnr: 20.346706163315545, ssim: 0.7900913498231343
Epoch:6/500
Total Loss: 0.41893 || Val Loss: 1.16466 
Best model saved at epoch —— 6, metric —— 20.346706163315545
Save best model to ./logs/2025_12_25_21_18_13/weights/best_metric_model.pth
7 - psnr: 21.15458068961189, ssim: 0.812628894050916
Epoch:7/500
Total Loss: 0.40429 || Val Loss: 0.79940 
Best model saved at epoch —— 7, metric —— 21.15458068961189
Save best model to ./logs/2025_12_25_21_18_13/weights/best_metric_model.pth
8 - psnr: 21.429128482228233, ssim: 0.81122998382364
Epoch:8/500
Total Loss: 0.38944 || Val Loss: 0.80278 
Best model saved at epoch —— 8, metric —— 21.429128482228233
Save best model to ./logs/2025_12_25_21_18_13/weights/best_metric_model.pth
9 - psnr: 18.041798886798677, ssim: 0.7782105174802598
Epoch:9/500
Total Loss: 0.40553 || Val Loss: 0.84712 
10 - psnr: 18.152191082636516, ssim: 0.7752311487283026
Epoch:10/500
Total Loss: 0.40677 || Val Loss: 1.15310 
11 - psnr: 21.08439018612816, ssim: 0.8150712640512557
Epoch:11/500
Total Loss: 0.38996 || Val Loss: 0.90731 
12 - psnr: 22.08993375301361, ssim: 0.8250180766696021
Epoch:12/500
Total Loss: 0.34974 || Val Loss: 0.80155 
Best model saved at epoch —— 12, metric —— 22.08993375301361
Save best model to ./logs/2025_12_25_21_18_13/weights/best_metric_model.pth
13 - psnr: 21.42445791902996, ssim: 0.8143304759547824
Epoch:13/500
Total Loss: 0.35451 || Val Loss: 0.79231 
14 - psnr: 19.861534203801835, ssim: 0.7971664956637792
Epoch:14/500
Total Loss: 0.37511 || Val Loss: 0.91810 
15 - psnr: 19.82402955918085, ssim: 0.7973794221878052
Epoch:15/500
Total Loss: 0.36927 || Val Loss: 0.85547 
16 - psnr: 22.289187919525872, ssim: 0.8296125935656684
Epoch:16/500
Total Loss: 0.34886 || Val Loss: 0.90691 
Best model saved at epoch —— 16, metric —— 22.289187919525872
Save best model to ./logs/2025_12_25_21_18_13/weights/best_metric_model.pth
17 - psnr: 22.10306708017985, ssim: 0.8279162462268557
Epoch:17/500
Total Loss: 0.31932 || Val Loss: 0.80819 
18 - psnr: 21.117535602478753, ssim: 0.819999602720851
Epoch:18/500
Total Loss: 0.32996 || Val Loss: 1.01495 
19 - psnr: 17.993503533658526, ssim: 0.7824988593657811
Epoch:19/500
Total Loss: 0.35459 || Val Loss: 1.18313 
20 - psnr: 22.042050548962184, ssim: 0.8251385333992186
Epoch:20/500
Total Loss: 0.34367 || Val Loss: 0.84775 
21 - psnr: 22.16647910504114, ssim: 0.8289476098049254
Epoch:21/500
Total Loss: 0.31970 || Val Loss: 0.75099 
22 - psnr: 21.974275912557328, ssim: 0.828527895467622
Epoch:22/500
Total Loss: 0.30913 || Val Loss: 0.83391 
23 - psnr: 21.73752290861947, ssim: 0.8241574511641547
Epoch:23/500
Total Loss: 0.31871 || Val Loss: 0.79326 
24 - psnr: 20.6043788478488, ssim: 0.8104896275770097
Epoch:24/500
Total Loss: 0.33475 || Val Loss: 1.03572 
25 - psnr: 20.944252743607475, ssim: 0.8213903583231427
Epoch:25/500
Total Loss: 0.33251 || Val Loss: 0.75561 
26 - psnr: 22.52300393013727, ssim: 0.8347491560947328
Epoch:26/500
Total Loss: 0.30983 || Val Loss: 0.85579 
Best model saved at epoch —— 26, metric —— 22.52300393013727
Save best model to ./logs/2025_12_25_21_18_13/weights/best_metric_model.pth
27 - psnr: 22.32560211703891, ssim: 0.8329060110307875
Epoch:27/500
Total Loss: 0.30119 || Val Loss: 0.81057 
28 - psnr: 21.536133663994924, ssim: 0.8167098314989181
Epoch:28/500
Total Loss: 0.31178 || Val Loss: 1.00745 
29 - psnr: 20.44303376334054, ssim: 0.8174705834615799
Epoch:29/500
Total Loss: 0.32278 || Val Loss: 0.79018 
30 - psnr: 22.64223285516103, ssim: 0.833557972737721
Epoch:30/500
Total Loss: 0.31348 || Val Loss: 0.88288 
Best model saved at epoch —— 30, metric —— 22.64223285516103
Save best model to ./logs/2025_12_25_21_18_13/weights/best_metric_model.pth
31 - psnr: 22.01454508304596, ssim: 0.8317722343263172
Epoch:31/500
Total Loss: 0.29661 || Val Loss: 0.77180 
32 - psnr: 22.86293107555026, ssim: 0.8352948295218604
Epoch:32/500
Total Loss: 0.29194 || Val Loss: 0.99420 
Best model saved at epoch —— 32, metric —— 22.86293107555026
Save best model to ./logs/2025_12_25_21_18_13/weights/best_metric_model.pth
33 - psnr: 22.48953788053422, ssim: 0.8343879421552022
Epoch:33/500
Total Loss: 0.31120 || Val Loss: 0.85852 
34 - psnr: 21.066996994472685, ssim: 0.8160290385995592
Epoch:34/500
Total Loss: 0.31686 || Val Loss: 0.73256 
35 - psnr: 20.89183529785701, ssim: 0.822359226005418
Epoch:35/500
Total Loss: 0.30562 || Val Loss: 0.71054 
36 - psnr: 22.33307867390769, ssim: 0.8357258661871865
Epoch:36/500
Total Loss: 0.28481 || Val Loss: 0.83355 
37 - psnr: 21.966920716421946, ssim: 0.8215752390168962
Epoch:37/500
Total Loss: 0.29350 || Val Loss: 0.77861 
38 - psnr: 21.207777352560136, ssim: 0.8219077272074563
Epoch:38/500
Total Loss: 0.31447 || Val Loss: 0.76906 
39 - psnr: 21.55692358244033, ssim: 0.8229710289410183
Epoch:39/500
Total Loss: 0.30841 || Val Loss: 0.74804 
40 - psnr: 20.957902806145803, ssim: 0.8262121454590843
Epoch:40/500
Total Loss: 0.29825 || Val Loss: 0.70634 
41 - psnr: 22.87410082703545, ssim: 0.8410813808441162
Epoch:41/500
Total Loss: 0.28210 || Val Loss: 0.79997 
Best model saved at epoch —— 41, metric —— 22.87410082703545
Save best model to ./logs/2025_12_25_21_18_13/weights/best_metric_model.pth
42 - psnr: 20.46605548404512, ssim: 0.8165426390511649
Epoch:42/500
Total Loss: 0.28917 || Val Loss: 0.82359 
43 - psnr: 20.74326873960949, ssim: 0.8083369709196545
Epoch:43/500
Total Loss: 0.30715 || Val Loss: 1.00719 
44 - psnr: 23.390642699741182, ssim: 0.8436065563133784
Epoch:44/500
Total Loss: 0.30137 || Val Loss: 0.75633 
Best model saved at epoch —— 44, metric —— 23.390642699741182
Save best model to ./logs/2025_12_25_21_18_13/weights/best_metric_model.pth
45 - psnr: 22.482117545037042, ssim: 0.8399328339667548
Epoch:45/500
Total Loss: 0.28289 || Val Loss: 0.73360 
46 - psnr: 22.374905398913793, ssim: 0.8361888323511396
Epoch:46/500
Total Loss: 0.27831 || Val Loss: 0.75955 
47 - psnr: 20.304276125771658, ssim: 0.8116370077644076
Epoch:47/500
Total Loss: 0.28444 || Val Loss: 0.82752 
48 - psnr: 20.80685863608406, ssim: 0.8170130397592272
Epoch:48/500
Total Loss: 0.30792 || Val Loss: 0.71947 
49 - psnr: 23.37451274054391, ssim: 0.8411987545944396
Epoch:49/500
Total Loss: 0.29651 || Val Loss: 0.72525 
50 - psnr: 23.577004557564145, ssim: 0.8461282275971912
Epoch:50/500
Total Loss: 0.27848 || Val Loss: 0.79999 
Best model saved at epoch —— 50, metric —— 23.577004557564145
Save best model to ./logs/2025_12_25_21_18_13/weights/best_metric_model.pth
51 - psnr: 22.640761233511427, ssim: 0.834836597102029
Epoch:51/500
Total Loss: 0.27986 || Val Loss: 0.73004 
52 - psnr: 21.097096091225033, ssim: 0.8180877376170386
Epoch:52/500
Total Loss: 0.29075 || Val Loss: 0.74625 
53 - psnr: 22.768403575533913, ssim: 0.8397399724948974
Epoch:53/500
Total Loss: 0.30117 || Val Loss: 0.81707 
54 - psnr: 22.315120515369234, ssim: 0.8373015254735947
Epoch:54/500
Total Loss: 0.28395 || Val Loss: 0.68853 
55 - psnr: 23.47569271496364, ssim: 0.8452691139209838
Epoch:55/500
Total Loss: 0.26822 || Val Loss: 0.70936 
56 - psnr: 23.203865562166488, ssim: 0.8411055564880371
Epoch:56/500
Total Loss: 0.27705 || Val Loss: 0.71603 
57 - psnr: 22.220392692656745, ssim: 0.8248156057936805
Epoch:57/500
Total Loss: 0.29217 || Val Loss: 0.78548 
58 - psnr: 18.566508164008457, ssim: 0.7989610087303888
Epoch:58/500
Total Loss: 0.29253 || Val Loss: 1.14852 
59 - psnr: 21.738369936034793, ssim: 0.8375392949297314
Epoch:59/500
Total Loss: 0.27974 || Val Loss: 0.71560 
60 - psnr: 22.680377233596076, ssim: 0.8438433011372884
Epoch:60/500
Total Loss: 0.26790 || Val Loss: 0.72788 
61 - psnr: 21.291845327331906, ssim: 0.8277824120862144
Epoch:61/500
Total Loss: 0.27084 || Val Loss: 0.73773 
62 - psnr: 20.813881295067922, ssim: 0.8248189166897819
Epoch:62/500
Total Loss: 0.28752 || Val Loss: 0.73084 
63 - psnr: 22.80566716761816, ssim: 0.839909538484755
Epoch:63/500
Total Loss: 0.28637 || Val Loss: 0.79181 
64 - psnr: 23.49980310031346, ssim: 0.8479092084226154
Epoch:64/500
Total Loss: 0.27243 || Val Loss: 0.72887 
65 - psnr: 23.803756918225968, ssim: 0.8489092439413071
Epoch:65/500
Total Loss: 0.26503 || Val Loss: 0.69591 
Best model saved at epoch —— 65, metric —— 23.803756918225968
Save best model to ./logs/2025_12_25_21_18_13/weights/best_metric_model.pth
66 - psnr: 19.15866031249364, ssim: 0.80158058319773
Epoch:66/500
Total Loss: 0.27734 || Val Loss: 1.00262 
67 - psnr: 22.665332215172903, ssim: 0.8357669149126326
Epoch:67/500
Total Loss: 0.29369 || Val Loss: 0.75020 
68 - psnr: 23.72558748154413, ssim: 0.8462121587424051
Epoch:68/500
Total Loss: 0.27777 || Val Loss: 0.76214 
69 - psnr: 23.439183150018966, ssim: 0.8467964214938027
Epoch:69/500
Total Loss: 0.26770 || Val Loss: 0.69316 
70 - psnr: 22.602184585162572, ssim: 0.8399109779369264
Epoch:70/500
Total Loss: 0.26436 || Val Loss: 0.69400 
71 - psnr: 21.050372404711588, ssim: 0.8192689218691417
Epoch:71/500
Total Loss: 0.28175 || Val Loss: 0.80137 
72 - psnr: 22.383539057913282, ssim: 0.8339286929085141
Epoch:72/500
Total Loss: 0.29127 || Val Loss: 0.74329 
73 - psnr: 22.049625124250138, ssim: 0.8378314208416712
Epoch:73/500
Total Loss: 0.27286 || Val Loss: 0.69922 
74 - psnr: 23.557574573017302, ssim: 0.8482741184177853
Epoch:74/500
Total Loss: 0.25529 || Val Loss: 0.68070 
75 - psnr: 21.98447186606271, ssim: 0.8400292534203756
Epoch:75/500
Total Loss: 0.26237 || Val Loss: 0.68885 
76 - psnr: 20.723746739682696, ssim: 0.806951190460296
Epoch:76/500
Total Loss: 0.27459 || Val Loss: 0.94150 
77 - psnr: 21.519694731349038, ssim: 0.8277041859570003
Epoch:77/500
Total Loss: 0.28141 || Val Loss: 0.87873 
78 - psnr: 20.763721403621492, ssim: 0.8287660296474184
Epoch:78/500
Total Loss: 0.26661 || Val Loss: 0.69368 
79 - psnr: 22.67029048715319, ssim: 0.8460664488020397
Epoch:79/500
Total Loss: 0.25759 || Val Loss: 0.69191 
80 - psnr: 21.732555900301254, ssim: 0.8299073276065645
Epoch:80/500
Total Loss: 0.26716 || Val Loss: 0.71814 
81 - psnr: 21.658260708763486, ssim: 0.823323271671931
Epoch:81/500
Total Loss: 0.27803 || Val Loss: 0.78960 
82 - psnr: 23.19577804065886, ssim: 0.8453551736615953
Epoch:82/500
Total Loss: 0.27466 || Val Loss: 0.73137 
83 - psnr: 23.981413852600824, ssim: 0.8536546665997732
Epoch:83/500
Total Loss: 0.26481 || Val Loss: 0.72688 
Best model saved at epoch —— 83, metric —— 23.981413852600824
Save best model to ./logs/2025_12_25_21_18_13/weights/best_metric_model.pth
84 - psnr: 23.395674915540788, ssim: 0.8494233313060943
Epoch:84/500
Total Loss: 0.25013 || Val Loss: 0.69333 
85 - psnr: 22.111234574090865, ssim: 0.8339930090166273
Epoch:85/500
Total Loss: 0.26002 || Val Loss: 0.72244 
86 - psnr: 23.09077021053859, ssim: 0.8422346634524209
Epoch:86/500
Total Loss: 0.27504 || Val Loss: 0.70022 
87 - psnr: 22.194995783624194, ssim: 0.8379340073892049
Epoch:87/500
Total Loss: 0.27137 || Val Loss: 0.68114 
88 - psnr: 24.306733926137287, ssim: 0.8542842127027965
Epoch:88/500
Total Loss: 0.25515 || Val Loss: 0.69816 
Best model saved at epoch —— 88, metric —— 24.306733926137287
Save best model to ./logs/2025_12_25_21_18_13/weights/best_metric_model.pth
89 - psnr: 22.829738571530296, ssim: 0.848111636581875
Epoch:89/500
Total Loss: 0.25561 || Val Loss: 0.66519 
90 - psnr: 21.563976060776483, ssim: 0.8279271429493313
Epoch:90/500
Total Loss: 0.26597 || Val Loss: 0.73410 
91 - psnr: 19.153109936487105, ssim: 0.7945896672351019
Epoch:91/500
Total Loss: 0.28226 || Val Loss: 1.10126 
92 - psnr: 21.929393001965114, ssim: 0.8433551338456926
Epoch:92/500
Total Loss: 0.26814 || Val Loss: 0.65902 
93 - psnr: 22.998458953130815, ssim: 0.8467174578280676
Epoch:93/500
Total Loss: 0.24993 || Val Loss: 0.65609 
94 - psnr: 22.774799903233845, ssim: 0.8469981641996475
Epoch:94/500
Total Loss: 0.25091 || Val Loss: 0.66022 
95 - psnr: 20.588416213080997, ssim: 0.8254012298016321
Epoch:95/500
Total Loss: 0.26569 || Val Loss: 0.71866 
96 - psnr: 22.52856883548555, ssim: 0.8350762695074081
Epoch:96/500
Total Loss: 0.28098 || Val Loss: 0.73306 
97 - psnr: 22.327904956681387, ssim: 0.8384021969068618
Epoch:97/500
Total Loss: 0.26234 || Val Loss: 0.67268 
98 - psnr: 23.963874663625443, ssim: 0.8534171271891821
Epoch:98/500
Total Loss: 0.25055 || Val Loss: 0.69481 
99 - psnr: 19.784976834342594, ssim: 0.8193250118266968
Epoch:99/500
Total Loss: 0.25227 || Val Loss: 0.87223 
100 - psnr: 20.012098800568353, ssim: 0.811316590649741
Epoch:100/500
Total Loss: 0.26763 || Val Loss: 0.93280 
101 - psnr: 22.649606613885787, ssim: 0.8385933075632368
Epoch:101/500
Total Loss: 0.26836 || Val Loss: 0.77083 
102 - psnr: 22.527843327749345, ssim: 0.8445611554951895
Epoch:102/500
Total Loss: 0.25373 || Val Loss: 0.66945 
103 - psnr: 24.099725956008548, ssim: 0.8543393633195332
Epoch:103/500
Total Loss: 0.24746 || Val Loss: 0.65982 
104 - psnr: 20.9077315614337, ssim: 0.8243322189365114
Epoch:104/500
Total Loss: 0.25295 || Val Loss: 0.80360 
105 - psnr: 21.719209846996126, ssim: 0.8334103287685485
Epoch:105/500
Total Loss: 0.26586 || Val Loss: 0.72311 
106 - psnr: 21.175633084206353, ssim: 0.8313622849328177
Epoch:106/500
Total Loss: 0.27335 || Val Loss: 0.76602 
107 - psnr: 24.239470623788378, ssim: 0.8553438171034767
Epoch:107/500
Total Loss: 0.25037 || Val Loss: 0.67230 
108 - psnr: 22.876242297036306, ssim: 0.8421926475706555
Epoch:108/500
Total Loss: 0.24718 || Val Loss: 0.67273 
109 - psnr: 22.855487153643654, ssim: 0.8405873016232536
Epoch:109/500
Total Loss: 0.25723 || Val Loss: 0.67242 
110 - psnr: 21.509672130857194, ssim: 0.8244563680319559
Epoch:110/500
Total Loss: 0.26733 || Val Loss: 0.71264 
111 - psnr: 24.0244779416493, ssim: 0.8537885316780636
Epoch:111/500
Total Loss: 0.26653 || Val Loss: 0.71902 
112 - psnr: 24.60366768496377, ssim: 0.8577944864829381
Epoch:112/500
Total Loss: 0.24525 || Val Loss: 0.71527 
Best model saved at epoch —— 112, metric —— 24.60366768496377
Save best model to ./logs/2025_12_25_21_18_13/weights/best_metric_model.pth
113 - psnr: 23.420717909222557, ssim: 0.8506034856750851
Epoch:113/500
Total Loss: 0.24093 || Val Loss: 0.65909 
114 - psnr: 24.220680986131942, ssim: 0.8534897375674475
Epoch:114/500
Total Loss: 0.25382 || Val Loss: 0.66874 
115 - psnr: 22.15710087049575, ssim: 0.8320177221582049
Epoch:115/500
Total Loss: 0.26818 || Val Loss: 0.77326 
116 - psnr: 23.930787177312943, ssim: 0.8535811320656822
Epoch:116/500
Total Loss: 0.25762 || Val Loss: 0.64582 
117 - psnr: 23.763403307823907, ssim: 0.8534510246344975
Epoch:117/500
Total Loss: 0.24320 || Val Loss: 0.69600 
118 - psnr: 22.12998374303182, ssim: 0.8333684516804559
Epoch:118/500
Total Loss: 0.24504 || Val Loss: 0.70828 
119 - psnr: 21.721235320681618, ssim: 0.83245303048974
Epoch:119/500
Total Loss: 0.26353 || Val Loss: 0.72389 
120 - psnr: 20.341002651623317, ssim: 0.8162245697918392
Epoch:120/500
Total Loss: 0.26165 || Val Loss: 0.85224 
121 - psnr: 23.474334024247668, ssim: 0.8541960558720998
Epoch:121/500
Total Loss: 0.24914 || Val Loss: 0.64138 
122 - psnr: 24.516315755389986, ssim: 0.8585788081089656
Epoch:122/500
Total Loss: 0.23759 || Val Loss: 0.64633 
123 - psnr: 23.249100917861576, ssim: 0.8455627857219605
Epoch:123/500
Total Loss: 0.24738 || Val Loss: 0.72608 
124 - psnr: 21.273757457733154, ssim: 0.8333139460711252
Epoch:124/500
Total Loss: 0.26224 || Val Loss: 0.73412 
125 - psnr: 24.075363959584916, ssim: 0.8553915455227806
Epoch:125/500
Total Loss: 0.25427 || Val Loss: 0.68845 
126 - psnr: 24.236861518451146, ssim: 0.8566365930296126
Epoch:126/500
Total Loss: 0.24359 || Val Loss: 0.65629 
127 - psnr: 23.92413666702452, ssim: 0.85315474825246
Epoch:127/500
Total Loss: 0.23974 || Val Loss: 0.65347 
128 - psnr: 20.234680522055854, ssim: 0.8259432816789264
Epoch:128/500
Total Loss: 0.24612 || Val Loss: 0.79104 
129 - psnr: 23.768216706457594, ssim: 0.8492228096439725
Epoch:129/500
Total Loss: 0.25999 || Val Loss: 0.74098 
130 - psnr: 23.74779466787974, ssim: 0.8551712365377517
Epoch:130/500
Total Loss: 0.25458 || Val Loss: 0.64257 
131 - psnr: 24.433469062759762, ssim: 0.8581412260021483
Epoch:131/500
Total Loss: 0.23882 || Val Loss: 0.67314 
132 - psnr: 24.33908975124359, ssim: 0.8566486828383946
Epoch:132/500
Total Loss: 0.23820 || Val Loss: 0.66463 
133 - psnr: 18.748132558096025, ssim: 0.8064471210042635
Epoch:133/500
Total Loss: 0.25414 || Val Loss: 1.29326 
134 - psnr: 19.45777911515463, ssim: 0.8130060095162619
Epoch:134/500
Total Loss: 0.26290 || Val Loss: 0.87813 
135 - psnr: 24.244823540960038, ssim: 0.8533956648338409
Epoch:135/500
Total Loss: 0.24784 || Val Loss: 0.65431 
136 - psnr: 24.152201050803775, ssim: 0.8561080756641569
Epoch:136/500
Total Loss: 0.23790 || Val Loss: 0.63931 
137 - psnr: 23.0794042746226, ssim: 0.8453968120472771
Epoch:137/500
Total Loss: 0.23939 || Val Loss: 0.73643 
138 - psnr: 22.088467399279278, ssim: 0.8314772544872193
Epoch:138/500
Total Loss: 0.25234 || Val Loss: 0.77262 
139 - psnr: 19.30534628175554, ssim: 0.8105357554696855
Epoch:139/500
Total Loss: 0.26811 || Val Loss: 1.21229 
140 - psnr: 24.47232253210885, ssim: 0.8588254988193512
Epoch:140/500
Total Loss: 0.24633 || Val Loss: 0.65936 
141 - psnr: 24.28093529315222, ssim: 0.8581797777187257
Epoch:141/500
Total Loss: 0.24152 || Val Loss: 0.67360 
142 - psnr: 21.54375831853776, ssim: 0.8258185236226945
Epoch:142/500
Total Loss: 0.24544 || Val Loss: 0.82209 
143 - psnr: 23.635844656399318, ssim: 0.8474028912328538
Epoch:143/500
Total Loss: 0.26298 || Val Loss: 0.74189 
144 - psnr: 23.40801963919685, ssim: 0.8479706674814225
Epoch:144/500
Total Loss: 0.25849 || Val Loss: 0.75133 
145 - psnr: 24.587607378051395, ssim: 0.8585716406504313
Epoch:145/500
Total Loss: 0.23901 || Val Loss: 0.65145 
146 - psnr: 23.81468919912974, ssim: 0.8544155220190685
Epoch:146/500
Total Loss: 0.23336 || Val Loss: 0.64537 
147 - psnr: 23.004509624980745, ssim: 0.8435863961776098
Epoch:147/500
Total Loss: 0.24406 || Val Loss: 0.66382 
148 - psnr: 22.077867621467227, ssim: 0.833654343798047
Epoch:148/500
Total Loss: 0.25908 || Val Loss: 0.79172 
149 - psnr: 23.774331416402543, ssim: 0.8545469647362118
Epoch:149/500
Total Loss: 0.24904 || Val Loss: 0.65332 
150 - psnr: 24.500826495034353, ssim: 0.858409944886253
Epoch:150/500
Total Loss: 0.23755 || Val Loss: 0.65870 
151 - psnr: 23.89339358466012, ssim: 0.8568687113977614
Epoch:151/500
Total Loss: 0.23857 || Val Loss: 0.65674 
152 - psnr: 23.136041465259733, ssim: 0.841657792812302
Epoch:152/500
Total Loss: 0.25179 || Val Loss: 0.74177 
153 - psnr: 22.31411937872569, ssim: 0.8334424274308341
Epoch:153/500
Total Loss: 0.26367 || Val Loss: 0.80959 
154 - psnr: 24.72168396768116, ssim: 0.8594989996580851
Epoch:154/500
Total Loss: 0.25027 || Val Loss: 0.69947 
Best model saved at epoch —— 154, metric —— 24.72168396768116
Save best model to ./logs/2025_12_25_21_18_13/weights/best_metric_model.pth
155 - psnr: 24.927637934684753, ssim: 0.8606977770725887
Epoch:155/500
Total Loss: 0.23596 || Val Loss: 0.67550 
Best model saved at epoch —— 155, metric —— 24.927637934684753
Save best model to ./logs/2025_12_25_21_18_13/weights/best_metric_model.pth
156 - psnr: 24.108795404434204, ssim: 0.8564589655115491
Epoch:156/500
Total Loss: 0.23515 || Val Loss: 0.65136 
157 - psnr: 16.752399272861936, ssim: 0.7800743945297741
Epoch:157/500
Total Loss: 0.25011 || Val Loss: 1.29607 
158 - psnr: 22.02954370918728, ssim: 0.8294612166427431
Epoch:158/500
Total Loss: 0.25249 || Val Loss: 0.78775 
159 - psnr: 24.64395280679067, ssim: 0.8569973150889079
Epoch:159/500
Total Loss: 0.24086 || Val Loss: 0.68653 
160 - psnr: 24.931194787933713, ssim: 0.8606540318046297
Epoch:160/500
Total Loss: 0.23243 || Val Loss: 0.66478 
Best model saved at epoch —— 160, metric —— 24.931194787933713
Save best model to ./logs/2025_12_25_21_18_13/weights/best_metric_model.pth
161 - psnr: 20.5990337899753, ssim: 0.8285207886071432
Epoch:161/500
Total Loss: 0.23619 || Val Loss: 0.85647 
162 - psnr: 22.083748147601174, ssim: 0.8384153763453166
Epoch:162/500
Total Loss: 0.25398 || Val Loss: 0.78501 
163 - psnr: 23.339385049683706, ssim: 0.8482451692933128
Epoch:163/500
Total Loss: 0.25035 || Val Loss: 0.68095 
164 - psnr: 24.684136152267456, ssim: 0.8585559309948059
Epoch:164/500
Total Loss: 0.23848 || Val Loss: 0.64555 
165 - psnr: 24.503199372972762, ssim: 0.8573616845267159
Epoch:165/500
Total Loss: 0.23618 || Val Loss: 0.63507 
166 - psnr: 23.44130453609285, ssim: 0.8487476171482177
Epoch:166/500
Total Loss: 0.23810 || Val Loss: 0.71932 
167 - psnr: 22.792418621835253, ssim: 0.8431513986417225
Epoch:167/500
Total Loss: 0.25151 || Val Loss: 0.71878 
168 - psnr: 21.08152879419781, ssim: 0.8319314691282454
Epoch:168/500
Total Loss: 0.24153 || Val Loss: 0.74078 
169 - psnr: 24.752432607469103, ssim: 0.8606787914321536
Epoch:169/500
Total Loss: 0.23255 || Val Loss: 0.67492 
170 - psnr: 24.658967540377663, ssim: 0.8594521467174803
Epoch:170/500
Total Loss: 0.22877 || Val Loss: 0.64257 
171 - psnr: 22.322272164481028, ssim: 0.8338412448054269
Epoch:171/500
Total Loss: 0.24050 || Val Loss: 0.95341 
172 - psnr: 19.603629452841624, ssim: 0.8066952573401588
Epoch:172/500
Total Loss: 0.25724 || Val Loss: 0.94334 
173 - psnr: 24.561345475060598, ssim: 0.8590176351013638
Epoch:173/500
Total Loss: 0.24487 || Val Loss: 0.66972 
174 - psnr: 24.77412299882798, ssim: 0.860746450367428
Epoch:174/500
Total Loss: 0.22915 || Val Loss: 0.66189 
175 - psnr: 22.96707739148821, ssim: 0.8472288861161187
Epoch:175/500
Total Loss: 0.23461 || Val Loss: 0.69705 
176 - psnr: 23.611451807476225, ssim: 0.8497849065633047
Epoch:176/500
Total Loss: 0.24592 || Val Loss: 0.69052 
177 - psnr: 23.107606155531748, ssim: 0.8487139216491154
Epoch:177/500
Total Loss: 0.25031 || Val Loss: 0.69913 
178 - psnr: 24.323049278486344, ssim: 0.8583766268832344
Epoch:178/500
Total Loss: 0.24038 || Val Loss: 0.67465 
179 - psnr: 24.386701277324132, ssim: 0.8594880610704422
Epoch:179/500
Total Loss: 0.22897 || Val Loss: 0.64173 
180 - psnr: 22.24707302025386, ssim: 0.8377717974640074
Epoch:180/500
Total Loss: 0.23065 || Val Loss: 0.89896 
181 - psnr: 22.831249492509023, ssim: 0.8457281332640421
Epoch:181/500
Total Loss: 0.25028 || Val Loss: 0.70464 
182 - psnr: 24.059591355777922, ssim: 0.8580984816664741
Epoch:182/500
Total Loss: 0.24973 || Val Loss: 0.67109 
183 - psnr: 24.03769344375247, ssim: 0.8588995003984088
Epoch:183/500
Total Loss: 0.23099 || Val Loss: 0.64120 
184 - psnr: 24.745797265143622, ssim: 0.8610639228707269
Epoch:184/500
Total Loss: 0.22801 || Val Loss: 0.68886 
185 - psnr: 21.76744438353039, ssim: 0.838667521022615
Epoch:185/500
Total Loss: 0.23714 || Val Loss: 0.67572 
186 - psnr: 22.960654934247334, ssim: 0.844033935098421
Epoch:186/500
Total Loss: 0.24795 || Val Loss: 0.70617 
187 - psnr: 23.28085160255432, ssim: 0.8491165288857051
Epoch:187/500
Total Loss: 0.23864 || Val Loss: 0.73320 
188 - psnr: 25.141246818360827, ssim: 0.8634162575006485
Epoch:188/500
Total Loss: 0.23107 || Val Loss: 0.65237 
Best model saved at epoch —— 188, metric —— 25.141246818360827
Save best model to ./logs/2025_12_25_21_18_13/weights/best_metric_model.pth
189 - psnr: 25.39358109519595, ssim: 0.8640698054007121
Epoch:189/500
Total Loss: 0.22708 || Val Loss: 0.66756 
Best model saved at epoch —— 189, metric —— 25.39358109519595
Save best model to ./logs/2025_12_25_21_18_13/weights/best_metric_model.pth
190 - psnr: 23.843194121406192, ssim: 0.8539868600311733
Epoch:190/500
Total Loss: 0.23718 || Val Loss: 0.73695 
191 - psnr: 23.55503573871794, ssim: 0.8536928992895852
Epoch:191/500
Total Loss: 0.24613 || Val Loss: 0.71762 
192 - psnr: 23.945221929323104, ssim: 0.8525869000525702
Epoch:192/500
Total Loss: 0.23987 || Val Loss: 0.69129 
193 - psnr: 24.916560604458763, ssim: 0.8628082627341861
Epoch:193/500
Total Loss: 0.22821 || Val Loss: 0.64619 
194 - psnr: 24.320744576908293, ssim: 0.8581755449374516
Epoch:194/500
Total Loss: 0.22878 || Val Loss: 0.62243 
195 - psnr: 23.126634120941162, ssim: 0.8437902283100854
Epoch:195/500
Total Loss: 0.23911 || Val Loss: 0.75568 
196 - psnr: 22.401357525870914, ssim: 0.8396586338678996
Epoch:196/500
Total Loss: 0.25115 || Val Loss: 0.74805 
197 - psnr: 24.117325175376166, ssim: 0.8564385881026586
Epoch:197/500
Total Loss: 0.23627 || Val Loss: 0.67204 
198 - psnr: 25.136647752353124, ssim: 0.8639454237052373
Epoch:198/500
Total Loss: 0.22775 || Val Loss: 0.68558 
199 - psnr: 21.094555355253675, ssim: 0.8324024814934957
Epoch:199/500
Total Loss: 0.23030 || Val Loss: 0.80824 
200 - psnr: 22.606301018169948, ssim: 0.8442244132359823
Epoch:200/500
Total Loss: 0.23937 || Val Loss: 0.78024 
201 - psnr: 23.71145176319849, ssim: 0.8505727288268862
Epoch:201/500
Total Loss: 0.24615 || Val Loss: 0.71481 
202 - psnr: 25.44795120897747, ssim: 0.8656070463714145
Epoch:202/500
Total Loss: 0.22952 || Val Loss: 0.62683 
Best model saved at epoch —— 202, metric —— 25.44795120897747
Save best model to ./logs/2025_12_25_21_18_13/weights/best_metric_model.pth
203 - psnr: 25.327714920043945, ssim: 0.8639408930426552
Epoch:203/500
Total Loss: 0.22574 || Val Loss: 0.66975 
204 - psnr: 24.035645683606464, ssim: 0.851867760504995
Epoch:204/500
Total Loss: 0.22992 || Val Loss: 0.65826 
205 - psnr: 21.67197780098234, ssim: 0.8285159647464753
Epoch:205/500
Total Loss: 0.24136 || Val Loss: 1.02536 
206 - psnr: 24.283847774778092, ssim: 0.8593565299397423
Epoch:206/500
Total Loss: 0.24063 || Val Loss: 0.63389 
207 - psnr: 24.83875318935939, ssim: 0.8642461116824831
Epoch:207/500
Total Loss: 0.22953 || Val Loss: 0.62294 
208 - psnr: 24.66205396538689, ssim: 0.8615658497526533
Epoch:208/500
Total Loss: 0.22528 || Val Loss: 0.65208 
209 - psnr: 20.67236578464508, ssim: 0.8324535990045184
Epoch:209/500
Total Loss: 0.22857 || Val Loss: 0.89927 
210 - psnr: 22.73867992560069, ssim: 0.8440658204612278
Epoch:210/500
Total Loss: 0.24104 || Val Loss: 0.74970 
211 - psnr: 23.384852267446973, ssim: 0.8514963331676665
Epoch:211/500
Total Loss: 0.23812 || Val Loss: 0.64228 
212 - psnr: 25.01510584922064, ssim: 0.8644195793640046
Epoch:212/500
Total Loss: 0.22596 || Val Loss: 0.62027 
213 - psnr: 22.28461670307886, ssim: 0.8460510173014232
Epoch:213/500
Total Loss: 0.22145 || Val Loss: 0.79274 
214 - psnr: 18.49775258700053, ssim: 0.7920656210609844
Epoch:214/500
Total Loss: 0.23477 || Val Loss: 1.43631 
215 - psnr: 24.2422289734795, ssim: 0.8563883053404945
Epoch:215/500
Total Loss: 0.24696 || Val Loss: 0.66374 
216 - psnr: 24.88997895944686, ssim: 0.8622402245090122
Epoch:216/500
Total Loss: 0.22950 || Val Loss: 0.65969 
217 - psnr: 25.102276132220315, ssim: 0.8647883080300831
Epoch:217/500
Total Loss: 0.22171 || Val Loss: 0.67816 
218 - psnr: 22.507652248655045, ssim: 0.8462385164839881
Epoch:218/500
Total Loss: 0.22452 || Val Loss: 0.67413 
219 - psnr: 23.561731991313753, ssim: 0.8574848576670602
Epoch:219/500
Total Loss: 0.23536 || Val Loss: 0.63996 
220 - psnr: 22.917448043823242, ssim: 0.8498056401809057
Epoch:220/500
Total Loss: 0.23706 || Val Loss: 0.65967 
221 - psnr: 24.83040732429141, ssim: 0.8623420669918969
Epoch:221/500
Total Loss: 0.22675 || Val Loss: 0.62826 
222 - psnr: 24.25856640793028, ssim: 0.8580389326527005
Epoch:222/500
Total Loss: 0.21808 || Val Loss: 0.66560 
223 - psnr: 17.282798561311903, ssim: 0.7701834856044678
Epoch:223/500
Total Loss: 0.23084 || Val Loss: 1.66561 
224 - psnr: 24.292294275192987, ssim: 0.8571276617901665
Epoch:224/500
Total Loss: 0.23858 || Val Loss: 0.68514 
225 - psnr: 24.062095420701162, ssim: 0.8537814090649287
Epoch:225/500
Total Loss: 0.23855 || Val Loss: 0.69269 
226 - psnr: 24.617712270645868, ssim: 0.8634944241671335
Epoch:226/500
Total Loss: 0.22701 || Val Loss: 0.61848 
227 - psnr: 24.358691675322397, ssim: 0.859087096793311
Epoch:227/500
Total Loss: 0.22033 || Val Loss: 0.63943 
228 - psnr: 23.798417800948734, ssim: 0.8530783582301367
Epoch:228/500
Total Loss: 0.22653 || Val Loss: 0.68610 
229 - psnr: 21.21648591472989, ssim: 0.8247334141106832
Epoch:229/500
Total Loss: 0.23616 || Val Loss: 0.96907 
230 - psnr: 22.391593254747846, ssim: 0.838877566513561
Epoch:230/500
Total Loss: 0.22938 || Val Loss: 0.89177 
231 - psnr: 24.645360475494748, ssim: 0.862956060114361
Epoch:231/500
Total Loss: 0.22018 || Val Loss: 0.62693 
232 - psnr: 24.925057763145084, ssim: 0.8625475139844985
Epoch:232/500
Total Loss: 0.22383 || Val Loss: 0.64520 
233 - psnr: 20.078657842817762, ssim: 0.8144504456293016
Epoch:233/500
Total Loss: 0.22817 || Val Loss: 1.14352 
234 - psnr: 24.16495368026552, ssim: 0.8549879589251109
Epoch:234/500
Total Loss: 0.23821 || Val Loss: 0.70698 
235 - psnr: 24.642245559465316, ssim: 0.8597163078330812
Epoch:235/500
Total Loss: 0.23006 || Val Loss: 0.67527 
236 - psnr: 25.27663438660758, ssim: 0.8659799578643981
Epoch:236/500
Total Loss: 0.21523 || Val Loss: 0.62422 
237 - psnr: 24.206126144954137, ssim: 0.8581057327134268
Epoch:237/500
Total Loss: 0.22396 || Val Loss: 0.66498 
238 - psnr: 22.301978707313538, ssim: 0.8393508787666049
Epoch:238/500
Total Loss: 0.22819 || Val Loss: 0.84290 
239 - psnr: 24.577829400698345, ssim: 0.8623962779839833
Epoch:239/500
Total Loss: 0.23748 || Val Loss: 0.67344 
240 - psnr: 24.65131095477513, ssim: 0.8637263475429444
Epoch:240/500
Total Loss: 0.22765 || Val Loss: 0.61923 
241 - psnr: 25.713489157812937, ssim: 0.867782097203391
Epoch:241/500
Total Loss: 0.21977 || Val Loss: 0.61882 
Best model saved at epoch —— 241, metric —— 25.713489157812937
Save best model to ./logs/2025_12_25_21_18_13/weights/best_metric_model.pth
242 - psnr: 23.69638815380278, ssim: 0.8539364800566719
Epoch:242/500
Total Loss: 0.22262 || Val Loss: 0.68906 
243 - psnr: 20.549202311606635, ssim: 0.8299589152847018
Epoch:243/500
Total Loss: 0.23492 || Val Loss: 0.79615 
244 - psnr: 24.470655492373876, ssim: 0.8581170468103319
Epoch:244/500
Total Loss: 0.23724 || Val Loss: 0.77227 
245 - psnr: 24.946862073171708, ssim: 0.8630473281655993
Epoch:245/500
Total Loss: 0.21933 || Val Loss: 0.64542 
246 - psnr: 25.137175071807135, ssim: 0.8646638190462476
Epoch:246/500
Total Loss: 0.21614 || Val Loss: 0.63880 
247 - psnr: 23.66724299249195, ssim: 0.8543687249932971
Epoch:247/500
Total Loss: 0.21972 || Val Loss: 0.64147 
248 - psnr: 24.48414663473765, ssim: 0.8594399061940965
Epoch:248/500
Total Loss: 0.23962 || Val Loss: 0.63783 
249 - psnr: 24.71035048507509, ssim: 0.861030276900246
Epoch:249/500
Total Loss: 0.22567 || Val Loss: 0.68848 
250 - psnr: 25.568765594845726, ssim: 0.8677068862177076
Epoch:250/500
Total Loss: 0.21756 || Val Loss: 0.64253 
Model saved at epoch 250 to ./logs/2025_12_25_21_18_13/weights/model_epoch_250.pth
251 - psnr: 24.22012716247922, ssim: 0.8599790679556983
Epoch:251/500
Total Loss: 0.21791 || Val Loss: 0.62429 
252 - psnr: 23.76574671268463, ssim: 0.8532380759716034
Epoch:252/500
Total Loss: 0.22698 || Val Loss: 0.69316 
253 - psnr: 21.89452640215556, ssim: 0.8291189938783645
Epoch:253/500
Total Loss: 0.23871 || Val Loss: 0.90942 
254 - psnr: 24.77870533579872, ssim: 0.8609362453222275
Epoch:254/500
Total Loss: 0.22859 || Val Loss: 0.66329 
255 - psnr: 25.32060991014753, ssim: 0.8660660801898865
Epoch:255/500
Total Loss: 0.21751 || Val Loss: 0.64383 
256 - psnr: 24.1559332325345, ssim: 0.8584702056078684
Epoch:256/500
Total Loss: 0.21354 || Val Loss: 0.66656 
257 - psnr: 20.18171540754182, ssim: 0.822603972752889
Epoch:257/500
Total Loss: 0.23194 || Val Loss: 1.26416 
258 - psnr: 22.603679185821896, ssim: 0.8419120612598601
Epoch:258/500
Total Loss: 0.23595 || Val Loss: 0.93825 
259 - psnr: 25.401857313655672, ssim: 0.866076932776542
Epoch:259/500
Total Loss: 0.22290 || Val Loss: 0.70687 
260 - psnr: 25.375436039198014, ssim: 0.8679958264033
Epoch:260/500
Total Loss: 0.21949 || Val Loss: 0.62623 
261 - psnr: 24.240603520756675, ssim: 0.8604438226847422
Epoch:261/500
Total Loss: 0.21619 || Val Loss: 0.69049 
262 - psnr: 23.719094480787003, ssim: 0.8559538344542186
Epoch:262/500
Total Loss: 0.23313 || Val Loss: 0.69983 
263 - psnr: 23.64131242320651, ssim: 0.8529646683306921
Epoch:263/500
Total Loss: 0.23505 || Val Loss: 0.66486 
264 - psnr: 25.30578811395736, ssim: 0.8665067180281594
Epoch:264/500
Total Loss: 0.21750 || Val Loss: 0.65753 
265 - psnr: 25.183450114159356, ssim: 0.8664073406230836
Epoch:265/500
Total Loss: 0.21573 || Val Loss: 0.62287 
266 - psnr: 23.7931847458794, ssim: 0.8556292325258255
Epoch:266/500
Total Loss: 0.22196 || Val Loss: 0.61914 
267 - psnr: 21.624260005496797, ssim: 0.8370750146252769
Epoch:267/500
Total Loss: 0.22698 || Val Loss: 0.86797 
268 - psnr: 22.509585846038092, ssim: 0.8449208905299505
Epoch:268/500
Total Loss: 0.23296 || Val Loss: 0.83873 
269 - psnr: 25.42607297216143, ssim: 0.8669454253855206
Epoch:269/500
Total Loss: 0.22018 || Val Loss: 0.61804 
270 - psnr: 25.037981612341746, ssim: 0.8621460798240843
Epoch:270/500
Total Loss: 0.21810 || Val Loss: 0.66652 
271 - psnr: 24.382937766256788, ssim: 0.8587517932766959
Epoch:271/500
Total Loss: 0.22389 || Val Loss: 0.64894 
272 - psnr: 23.04943985598428, ssim: 0.8438242232515698
Epoch:272/500
Total Loss: 0.23519 || Val Loss: 0.77782 
273 - psnr: 25.325281903857277, ssim: 0.8653841573567618
Epoch:273/500
Total Loss: 0.23040 || Val Loss: 0.75520 
274 - psnr: 25.64370078132266, ssim: 0.8676622553950264
Epoch:274/500
Total Loss: 0.21760 || Val Loss: 0.69649 
275 - psnr: 25.09255564212799, ssim: 0.8646531871386937
Epoch:275/500
Total Loss: 0.21243 || Val Loss: 0.65366 
276 - psnr: 23.80665942600795, ssim: 0.8536493253140223
Epoch:276/500
Total Loss: 0.22381 || Val Loss: 0.75898 
277 - psnr: 22.565891186396282, ssim: 0.8449628320478257
Epoch:277/500
Total Loss: 0.23392 || Val Loss: 0.81359 
278 - psnr: 25.270609827268693, ssim: 0.864460333046459
Epoch:278/500
Total Loss: 0.22297 || Val Loss: 0.62780 
279 - psnr: 25.660733336494083, ssim: 0.8675153014205751
Epoch:279/500
Total Loss: 0.21461 || Val Loss: 0.61165 
280 - psnr: 25.051973297482444, ssim: 0.8624304376897358
Epoch:280/500
Total Loss: 0.21334 || Val Loss: 0.63405 
281 - psnr: 22.12946798120226, ssim: 0.834255875718026
Epoch:281/500
Total Loss: 0.23075 || Val Loss: 0.88463 
282 - psnr: 23.239810160228185, ssim: 0.8517084737618764
Epoch:282/500
Total Loss: 0.23161 || Val Loss: 0.71260 
283 - psnr: 25.73206952072325, ssim: 0.8689252649034772
Epoch:283/500
Total Loss: 0.21768 || Val Loss: 0.62527 
Best model saved at epoch —— 283, metric —— 25.73206952072325
Save best model to ./logs/2025_12_25_21_18_13/weights/best_metric_model.pth
284 - psnr: 25.457802255948383, ssim: 0.8680009966804868
Epoch:284/500
Total Loss: 0.21124 || Val Loss: 0.61105 
285 - psnr: 24.659049948056538, ssim: 0.8589650318736122
Epoch:285/500
Total Loss: 0.22082 || Val Loss: 0.65339 
286 - psnr: 24.079192791666305, ssim: 0.8562841956104551
Epoch:286/500
Total Loss: 0.22926 || Val Loss: 0.68164 
287 - psnr: 23.53156642686753, ssim: 0.853569688967296
Epoch:287/500
Total Loss: 0.22740 || Val Loss: 0.68550 
288 - psnr: 25.666979886236646, ssim: 0.8685603884004411
Epoch:288/500
Total Loss: 0.21621 || Val Loss: 0.61508 
289 - psnr: 25.1938221568153, ssim: 0.8669768595979327
Epoch:289/500
Total Loss: 0.21681 || Val Loss: 0.61632 
290 - psnr: 23.510802075976418, ssim: 0.8503211713972546
Epoch:290/500
Total Loss: 0.21654 || Val Loss: 0.64423 
291 - psnr: 25.248141413643246, ssim: 0.863637086607161
Epoch:291/500
Total Loss: 0.22621 || Val Loss: 0.66804 
292 - psnr: 25.516782397315616, ssim: 0.8666284352540969
Epoch:292/500
Total Loss: 0.22644 || Val Loss: 0.64195 
293 - psnr: 25.188391549246653, ssim: 0.8655067066351573
Epoch:293/500
Total Loss: 0.21463 || Val Loss: 0.66016 
294 - psnr: 23.978756552650815, ssim: 0.8565288526671273
Epoch:294/500
Total Loss: 0.21067 || Val Loss: 0.74725 
295 - psnr: 25.182438640367415, ssim: 0.8626608808835348
Epoch:295/500
Total Loss: 0.22489 || Val Loss: 0.67585 
296 - psnr: 25.351206030164445, ssim: 0.8659680220342818
Epoch:296/500
Total Loss: 0.23098 || Val Loss: 0.61981 
297 - psnr: 24.115934996377852, ssim: 0.8616640081008275
Epoch:297/500
Total Loss: 0.22033 || Val Loss: 0.61213 
298 - psnr: 25.739867936997186, ssim: 0.8680413298663638
Epoch:298/500
Total Loss: 0.21703 || Val Loss: 0.66567 
Best model saved at epoch —— 298, metric —— 25.739867936997186
Save best model to ./logs/2025_12_25_21_18_13/weights/best_metric_model.pth
299 - psnr: 24.98408211412884, ssim: 0.8631966376588458
Epoch:299/500
Total Loss: 0.21351 || Val Loss: 0.68454 
300 - psnr: 23.92902563867115, ssim: 0.8555127089931851
Epoch:300/500
Total Loss: 0.22457 || Val Loss: 0.71908 
301 - psnr: 20.217626276470366, ssim: 0.8205503167141052
Epoch:301/500
Total Loss: 0.22961 || Val Loss: 1.07885 
302 - psnr: 25.01731315113249, ssim: 0.8622379721630187
Epoch:302/500
Total Loss: 0.22098 || Val Loss: 0.62612 
303 - psnr: 25.703531594503495, ssim: 0.8659079896552222
Epoch:303/500
Total Loss: 0.21004 || Val Loss: 0.68767 
304 - psnr: 21.34990253051122, ssim: 0.8358221096651894
Epoch:304/500
Total Loss: 0.21626 || Val Loss: 0.85679 
305 - psnr: 23.55800403867449, ssim: 0.8495645059006555
Epoch:305/500
Total Loss: 0.23015 || Val Loss: 0.68463 
306 - psnr: 25.49083345844632, ssim: 0.8662630445900418
Epoch:306/500
Total Loss: 0.22697 || Val Loss: 0.64157 
307 - psnr: 25.79137551216852, ssim: 0.8683058456296012
Epoch:307/500
Total Loss: 0.22006 || Val Loss: 0.66756 
Best model saved at epoch —— 307, metric —— 25.79137551216852
Save best model to ./logs/2025_12_25_21_18_13/weights/best_metric_model.pth
308 - psnr: 25.088795957111177, ssim: 0.8608433750413713
Epoch:308/500
Total Loss: 0.20914 || Val Loss: 0.67428 
309 - psnr: 24.001470900717237, ssim: 0.8607203829856146
Epoch:309/500
Total Loss: 0.21543 || Val Loss: 0.64608 
310 - psnr: 22.63263849985032, ssim: 0.8409847277970541
Epoch:310/500
Total Loss: 0.22946 || Val Loss: 0.80929 
311 - psnr: 25.347866285414923, ssim: 0.8657675219433648
Epoch:311/500
Total Loss: 0.22321 || Val Loss: 0.61474 
312 - psnr: 25.455207325163343, ssim: 0.8665313564595722
Epoch:312/500
Total Loss: 0.21215 || Val Loss: 0.61445 
313 - psnr: 24.646404459362937, ssim: 0.8606729310183298
Epoch:313/500
Total Loss: 0.21270 || Val Loss: 0.63193 
314 - psnr: 24.04568140279679, ssim: 0.8564185718695323
Epoch:314/500
Total Loss: 0.21847 || Val Loss: 0.65637 
315 - psnr: 24.882092362358456, ssim: 0.8616221163954053
Epoch:315/500
Total Loss: 0.22643 || Val Loss: 0.67144 
316 - psnr: 25.681299964586895, ssim: 0.8697411408027013
Epoch:316/500
Total Loss: 0.21952 || Val Loss: 0.65959 
317 - psnr: 25.85377703961872, ssim: 0.8694049681935991
Epoch:317/500
Total Loss: 0.20864 || Val Loss: 0.63021 
Best model saved at epoch —— 317, metric —— 25.85377703961872
Save best model to ./logs/2025_12_25_21_18_13/weights/best_metric_model.pth
318 - psnr: 21.20856972535451, ssim: 0.831724141609101
Epoch:318/500
Total Loss: 0.21106 || Val Loss: 0.89647 
319 - psnr: 24.472726265589397, ssim: 0.859596386551857
Epoch:319/500
Total Loss: 0.22573 || Val Loss: 0.68418 
320 - psnr: 21.95714779694875, ssim: 0.8343267686310268
Epoch:320/500
Total Loss: 0.22471 || Val Loss: 0.92830 
321 - psnr: 25.955846184775943, ssim: 0.870052699247996
Epoch:321/500
Total Loss: 0.21218 || Val Loss: 0.62406 
Best model saved at epoch —— 321, metric —— 25.955846184775943
Save best model to ./logs/2025_12_25_21_18_13/weights/best_metric_model.pth
322 - psnr: 25.969968432471866, ssim: 0.8696113069852193
Epoch:322/500
Total Loss: 0.21097 || Val Loss: 0.60796 
Best model saved at epoch —— 322, metric —— 25.969968432471866
Save best model to ./logs/2025_12_25_21_18_13/weights/best_metric_model.pth
323 - psnr: 25.125091126986913, ssim: 0.8651533158052536
Epoch:323/500
Total Loss: 0.21433 || Val Loss: 0.64765 
324 - psnr: 24.26491061278752, ssim: 0.8593322011686507
Epoch:324/500
Total Loss: 0.22548 || Val Loss: 0.68247 
325 - psnr: 24.819712593441917, ssim: 0.8619622294391904
Epoch:325/500
Total Loss: 0.22268 || Val Loss: 0.70235 
326 - psnr: 25.739144898596265, ssim: 0.8700823651892798
Epoch:326/500
Total Loss: 0.21905 || Val Loss: 0.62320
327 - psnr: 21.864213895230066, ssim: 0.8391470090264366
Epoch:327/500
Total Loss: 0.22269 || Val Loss: 0.80264 
328 - psnr: 23.744856896854582, ssim: 0.8568443640356972
Epoch:328/500
Total Loss: 0.21519 || Val Loss: 0.70384 
329 - psnr: 25.406377008983068, ssim: 0.8686720403886977
Epoch:329/500
Total Loss: 0.22077 || Val Loss: 0.62289 
330 - psnr: 21.230038092249917, ssim: 0.8332642010280065
Epoch:330/500
Total Loss: 0.21563 || Val Loss: 1.00791 
331 - psnr: 25.42879325435275, ssim: 0.8683228200390225
Epoch:331/500
Total Loss: 0.21606 || Val Loss: 0.61459 
332 - psnr: 24.18974167676199, ssim: 0.8561743825674057
Epoch:332/500
Total Loss: 0.22057 || Val Loss: 0.69167 
333 - psnr: 21.916139165560406, ssim: 0.8448413238638923
Epoch:333/500
Total Loss: 0.21295 || Val Loss: 0.82800 
334 - psnr: 25.65293857029506, ssim: 0.8698125112624395
Epoch:334/500
Total Loss: 0.22186 || Val Loss: 0.62310 
335 - psnr: 19.776394062099, ssim: 0.8026840771947589
Epoch:335/500
Total Loss: 0.21962 || Val Loss: 1.56307 
336 - psnr: 25.834435780843098, ssim: 0.8707110819362459
Epoch:336/500
Total Loss: 0.22107 || Val Loss: 0.64853
337 - psnr: 25.18856912567502, ssim: 0.8625791985364187
Epoch:337/500
Total Loss: 0.21470 || Val Loss: 0.64844 
338 - psnr: 24.85485513437362, ssim: 0.8614085641645249
Epoch:338/500
Total Loss: 0.21417 || Val Loss: 0.70552 
339 - psnr: 24.05513108344305, ssim: 0.8591951069377718
Epoch:339/500
Total Loss: 0.22134 || Val Loss: 0.69742 
340 - psnr: 24.252839695839654, ssim: 0.8552080131712414
Epoch:340/500
Total Loss: 0.21333 || Val Loss: 0.77657 
341 - psnr: 25.75222075836999, ssim: 0.8673134993939172
Epoch:341/500
Total Loss: 0.21891 || Val Loss: 0.59537 
342 - psnr: 25.09669165951865, ssim: 0.8659195183288484
Epoch:342/500
Total Loss: 0.21733 || Val Loss: 0.62636 
343 - psnr: 24.71900911558242, ssim: 0.8636038387105578
Epoch:343/500
Total Loss: 0.21789 || Val Loss: 0.66198 
344 - psnr: 24.42189075833275, ssim: 0.8627645403146744
Epoch:344/500
Total Loss: 0.22519 || Val Loss: 0.65021 
345 - psnr: 25.595541834831238, ssim: 0.86642715547766
Epoch:345/500
Total Loss: 0.21152 || Val Loss: 0.62339 
346 - psnr: 26.04663374878111, ssim: 0.8715923085099175
Epoch:346/500
Total Loss: 0.21510 || Val Loss: 0.63285 
Best model saved at epoch —— 346, metric —— 26.04663374878111
Save best model to ./logs/2025_12_25_21_18_13/weights/best_metric_model.pth
347 - psnr: 24.768049081166584, ssim: 0.8588626726752235
Epoch:347/500
Total Loss: 0.21765 || Val Loss: 0.70959 
348 - psnr: 23.964501965613593, ssim: 0.850300520658493
Epoch:348/500
Total Loss: 0.21163 || Val Loss: 0.80796 
349 - psnr: 25.745394990557717, ssim: 0.8694759035394305
Epoch:349/500
Total Loss: 0.21969 || Val Loss: 0.60949 
350 - psnr: 22.43936924707322, ssim: 0.8364546669381006
Epoch:350/500
Total Loss: 0.21432 || Val Loss: 0.80110 
351 - psnr: 25.826608039083936, ssim: 0.8687007367610932
Epoch:351/500
Total Loss: 0.21804 || Val Loss: 0.62146 
352 - psnr: 24.476302958670118, ssim: 0.859705402027993
Epoch:352/500
Total Loss: 0.21671 || Val Loss: 0.62694 
353 - psnr: 25.000149880136764, ssim: 0.8571170305921918
Epoch:353/500
Total Loss: 0.21017 || Val Loss: 0.66182 
354 - psnr: 25.77949311619713, ssim: 0.8679442405700684
Epoch:354/500
Total Loss: 0.21712 || Val Loss: 0.61719 
355 - psnr: 22.269732515017193, ssim: 0.8394283128636224
Epoch:355/500
Total Loss: 0.21571 || Val Loss: 0.74779 
356 - psnr: 25.549057188488188, ssim: 0.8674728133848735
Epoch:356/500
Total Loss: 0.21350 || Val Loss: 0.62559 
357 - psnr: 22.780223429203033, ssim: 0.8512935672487532
Epoch:357/500
Total Loss: 0.21505 || Val Loss: 0.89983 
358 - psnr: 24.816398416246688, ssim: 0.8622197471913837
Epoch:358/500
Total Loss: 0.21348 || Val Loss: 0.66013 
359 - psnr: 25.70439911456335, ssim: 0.8693952734981264
Epoch:359/500
Total Loss: 0.21777 || Val Loss: 0.60137 
360 - psnr: 24.4891726005645, ssim: 0.860191481312116
Epoch:360/500
Total Loss: 0.21359 || Val Loss: 0.64111 
361 - psnr: 25.68542542911711, ssim: 0.8684716521274476
Epoch:361/500
Total Loss: 0.21279 || Val Loss: 0.64829 
362 - psnr: 25.384016854422434, ssim: 0.8680822783992403
Epoch:362/500
Total Loss: 0.21861 || Val Loss: 0.62204 
363 - psnr: 24.847575698580062, ssim: 0.861019176812399
Epoch:363/500
Total Loss: 0.21406 || Val Loss: 0.63932 
364 - psnr: 25.81291718993868, ssim: 0.8669458850508645
Epoch:364/500
Total Loss: 0.21945 || Val Loss: 0.60618 
365 - psnr: 17.76413613132068, ssim: 0.7998395161969322
Epoch:365/500
Total Loss: 0.21847 || Val Loss: 1.38241 
366 - psnr: 25.699124140398844, ssim: 0.8658003130129406
Epoch:366/500
Total Loss: 0.21323 || Val Loss: 0.61757 
367 - psnr: 24.15526997475397, ssim: 0.8563661176533927
Epoch:367/500
Total Loss: 0.21352 || Val Loss: 0.71161 
368 - psnr: 25.192808582669212, ssim: 0.8683394165266127
Epoch:368/500
Total Loss: 0.21179 || Val Loss: 0.64689 
369 - psnr: 25.054745776312693, ssim: 0.8636283042885008
Epoch:369/500
Total Loss: 0.21535 || Val Loss: 0.64545 
370 - psnr: 24.361162588709877, ssim: 0.8594890744913192
Epoch:370/500
Total Loss: 0.21098 || Val Loss: 0.68973 
371 - psnr: 25.479212250028336, ssim: 0.8674808962004525
Epoch:371/500
Total Loss: 0.21844 || Val Loss: 0.61454 
372 - psnr: 24.358510463010695, ssim: 0.8580996612707774
Epoch:372/500
Total Loss: 0.21501 || Val Loss: 0.76603 
373 - psnr: 24.416019473757064, ssim: 0.8629148321492331
Epoch:373/500
Total Loss: 0.21318 || Val Loss: 0.65495 
374 - psnr: 25.83872354030609, ssim: 0.8695105292967388
Epoch:374/500
Total Loss: 0.21917 || Val Loss: 0.60115 
375 - psnr: 21.758123068582442, ssim: 0.8386454091185616
Epoch:375/500
Total Loss: 0.21580 || Val Loss: 0.79373 
376 - psnr: 25.848963703427994, ssim: 0.8705660289242154
Epoch:376/500
Total Loss: 0.21854 || Val Loss: 0.61272 
377 - psnr: 22.333380628199805, ssim: 0.8347703682524817
Epoch:377/500
Total Loss: 0.21782 || Val Loss: 0.90551 
378 - psnr: 25.08653884274619, ssim: 0.8675037516014916
Epoch:378/500
Total Loss: 0.20901 || Val Loss: 0.63051 
379 - psnr: 25.242868976933615, ssim: 0.8663631226335253
Epoch:379/500
Total Loss: 0.21585 || Val Loss: 0.62192 
380 - psnr: 24.52089062191191, ssim: 0.8594718700363523
Epoch:380/500
Total Loss: 0.20707 || Val Loss: 0.70032 
381 - psnr: 26.014210899670918, ssim: 0.8729146108740852
Epoch:381/500
Total Loss: 0.21738 || Val Loss: 0.62616 
382 - psnr: 23.707707864897593, ssim: 0.855527553104219
Epoch:382/500
Total Loss: 0.21595 || Val Loss: 0.66866 
383 - psnr: 25.485941024053666, ssim: 0.8693202594916026
Epoch:383/500
Total Loss: 0.20581 || Val Loss: 0.62864 
384 - psnr: 25.386500699179514, ssim: 0.8661822269360224
Epoch:384/500
Total Loss: 0.21437 || Val Loss: 0.61344 
385 - psnr: 21.966496688979014, ssim: 0.8428297575031009
Epoch:385/500
Total Loss: 0.21139 || Val Loss: 0.77602 
386 - psnr: 25.577909060886928, ssim: 0.8703728421812966
Epoch:386/500
Total Loss: 0.21377 || Val Loss: 0.60466 
387 - psnr: 24.69884423698698, ssim: 0.8596434552045096
Epoch:387/500
Total Loss: 0.21299 || Val Loss: 0.66936 
388 - psnr: 25.301178858393715, ssim: 0.8667682126874016
Epoch:388/500
Total Loss: 0.21084 || Val Loss: 0.61906 
389 - psnr: 25.612098299321673, ssim: 0.8688633104165395
Epoch:389/500
Total Loss: 0.21860 || Val Loss: 0.62346 
390 - psnr: 24.39166890439533, ssim: 0.8608119358619054
Epoch:390/500
Total Loss: 0.20884 || Val Loss: 0.66914 
391 - psnr: 25.25488416921525, ssim: 0.8663853906449818
Epoch:391/500
Total Loss: 0.21702 || Val Loss: 0.65723 
392 - psnr: 25.472561682973588, ssim: 0.8642861109404337
Epoch:392/500
Total Loss: 0.21226 || Val Loss: 0.61331 
393 - psnr: 25.24146652789343, ssim: 0.8649096412318094
Epoch:393/500
Total Loss: 0.20429 || Val Loss: 0.64031 
394 - psnr: 25.71583784761883, ssim: 0.8690583162364506
Epoch:394/500
Total Loss: 0.21620 || Val Loss: 0.67486 
395 - psnr: 20.11724283581688, ssim: 0.8207302578857967
Epoch:395/500
Total Loss: 0.20709 || Val Loss: 1.27237 
396 - psnr: 25.862071383567084, ssim: 0.8693022935163407
Epoch:396/500
Total Loss: 0.21432 || Val Loss: 0.61206 
397 - psnr: 25.008796947343008, ssim: 0.8651676349696659
Epoch:397/500
Total Loss: 0.21493 || Val Loss: 0.62939 
398 - psnr: 24.319088107063656, ssim: 0.8581142181441898
Epoch:398/500
Total Loss: 0.20763 || Val Loss: 0.70617 
399 - psnr: 25.691907888367062, ssim: 0.8698388714165914
Epoch:399/500
Total Loss: 0.20891 || Val Loss: 0.61849 
400 - psnr: 22.136540787560598, ssim: 0.837754710657256
Epoch:400/500
Total Loss: 0.20823 || Val Loss: 0.86977 
401 - psnr: 25.447915326981317, ssim: 0.8680335879325867
Epoch:401/500
Total Loss: 0.20973 || Val Loss: 0.67139 
402 - psnr: 24.89090892246791, ssim: 0.8666189890532267
Epoch:402/500
Total Loss: 0.21356 || Val Loss: 0.64421 
403 - psnr: 22.78412898381551, ssim: 0.8420805205901464
Epoch:403/500
Total Loss: 0.20930 || Val Loss: 0.92590 
404 - psnr: 25.405736355554488, ssim: 0.8676518356516247
Epoch:404/500
Total Loss: 0.21629 || Val Loss: 0.60737 
405 - psnr: 25.457688666525343, ssim: 0.8658546413694109
Epoch:405/500
Total Loss: 0.21387 || Val Loss: 0.65364 
406 - psnr: 25.91533601284027, ssim: 0.871075914871125
Epoch:406/500
Total Loss: 0.21104 || Val Loss: 0.59633 
407 - psnr: 22.198465628283365, ssim: 0.8443460206190745
Epoch:407/500
Total Loss: 0.21137 || Val Loss: 0.79433 
408 - psnr: 25.921376943588257, ssim: 0.8693710815338861
Epoch:408/500
Total Loss: 0.20795 || Val Loss: 0.62635 
409 - psnr: 26.151168349243346, ssim: 0.87019353892122
Epoch:409/500
Total Loss: 0.21190 || Val Loss: 0.62976 
Best model saved at epoch —— 409, metric —— 26.151168349243346
Save best model to ./logs/2025_12_25_21_18_13/weights/best_metric_model.pth
410 - psnr: 24.014188536575862, ssim: 0.8464178027141662
Epoch:410/500
Total Loss: 0.20828 || Val Loss: 0.69342 
411 - psnr: 25.922483046849568, ssim: 0.869389734523637
Epoch:411/500
Total Loss: 0.21029 || Val Loss: 0.61707 
412 - psnr: 25.208236873149872, ssim: 0.8648473787875403
Epoch:412/500
Total Loss: 0.21049 || Val Loss: 0.63913 
413 - psnr: 25.49671681154342, ssim: 0.8664900335527602
Epoch:413/500
Total Loss: 0.20428 || Val Loss: 0.62785 
414 - psnr: 25.71481579684076, ssim: 0.8649680103574481
Epoch:414/500
Total Loss: 0.21851 || Val Loss: 0.60275 
415 - psnr: 24.279026726881664, ssim: 0.8591203211318879
Epoch:415/500
Total Loss: 0.20999 || Val Loss: 0.64826 
416 - psnr: 25.952375991003855, ssim: 0.8694473434062231
Epoch:416/500
Total Loss: 0.21303 || Val Loss: 0.60478 
417 - psnr: 24.192033628622692, ssim: 0.8537568039837338
Epoch:417/500
Total Loss: 0.21054 || Val Loss: 0.68584 
418 - psnr: 22.203207113913127, ssim: 0.8395364568347022
Epoch:418/500
Total Loss: 0.20388 || Val Loss: 0.99594 
419 - psnr: 25.249154462700798, ssim: 0.8692243752025423
Epoch:419/500
Total Loss: 0.21180 || Val Loss: 0.62315 
420 - psnr: 25.688021824473427, ssim: 0.8667761496135167
Epoch:420/500
Total Loss: 0.20449 || Val Loss: 0.64521 
421 - psnr: 25.849721346582687, ssim: 0.8701952240296773
Epoch:421/500
Total Loss: 0.21052 || Val Loss: 0.60639 
422 - psnr: 23.84428432441893, ssim: 0.859393633831115
Epoch:422/500
Total Loss: 0.21158 || Val Loss: 0.68360 
423 - psnr: 25.311246190752303, ssim: 0.8651312916051774
Epoch:423/500
Total Loss: 0.20797 || Val Loss: 0.64217 
424 - psnr: 24.743668320633116, ssim: 0.8640282430819103
Epoch:424/500
Total Loss: 0.20994 || Val Loss: 0.61540 
425 - psnr: 24.295549534616015, ssim: 0.8591754085960842
Epoch:425/500
Total Loss: 0.20791 || Val Loss: 0.68005 
426 - psnr: 26.01875021627971, ssim: 0.8718630478495644
Epoch:426/500
Total Loss: 0.20948 || Val Loss: 0.60535 
427 - psnr: 22.40731987924803, ssim: 0.848162104118438
Epoch:427/500
Total Loss: 0.20696 || Val Loss: 0.73414 
428 - psnr: 24.228374344961985, ssim: 0.8598884808165687
Epoch:428/500
Total Loss: 0.20523 || Val Loss: 0.67302 
429 - psnr: 25.483776135104044, ssim: 0.8680035856508074
Epoch:429/500
Total Loss: 0.21306 || Val Loss: 0.62165 
430 - psnr: 23.236042073794774, ssim: 0.8499922750961213
Epoch:430/500
Total Loss: 0.20549 || Val Loss: 0.71320 
431 - psnr: 25.855735722042265, ssim: 0.8711121219964254
Epoch:431/500
Total Loss: 0.21616 || Val Loss: 0.59865 
432 - psnr: 25.515945638929093, ssim: 0.8674196758440562
Epoch:432/500
Total Loss: 0.20877 || Val Loss: 0.63116 
433 - psnr: 22.76166734241304, ssim: 0.8497022117887224
Epoch:433/500
Total Loss: 0.20536 || Val Loss: 0.76814 
434 - psnr: 26.005823634919665, ssim: 0.8704371804282779
Epoch:434/500
Total Loss: 0.21221 || Val Loss: 0.61865 
435 - psnr: 24.18517499878293, ssim: 0.855350428393909
Epoch:435/500
Total Loss: 0.20402 || Val Loss: 0.77527 
436 - psnr: 24.831972945304145, ssim: 0.8629302392403285
Epoch:436/500
Total Loss: 0.20574 || Val Loss: 0.68587 
437 - psnr: 26.099908232688904, ssim: 0.8730652176198506
Epoch:437/500
Total Loss: 0.21396 || Val Loss: 0.61224 
438 - psnr: 24.568387247267225, ssim: 0.858690533893449
Epoch:438/500
Total Loss: 0.20841 || Val Loss: 0.68404 
439 - psnr: 24.784055650234222, ssim: 0.8611994793017705
Epoch:439/500
Total Loss: 0.20168 || Val Loss: 0.62482 
440 - psnr: 25.611750453710556, ssim: 0.8691192374342964
Epoch:440/500
Total Loss: 0.21132 || Val Loss: 0.59003 
441 - psnr: 24.08551900159745, ssim: 0.8593309145598185
Epoch:441/500
Total Loss: 0.20670 || Val Loss: 0.71167 
442 - psnr: 25.721606603690557, ssim: 0.8690004025186812
Epoch:442/500
Total Loss: 0.20907 || Val Loss: 0.59408 
443 - psnr: 25.575289712065743, ssim: 0.8668640257347198
Epoch:443/500
Total Loss: 0.20874 || Val Loss: 0.63916 
444 - psnr: 26.46519979408809, ssim: 0.8743582200436365
Epoch:444/500
Total Loss: 0.20305 || Val Loss: 0.61576 
Best model saved at epoch —— 444, metric —— 26.46519979408809
Save best model to ./logs/2025_12_25_21_18_13/weights/best_metric_model.pth
445 - psnr: 26.262515905357542, ssim: 0.8716965506474177
Epoch:445/500
Total Loss: 0.21090 || Val Loss: 0.66109 
446 - psnr: 23.77590816929227, ssim: 0.8540891912721452
Epoch:446/500
Total Loss: 0.20608 || Val Loss: 0.72037 
447 - psnr: 25.943192825430916, ssim: 0.8730758219957352
Epoch:447/500
Total Loss: 0.20884 || Val Loss: 0.60528 
448 - psnr: 23.189414773668563, ssim: 0.85154149773575
Epoch:448/500
Total Loss: 0.20577 || Val Loss: 0.83555 
449 - psnr: 25.631955135436286, ssim: 0.8686668424379258
Epoch:449/500
Total Loss: 0.20348 || Val Loss: 0.60843 
450 - psnr: 25.786685580299014, ssim: 0.8691624299401328
Epoch:450/500
Total Loss: 0.21113 || Val Loss: 0.61554 
451 - psnr: 25.00722487199874, ssim: 0.8606416808707373
Epoch:451/500
Total Loss: 0.20238 || Val Loss: 0.62218 
452 - psnr: 26.055013611203147, ssim: 0.8721212575833003
Epoch:452/500
Total Loss: 0.20619 || Val Loss: 0.61482 
453 - psnr: 24.858712349619186, ssim: 0.8611421604951223
Epoch:453/500
Total Loss: 0.20996 || Val Loss: 0.64025 
454 - psnr: 25.14722834882282, ssim: 0.8680941014062791
Epoch:454/500
Total Loss: 0.20394 || Val Loss: 0.59966 
455 - psnr: 25.516074504171097, ssim: 0.8701129652204967
Epoch:455/500
Total Loss: 0.20687 || Val Loss: 0.61083 
456 - psnr: 19.916568602834428, ssim: 0.8271891400927589
Epoch:456/500
Total Loss: 0.20579 || Val Loss: 1.11910 
457 - psnr: 26.128230588776724, ssim: 0.8743523714088258
Epoch:457/500
Total Loss: 0.20517 || Val Loss: 0.60588 
458 - psnr: 25.344958606220427, ssim: 0.8672313447509493
Epoch:458/500
Total Loss: 0.20359 || Val Loss: 0.65392 
459 - psnr: 25.011295190879277, ssim: 0.864677625468799
Epoch:459/500
Total Loss: 0.20407 || Val Loss: 0.71792 
460 - psnr: 26.11193857306526, ssim: 0.873314008968217
Epoch:460/500
Total Loss: 0.21166 || Val Loss: 0.61256 
461 - psnr: 22.56772766226814, ssim: 0.8402732287134443
Epoch:461/500
Total Loss: 0.20287 || Val Loss: 0.86342 
462 - psnr: 26.07970556758699, ssim: 0.8743942693585441
Epoch:462/500
Total Loss: 0.20730 || Val Loss: 0.64913 
463 - psnr: 24.73085244780495, ssim: 0.8618898989189239
Epoch:463/500
Total Loss: 0.20631 || Val Loss: 0.67868 
464 - psnr: 25.25823801897821, ssim: 0.8657066972482772
Epoch:464/500
Total Loss: 0.20344 || Val Loss: 0.62159 
465 - psnr: 25.872733740579513, ssim: 0.8722402813888731
Epoch:465/500
Total Loss: 0.21126 || Val Loss: 0.62885 
466 - psnr: 25.681945233117965, ssim: 0.8718978265921274
Epoch:466/500
Total Loss: 0.19966 || Val Loss: 0.62370 
467 - psnr: 26.05829724243709, ssim: 0.8729589527561551
Epoch:467/500
Total Loss: 0.20634 || Val Loss: 0.58987 
468 - psnr: 23.522667050361633, ssim: 0.8509736623082842
Epoch:468/500
Total Loss: 0.20939 || Val Loss: 0.71989 
469 - psnr: 25.408579116775876, ssim: 0.8647905534222012
Epoch:469/500
Total Loss: 0.20177 || Val Loss: 0.67630 
470 - psnr: 25.94800238949912, ssim: 0.871416521640051
Epoch:470/500
Total Loss: 0.20884 || Val Loss: 0.62519 
471 - psnr: 23.111145047914412, ssim: 0.8428889108555657
Epoch:471/500
Total Loss: 0.20204 || Val Loss: 0.71835 
472 - psnr: 26.284716898486728, ssim: 0.8741062240941184
Epoch:472/500
Total Loss: 0.20295 || Val Loss: 0.61487 
473 - psnr: 25.425226137751626, ssim: 0.8663383916729972
Epoch:473/500
Total Loss: 0.20279 || Val Loss: 0.63988 
474 - psnr: 26.00549488408225, ssim: 0.8684762876658213
Epoch:474/500
Total Loss: 0.20387 || Val Loss: 0.60026 
475 - psnr: 23.807977730319614, ssim: 0.8555231835160937
Epoch:475/500
Total Loss: 0.20203 || Val Loss: 0.72584 
476 - psnr: 26.25227189064026, ssim: 0.8715282753819511
Epoch:476/500
Total Loss: 0.21078 || Val Loss: 0.62146 
477 - psnr: 25.15882240590595, ssim: 0.8645228492362159
Epoch:477/500
Total Loss: 0.21055 || Val Loss: 0.71406 
478 - psnr: 25.993258674939472, ssim: 0.867077247727485
Epoch:478/500
Total Loss: 0.20983 || Val Loss: 0.65458 
479 - psnr: 25.891771782012214, ssim: 0.868870307292257
Epoch:479/500
Total Loss: 0.20844 || Val Loss: 0.62640 
480 - psnr: 25.285235410644894, ssim: 0.8660297683307103
Epoch:480/500
Total Loss: 0.20379 || Val Loss: 0.62213 
481 - psnr: 25.754547933737438, ssim: 0.8664976341383798
Epoch:481/500
Total Loss: 0.20514 || Val Loss: 0.61932 
482 - psnr: 22.00330043690545, ssim: 0.8427532645918074
Epoch:482/500
Total Loss: 0.20784 || Val Loss: 0.82996 
483 - psnr: 25.164756647178105, ssim: 0.8652216579232898
Epoch:483/500
Total Loss: 0.20024 || Val Loss: 0.62005 
484 - psnr: 25.741681178410847, ssim: 0.8694335567099708
Epoch:484/500
Total Loss: 0.20797 || Val Loss: 0.62155 
485 - psnr: 25.68583689417158, ssim: 0.8713159273068111
Epoch:485/500
Total Loss: 0.20261 || Val Loss: 0.64436 
486 - psnr: 26.390035254614695, ssim: 0.8748638726416088
Epoch:486/500
Total Loss: 0.20228 || Val Loss: 0.61281 
487 - psnr: 22.730877339839935, ssim: 0.8485065797964731
Epoch:487/500
Total Loss: 0.20556 || Val Loss: 0.82293 
488 - psnr: 26.30942139171419, ssim: 0.8743839502334595
Epoch:488/500
Total Loss: 0.20186 || Val Loss: 0.65010 
489 - psnr: 26.036293705304463, ssim: 0.8719452260505586
Epoch:489/500
Total Loss: 0.20804 || Val Loss: 0.62267 
490 - psnr: 25.661383549372356, ssim: 0.8698438939594088
Epoch:490/500
Total Loss: 0.20505 || Val Loss: 0.60147 
491 - psnr: 26.6870835849217, ssim: 0.8768031977471851
Epoch:491/500
Total Loss: 0.20430 || Val Loss: 0.58613 
Best model saved at epoch —— 491, metric —— 26.6870835849217
Save best model to ./logs/2025_12_25_21_18_13/weights/best_metric_model.pth
492 - psnr: 24.86459713890439, ssim: 0.8668122862066542
Epoch:492/500
Total Loss: 0.20178 || Val Loss: 0.64406 
493 - psnr: 24.07968956232071, ssim: 0.8597457064049584
Epoch:493/500
Total Loss: 0.19699 || Val Loss: 0.69388 
494 - psnr: 25.33199983267557, ssim: 0.8668102857612429
Epoch:494/500
Total Loss: 0.20408 || Val Loss: 0.61467 
495 - psnr: 19.747096864950088, ssim: 0.818366006229605
Epoch:495/500
Total Loss: 0.20015 || Val Loss: 1.24432 
496 - psnr: 26.336026430130005, ssim: 0.8758675095580873
Epoch:496/500
Total Loss: 0.20334 || Val Loss: 0.61027 
497 - psnr: 24.938370579764957, ssim: 0.8629353660912741
Epoch:497/500
Total Loss: 0.20858 || Val Loss: 0.66707 
498 - psnr: 25.362371231828416, ssim: 0.8643390957798277
Epoch:498/500
Total Loss: 0.20347 || Val Loss: 0.68144 
499 - psnr: 26.05653012366522, ssim: 0.8692783385515213
Epoch:499/500
Total Loss: 0.20523 || Val Loss: 0.61391 
500 - psnr: 23.066831225440616, ssim: 0.8498282953387215
Epoch:500/500
Total Loss: 0.20412 || Val Loss: 0.80468 
Model saved at epoch 500 to ./logs/2025_12_25_21_18_13/weights/model_epoch_500.pth