Configurations - 2026-01-08 16:59:45
-----------------------------------------------------------------------------------------------------------------
|order |                                          keys |                                                  values|
-----------------------------------------------------------------------------------------------------------------
|    1 |                                         model |                                               PGS2Net_b|
|    2 |                               resume_training |                                                    None|
|    3 |                                  dataset_path |     /home/inspur/PythonProject/zjr/DehazeLab/data/RHDRS|
|    4 |                                          seed |                                                      11|
|    5 |                                        epochs |                                                     500|
|    6 |                                   input_shape |                                              [256, 256]|
|    7 |                                    batch_size |                                                       4|
|    8 |                                       log_dir |                                                  ./logs|
|    9 |                                            lr |                                                  0.0002|
|   10 |                                      momentum |                                                     0.9|
|   11 |                                  weight_decay |                                                  0.0001|
|   12 |                                     optimizer |                                                   adamw|
|   13 |                                           amp |                                                   False|
|   14 |                                       gpu_ids |                                                       0|
-----------------------------------------------------------------------------------------------------------------
使用设备: cuda:0
使用单卡训练: cuda:0
初始训练 DCTNet_b
1 - psnr: 20.315569393634796, ssim: 0.8366819959878922
Epoch:1/500
Total Loss: 0.35638 || Val Loss: 0.33477 
Best model saved at epoch —— 1, metric —— 20.315569393634796
Save best model to ./logs/2026_01_08_16_59_45/weights/best_metric_model.pth
2 - psnr: 19.79622678041458, ssim: 0.8367706877589226
Epoch:2/500
Total Loss: 0.31327 || Val Loss: 0.37098 
3 - psnr: 21.719252891540528, ssim: 0.8585498766899109
Epoch:3/500
Total Loss: 0.29651 || Val Loss: 0.26044 
Best model saved at epoch —— 3, metric —— 21.719252891540528
Save best model to ./logs/2026_01_08_16_59_45/weights/best_metric_model.pth
4 - psnr: 21.968303611278532, ssim: 0.8623782405853272
Epoch:4/500
Total Loss: 0.28729 || Val Loss: 0.23854 
Best model saved at epoch —— 4, metric —— 21.968303611278532
Save best model to ./logs/2026_01_08_16_59_45/weights/best_metric_model.pth
5 - psnr: 22.83540944814682, ssim: 0.8714873449802398
Epoch:5/500
Total Loss: 0.27940 || Val Loss: 0.23368 
Best model saved at epoch —— 5, metric —— 22.83540944814682
Save best model to ./logs/2026_01_08_16_59_45/weights/best_metric_model.pth
6 - psnr: 22.039604791402816, ssim: 0.854336413860321
Epoch:6/500
Total Loss: 0.27184 || Val Loss: 0.32719 
7 - psnr: 22.56789571762085, ssim: 0.8700958188772202
Epoch:7/500
Total Loss: 0.26819 || Val Loss: 0.21794 
8 - psnr: 21.480988548994063, ssim: 0.862377310693264
Epoch:8/500
Total Loss: 0.26285 || Val Loss: 0.23366 
9 - psnr: 23.96717853307724, ssim: 0.8819660359621048
Epoch:9/500
Total Loss: 0.26165 || Val Loss: 0.24580 
Best model saved at epoch —— 9, metric —— 23.96717853307724
Save best model to ./logs/2026_01_08_16_59_45/weights/best_metric_model.pth
10 - psnr: 23.788185472488404, ssim: 0.8806052861213685
Epoch:10/500
Total Loss: 0.25780 || Val Loss: 0.19941 
11 - psnr: 23.33679292201996, ssim: 0.8763500440716744
Epoch:11/500
Total Loss: 0.25538 || Val Loss: 0.17912 
12 - psnr: 23.788413517475128, ssim: 0.8806905578374863
Epoch:12/500
Total Loss: 0.25267 || Val Loss: 0.22909 
13 - psnr: 23.08900789499283, ssim: 0.8729669564962387
Epoch:13/500
Total Loss: 0.25175 || Val Loss: 0.29754 
14 - psnr: 23.867500917911528, ssim: 0.8819143322706222
Epoch:14/500
Total Loss: 0.25119 || Val Loss: 0.22860 
15 - psnr: 24.116887888908387, ssim: 0.8844076457023621
Epoch:15/500
Total Loss: 0.24777 || Val Loss: 0.22654 
Best model saved at epoch —— 15, metric —— 24.116887888908387
Save best model to ./logs/2026_01_08_16_59_45/weights/best_metric_model.pth
16 - psnr: 24.207858283519744, ssim: 0.8859902497529983
Epoch:16/500
Total Loss: 0.24614 || Val Loss: 0.21170 
Best model saved at epoch —— 16, metric —— 24.207858283519744
Save best model to ./logs/2026_01_08_16_59_45/weights/best_metric_model.pth
17 - psnr: 24.19132340192795, ssim: 0.8852531951665878
Epoch:17/500
Total Loss: 0.24405 || Val Loss: 0.26137 
18 - psnr: 24.19222123861313, ssim: 0.8895394210815429
Epoch:18/500
Total Loss: 0.24325 || Val Loss: 0.18285 
19 - psnr: 24.560987310409544, ssim: 0.8890675568580627
Epoch:19/500
Total Loss: 0.24214 || Val Loss: 0.20013 
Best model saved at epoch —— 19, metric —— 24.560987310409544
Save best model to ./logs/2026_01_08_16_59_45/weights/best_metric_model.pth
20 - psnr: 25.10881131887436, ssim: 0.8930059150457382
Epoch:20/500
Total Loss: 0.24122 || Val Loss: 0.20077 
Best model saved at epoch —— 20, metric —— 25.10881131887436
Save best model to ./logs/2026_01_08_16_59_45/weights/best_metric_model.pth
21 - psnr: 23.396761479377748, ssim: 0.8828732435703277
Epoch:21/500
Total Loss: 0.24103 || Val Loss: 0.22427 
22 - psnr: 23.695553295612335, ssim: 0.8868505820035935
Epoch:22/500
Total Loss: 0.23941 || Val Loss: 0.19439 
23 - psnr: 25.085058677196503, ssim: 0.8928010369539261
Epoch:23/500
Total Loss: 0.23687 || Val Loss: 0.19769 
24 - psnr: 25.18270054101944, ssim: 0.89475290620327
Epoch:24/500
Total Loss: 0.23705 || Val Loss: 0.19397 
Best model saved at epoch —— 24, metric —— 25.18270054101944
Save best model to ./logs/2026_01_08_16_59_45/weights/best_metric_model.pth
25 - psnr: 24.777394239902495, ssim: 0.8915760899782181
Epoch:25/500
Total Loss: 0.23454 || Val Loss: 0.18230 
26 - psnr: 24.822993211746216, ssim: 0.8924485877752304
Epoch:26/500
Total Loss: 0.23532 || Val Loss: 0.21652 
27 - psnr: 24.696164305210115, ssim: 0.8911209757328034
Epoch:27/500
Total Loss: 0.23283 || Val Loss: 0.22085 
28 - psnr: 24.521628305912017, ssim: 0.8899698441028595
Epoch:28/500
Total Loss: 0.23235 || Val Loss: 0.21718 
29 - psnr: 24.20803694009781, ssim: 0.891063351392746
Epoch:29/500
Total Loss: 0.23247 || Val Loss: 0.18424 
30 - psnr: 25.0055934214592, ssim: 0.8923680225610733
Epoch:30/500
Total Loss: 0.23074 || Val Loss: 0.19075 
31 - psnr: 25.431149051189422, ssim: 0.8959889273643493
Epoch:31/500
Total Loss: 0.23066 || Val Loss: 0.20238 
Best model saved at epoch —— 31, metric —— 25.431149051189422
Save best model to ./logs/2026_01_08_16_59_45/weights/best_metric_model.pth
32 - psnr: 25.0775417470932, ssim: 0.8947648046016693
Epoch:32/500
Total Loss: 0.22926 || Val Loss: 0.20010 
33 - psnr: 25.06049413204193, ssim: 0.8925549404621125
Epoch:33/500
Total Loss: 0.22897 || Val Loss: 0.23869 
34 - psnr: 25.07045453310013, ssim: 0.8962354927062989
Epoch:34/500
Total Loss: 0.22699 || Val Loss: 0.18322 
35 - psnr: 25.428920509815217, ssim: 0.8973399177789688
Epoch:35/500
Total Loss: 0.22604 || Val Loss: 0.22238 
36 - psnr: 25.024763786792754, ssim: 0.8957986830472946
Epoch:36/500
Total Loss: 0.22597 || Val Loss: 0.21197 
37 - psnr: 25.29673037290573, ssim: 0.8948569682836532
Epoch:37/500
Total Loss: 0.22594 || Val Loss: 0.21465 
38 - psnr: 24.146250596046446, ssim: 0.8880500528812408
Epoch:38/500
Total Loss: 0.22435 || Val Loss: 0.20805 
39 - psnr: 25.62715729236603, ssim: 0.8979322502613067
Epoch:39/500
Total Loss: 0.22454 || Val Loss: 0.18699 
Best model saved at epoch —— 39, metric —— 25.62715729236603
Save best model to ./logs/2026_01_08_16_59_45/weights/best_metric_model.pth
40 - psnr: 25.461915826797487, ssim: 0.8986568346023559
Epoch:40/500
Total Loss: 0.22336 || Val Loss: 0.17747 
41 - psnr: 25.336518557071685, ssim: 0.8973150726556778
Epoch:41/500
Total Loss: 0.22250 || Val Loss: 0.19374 
42 - psnr: 25.362024104595186, ssim: 0.8969275109767914
Epoch:42/500
Total Loss: 0.22244 || Val Loss: 0.17512 
43 - psnr: 24.8462504196167, ssim: 0.8894600404500961
Epoch:43/500
Total Loss: 0.22202 || Val Loss: 0.22213 
44 - psnr: 25.530167827606203, ssim: 0.8976791958808898
Epoch:44/500
Total Loss: 0.22287 || Val Loss: 0.18288 
45 - psnr: 25.20386482477188, ssim: 0.8966134865283966
Epoch:45/500
Total Loss: 0.21981 || Val Loss: 0.19145 
46 - psnr: 25.023805537223815, ssim: 0.8951973532438278
Epoch:46/500
Total Loss: 0.22038 || Val Loss: 0.17326 
47 - psnr: 25.681012871265413, ssim: 0.8993039640188217
Epoch:47/500
Total Loss: 0.22107 || Val Loss: 0.17246 
Best model saved at epoch —— 47, metric —— 25.681012871265413
Save best model to ./logs/2026_01_08_16_59_45/weights/best_metric_model.pth
48 - psnr: 25.919696896076204, ssim: 0.8994504787921905
Epoch:48/500
Total Loss: 0.21977 || Val Loss: 0.18787 
Best model saved at epoch —— 48, metric —— 25.919696896076204
Save best model to ./logs/2026_01_08_16_59_45/weights/best_metric_model.pth
49 - psnr: 25.479740204811097, ssim: 0.8978181396722793
Epoch:49/500
Total Loss: 0.22087 || Val Loss: 0.18167 
50 - psnr: 25.356288104057313, ssim: 0.8982082993984223
Epoch:50/500
Total Loss: 0.21918 || Val Loss: 0.17670 
51 - psnr: 25.91926547765732, ssim: 0.9001823869943619
Epoch:51/500
Total Loss: 0.21750 || Val Loss: 0.17156 
52 - psnr: 25.787818562984466, ssim: 0.900071628689766
Epoch:52/500
Total Loss: 0.21759 || Val Loss: 0.19209 
53 - psnr: 25.765539886951448, ssim: 0.8998032364845275
Epoch:53/500
Total Loss: 0.21732 || Val Loss: 0.17683 
54 - psnr: 24.868700671195985, ssim: 0.8947524622678756
Epoch:54/500
Total Loss: 0.21693 || Val Loss: 0.20414 
55 - psnr: 25.72951947927475, ssim: 0.900742350935936
Epoch:55/500
Total Loss: 0.21697 || Val Loss: 0.17967 
56 - psnr: 25.898299913406372, ssim: 0.8996619555950165
Epoch:56/500
Total Loss: 0.21602 || Val Loss: 0.18847 
57 - psnr: 25.66866037607193, ssim: 0.8977743049860001
Epoch:57/500
Total Loss: 0.21527 || Val Loss: 0.17543 
58 - psnr: 26.01764836072922, ssim: 0.9001303412914277
Epoch:58/500
Total Loss: 0.21505 || Val Loss: 0.18354 
Best model saved at epoch —— 58, metric —— 26.01764836072922
Save best model to ./logs/2026_01_08_16_59_45/weights/best_metric_model.pth
59 - psnr: 25.62291286945343, ssim: 0.9000151847600937
Epoch:59/500
Total Loss: 0.21415 || Val Loss: 0.20215 
60 - psnr: 25.37411625623703, ssim: 0.8969747890233993
Epoch:60/500
Total Loss: 0.21330 || Val Loss: 0.24676 
61 - psnr: 26.189962821006773, ssim: 0.9030593899488449
Epoch:61/500
Total Loss: 0.21453 || Val Loss: 0.17149 
Best model saved at epoch —— 61, metric —— 26.189962821006773
Save best model to ./logs/2026_01_08_16_59_45/weights/best_metric_model.pth
62 - psnr: 26.06455757856369, ssim: 0.9025687383413314
Epoch:62/500
Total Loss: 0.21301 || Val Loss: 0.19700 
63 - psnr: 25.449304625988006, ssim: 0.8979503693580627
Epoch:63/500
Total Loss: 0.21292 || Val Loss: 0.22580 
64 - psnr: 25.91998059272766, ssim: 0.9001823316812515
Epoch:64/500
Total Loss: 0.21341 || Val Loss: 0.20467 
65 - psnr: 26.003283662796022, ssim: 0.900573885679245
Epoch:65/500
Total Loss: 0.21281 || Val Loss: 0.19411 
66 - psnr: 25.544896647930145, ssim: 0.9005665358304977
Epoch:66/500
Total Loss: 0.21211 || Val Loss: 0.24725 
67 - psnr: 25.988419167995453, ssim: 0.9007843663692474
Epoch:67/500
Total Loss: 0.21103 || Val Loss: 0.18823 
68 - psnr: 26.0919798207283, ssim: 0.902604385972023
Epoch:68/500
Total Loss: 0.21140 || Val Loss: 0.20799 
69 - psnr: 25.37426590204239, ssim: 0.8981080729961395
Epoch:69/500
Total Loss: 0.21061 || Val Loss: 0.20279 
70 - psnr: 25.35031349182129, ssim: 0.8980348209142685
Epoch:70/500
Total Loss: 0.21109 || Val Loss: 0.17273 
71 - psnr: 25.889316551685333, ssim: 0.9008550128936768
Epoch:71/500
Total Loss: 0.21072 || Val Loss: 0.18982 
72 - psnr: 26.058831465244293, ssim: 0.9006768343448639
Epoch:72/500
Total Loss: 0.21109 || Val Loss: 0.17888 
73 - psnr: 25.996119396686552, ssim: 0.9018859827518463
Epoch:73/500
Total Loss: 0.21066 || Val Loss: 0.20577 
74 - psnr: 25.920625355243683, ssim: 0.9022935690879822
Epoch:74/500
Total Loss: 0.21022 || Val Loss: 0.18558 
75 - psnr: 25.890285940170287, ssim: 0.9007203257083893
Epoch:75/500
Total Loss: 0.20965 || Val Loss: 0.18356 
76 - psnr: 25.403317594528197, ssim: 0.898943523645401
Epoch:76/500
Total Loss: 0.20841 || Val Loss: 0.19866 
77 - psnr: 25.540041058063508, ssim: 0.8991739329099655
Epoch:77/500
Total Loss: 0.20810 || Val Loss: 0.19462 
78 - psnr: 25.49502093076706, ssim: 0.8999564498662949
Epoch:78/500
Total Loss: 0.20833 || Val Loss: 0.18552 
79 - psnr: 26.382313582897186, ssim: 0.9052876763343811
Epoch:79/500
Total Loss: 0.20849 || Val Loss: 0.18956 
Best model saved at epoch —— 79, metric —— 26.382313582897186
Save best model to ./logs/2026_01_08_16_59_45/weights/best_metric_model.pth
80 - psnr: 26.021419489383696, ssim: 0.9032696125507355
Epoch:80/500
Total Loss: 0.20725 || Val Loss: 0.17095
81 - psnr: 26.242908661365508, ssim: 0.9042248032093048
Epoch:81/500
Total Loss: 0.20771 || Val Loss: 0.17695
82 - psnr: 26.129103276729584, ssim: 0.903625053524971
Epoch:82/500
Total Loss: 0.20700 || Val Loss: 0.17852
83 - psnr: 26.404772055149078, ssim: 0.9045071648359299
Epoch:1/500
Total Loss: 0.20893 || Val Loss: 0.18143
Best model saved at epoch —— 83, metric —— 26.404772055149078
Save best model to ./logs/2026_01_08_16_59_45/weights/best_metric_model.pth
84 - psnr: 24.99300111293793, ssim: 0.8959094176292419
Epoch:84/500
Total Loss: 0.20644 || Val Loss: 0.17672
85 - psnr: 26.31562607049942, ssim: 0.9045941426753997
Epoch:85/500
Total Loss: 0.20604 || Val Loss: 0.19097
86 - psnr: 25.715078241825104, ssim: 0.8994508194923401
Epoch:86/500
Total Loss: 0.20713 || Val Loss: 0.21439
87 - psnr: 26.020368142127992, ssim: 0.9021293408870698
Epoch:87/500
Total Loss: 0.20778 || Val Loss: 0.24170
88 - psnr: 26.69007756471634, ssim: 0.9060189007520676
Epoch:88/500
Total Loss: 0.20758 || Val Loss: 0.16275
Best model saved at epoch —— 88, metric —— 26.69007756471634
Save best model to ./logs/2026_01_08_16_59_45/weights/best_metric_model.pth
89 - psnr: 26.717567245960236, ssim: 0.9066692626476288
Epoch:89/500
Total Loss: 0.20654 || Val Loss: 0.20890
Best model saved at epoch —— 89, metric —— 26.717567245960236
Save best model to ./logs/2026_01_08_16_59_45/weights/best_metric_model.pth
90 - psnr: 26.337090253829956, ssim: 0.9033966423273087
Epoch:90/500
Total Loss: 0.20639 || Val Loss: 0.21582
91 - psnr: 26.880741686820983, ssim: 0.9073338046073913
Epoch:91/500
Total Loss: 0.20591 || Val Loss: 0.16870
Best model saved at epoch —— 91, metric —— 26.880741686820983
Save best model to ./logs/2026_01_08_16_59_45/weights/best_metric_model.pth
92 - psnr: 26.71739114999771, ssim: 0.9067211183309555
Epoch:92/500
Total Loss: 0.20436 || Val Loss: 0.16702
93 - psnr: 26.27725398540497, ssim: 0.9048226883411408
Epoch:93/500
Total Loss: 0.20598 || Val Loss: 0.16795
94 - psnr: 26.15119308710098, ssim: 0.9031484644412995
Epoch:94/500
Total Loss: 0.20540 || Val Loss: 0.18775
95 - psnr: 26.222502021789552, ssim: 0.9037401803731918
Epoch:95/500
Total Loss: 0.20484 || Val Loss: 0.18098
96 - psnr: 26.92606994628906, ssim: 0.9083634386062622
Epoch:96/500
Total Loss: 0.20574 || Val Loss: 0.18073
Best model saved at epoch —— 96, metric —— 26.92606994628906
Save best model to ./logs/2026_01_08_16_59_45/weights/best_metric_model.pth
97 - psnr: 26.913182237148284, ssim: 0.9076498545408249
Epoch:97/500
Total Loss: 0.20327 || Val Loss: 0.18577
98 - psnr: 26.47985221385956, ssim: 0.9060785355567932
Epoch:98/500
Total Loss: 0.20468 || Val Loss: 0.20564
99 - psnr: 26.455381991863252, ssim: 0.9050118767023086
Epoch:99/500
Total Loss: 0.20419 || Val Loss: 0.19107
100 - psnr: 26.943039417266846, ssim: 0.9084274514913558
Epoch:100/500
Total Loss: 0.20113 || Val Loss: 0.17277
Best model saved at epoch —— 100, metric —— 26.943039417266846
Save best model to ./logs/2026_01_08_16_59_45/weights/best_metric_model.pth
101 - psnr: 26.962329211235048, ssim: 0.9083246600627899
Epoch:101/500
Total Loss: 0.20199 || Val Loss: 0.17107
Best model saved at epoch —— 101, metric —— 26.962329211235048
Save best model to ./logs/2026_01_08_16_59_45/weights/best_metric_model.pth
102 - psnr: 25.601545178890227, ssim: 0.8971597006320954
Epoch:102/500
Total Loss: 0.20401 || Val Loss: 0.21867
103 - psnr: 26.695277087688446, ssim: 0.9067703664302826
Epoch:103/500
Total Loss: 0.20352 || Val Loss: 0.20271
104 - psnr: 26.817633504867555, ssim: 0.9074564172029496
Epoch:104/500
Total Loss: 0.20233 || Val Loss: 0.16266
105 - psnr: 26.998683042526245, ssim: 0.9084665249586106
Epoch:105/500
Total Loss: 0.19977 || Val Loss: 0.17932
Best model saved at epoch —— 105, metric —— 26.998683042526245
Save best model to ./logs/2026_01_08_16_59_45/weights/best_metric_model.pth
106 - psnr: 26.743244891166686, ssim: 0.9072700250148773
Epoch:106/500
Total Loss: 0.20090 || Val Loss: 0.16633
107 - psnr: 26.386522510051726, ssim: 0.9058634297847747
Epoch:107/500
Total Loss: 0.20157 || Val Loss: 0.16643
108 - psnr: 26.153859815597535, ssim: 0.9052370878458023
Epoch:108/500
Total Loss: 0.20185 || Val Loss: 0.19969
109 - psnr: 26.777108569145202, ssim: 0.9074166642427445
Epoch:109/500
Total Loss: 0.20064 || Val Loss: 0.16600
110 - psnr: 26.976019558906554, ssim: 0.9083871591091156
Epoch:110/500
Total Loss: 0.20045 || Val Loss: 0.18046
111 - psnr: 27.08208983182907, ssim: 0.9088960819244385
Epoch:111/500
Total Loss: 0.19895 || Val Loss: 0.18842
Best model saved at epoch —— 111, metric —— 27.08208983182907
Save best model to ./logs/2026_01_08_16_59_45/weights/best_metric_model.pth
112 - psnr: 26.513452088832857, ssim: 0.9058962434530258
Epoch:112/500
Total Loss: 0.19845 || Val Loss: 0.20871
113 - psnr: 26.401573553085328, ssim: 0.9048065946102143
Epoch:113/500
Total Loss: 0.20034 || Val Loss: 0.17120
114 - psnr: 26.645138025283813, ssim: 0.9061086846590042
Epoch:114/500
Total Loss: 0.20061 || Val Loss: 0.22299
115 - psnr: 26.96699052095413, ssim: 0.9087417194843292
Epoch:115/500
Total Loss: 0.19948 || Val Loss: 0.17327
116 - psnr: 27.042318603992463, ssim: 0.9089521465301513
Epoch:116/500
Total Loss: 0.19844 || Val Loss: 0.16084
117 - psnr: 26.74734001636505, ssim: 0.9084804458618164
Epoch:117/500
Total Loss: 0.19748 || Val Loss: 0.24286
118 - psnr: 26.543925800323485, ssim: 0.9054673545360565
Epoch:118/500
Total Loss: 0.19846 || Val Loss: 0.16994
119 - psnr: 26.496099247932435, ssim: 0.9059885646104813
Epoch:119/500
Total Loss: 0.19881 || Val Loss: 0.19449
120 - psnr: 26.874765989780425, ssim: 0.9081829248666763
Epoch:120/500
Total Loss: 0.19885 || Val Loss: 0.18735
121 - psnr: 27.05423378944397, ssim: 0.9086397047042847
Epoch:121/500
Total Loss: 0.19790 || Val Loss: 0.16589
122 - psnr: 26.9515075135231, ssim: 0.9082284719944
Epoch:122/500
Total Loss: 0.19672 || Val Loss: 0.17957
123 - psnr: 26.52346729040146, ssim: 0.9068697748184205
Epoch:123/500
Total Loss: 0.19816 || Val Loss: 0.16333
124 - psnr: 26.22636161804199, ssim: 0.9036597321033478
Epoch:124/500
Total Loss: 0.19837 || Val Loss: 0.17061
125 - psnr: 26.668015196323395, ssim: 0.9074951194524765
Epoch:125/500
Total Loss: 0.19827 || Val Loss: 0.17154
126 - psnr: 27.132164571285248, ssim: 0.9096424589157105
Epoch:126/500
Total Loss: 0.19660 || Val Loss: 0.18064
Best model saved at epoch —— 126, metric —— 27.132164571285248
Save best model to ./logs/2026_01_08_16_59_45/weights/best_metric_model.pth
127 - psnr: 27.20104425907135, ssim: 0.9099167964458466
Epoch:127/500
Total Loss: 0.19608 || Val Loss: 0.16672
Best model saved at epoch —— 46, metric —— 27.20104425907135
Save best model to ./logs/2026_01_08_16_59_45/weights/best_metric_model.pth
128 - psnr: 27.082826702594758, ssim: 0.909210882782936
Epoch:128/500
Total Loss: 0.19678 || Val Loss: 0.20094
129 - psnr: 26.62185256242752, ssim: 0.9059381474256516
Epoch:129/500
Total Loss: 0.19646 || Val Loss: 0.16372
130 - psnr: 26.951554713249205, ssim: 0.9084442802667618
Epoch:130/500
Total Loss: 0.19793 || Val Loss: 0.16454
131 - psnr: 27.132280752658843, ssim: 0.9099384665489196
Epoch:131/500
Total Loss: 0.19633 || Val Loss: 0.16569
132 - psnr: 27.25545993566513, ssim: 0.9101262253522873
Epoch:132/500
Total Loss: 0.19519 || Val Loss: 0.15990
Best model saved at epoch —— 132, metric —— 27.25545993566513
Save best model to ./logs/2026_01_08_16_59_45/weights/best_metric_model.pth
133 - psnr: 26.691453869342805, ssim: 0.907195179104805
Epoch:133/500
Total Loss: 0.19419 || Val Loss: 0.17174
134 - psnr: 26.754217879772185, ssim: 0.9070315030813217
Epoch:134/500
Total Loss: 0.19614 || Val Loss: 0.16879
135 - psnr: 26.949301779270172, ssim: 0.9095318002700805
Epoch:135/500
Total Loss: 0.19497 || Val Loss: 0.19363
136 - psnr: 27.297108731269837, ssim: 0.9108762331008912
Epoch:136/500
Total Loss: 0.19355 || Val Loss: 0.16662
Best model saved at epoch —— 136, metric —— 27.297108731269837
Save best model to ./logs/2026_01_08_16_59_45/weights/best_metric_model.pth
137 - psnr: 27.344213173389434, ssim: 0.9108827003240585
Epoch:137/500
Total Loss: 0.19470 || Val Loss: 0.16470
Best model saved at epoch —— 57, metric —— 27.344213173389434
Save best model to ./logs/2026_01_08_16_59_45/weights/best_metric_model.pth
138 - psnr: 27.044626550674437, ssim: 0.9090019152164459
Epoch:138/500
Total Loss: 0.19513 || Val Loss: 0.20980
139 - psnr: 26.548558039665224, ssim: 0.9068706549406051
Epoch:139/500
Total Loss: 0.19727 || Val Loss: 0.18547
140 - psnr: 27.192365183830262, ssim: 0.9101683030128479
Epoch:140/500
Total Loss: 0.19466 || Val Loss: 0.18757
141 - psnr: 27.245389416217805, ssim: 0.9105333424806595
Epoch:141/500
Total Loss: 0.19381 || Val Loss: 0.16056
142 - psnr: 27.31642836332321, ssim: 0.9107442834377288
Epoch:142/500
Total Loss: 0.19411 || Val Loss: 0.15968
143 - psnr: 27.006183631420136, ssim: 0.9088665611743927
Epoch:143/500
Total Loss: 0.19344 || Val Loss: 0.20278
144 - psnr: 26.944383845329284, ssim: 0.9091069399118423
Epoch:144/500
Total Loss: 0.19385 || Val Loss: 0.17260
145 - psnr: 26.69700395107269, ssim: 0.9072437690496444
Epoch:145/500
Total Loss: 0.19377 || Val Loss: 0.20699
146 - psnr: 27.247953515052796, ssim: 0.9105684311389923
Epoch:146/500
Total Loss: 0.19350 || Val Loss: 0.16595
147 - psnr: 27.45204033613205, ssim: 0.9114757747650146
Epoch:147/500
Total Loss: 0.19190 || Val Loss: 0.17579
Best model saved at epoch —— 147, metric —— 27.45204033613205
Save best model to ./logs/2026_01_08_16_59_45/weights/best_metric_model.pth
148 - psnr: 27.23410331249237, ssim: 0.910552754163742
Epoch:148/500
Total Loss: 0.19244 || Val Loss: 0.20004
149 - psnr: 26.879627928733825, ssim: 0.907978675365448
Epoch:149/500
Total Loss: 0.19228 || Val Loss: 0.20495
150 - psnr: 26.543324868679047, ssim: 0.9070384995937347
Epoch:150/500
Total Loss: 0.19333 || Val Loss: 0.17336
151 - psnr: 27.25370838403702, ssim: 0.9106140477657318
Epoch:151/500
Total Loss: 0.19179 || Val Loss: 0.18124
152 - psnr: 27.340545265674592, ssim: 0.9106782723665238
Epoch:152/500
Total Loss: 0.19275 || Val Loss: 0.17463
153 - psnr: 27.51546006679535, ssim: 0.9120754058361054
Epoch:153/500
Total Loss: 0.19134 || Val Loss: 0.18616
Best model saved at epoch —— 153, metric —— 27.51546006679535
Save best model to ./logs/2026_01_08_16_59_45/weights/best_metric_model.pth
154 - psnr: 27.089150512218474, ssim: 0.909179295539856
Epoch:154/500
Total Loss: 0.19131 || Val Loss: 0.16541
155 - psnr: 26.589334852695465, ssim: 0.9070385437011719
Epoch:155/500
Total Loss: 0.19206 || Val Loss: 0.16035
156 - psnr: 27.19789986371994, ssim: 0.9104187506437301
Epoch:156/500
Total Loss: 0.19105 || Val Loss: 0.16748
157 - psnr: 27.352200429439545, ssim: 0.9113258345127105
Epoch:157/500
Total Loss: 0.19166 || Val Loss: 0.16201
158 - psnr: 27.499053575992583, ssim: 0.9116778581142425
Epoch:158/500
Total Loss: 0.19103 || Val Loss: 0.15938
159 - psnr: 27.199475119113924, ssim: 0.910586474776268
Epoch:159/500
Total Loss: 0.19154 || Val Loss: 0.16299
160 - psnr: 26.477775328159332, ssim: 0.9061496307849884
Epoch:160/500
Total Loss: 0.19267 || Val Loss: 0.16626
161 - psnr: 26.67779067516327, ssim: 0.908024875998497
Epoch:161/500
Total Loss: 0.19185 || Val Loss: 0.20759
162 - psnr: 27.50459758758545, ssim: 0.9120454195737838
Epoch:162/500
Total Loss: 0.19085 || Val Loss: 0.17031
163 - psnr: 27.607523357868196, ssim: 0.9119639112949371
Epoch:163/500
Total Loss: 0.19002 || Val Loss: 0.16613
Best model saved at epoch —— 163, metric —— 27.607523357868196
Save best model to ./logs/2026_01_08_16_59_45/weights/best_metric_model.pth
164 - psnr: 27.36259353399277, ssim: 0.9112347458600998
Epoch:164/500
Total Loss: 0.18944 || Val Loss: 0.18203
165 - psnr: 26.9964515209198, ssim: 0.9091960427761078
Epoch:165/500
Total Loss: 0.18949 || Val Loss: 0.18021
166 - psnr: 27.231500713825227, ssim: 0.9109516243934631
Epoch:166/500
Total Loss: 0.19060 || Val Loss: 0.17802
167 - psnr: 27.174799540042876, ssim: 0.9104767153263092
Epoch:167/500
Total Loss: 0.19009 || Val Loss: 0.20298
168 - psnr: 27.453630411624907, ssim: 0.9120185306072235
Epoch:168/500
Total Loss: 0.18918 || Val Loss: 0.16157
169 - psnr: 27.440961735248564, ssim: 0.9118898309469223
Epoch:169/500
Total Loss: 0.18904 || Val Loss: 0.18521
170 - psnr: 27.171682636737824, ssim: 0.910441001534462
Epoch:170/500
Total Loss: 0.18856 || Val Loss: 0.16400
171 - psnr: 27.1702889919281, ssim: 0.9105597788095474
Epoch:171/500
Total Loss: 0.19083 || Val Loss: 0.15551
172 - psnr: 27.26902927160263, ssim: 0.9106770613193512
Epoch:172/500
Total Loss: 0.19020 || Val Loss: 0.16002
173 - psnr: 27.44686007261276, ssim: 0.911273647904396
Epoch:173/500
Total Loss: 0.18942 || Val Loss: 0.16935
174 - psnr: 27.551920228004455, ssim: 0.9122622644901276
Epoch:174/500
Total Loss: 0.18866 || Val Loss: 0.16134
175 - psnr: 27.410353684425353, ssim: 0.9117663607597352
Epoch:175/500
Total Loss: 0.18807 || Val Loss: 0.16792
176 - psnr: 27.0420312666893, ssim: 0.9095819823741913
Epoch:176/500
Total Loss: 0.19122 || Val Loss: 0.16242
177 - psnr: 27.17061749458313, ssim: 0.9105695601701737
Epoch:177/500
Total Loss: 0.18936 || Val Loss: 0.17853
178 - psnr: 27.533265726566313, ssim: 0.9120928030014038
Epoch:178/500
Total Loss: 0.18876 || Val Loss: 0.17405
179 - psnr: 27.58993860244751, ssim: 0.9119834597110749
Epoch:179/500
Total Loss: 0.18757 || Val Loss: 0.17983
180 - psnr: 27.49987331390381, ssim: 0.9119132281541824
Epoch:180/500
Total Loss: 0.18720 || Val Loss: 0.16496
181 - psnr: 27.169151332378387, ssim: 0.9091948794126511
Epoch:181/500
Total Loss: 0.18766 || Val Loss: 0.16891
182 - psnr: 27.201614770889282, ssim: 0.910179549574852
Epoch:182/500
Total Loss: 0.18931 || Val Loss: 0.16663
183 - psnr: 27.43712153196335, ssim: 0.9122275041341782
Epoch:183/500
Total Loss: 0.18776 || Val Loss: 0.17522
184 - psnr: 27.648803040981292, ssim: 0.912526430606842
Epoch:184/500
Total Loss: 0.18828 || Val Loss: 0.16589
Best model saved at epoch —— 184, metric —— 27.648803040981292
Save best model to ./logs/2026_01_08_16_59_45/weights/best_metric_model.pth
185 - psnr: 27.568989870548247, ssim: 0.9128090028762817
Epoch:185/500
Total Loss: 0.18758 || Val Loss: 0.16578
186 - psnr: 27.48783853530884, ssim: 0.9116448043584824
Epoch:186/500
Total Loss: 0.18751 || Val Loss: 0.16044
187 - psnr: 27.148632361888886, ssim: 0.9105106052160263
Epoch:187/500
Total Loss: 0.18726 || Val Loss: 0.16820
188 - psnr: 27.448681383132936, ssim: 0.9120708600282669
Epoch:188/500
Total Loss: 0.18780 || Val Loss: 0.19702
189 - psnr: 27.619800493717193, ssim: 0.9126286602020264
Epoch:189/500
Total Loss: 0.18652 || Val Loss: 0.16806
190 - psnr: 27.65615442752838, ssim: 0.9128903611898422
Epoch:190/500
Total Loss: 0.18613 || Val Loss: 0.17293
Best model saved at epoch —— 110, metric —— 27.65615442752838
Save best model to ./logs/2026_01_08_16_59_45/weights/best_metric_model.pth
191 - psnr: 27.372745780944825, ssim: 0.9122559713125229
Epoch:191/500
Total Loss: 0.18667 || Val Loss: 0.16772
192 - psnr: 27.21007040023804, ssim: 0.911003784775734
Epoch:192/500
Total Loss: 0.18795 || Val Loss: 0.18373
193 - psnr: 27.125273633003236, ssim: 0.91029769551754
Epoch:193/500
Total Loss: 0.18746 || Val Loss: 0.19631
194 - psnr: 27.526082644462587, ssim: 0.9123230618238449
Epoch:194/500
Total Loss: 0.18627 || Val Loss: 0.16940
195 - psnr: 27.583261828422547, ssim: 0.9123590389490127
Epoch:195/500
Total Loss: 0.18664 || Val Loss: 0.18433
196 - psnr: 27.440277965068816, ssim: 0.9123068487644196
Epoch:196/500
Total Loss: 0.18533 || Val Loss: 0.17135
197 - psnr: 27.217747905254363, ssim: 0.9104083800315856
Epoch:197/500
Total Loss: 0.18586 || Val Loss: 0.15966
198 - psnr: 27.23808286905289, ssim: 0.9111468284130096
Epoch:198/500
Total Loss: 0.18613 || Val Loss: 0.16314
199 - psnr: 27.60323297023773, ssim: 0.9125207093954086
Epoch:199/500
Total Loss: 0.18583 || Val Loss: 0.17746
200 - psnr: 27.678630554676054, ssim: 0.9137072627544403
Epoch:200/500
Total Loss: 0.18489 || Val Loss: 0.16068
Best model saved at epoch —— 200, metric —— 27.678630554676054
Save best model to ./logs/2026_01_08_16_59_45/weights/best_metric_model.pth
201 - psnr: 27.76818125963211, ssim: 0.9136682404279709
Epoch:201/500
Total Loss: 0.18629 || Val Loss: 0.16783
Best model saved at epoch —— 121, metric —— 27.76818125963211
Save best model to ./logs/2026_01_08_16_59_45/weights/best_metric_model.pth
202 - psnr: 27.400267941951753, ssim: 0.9121904079914093
Epoch:202/500
Total Loss: 0.18565 || Val Loss: 0.17406
203 - psnr: 27.4104789185524, ssim: 0.9111576377153396
Epoch:203/500
Total Loss: 0.18599 || Val Loss: 0.17168
204 - psnr: 27.401299936771395, ssim: 0.9116598689556121
Epoch:204/500
Total Loss: 0.18563 || Val Loss: 0.17428
205 - psnr: 27.651281282901763, ssim: 0.9130153322219848
Epoch:205/500
Total Loss: 0.18523 || Val Loss: 0.18036
206 - psnr: 27.724686555862426, ssim: 0.9134830809831619
Epoch:206/500
Total Loss: 0.18442 || Val Loss: 0.15833
207 - psnr: 26.888242733478545, ssim: 0.9104257640838623
Epoch:207/500
Total Loss: 0.18435 || Val Loss: 0.17074
208 - psnr: 27.219806504249572, ssim: 0.910986882686615
Epoch:208/500
Total Loss: 0.18592 || Val Loss: 0.16894
209 - psnr: 27.32468839406967, ssim: 0.911696389913559
Epoch:209/500
Total Loss: 0.18543 || Val Loss: 0.16775
210 - psnr: 27.64992915391922, ssim: 0.9134420282840728
Epoch:210/500
Total Loss: 0.18445 || Val Loss: 0.16911
211 - psnr: 27.779786806106568, ssim: 0.91383440721035
Epoch:211/500
Total Loss: 0.18469 || Val Loss: 0.16477
Best model saved at epoch —— 211, metric —— 27.779786806106568
Save best model to ./logs/2026_01_08_16_59_45/weights/best_metric_model.pth
213 - psnr: 27.729755215644836, ssim: 0.9135078879594802
Epoch:213/500
Total Loss: 0.18488 || Val Loss: 0.16720
213 - psnr: 27.452098565101622, ssim: 0.9115850694179535
Epoch:213/500
Total Loss: 0.18407 || Val Loss: 0.18829
214 - psnr: 27.43897071838379, ssim: 0.9119221202135086
Epoch:214/500
Total Loss: 0.18469 || Val Loss: 0.17459
215 - psnr: 27.605528502464296, ssim: 0.9134796999692917
Epoch:215/500
Total Loss: 0.18353 || Val Loss: 0.17636
216 - psnr: 27.727974717617034, ssim: 0.9139283672571182
Epoch:216/500
Total Loss: 0.18313 || Val Loss: 0.16799
217 - psnr: 27.668180530071258, ssim: 0.9139351404905319
Epoch:217/500
Total Loss: 0.18478 || Val Loss: 0.16387
218 - psnr: 27.47449376821518, ssim: 0.9128795255422593
Epoch:218/500
Total Loss: 0.18432 || Val Loss: 0.16295
219 - psnr: 27.371185195446014, ssim: 0.9131147270202636
Epoch:219/500
Total Loss: 0.18381 || Val Loss: 0.16310
220 - psnr: 27.591516647338867, ssim: 0.9126130672693252
Epoch:220/500
Total Loss: 0.18363 || Val Loss: 0.16554
221 - psnr: 27.794451503753663, ssim: 0.9141381176710128
Epoch:221/500
Total Loss: 0.18307 || Val Loss: 0.16646
Best model saved at epoch —— 221, metric —— 27.794451503753663
Save best model to ./logs/2026_01_08_16_59_45/weights/best_metric_model.pth
222 - psnr: 27.786412625312806, ssim: 0.914365559220314
Epoch:222/500
Total Loss: 0.18299 || Val Loss: 0.16272
223 - psnr: 27.707829768657685, ssim: 0.9141173814535141
Epoch:223/500
Total Loss: 0.18258 || Val Loss: 0.16473
224 - psnr: 27.348846623897554, ssim: 0.9113192350864411
Epoch:224/500
Total Loss: 0.18388 || Val Loss: 0.16805
225 - psnr: 27.605813291072845, ssim: 0.9130831975936889
Epoch:225/500
Total Loss: 0.18418 || Val Loss: 0.16034
226 - psnr: 27.874909286499022, ssim: 0.9143838293552399
Epoch:226/500
Total Loss: 0.18274 || Val Loss: 0.16501
Best model saved at epoch —— 216, metric —— 27.874909286499022
Save best model to ./logs/2026_01_08_16_59_45/weights/best_metric_model.pth
227 - psnr: 27.843194403648376, ssim: 0.9142376319169998
Epoch:227/500
Total Loss: 0.18256 || Val Loss: 0.16601
228 - psnr: 27.687576587200166, ssim: 0.9138873536586761
Epoch:228/500
Total Loss: 0.18275 || Val Loss: 0.16263
229 - psnr: 27.561096057891845, ssim: 0.9133804121017456
Epoch:229/500
Total Loss: 0.18244 || Val Loss: 0.16389
230 - psnr: 27.52773521900177, ssim: 0.912923397064209
Epoch:230/500
Total Loss: 0.18347 || Val Loss: 0.16191
231 - psnr: 27.787802062034608, ssim: 0.9142399935722351
Epoch:231/500
Total Loss: 0.18264 || Val Loss: 0.20929
232 - psnr: 27.781968688964845, ssim: 0.9142919483184815
Epoch:232/500
Total Loss: 0.18208 || Val Loss: 0.16073
233 - psnr: 27.817299437522887, ssim: 0.9143359404802323
Epoch:233/500
Total Loss: 0.18171 || Val Loss: 0.15621
234 - psnr: 27.570518329143525, ssim: 0.9134977424144745
Epoch:234/500
Total Loss: 0.18179 || Val Loss: 0.17085
235 - psnr: 27.122359690666197, ssim: 0.9104341350793839
Epoch:235/500
Total Loss: 0.18317 || Val Loss: 0.16195
236 - psnr: 27.612211792469026, ssim: 0.9131071743965149
Epoch:236/500
Total Loss: 0.18311 || Val Loss: 0.16043
237 - psnr: 27.963141696453093, ssim: 0.9150185881853103
Epoch:237/500
Total Loss: 0.18129 || Val Loss: 0.16912
Best model saved at epoch —— 227, metric —— 27.963141696453093
Save best model to ./logs/2026_01_08_16_59_45/weights/best_metric_model.pth
238 - psnr: 27.986744785308836, ssim: 0.9148222405910492
Epoch:238/500
Total Loss: 0.18148 || Val Loss: 0.16018
Best model saved at epoch —— 238, metric —— 27.986744785308836
Save best model to ./logs/2026_01_08_16_59_45/weights/best_metric_model.pth
239 - psnr: 27.68666824579239, ssim: 0.9136050750017166
Epoch:239/500
Total Loss: 0.18119 || Val Loss: 0.16382
240 - psnr: 27.718091690540312, ssim: 0.9140074894428253
Epoch:240/500
Total Loss: 0.18204 || Val Loss: 0.17888
241 - psnr: 27.50914469957352, ssim: 0.9131890188455581
Epoch:241/500
Total Loss: 0.18144 || Val Loss: 0.16377
242 - psnr: 27.85650538444519, ssim: 0.9145232462882995
Epoch:242/500
Total Loss: 0.18141 || Val Loss: 0.16251
243 - psnr: 27.91849811553955, ssim: 0.914919707775116
Epoch:243/500
Total Loss: 0.18114 || Val Loss: 0.16635
244 - psnr: 27.880624656677245, ssim: 0.9150732362270355
Epoch:244/500
Total Loss: 0.18064 || Val Loss: 0.16961
245 - psnr: 27.534286484718322, ssim: 0.9128191900253296
Epoch:245/500
Total Loss: 0.18110 || Val Loss: 0.17859
236 - psnr: 27.586594769954683, ssim: 0.9128607153892517
Epoch:246/500
Total Loss: 0.18091 || Val Loss: 0.17716
247 - psnr: 27.743609557151796, ssim: 0.9148837577104568
Epoch:247/500
Total Loss: 0.18030 || Val Loss: 0.16701
248 - psnr: 27.91188601732254, ssim: 0.9152610992193222
Epoch:248/500
Total Loss: 0.18028 || Val Loss: 0.16285
249 - psnr: 27.978184950351714, ssim: 0.915206604719162
Epoch:249/500
Total Loss: 0.18080 || Val Loss: 0.16241
250 - psnr: 27.74391019821167, ssim: 0.9137203042507172
Epoch:250/500
Total Loss: 0.18163 || Val Loss: 0.16236
Model saved at epoch 250 to ./logs/2026_01_08_16_59_45/weights/model_epoch_250.pth
251 - psnr: 27.457150132656096, ssim: 0.9129965169429779
Epoch:251/500
Total Loss: 0.18024 || Val Loss: 0.16818
252 - psnr: 27.752262043952943, ssim: 0.9147575608491898
Epoch:252/500
Total Loss: 0.18055 || Val Loss: 0.17024
253 - psnr: 27.874108250141145, ssim: 0.9146956026554107
Epoch:253/500
Total Loss: 0.17997 || Val Loss: 0.17322
254 - psnr: 27.895547995567323, ssim: 0.9151356353759765
Epoch:254/500
Total Loss: 0.17989 || Val Loss: 0.16485
255 - psnr: 27.779852826595306, ssim: 0.914130124092102
Epoch:255/500
Total Loss: 0.17967 || Val Loss: 0.16186
256 - psnr: 27.67007549762726, ssim: 0.9145931713581085
Epoch:256/500
Total Loss: 0.18122 || Val Loss: 0.16355
257 - psnr: 27.65861647129059, ssim: 0.9139267483949661
Epoch:257/500
Total Loss: 0.18044 || Val Loss: 0.17239
258 - psnr: 28.005710275173186, ssim: 0.9153385808467865
Epoch:258/500
Total Loss: 0.17950 || Val Loss: 0.16089
Best model saved at epoch —— 258, metric —— 28.005710275173186
Save best model to ./logs/2026_01_08_16_59_45/weights/best_metric_model.pth
259 - psnr: 28.100340538024902, ssim: 0.9157917467355728
Epoch:259/500
Total Loss: 0.17889 || Val Loss: 0.17250
Best model saved at epoch —— 259, metric —— 28.100340538024902
Save best model to ./logs/2026_01_08_16_59_45/weights/best_metric_model.pth
260 - psnr: 27.895586314201356, ssim: 0.914905099272728
Epoch:260/500
Total Loss: 0.17974 || Val Loss: 0.16969
261 - psnr: 27.609409449100493, ssim: 0.9144147268533707
Epoch:261/500
Total Loss: 0.18063 || Val Loss: 0.17123
262 - psnr: 27.57132606267929, ssim: 0.9141970130205155
Epoch:262/500
Total Loss: 0.18158 || Val Loss: 0.16588
263 - psnr: 27.820885002613068, ssim: 0.9147034952640534
Epoch:263/500
Total Loss: 0.18109 || Val Loss: 0.16441
264 - psnr: 28.02805498838425, ssim: 0.9155655435323715
Epoch:264/500
Total Loss: 0.17945 || Val Loss: 0.16059
265 - psnr: 27.980008401870727, ssim: 0.9153103185892105
Epoch:265/500
Total Loss: 0.17871 || Val Loss: 0.17588
266 - psnr: 27.761844477653504, ssim: 0.9147541739940643
Epoch:266/500
Total Loss: 0.17863 || Val Loss: 0.17137
267 - psnr: 27.548078014850617, ssim: 0.9131838961839676
Epoch:267/500
Total Loss: 0.17881 || Val Loss: 0.16345
268 - psnr: 27.72676926612854, ssim: 0.9144787328243256
Epoch:268/500
Total Loss: 0.17970 || Val Loss: 0.19696
269 - psnr: 27.966538770198824, ssim: 0.9155692692995071
Epoch:269/500
Total Loss: 0.17857 || Val Loss: 0.16518
270 - psnr: 28.024856839179993, ssim: 0.9160030456781387
Epoch:270/500
Total Loss: 0.17843 || Val Loss: 0.16325
271 - psnr: 27.719601492881775, ssim: 0.9144544798135757
Epoch:271/500
Total Loss: 0.17799 || Val Loss: 0.24022
272 - psnr: 27.62840360403061, ssim: 0.913381134390831
Epoch:272/500
Total Loss: 0.17974 || Val Loss: 0.16621
273 - psnr: 27.736221191883086, ssim: 0.9144590569734573
Epoch:173/500
Total Loss: 0.17902 || Val Loss: 0.17104
274 - psnr: 27.967987413406373, ssim: 0.9157651473283768
Epoch:174/500
Total Loss: 0.17802 || Val Loss: 0.16338
275 - psnr: 28.08490652322769, ssim: 0.9163211199045181
Epoch:175/500
Total Loss: 0.17721 || Val Loss: 0.16267
276 - psnr: 27.89230321884155, ssim: 0.9148514860868454
Epoch:176/500
Total Loss: 0.17827 || Val Loss: 0.17135
277 - psnr: 27.685003533363343, ssim: 0.9141406084299087
Epoch:277/500
Total Loss: 0.17833 || Val Loss: 0.17400
278 - psnr: 27.75458531618118, ssim: 0.9143703441619873
Epoch:278/500
Total Loss: 0.17956 || Val Loss: 0.16339
279 - psnr: 28.079085903167723, ssim: 0.9158917149305343
Epoch:279/500
Total Loss: 0.17824 || Val Loss: 0.16048
280 - psnr: 27.98925039768219, ssim: 0.9157858530282974
Epoch:280/500
Total Loss: 0.17769 || Val Loss: 0.16328
281 - psnr: 28.04661726474762, ssim: 0.9159255445003509
Epoch:281/500
Total Loss: 0.17721 || Val Loss: 0.15980
282 - psnr: 27.7879016494751, ssim: 0.9154520020484924
Epoch:282/500
Total Loss: 0.17772 || Val Loss: 0.16730
283 - psnr: 27.697852005958556, ssim: 0.9138606988191604
Epoch:283/500
Total Loss: 0.17806 || Val Loss: 0.16308
284 - psnr: 27.851155655384062, ssim: 0.9151031657457351
Epoch:284/500
Total Loss: 0.17869 || Val Loss: 0.16236
285 - psnr: 27.982072238922118, ssim: 0.9156351826190948
Epoch:285/500
Total Loss: 0.17788 || Val Loss: 0.18058
286 - psnr: 27.858372507095336, ssim: 0.9147282221317291
Epoch:286/500
Total Loss: 0.17805 || Val Loss: 0.17972
287 - psnr: 27.994251732826232, ssim: 0.9155574591159821
Epoch:287/500
Total Loss: 0.17716 || Val Loss: 0.16188
288 - psnr: 27.659917809963225, ssim: 0.9142284024953842
Epoch:288/500
Total Loss: 0.17704 || Val Loss: 0.16610
289 - psnr: 27.807907021045686, ssim: 0.9148598712682724
Epoch:289/500
Total Loss: 0.17723 || Val Loss: 0.16456
290 - psnr: 28.098391132354735, ssim: 0.9157935464382172
Epoch:290/500
Total Loss: 0.17859 || Val Loss: 0.16182
291 - psnr: 28.113497264385224, ssim: 0.9159202601909637
Epoch:291/500
Total Loss: 0.17734 || Val Loss: 0.16487
Best model saved at epoch —— 291, metric —— 28.113497264385224
Save best model to ./logs/2026_01_08_16_59_45/weights/best_metric_model.pth
292 - psnr: 27.973738594055177, ssim: 0.9156080811023712
Epoch:292/500
Total Loss: 0.17720 || Val Loss: 0.17346
293 - psnr: 27.851025354862212, ssim: 0.9151745276451111
Epoch:293/500
Total Loss: 0.17724 || Val Loss: 0.16670
294 - psnr: 27.773817627429963, ssim: 0.9142031579017639
Epoch:294/500
Total Loss: 0.17905 || Val Loss: 0.16781
295 - psnr: 28.089536156654358, ssim: 0.9160176577568054
Epoch:295/500
Total Loss: 0.17748 || Val Loss: 0.16970
296 - psnr: 28.097724149227144, ssim: 0.9163125877380371
Epoch:296/500
Total Loss: 0.17677 || Val Loss: 0.16248
297 - psnr: 28.123531067371367, ssim: 0.916023108124733
Epoch:297/500
Total Loss: 0.17737 || Val Loss: 0.17231
Best model saved at epoch —— 297, metric —— 28.123531067371367
Save best model to ./logs/2026_01_08_16_59_45/weights/best_metric_model.pth
298 - psnr: 27.93572497844696, ssim: 0.9149831365346909
Epoch:298/500
Total Loss: 0.17649 || Val Loss: 0.16329
299 - psnr: 27.12822896003723, ssim: 0.9107678148746491
Epoch:299/500
Total Loss: 0.17692 || Val Loss: 0.19449
300 - psnr: 27.86265864133835, ssim: 0.9154768196344376
Epoch:300/500
Total Loss: 0.17741 || Val Loss: 0.18137
301 - psnr: 28.14168742418289, ssim: 0.9160779901742935
Epoch:301/500
Total Loss: 0.17633 || Val Loss: 0.16207
Best model saved at epoch —— 301, metric —— 28.14168742418289
Save best model to ./logs/2026_01_08_16_59_45/weights/best_metric_model.pth
302 - psnr: 28.135083265304566, ssim: 0.9163144479990005
Epoch:302/500
Total Loss: 0.17575 || Val Loss: 0.16096
303 - psnr: 27.913874404430388, ssim: 0.9152202777862549
Epoch:303/500
Total Loss: 0.17683 || Val Loss: 0.17373
304 - psnr: 27.57857374191284, ssim: 0.914045792222023
Epoch:304/500
Total Loss: 0.17603 || Val Loss: 0.16667
305 - psnr: 27.591571309566497, ssim: 0.9139887783527374
Epoch:305/500
Total Loss: 0.17847 || Val Loss: 0.22292
306 - psnr: 28.03427150249481, ssim: 0.9161322332620621
Epoch:306/500
Total Loss: 0.17654 || Val Loss: 0.17825
307 - psnr: 28.07834944486618, ssim: 0.916595018029213
Epoch:307/500
Total Loss: 0.17538 || Val Loss: 0.16598
308 - psnr: 27.808752114772798, ssim: 0.9156493719816208
Epoch:308/500
Total Loss: 0.17532 || Val Loss: 0.18160
309 - psnr: 27.911033058166502, ssim: 0.9152002090215683
Epoch:309/500
Total Loss: 0.17582 || Val Loss: 0.16379
310 - psnr: 27.158889751434327, ssim: 0.9128855447769165
Epoch:310/500
Total Loss: 0.17705 || Val Loss: 0.19074
311 - psnr: 27.957062089443205, ssim: 0.9154560105800629
Epoch:311/500
Total Loss: 0.17788 || Val Loss: 0.17790
312 - psnr: 28.067392783164976, ssim: 0.9164127420186996
Epoch:312/500
Total Loss: 0.17615 || Val Loss: 0.16545
313 - psnr: 28.159361009597777, ssim: 0.9166170446872711
Epoch:313/500
Total Loss: 0.17510 || Val Loss: 0.16344
Best model saved at epoch —— 313, metric —— 28.159361009597777
Save best model to ./logs/2026_01_08_16_59_45/weights/best_metric_model.pth
314 - psnr: 27.999895284175874, ssim: 0.9158820742368698
Epoch:314/500
Total Loss: 0.17513 || Val Loss: 0.17821
315 - psnr: 27.77108152627945, ssim: 0.9150999256372452
Epoch:315/500
Total Loss: 0.17544 || Val Loss: 0.16514
316 - psnr: 28.031999895572664, ssim: 0.9163857619762421
Epoch:316/500
Total Loss: 0.17546 || Val Loss: 0.16239
317 - psnr: 28.12711496591568, ssim: 0.9166188524961472
Epoch:317/500
Total Loss: 0.17486 || Val Loss: 0.15762
318 - psnr: 28.161925868988035, ssim: 0.9168684712648392
Epoch:318/500
Total Loss: 0.17541 || Val Loss: 0.16206
Best model saved at epoch —— 318, metric —— 28.161925868988035
Save best model to ./logs/2026_01_08_16_59_45/weights/best_metric_model.pth
319 - psnr: 27.96981389760971, ssim: 0.9163523308038711
Epoch:319/500
Total Loss: 0.17482 || Val Loss: 0.17620
320 - psnr: 27.86699132680893, ssim: 0.9151947340965271
Epoch:320/500
Total Loss: 0.17523 || Val Loss: 0.17446
321 - psnr: 27.992364175319672, ssim: 0.9158955827951432
Epoch:321/500
Total Loss: 0.17545 || Val Loss: 0.17883
322 - psnr: 28.087244548797607, ssim: 0.9162322580814362
Epoch:322/500
Total Loss: 0.17539 || Val Loss: 0.19530
323 - psnr: 28.149560055732728, ssim: 0.917218326330185
Epoch:323/500
Total Loss: 0.17473 || Val Loss: 0.19228
324 - psnr: 27.94460326194763, ssim: 0.9146771808862686
Epoch:324/500
Total Loss: 0.17719 || Val Loss: 0.16622
325 - psnr: 27.803227779865264, ssim: 0.915285947918892
Epoch:325/500
Total Loss: 0.17496 || Val Loss: 0.18438
326 - psnr: 27.808253738880158, ssim: 0.9154691194295883
Epoch:326/500
Total Loss: 0.17518 || Val Loss: 0.17140
327 - psnr: 28.10227824449539, ssim: 0.9168181099891662
Epoch:327/500
Total Loss: 0.17485 || Val Loss: 0.16561
328 - psnr: 28.152053871154784, ssim: 0.9169829560518264
Epoch:328/500
Total Loss: 0.17389 || Val Loss: 0.16392
329 - psnr: 28.16894265413284, ssim: 0.9169482029676438
Epoch:329/500
Total Loss: 0.17403 || Val Loss: 0.16413
Best model saved at epoch —— 329, metric —— 28.16894265413284
Save best model to ./logs/2026_01_08_16_59_45/weights/best_metric_model.pth
330 - psnr: 27.97593397140503, ssim: 0.9162787271738052
Epoch:330/500
Total Loss: 0.17485 || Val Loss: 0.16245
331 - psnr: 27.820112109184265, ssim: 0.9143083910942078
Epoch:331/500
Total Loss: 0.17499 || Val Loss: 0.18904
332 - psnr: 28.064576761722563, ssim: 0.9161597228050232
Epoch:332/500
Total Loss: 0.17548 || Val Loss: 0.17035
333 - psnr: 28.210873913764953, ssim: 0.9171102286577225
Epoch:333/500
Total Loss: 0.17477 || Val Loss: 0.17094
Best model saved at epoch —— 333, metric —— 28.210873913764953
Save best model to ./logs/2026_01_08_16_59_45/weights/best_metric_model.pth
334 - psnr: 28.255677227973937, ssim: 0.9170635386705398
Epoch:334/500
Total Loss: 0.17375 || Val Loss: 0.16878
Best model saved at epoch —— 334, metric —— 28.255677227973937
Save best model to ./logs/2026_01_08_16_59_45/weights/best_metric_model.pth
335 - psnr: 28.103102173805237, ssim: 0.9167341767549515
Epoch:335/500
Total Loss: 0.17444 || Val Loss: 0.15868
336 - psnr: 27.742272465229036, ssim: 0.9156883392333984
Epoch:336/500
Total Loss: 0.17391 || Val Loss: 0.16070
337 - psnr: 27.9994375872612, ssim: 0.9148452229499817
Epoch:337/500
Total Loss: 0.17410 || Val Loss: 0.16697
338 - psnr: 28.07389791727066, ssim: 0.9166684653759003
Epoch:338/500
Total Loss: 0.17539 || Val Loss: 0.17398
339 - psnr: 28.238930821418762, ssim: 0.9172148908376694
Epoch:339/500
Total Loss: 0.17396 || Val Loss: 0.17162
340 - psnr: 28.213827662467956, ssim: 0.917116591334343
Epoch:340/500
Total Loss: 0.17356 || Val Loss: 0.17764
341 - psnr: 28.036263840198515, ssim: 0.9159445906877518
Epoch:341/500
Total Loss: 0.17380 || Val Loss: 0.17056
342 - psnr: 27.88115950345993, ssim: 0.9157493540048599
Epoch:342/500
Total Loss: 0.17421 || Val Loss: 0.19427
343 - psnr: 27.9940696144104, ssim: 0.9155356594324112
Epoch:343/500
Total Loss: 0.17392 || Val Loss: 0.17000
344 - psnr: 28.223550758361817, ssim: 0.9175139371156692
Epoch:344/500
Total Loss: 0.17283 || Val Loss: 0.19483
345 - psnr: 28.269302792549134, ssim: 0.9173386248350144
Epoch:345/500
Total Loss: 0.17266 || Val Loss: 0.18631
Best model saved at epoch —— 345, metric —— 28.269302792549134
Save best model to ./logs/2026_01_08_16_59_45/weights/best_metric_model.pth
346 - psnr: 28.00930773973465, ssim: 0.916221802353859
Epoch:346/500
Total Loss: 0.17303 || Val Loss: 0.17217
347 - psnr: 27.621916673183442, ssim: 0.9134664551019669
Epoch:347/500
Total Loss: 0.17409 || Val Loss: 0.16225
348 - psnr: 28.045146028995514, ssim: 0.9165995442867279
Epoch:348/500
Total Loss: 0.17555 || Val Loss: 0.16535
349 - psnr: 28.21569378852844, ssim: 0.9170953917503357
Epoch:349/500
Total Loss: 0.17385 || Val Loss: 0.21044
350 - psnr: 28.186875536441804, ssim: 0.9166629163026809
Epoch:350/500
Total Loss: 0.17269 || Val Loss: 0.16107
351 - psnr: 28.20491286993027, ssim: 0.9174930793046951
Epoch:351/500
Total Loss: 0.17287 || Val Loss: 0.16689
352 - psnr: 27.580361504554748, ssim: 0.9135054839849472
Epoch:352/500
Total Loss: 0.17277 || Val Loss: 0.17984
353 - psnr: 28.09952970266342, ssim: 0.9164476991891861
Epoch:353/500
Total Loss: 0.17396 || Val Loss: 0.17561
354 - psnr: 28.27416562318802, ssim: 0.9175895025730133
Epoch:354/500
Total Loss: 0.17257 || Val Loss: 0.16203
Best model saved at epoch —— 354, metric —— 28.27416562318802
Save best model to ./logs/2026_01_08_16_59_45/weights/best_metric_model.pth
355 - psnr: 28.309838285446165, ssim: 0.9177716598510742
Epoch:355/500
Total Loss: 0.17221 || Val Loss: 0.17064
Best model saved at epoch —— 355, metric —— 28.309838285446165
Save best model to ./logs/2026_01_08_16_59_45/weights/best_metric_model.pth
356 - psnr: 28.281583025455475, ssim: 0.9176007498502732
Epoch:356/500
Total Loss: 0.17313 || Val Loss: 0.16797
357 - psnr: 27.82729497909546, ssim: 0.9162777903079986
Epoch:357/500
Total Loss: 0.17268 || Val Loss: 0.16129
358 - psnr: 27.8882169008255, ssim: 0.9153030042648316
Epoch:358/500
Total Loss: 0.17345 || Val Loss: 0.15955
359 - psnr: 28.094958641529082, ssim: 0.9170058259963989
Epoch:359/500
Total Loss: 0.17494 || Val Loss: 0.18173
360 - psnr: 28.29057063817978, ssim: 0.9177959299087525
Epoch:360/500
Total Loss: 0.17279 || Val Loss: 0.19661
361 - psnr: 28.291113233566286, ssim: 0.9178162252902985
Epoch:361/500
Total Loss: 0.17187 || Val Loss: 0.16210
362 - psnr: 28.108413593769072, ssim: 0.9165843954086303
Epoch:362/500
Total Loss: 0.17250 || Val Loss: 0.16388
363 - psnr: 27.884679765701293, ssim: 0.9161192278861999
Epoch:363/500
Total Loss: 0.17292 || Val Loss: 0.15985
364 - psnr: 27.525162019729613, ssim: 0.9146755293607712
Epoch:364/500
Total Loss: 0.17295 || Val Loss: 0.18331
365 - psnr: 28.264386422634125, ssim: 0.9176448304653168
Epoch:365/500
Total Loss: 0.17260 || Val Loss: 0.16401
366 - psnr: 28.162954177856445, ssim: 0.9175110601186752
Epoch:366/500
Total Loss: 0.17227 || Val Loss: 0.17171
367 - psnr: 28.202618029117584, ssim: 0.9169407390356064
Epoch:367/500
Total Loss: 0.17208 || Val Loss: 0.17675
368 - psnr: 28.04642701625824, ssim: 0.9170882128477097
Epoch:368/500
Total Loss: 0.17237 || Val Loss: 0.16854
369 - psnr: 28.000437054634094, ssim: 0.9163157716989517
Epoch:369/500
Total Loss: 0.17253 || Val Loss: 0.18727
370 - psnr: 28.260900027751923, ssim: 0.9177408137321472
Epoch:370/500
Total Loss: 0.17193 || Val Loss: 0.16775
371 - psnr: 28.39263453245163, ssim: 0.9182455687522888
Epoch:371/500
Total Loss: 0.17176 || Val Loss: 0.17153
Best model saved at epoch —— 371, metric —— 28.39263453245163
Save best model to ./logs/2026_01_08_16_59_45/weights/best_metric_model.pth
372 - psnr: 28.26354852437973, ssim: 0.9172946791648865
Epoch:372/500
Total Loss: 0.17152 || Val Loss: 0.17150
373 - psnr: 28.01391809940338, ssim: 0.916507873415947
Epoch:373/500
Total Loss: 0.17188 || Val Loss: 0.18686
374 - psnr: 27.917360196113588, ssim: 0.9161258405447006
Epoch:374/500
Total Loss: 0.17320 || Val Loss: 0.18009
375 - psnr: 28.254747343063354, ssim: 0.9173314158916474
Epoch:375/500
Total Loss: 0.17263 || Val Loss: 0.16043
376 - psnr: 28.28687262058258, ssim: 0.9179541523456574
Epoch:376/500
Total Loss: 0.17151 || Val Loss: 0.17063
377 - psnr: 28.235128376483917, ssim: 0.9178540762662888
Epoch:377/500
Total Loss: 0.17190 || Val Loss: 0.15916
378 - psnr: 28.103333888053893, ssim: 0.9169527223110199
Epoch:378/500
Total Loss: 0.17120 || Val Loss: 0.17087
379 - psnr: 27.8564778137207, ssim: 0.9163825256824494
Epoch:379/500
Total Loss: 0.17200 || Val Loss: 0.17305
380 - psnr: 28.18847796201706, ssim: 0.9174206650257111
Epoch:380/500
Total Loss: 0.17126 || Val Loss: 0.16068
381 - psnr: 28.31609570503235, ssim: 0.9179738699197769
Epoch:381/500
Total Loss: 0.17242 || Val Loss: 0.18462
382 - psnr: 28.35526924610138, ssim: 0.9182320761680604
Epoch:382/500
Total Loss: 0.17144 || Val Loss: 0.16259
383 - psnr: 28.18667139291763, ssim: 0.9174457937479019
Epoch:383/500
Total Loss: 0.17204 || Val Loss: 0.16554
384 - psnr: 28.095684082508086, ssim: 0.9170731098651886
Epoch:384/500
Total Loss: 0.17158 || Val Loss: 0.16189
385 - psnr: 28.169918019771576, ssim: 0.9172591857910156
Epoch:385/500
Total Loss: 0.17209 || Val Loss: 0.16055
386 - psnr: 28.266463899612425, ssim: 0.9178648154735565
Epoch:386/500
Total Loss: 0.17144 || Val Loss: 0.17758
387 - psnr: 28.2959055352211, ssim: 0.917977393746376
Epoch:387/500
Total Loss: 0.17168 || Val Loss: 0.16526
388 - psnr: 28.208959457874297, ssim: 0.9174578831195831
Epoch:388/500
Total Loss: 0.17075 || Val Loss: 0.16535
389 - psnr: 27.120075936317445, ssim: 0.9127126145362854
Epoch:389/500
Total Loss: 0.17133 || Val Loss: 0.22631
390 - psnr: 27.8691805934906, ssim: 0.9151858224868774
Epoch:390/500
Total Loss: 0.17200 || Val Loss: 0.22238
391 - psnr: 28.37962478160858, ssim: 0.918224995136261
Epoch:391/500
Total Loss: 0.17085 || Val Loss: 0.15914
392 - psnr: 28.318129954338072, ssim: 0.9182038685083389
Epoch:392/500
Total Loss: 0.17008 || Val Loss: 0.18950
393 - psnr: 28.297338626384736, ssim: 0.918204689502716
Epoch:393/500
Total Loss: 0.17038 || Val Loss: 0.16592
394 - psnr: 28.09859093427658, ssim: 0.9173575510978699
Epoch:394/500
Total Loss: 0.17036 || Val Loss: 0.18749
395 - psnr: 27.682850341796875, ssim: 0.9161542627811432
Epoch:395/500
Total Loss: 0.17218 || Val Loss: 0.18310
396 - psnr: 28.17821305513382, ssim: 0.9176964933872223
Epoch:396/500
Total Loss: 0.17184 || Val Loss: 0.15899
397 - psnr: 28.29509609937668, ssim: 0.9181761620044708
Epoch:397/500
Total Loss: 0.17162 || Val Loss: 0.15954
398 - psnr: 28.331704194545747, ssim: 0.9181103147268296
Epoch:398/500
Total Loss: 0.17054 || Val Loss: 0.17329
399 - psnr: 28.207154006958007, ssim: 0.9176480277776718
Epoch:399/500
Total Loss: 0.17182 || Val Loss: 0.16580
400 - psnr: 28.11005843639374, ssim: 0.9167917404174805
Epoch:400/500
Total Loss: 0.17036 || Val Loss: 0.16997
401 - psnr: 28.20441240787506, ssim: 0.9174172224998474
Epoch:401/500
Total Loss: 0.17041 || Val Loss: 0.18513
402 - psnr: 28.244411900043488, ssim: 0.9179649869203568
Epoch:402/500
Total Loss: 0.17030 || Val Loss: 0.16884
403 - psnr: 28.279771790504455, ssim: 0.9182582594156266
Epoch:403/500
Total Loss: 0.17081 || Val Loss: 0.17147
404 - psnr: 28.33748644351959, ssim: 0.9183615258932114
Epoch:404/500
Total Loss: 0.16985 || Val Loss: 0.17141
405 - psnr: 28.090740475654602, ssim: 0.9175950567722321
Epoch:405/500
Total Loss: 0.17008 || Val Loss: 0.16534
406 - psnr: 28.172190561294556, ssim: 0.9172530509233475
Epoch:406/500
Total Loss: 0.17052 || Val Loss: 0.18388
407 - psnr: 28.27528358697891, ssim: 0.918111120223999
Epoch:407/500
Total Loss: 0.17008 || Val Loss: 0.15991
408 - psnr: 28.367700324058532, ssim: 0.9183497816324234
Epoch:408/500
Total Loss: 0.16966 || Val Loss: 0.17717
409 - psnr: 28.33276231765747, ssim: 0.9183198916912079
Epoch:409/500
Total Loss: 0.16981 || Val Loss: 0.16859
410 - psnr: 27.875592052936554, ssim: 0.9160521403551102
Epoch:410/500
Total Loss: 0.16984 || Val Loss: 0.18521
411 - psnr: 27.971524782180786, ssim: 0.9159853917360306
Epoch:411/500
Total Loss: 0.17066 || Val Loss: 0.18087
412 - psnr: 28.2467253947258, ssim: 0.9179331868886947
Epoch:412/500
Total Loss: 0.16964 || Val Loss: 0.16867
413 - psnr: 28.38747313976288, ssim: 0.9186115775108338
Epoch:413/500
Total Loss: 0.16951 || Val Loss: 0.16191
414 - psnr: 28.42231295824051, ssim: 0.9186200745105744
Epoch:414/500
Total Loss: 0.16917 || Val Loss: 0.16017
Best model saved at epoch —— 414, metric —— 28.42231295824051
Save best model to ./logs/2026_01_08_16_59_45/weights/best_metric_model.pth
415 - psnr: 28.215607903003693, ssim: 0.9177431058883667
Epoch:415/500
Total Loss: 0.16914 || Val Loss: 0.16597
416 - psnr: 27.484868564605712, ssim: 0.9151144729852676
Epoch:416/500
Total Loss: 0.17043 || Val Loss: 0.16636
417 - psnr: 28.193686337471007, ssim: 0.917551662683487
Epoch:417/500
Total Loss: 0.17120 || Val Loss: 0.17601
418 - psnr: 28.393220343589782, ssim: 0.9180780454874039
Epoch:418/500
Total Loss: 0.16966 || Val Loss: 0.18551
419 - psnr: 28.438263425827028, ssim: 0.9185201627016067
Epoch:419/500
Total Loss: 0.16950 || Val Loss: 0.17047
Best model saved at epoch —— 419, metric —— 28.438263425827028
Save best model to ./logs/2026_01_08_16_59_45/weights/best_metric_model.pth
420 - psnr: 28.384049327373504, ssim: 0.9185808771848678
Epoch:420/500
Total Loss: 0.16920 || Val Loss: 0.17277
421 - psnr: 28.057122497558595, ssim: 0.9178102984428406
Epoch:421/500
Total Loss: 0.16888 || Val Loss: 0.18831
422 - psnr: 27.941033017635345, ssim: 0.91652714574337
Epoch:422/500
Total Loss: 0.16998 || Val Loss: 0.18795
423 - psnr: 28.355036556720734, ssim: 0.9185071914196015
Epoch:423/500
Total Loss: 0.17024 || Val Loss: 0.16885
424 - psnr: 28.472707133293152, ssim: 0.9188467429876328
Epoch:424/500
Total Loss: 0.16841 || Val Loss: 0.16690
Best model saved at epoch —— 424, metric —— 28.472707133293152
Save best model to ./logs/2026_01_08_16_59_45/weights/best_metric_model.pth
425 - psnr: 28.42375781059265, ssim: 0.9182263687849045
Epoch:425/500
Total Loss: 0.16815 || Val Loss: 0.16776
426 - psnr: 28.21340489625931, ssim: 0.9175825794935226
Epoch:426/500
Total Loss: 0.16885 || Val Loss: 0.18059
427 - psnr: 27.831578059196474, ssim: 0.9162391393184662
Epoch:427/500
Total Loss: 0.16944 || Val Loss: 0.18200
428 - psnr: 28.26675178050995, ssim: 0.9181862654685974
Epoch:428/500
Total Loss: 0.16937 || Val Loss: 0.16715
429 - psnr: 28.394415140151978, ssim: 0.9185461649894714
Epoch:429/500
Total Loss: 0.16930 || Val Loss: 0.16818
430 - psnr: 28.389151899814607, ssim: 0.9182214308977127
Epoch:430/500
Total Loss: 0.16889 || Val Loss: 0.15885
431 - psnr: 28.105785145759583, ssim: 0.917515967130661
Epoch:431/500
Total Loss: 0.16861 || Val Loss: 0.19744
432 - psnr: 28.121289353370667, ssim: 0.9179186038970947
Epoch:432/500
Total Loss: 0.16878 || Val Loss: 0.16359
433 - psnr: 27.981989271640778, ssim: 0.917221587896347
Epoch:433/500
Total Loss: 0.17000 || Val Loss: 0.17071
434 - psnr: 28.36706487894058, ssim: 0.9187136347293854
Epoch:434/500
Total Loss: 0.16871 || Val Loss: 0.16649
435 - psnr: 28.370758316516877, ssim: 0.9186682852506638
Epoch:435/500
Total Loss: 0.16823 || Val Loss: 0.17300
436 - psnr: 28.3997421169281, ssim: 0.9185276017189026
Epoch:436/500
Total Loss: 0.16819 || Val Loss: 0.16577
437 - psnr: 28.202514774799347, ssim: 0.9177890173196792
Epoch:437/500
Total Loss: 0.16856 || Val Loss: 0.16272
438 - psnr: 28.054259600639345, ssim: 0.9170731060504913
Epoch:438/500
Total Loss: 0.16844 || Val Loss: 0.19185
439 - psnr: 28.34725644826889, ssim: 0.9184458087682724
Epoch:439/500
Total Loss: 0.16821 || Val Loss: 0.16731
440 - psnr: 28.441259722709656, ssim: 0.9188394695520401
Epoch:440/500
Total Loss: 0.16795 || Val Loss: 0.16829
441 - psnr: 28.346999444961547, ssim: 0.9182246942520141
Epoch:441/500
Total Loss: 0.17005 || Val Loss: 0.17452
442 - psnr: 28.146475377082826, ssim: 0.9178176274299622
Epoch:442/500
Total Loss: 0.16818 || Val Loss: 0.16584
443 - psnr: 28.175479900836944, ssim: 0.9180615453720092
Epoch:443/500
Total Loss: 0.16824 || Val Loss: 0.17353
444 - psnr: 28.255248885154725, ssim: 0.9175363013744354
Epoch:444/500
Total Loss: 0.16928 || Val Loss: 0.16072
445 - psnr: 28.456851921081544, ssim: 0.9188485581874848
Epoch:445/500
Total Loss: 0.16849 || Val Loss: 0.16497
446 - psnr: 28.368672981262208, ssim: 0.9183318288326263
Epoch:446/500
Total Loss: 0.16745 || Val Loss: 0.17369
447 - psnr: 28.294890604019166, ssim: 0.9181138660907745
Epoch:447/500
Total Loss: 0.16746 || Val Loss: 0.16598
448 - psnr: 28.240271441936493, ssim: 0.9176844881772995
Epoch:448/500
Total Loss: 0.16813 || Val Loss: 0.17177
449 - psnr: 28.122783451080323, ssim: 0.9179806023836136
Epoch:449/500
Total Loss: 0.16827 || Val Loss: 0.15929
450 - psnr: 28.409333732128143, ssim: 0.9190234664678574
Epoch:450/500
Total Loss: 0.16765 || Val Loss: 0.16916
451 - psnr: 28.43879477262497, ssim: 0.9188040429353714
Epoch:451/500
Total Loss: 0.16835 || Val Loss: 0.17226
452 - psnr: 28.372124435901643, ssim: 0.9187364799976349
Epoch:452/500
Total Loss: 0.16793 || Val Loss: 0.16738
453 - psnr: 28.268446633815767, ssim: 0.9173945052623749
Epoch:453/500
Total Loss: 0.16796 || Val Loss: 0.16144
454 - psnr: 28.243704051971434, ssim: 0.9179303855895996
Epoch:454/500
Total Loss: 0.16791 || Val Loss: 0.16220
455 - psnr: 28.282992522716523, ssim: 0.9183371466398239
Epoch:455/500
Total Loss: 0.16898 || Val Loss: 0.18633
456 - psnr: 28.420624873638154, ssim: 0.9187655795812607
Epoch:456/500
Total Loss: 0.16810 || Val Loss: 0.17107
457 - psnr: 28.41273181438446, ssim: 0.9189006383419037
Epoch:457/500
Total Loss: 0.16773 || Val Loss: 0.18131
458 - psnr: 28.210671525001526, ssim: 0.9173034907579422
Epoch:458/500
Total Loss: 0.16742 || Val Loss: 0.17084
459 - psnr: 28.258883635997773, ssim: 0.9182747826576233
Epoch:459/500
Total Loss: 0.16758 || Val Loss: 0.17440
460 - psnr: 28.394775705337523, ssim: 0.9186718219518661
Epoch:460/500
Total Loss: 0.16742 || Val Loss: 0.16564
461 - psnr: 28.48186535358429, ssim: 0.9190494384765625
Epoch:461/500
Total Loss: 0.16697 || Val Loss: 0.16906
Best model saved at epoch —— 461, metric —— 28.48186535358429
Save best model to ./logs/2026_01_08_16_59_45/weights/best_metric_model.pth
462 - psnr: 28.40134002685547, ssim: 0.9189470027685165
Epoch:462/500
Total Loss: 0.16743 || Val Loss: 0.16659
463 - psnr: 28.258521568775176, ssim: 0.9183589116334915
Epoch:463/500
Total Loss: 0.16682 || Val Loss: 0.17260
464 - psnr: 28.1443479347229, ssim: 0.9171526284217835
Epoch:464/500
Total Loss: 0.16747 || Val Loss: 0.18799
465 - psnr: 28.311942772865294, ssim: 0.9180098552703857
Epoch:465/500
Total Loss: 0.16753 || Val Loss: 0.18697
466 - psnr: 28.444916822910308, ssim: 0.9192285103797913
Epoch:466/500
Total Loss: 0.16700 || Val Loss: 0.16026
467 - psnr: 28.44887587547302, ssim: 0.919197669506073
Epoch:467/500
Total Loss: 0.16722 || Val Loss: 0.16244
468 - psnr: 28.388416330814362, ssim: 0.9189625611305237
Epoch:468/500
Total Loss: 0.16673 || Val Loss: 0.16242
469 - psnr: 28.06911681652069, ssim: 0.9172760523557663
Epoch:469/500
Total Loss: 0.16737 || Val Loss: 0.16364
470 - psnr: 28.28587481021881, ssim: 0.9183158178329468
Epoch:470/500
Total Loss: 0.16756 || Val Loss: 0.16197
471 - psnr: 28.388952469825746, ssim: 0.9187370293140411
Epoch:471/500
Total Loss: 0.16699 || Val Loss: 0.16412
472 - psnr: 28.38385862350464, ssim: 0.9188789650201797
Epoch:472/500
Total Loss: 0.16685 || Val Loss: 0.17037
473 - psnr: 28.347816615104676, ssim: 0.919047266960144
Epoch:473/500
Total Loss: 0.16621 || Val Loss: 0.16353
474 - psnr: 28.080844581127167, ssim: 0.9178456715345382
Epoch:474/500
Total Loss: 0.16629 || Val Loss: 0.17912
475 - psnr: 28.188526923656465, ssim: 0.9178682147264481
Epoch:475/500
Total Loss: 0.16696 || Val Loss: 0.17550
476 - psnr: 28.332322542667388, ssim: 0.918539299249649
Epoch:476/500
Total Loss: 0.16706 || Val Loss: 0.18005
477 - psnr: 28.43009911775589, ssim: 0.9189777696132659
Epoch:477/500
Total Loss: 0.16681 || Val Loss: 0.16632
478 - psnr: 28.460448513031007, ssim: 0.9192899979352951
Epoch:478/500
Total Loss: 0.16600 || Val Loss: 0.17356
479 - psnr: 28.236979799270628, ssim: 0.9174319843053818
Epoch:479/500
Total Loss: 0.16645 || Val Loss: 0.16925
480 - psnr: 28.015948162078857, ssim: 0.9169359530210495
Epoch:480/500
Total Loss: 0.16685 || Val Loss: 0.16742
481 - psnr: 28.387527422904967, ssim: 0.9188603401184082
Epoch:481/500
Total Loss: 0.16634 || Val Loss: 0.16170
482 - psnr: 28.394698443412782, ssim: 0.9190348864793777
Epoch:482/500
Total Loss: 0.16596 || Val Loss: 0.16947
483 - psnr: 28.50965564250946, ssim: 0.9196705459356308
Epoch:483/500
Total Loss: 0.16566 || Val Loss: 0.16672
Best model saved at epoch —— 483, metric —— 28.50965564250946
Save best model to ./logs/2026_01_08_16_59_45/weights/best_metric_model.pth
484 - psnr: 28.356687247753143, ssim: 0.9190663621425629
Epoch:484/500
Total Loss: 0.16683 || Val Loss: 0.16517
485 - psnr: 28.176165323257447, ssim: 0.917893390417099
Epoch:485/500
Total Loss: 0.16619 || Val Loss: 0.16955
486 - psnr: 28.269606840610503, ssim: 0.9180801802873612
Epoch:486/500
Total Loss: 0.16612 || Val Loss: 0.19275
487 - psnr: 28.40216583967209, ssim: 0.9189959210157395
Epoch:487/500
Total Loss: 0.16627 || Val Loss: 0.18526
488 - psnr: 28.478181166648866, ssim: 0.9194631592035294
Epoch:488/500
Total Loss: 0.16563 || Val Loss: 0.16973
489 - psnr: 28.414455676078795, ssim: 0.9189388363361358
Epoch:489/500
Total Loss: 0.16609 || Val Loss: 0.16742
490 - psnr: 28.205347995758057, ssim: 0.9180861613750457
Epoch:490/500
Total Loss: 0.16681 || Val Loss: 0.16723
491 - psnr: 28.18249626636505, ssim: 0.9174560401439666
Epoch:491/500
Total Loss: 0.16644 || Val Loss: 0.18290
492 - psnr: 28.428875670433044, ssim: 0.919077610373497
Epoch:492/500
Total Loss: 0.16592 || Val Loss: 0.18091
493 - psnr: 28.508148539066315, ssim: 0.9194593702554703
Epoch:493/500
Total Loss: 0.16527 || Val Loss: 0.17336
494 - psnr: 28.431283557415007, ssim: 0.91937162733078
Epoch:494/500
Total Loss: 0.16534 || Val Loss: 0.17182
495 - psnr: 28.37948086261749, ssim: 0.9189142726659775
Epoch:495/500
Total Loss: 0.16593 || Val Loss: 0.16785
496 - psnr: 28.095827326774597, ssim: 0.9184000282287598
Epoch:496/500
Total Loss: 0.16779 || Val Loss: 0.19584
497 - psnr: 28.38364509344101, ssim: 0.9188156996965409
Epoch:497/500
Total Loss: 0.16585 || Val Loss: 0.19470
498 - psnr: 28.49160003900528, ssim: 0.9193891518115997
Epoch:498/500
Total Loss: 0.16516 || Val Loss: 0.17467
499 - psnr: 28.497774970531463, ssim: 0.9194166243076325
Epoch:499/500
Total Loss: 0.16491 || Val Loss: 0.16943
500 - psnr: 28.328383820056914, ssim: 0.9190119436979294
Epoch:500/500
Total Loss: 0.16521 || Val Loss: 0.17949
Model saved at epoch 500 to ./logs/2026_01_08_16_59_45/weights/model_epoch_500.pth