Configurations - 2025-12-18 00:27:44
-----------------------------------------------------------------------------------------------------------------
|order |                                          keys |                                                  values|
-----------------------------------------------------------------------------------------------------------------
|    1 |                                         model |                                               PGS2Net_s|
|    2 |                               resume_training |                                                    None|
|    3 |                                  dataset_path | /home/inspur/PythonProject/zjr/DehazeLab/data/RSHD/thick|
|    4 |                                          seed |                                                      11|
|    5 |                                        epochs |                                                     500|
|    6 |                                   input_shape |                                              [256, 256]|
|    7 |                                    batch_size |                                                       4|
|    8 |                                       log_dir |                                                  ./logs|
|    9 |                                            lr |                                                  0.0002|
|   10 |                                      momentum |                                                     0.9|
|   11 |                                  weight_decay |                                                  0.0001|
|   12 |                                     optimizer |                                                   adamw|
|   13 |                                           amp |                                                   False|
|   14 |                                       gpu_ids |                                                       0|
-----------------------------------------------------------------------------------------------------------------
使用设备: cuda:0
使用单卡训练: cuda:0
初始训练 DCTNet_s
1 - psnr: 16.290078330607642, ssim: 0.7205174592988831
Epoch:1/500
Total Loss: 0.73024 || Val Loss: 1.20560 
Best model saved at epoch —— 1, metric —— 16.290078330607642
Save best model to ./logs/2025_12_18_00_27_44/weights/best_metric_model.pth
2 - psnr: 18.68191729273115, ssim: 0.7561468809843064
Epoch:2/500
Total Loss: 0.50203 || Val Loss: 0.84880 
Best model saved at epoch —— 2, metric —— 18.68191729273115
Save best model to ./logs/2025_12_18_00_27_44/weights/best_metric_model.pth
3 - psnr: 18.76172037351699, ssim: 0.7628293952771595
Epoch:3/500
Total Loss: 0.48149 || Val Loss: 0.88392 
Best model saved at epoch —— 3, metric —— 18.76172037351699
Save best model to ./logs/2025_12_18_00_27_44/weights/best_metric_model.pth
4 - psnr: 18.322342915194376, ssim: 0.7555219929842721
Epoch:4/500
Total Loss: 0.47714 || Val Loss: 0.92371 
5 - psnr: 17.581326450620377, ssim: 0.7591681012085506
Epoch:5/500
Total Loss: 0.46275 || Val Loss: 1.11356 
6 - psnr: 19.831724677767074, ssim: 0.7898370866264616
Epoch:6/500
Total Loss: 0.44152 || Val Loss: 0.77619 
Best model saved at epoch —— 6, metric —— 19.831724677767074
Save best model to ./logs/2025_12_18_00_27_44/weights/best_metric_model.pth
7 - psnr: 20.419130910010566, ssim: 0.7950764907257898
Epoch:7/500
Total Loss: 0.42371 || Val Loss: 0.84335 
Best model saved at epoch —— 7, metric —— 20.419130910010566
Save best model to ./logs/2025_12_18_00_27_44/weights/best_metric_model.pth
8 - psnr: 20.56429588227045, ssim: 0.7960942410287403
Epoch:8/500
Total Loss: 0.41425 || Val Loss: 0.76649 
Best model saved at epoch —— 8, metric —— 20.56429588227045
Save best model to ./logs/2025_12_18_00_27_44/weights/best_metric_model.pth
9 - psnr: 18.687930379595077, ssim: 0.7798388642924172
Epoch:9/500
Total Loss: 0.42850 || Val Loss: 0.88601 
10 - psnr: 19.19612646386737, ssim: 0.7733717444397155
Epoch:10/500
Total Loss: 0.42726 || Val Loss: 0.88615 
11 - psnr: 21.204422303608485, ssim: 0.808551524508567
Epoch:11/500
Total Loss: 0.40573 || Val Loss: 0.78035 
Best model saved at epoch —— 11, metric —— 21.204422303608485
Save best model to ./logs/2025_12_18_00_27_44/weights/best_metric_model.pth
12 - psnr: 20.865070797148206, ssim: 0.8065981705983479
Epoch:12/500
Total Loss: 0.39140 || Val Loss: 0.82103 
13 - psnr: 20.635509683972312, ssim: 0.790104499175435
Epoch:13/500
Total Loss: 0.38710 || Val Loss: 0.86412 
14 - psnr: 16.13691157102585, ssim: 0.7433074157862436
Epoch:14/500
Total Loss: 0.40298 || Val Loss: 1.16576 
15 - psnr: 20.868201008864812, ssim: 0.8064824447745369
Epoch:15/500
Total Loss: 0.40068 || Val Loss: 0.87662 
16 - psnr: 21.43007256871178, ssim: 0.8119689816520328
Epoch:16/500
Total Loss: 0.37760 || Val Loss: 0.75194 
Best model saved at epoch —— 16, metric —— 21.43007256871178
Save best model to ./logs/2025_12_18_00_27_44/weights/best_metric_model.pth
17 - psnr: 21.747055973325455, ssim: 0.8148547041983831
Epoch:17/500
Total Loss: 0.36090 || Val Loss: 0.73956 
Best model saved at epoch —— 17, metric —— 21.747055973325455
Save best model to ./logs/2025_12_18_00_27_44/weights/best_metric_model.pth
18 - psnr: 19.990139359519596, ssim: 0.7859052778709502
Epoch:18/500
Total Loss: 0.36121 || Val Loss: 0.92660 
19 - psnr: 19.580161787214735, ssim: 0.7846213249933152
Epoch:19/500
Total Loss: 0.37725 || Val Loss: 0.81366 
20 - psnr: 15.390040153548831, ssim: 0.7386450612828845
Epoch:20/500
Total Loss: 0.37527 || Val Loss: 1.32362 
21 - psnr: 22.021566720235917, ssim: 0.8203344934043431
Epoch:21/500
Total Loss: 0.34816 || Val Loss: 0.83347 
Best model saved at epoch —— 21, metric —— 22.021566720235917
Save best model to ./logs/2025_12_18_00_27_44/weights/best_metric_model.pth
22 - psnr: 21.21851884751093, ssim: 0.8146930389461063
Epoch:22/500
Total Loss: 0.33334 || Val Loss: 0.75446 
23 - psnr: 19.242833898181008, ssim: 0.7822856817926679
Epoch:23/500
Total Loss: 0.34634 || Val Loss: 0.99921 
24 - psnr: 18.68152747835432, ssim: 0.7817806116172246
Epoch:24/500
Total Loss: 0.35993 || Val Loss: 0.86478 
25 - psnr: 16.129321221794402, ssim: 0.7580481527816681
Epoch:25/500
Total Loss: 0.34433 || Val Loss: 1.17580 
26 - psnr: 21.89289581208002, ssim: 0.8226267854372661
Epoch:26/500
Total Loss: 0.32835 || Val Loss: 0.83139 
27 - psnr: 21.17059057667142, ssim: 0.8080603273141952
Epoch:27/500
Total Loss: 0.32060 || Val Loss: 0.80036 
28 - psnr: 19.11313437847864, ssim: 0.7896992288884662
Epoch:28/500
Total Loss: 0.33619 || Val Loss: 0.87929 
29 - psnr: 20.156239302385423, ssim: 0.8008453027123497
Epoch:29/500
Total Loss: 0.34224 || Val Loss: 0.96591 
30 - psnr: 19.466564408370427, ssim: 0.8022528641280674
Epoch:30/500
Total Loss: 0.33453 || Val Loss: 0.77972 
31 - psnr: 22.503604349635896, ssim: 0.8280024004834039
Epoch:31/500
Total Loss: 0.32060 || Val Loss: 0.83766 
Best model saved at epoch —— 31, metric —— 22.503604349635896
Save best model to ./logs/2025_12_18_00_27_44/weights/best_metric_model.pth
32 - psnr: 20.391298515456064, ssim: 0.8103903727872032
Epoch:32/500
Total Loss: 0.31616 || Val Loss: 0.78876 
33 - psnr: 20.172570435773757, ssim: 0.7731306994245166
Epoch:33/500
Total Loss: 0.33163 || Val Loss: 0.86326 
34 - psnr: 21.478989345686777, ssim: 0.8167859164022264
Epoch:34/500
Total Loss: 0.33768 || Val Loss: 0.79175 
35 - psnr: 20.57983047337759, ssim: 0.8131678687674658
Epoch:35/500
Total Loss: 0.32165 || Val Loss: 0.73269 
36 - psnr: 22.175645754450844, ssim: 0.8269738156171073
Epoch:36/500
Total Loss: 0.30520 || Val Loss: 0.76811 
37 - psnr: 20.86134417000271, ssim: 0.8188147060927891
Epoch:37/500
Total Loss: 0.31059 || Val Loss: 0.74321 
38 - psnr: 21.90732767468407, ssim: 0.8227780052593776
Epoch:38/500
Total Loss: 0.33794 || Val Loss: 0.94185 
39 - psnr: 20.938176768166677, ssim: 0.8127010298626763
Epoch:39/500
Total Loss: 0.32761 || Val Loss: 0.73954 
40 - psnr: 20.633702099323273, ssim: 0.8151690392267137
Epoch:40/500
Total Loss: 0.31137 || Val Loss: 0.72546 
41 - psnr: 22.50964258965992, ssim: 0.8298656953232629
Epoch:41/500
Total Loss: 0.30061 || Val Loss: 0.84568 
Best model saved at epoch —— 41, metric —— 22.50964258965992
Save best model to ./logs/2025_12_18_00_27_44/weights/best_metric_model.pth
42 - psnr: 19.578194388321467, ssim: 0.7500315795342127
Epoch:42/500
Total Loss: 0.30951 || Val Loss: 1.24919 
43 - psnr: 15.90650165932519, ssim: 0.7555787761296545
Epoch:43/500
Total Loss: 0.32073 || Val Loss: 1.22043 
44 - psnr: 22.11194143976484, ssim: 0.8253652388850848
Epoch:44/500
Total Loss: 0.32284 || Val Loss: 0.84673 
45 - psnr: 22.368459815070743, ssim: 0.8316187508049465
Epoch:45/500
Total Loss: 0.30637 || Val Loss: 0.78250 
46 - psnr: 22.227651249794732, ssim: 0.8280764667760758
Epoch:46/500
Total Loss: 0.29635 || Val Loss: 0.78927 
47 - psnr: 17.380624177910033, ssim: 0.7748254664597057
Epoch:47/500
Total Loss: 0.30241 || Val Loss: 1.13235 
48 - psnr: 21.127344642366683, ssim: 0.812664035814149
Epoch:48/500
Total Loss: 0.32015 || Val Loss: 0.78466 
49 - psnr: 20.678618067786807, ssim: 0.8140093096664973
Epoch:49/500
Total Loss: 0.30800 || Val Loss: 0.74924 
50 - psnr: 21.89314745721363, ssim: 0.8304942261605036
Epoch:50/500
Total Loss: 0.29634 || Val Loss: 0.69845 
51 - psnr: 21.58651620433444, ssim: 0.8149957979009265
Epoch:51/500
Total Loss: 0.29669 || Val Loss: 0.84965 
52 - psnr: 18.735816671734764, ssim: 0.7902954014993849
Epoch:52/500
Total Loss: 0.30214 || Val Loss: 1.18541 
53 - psnr: 21.66002023503894, ssim: 0.8223322904535703
Epoch:53/500
Total Loss: 0.31727 || Val Loss: 0.99101 
54 - psnr: 22.906186875842867, ssim: 0.833111748950822
Epoch:54/500
Total Loss: 0.30580 || Val Loss: 0.81458 
Best model saved at epoch —— 54, metric —— 22.906186875842867
Save best model to ./logs/2025_12_18_00_27_44/weights/best_metric_model.pth
55 - psnr: 21.55846919899895, ssim: 0.8278742817186174
Epoch:55/500
Total Loss: 0.28846 || Val Loss: 0.72332 
56 - psnr: 18.710358713354385, ssim: 0.8077466428279877
Epoch:56/500
Total Loss: 0.29000 || Val Loss: 0.77540 
57 - psnr: 19.888572707062675, ssim: 0.8071871233837945
Epoch:57/500
Total Loss: 0.30926 || Val Loss: 0.81861 
58 - psnr: 18.16977109795525, ssim: 0.7926213791682607
Epoch:58/500
Total Loss: 0.31637 || Val Loss: 1.03710 
59 - psnr: 21.997153997421265, ssim: 0.83001427061501
Epoch:59/500
Total Loss: 0.29715 || Val Loss: 0.72432 
60 - psnr: 22.404132576215837, ssim: 0.8350050592706317
Epoch:60/500
Total Loss: 0.28622 || Val Loss: 0.73223 
61 - psnr: 21.522882268542336, ssim: 0.8119377596037728
Epoch:61/500
Total Loss: 0.28901 || Val Loss: 0.84048 
62 - psnr: 15.770520780767713, ssim: 0.7523662337944621
Epoch:62/500
Total Loss: 0.31159 || Val Loss: 1.25722 
63 - psnr: 23.093077287787484, ssim: 0.8379308657986777
Epoch:63/500
Total Loss: 0.30891 || Val Loss: 0.88146 
Best model saved at epoch —— 63, metric —— 23.093077287787484
Save best model to ./logs/2025_12_18_00_27_44/weights/best_metric_model.pth
64 - psnr: 21.78311016446068, ssim: 0.8291625637383688
Epoch:64/500
Total Loss: 0.29265 || Val Loss: 0.79627 
65 - psnr: 21.594537144615536, ssim: 0.8303910275300344
Epoch:65/500
Total Loss: 0.28082 || Val Loss: 0.77154 
66 - psnr: 21.979032522156125, ssim: 0.828556527977898
Epoch:66/500
Total Loss: 0.28803 || Val Loss: 0.74850 
67 - psnr: 20.696591533365705, ssim: 0.8184745023647945
Epoch:67/500
Total Loss: 0.30538 || Val Loss: 0.74674 
68 - psnr: 19.666283502465202, ssim: 0.8001434926475798
Epoch:68/500
Total Loss: 0.30328 || Val Loss: 0.73873 
69 - psnr: 22.178064488229296, ssim: 0.8349211963869276
Epoch:69/500
Total Loss: 0.28620 || Val Loss: 0.74758 
70 - psnr: 21.389008797350385, ssim: 0.821245551818893
Epoch:70/500
Total Loss: 0.27598 || Val Loss: 0.85092 
71 - psnr: 20.449938791138784, ssim: 0.810527590626762
Epoch:71/500
Total Loss: 0.29272 || Val Loss: 0.75883 
72 - psnr: 19.18531889007205, ssim: 0.7926527806690761
Epoch:72/500
Total Loss: 0.30131 || Val Loss: 0.91589 
73 - psnr: 20.54572570323944, ssim: 0.8223734974861145
Epoch:73/500
Total Loss: 0.29068 || Val Loss: 0.71723 
74 - psnr: 22.76324775673094, ssim: 0.8388836832273574
Epoch:74/500
Total Loss: 0.28061 || Val Loss: 0.68344 
75 - psnr: 22.026075167315348, ssim: 0.8286764922596159
Epoch:75/500
Total Loss: 0.28109 || Val Loss: 0.69700 
76 - psnr: 21.438282529513042, ssim: 0.8236640769810903
Epoch:76/500
Total Loss: 0.29296 || Val Loss: 0.75159 
77 - psnr: 19.446989383016312, ssim: 0.8028990935711634
Epoch:77/500
Total Loss: 0.29595 || Val Loss: 0.80709 
78 - psnr: 22.696307767005194, ssim: 0.8364693793512527
Epoch:78/500
Total Loss: 0.28599 || Val Loss: 0.70691 
79 - psnr: 22.619618586131505, ssim: 0.8385288329351516
Epoch:79/500
Total Loss: 0.27845 || Val Loss: 0.70045 
80 - psnr: 19.862497113999865, ssim: 0.8076117485761642
Epoch:80/500
Total Loss: 0.27618 || Val Loss: 0.74711 
81 - psnr: 21.896755371774947, ssim: 0.8257296323776245
Epoch:81/500
Total Loss: 0.29624 || Val Loss: 0.73324 
82 - psnr: 21.029866002854845, ssim: 0.8253355539980389
Epoch:82/500
Total Loss: 0.29366 || Val Loss: 0.69229 
83 - psnr: 19.63814411844526, ssim: 0.8121024591582162
Epoch:83/500
Total Loss: 0.28226 || Val Loss: 0.73400 
84 - psnr: 23.296804201035272, ssim: 0.8432873471861794
Epoch:84/500
Total Loss: 0.26937 || Val Loss: 0.72517 
Best model saved at epoch —— 84, metric —— 23.296804201035272
Save best model to ./logs/2025_12_18_00_27_44/weights/best_metric_model.pth
85 - psnr: 21.892587423324585, ssim: 0.824191695025989
Epoch:85/500
Total Loss: 0.28068 || Val Loss: 0.78506 
86 - psnr: 20.46629406156994, ssim: 0.8150211524395715
Epoch:86/500
Total Loss: 0.29793 || Val Loss: 0.77754 
87 - psnr: 22.37840179034642, ssim: 0.8337229644968396
Epoch:87/500
Total Loss: 0.28706 || Val Loss: 0.73292 
88 - psnr: 21.366254244531905, ssim: 0.8312113123280661
Epoch:88/500
Total Loss: 0.27617 || Val Loss: 0.67682 
89 - psnr: 22.217865100928716, ssim: 0.8318384870177223
Epoch:89/500
Total Loss: 0.26825 || Val Loss: 0.80168 
90 - psnr: 22.5187771320343, ssim: 0.8278603647436414
Epoch:90/500
Total Loss: 0.28390 || Val Loss: 0.69017 
91 - psnr: 20.618732932068053, ssim: 0.8095674304735093
Epoch:91/500
Total Loss: 0.29520 || Val Loss: 0.83083 
92 - psnr: 20.649525114468165, ssim: 0.824112594127655
Epoch:92/500
Total Loss: 0.28316 || Val Loss: 0.68746 
93 - psnr: 23.347150626636687, ssim: 0.8430156406902132
Epoch:93/500
Total Loss: 0.27517 || Val Loss: 0.70020 
Best model saved at epoch —— 93, metric —— 23.347150626636687
Save best model to ./logs/2025_12_18_00_27_44/weights/best_metric_model.pth
94 - psnr: 22.746448150702886, ssim: 0.8376003408715839
Epoch:94/500
Total Loss: 0.27496 || Val Loss: 0.70977 
95 - psnr: 20.892336169878643, ssim: 0.8149350786492938
Epoch:95/500
Total Loss: 0.28102 || Val Loss: 0.79679 
96 - psnr: 21.47414571330661, ssim: 0.8228203316529592
Epoch:96/500
Total Loss: 0.28885 || Val Loss: 0.73263 
97 - psnr: 19.584843539056322, ssim: 0.8127088218927383
Epoch:97/500
Total Loss: 0.27722 || Val Loss: 0.68769 
98 - psnr: 22.12702985604604, ssim: 0.8358738314537775
Epoch:98/500
Total Loss: 0.26959 || Val Loss: 0.69992 
99 - psnr: 18.13577000867753, ssim: 0.7933957169453303
Epoch:99/500
Total Loss: 0.26642 || Val Loss: 0.94099 
100 - psnr: 15.909033349582128, ssim: 0.7386184689544496
Epoch:100/500
Total Loss: 0.28337 || Val Loss: 1.17197 
101 - psnr: 21.268169312250045, ssim: 0.8312741408745448
Epoch:101/500
Total Loss: 0.28617 || Val Loss: 0.70547 
102 - psnr: 22.483202849115646, ssim: 0.8400597234567007
Epoch:102/500
Total Loss: 0.27122 || Val Loss: 0.71413 
103 - psnr: 23.365848376637413, ssim: 0.8434657741160619
Epoch:103/500
Total Loss: 0.26686 || Val Loss: 0.72527 
Best model saved at epoch —— 103, metric —— 23.365848376637413
Save best model to ./logs/2025_12_18_00_27_44/weights/best_metric_model.pth
104 - psnr: 21.830547275997343, ssim: 0.8285790274540583
Epoch:104/500
Total Loss: 0.27155 || Val Loss: 0.75933 
105 - psnr: 22.265678735006425, ssim: 0.8263276811156954
Epoch:105/500
Total Loss: 0.28684 || Val Loss: 0.86287 
106 - psnr: 21.13435771919432, ssim: 0.8265528186446145
Epoch:106/500
Total Loss: 0.28603 || Val Loss: 0.72474 
107 - psnr: 20.992433389027912, ssim: 0.8273650183564141
Epoch:107/500
Total Loss: 0.26654 || Val Loss: 0.76654 
108 - psnr: 23.06234046958742, ssim: 0.8424323365801857
Epoch:108/500
Total Loss: 0.26360 || Val Loss: 0.72313 
109 - psnr: 20.544086853663128, ssim: 0.820671706540244
Epoch:109/500
Total Loss: 0.27687 || Val Loss: 0.73832 
110 - psnr: 22.821787306240626, ssim: 0.8353279508295514
Epoch:110/500
Total Loss: 0.29075 || Val Loss: 0.72675 
111 - psnr: 22.491417566935223, ssim: 0.8370649970713115
Epoch:111/500
Total Loss: 0.28472 || Val Loss: 0.68790 
112 - psnr: 23.664619928314572, ssim: 0.8475715752158847
Epoch:112/500
Total Loss: 0.26491 || Val Loss: 0.67995 
Best model saved at epoch —— 112, metric —— 23.664619928314572
Save best model to ./logs/2025_12_18_00_27_44/weights/best_metric_model.pth
113 - psnr: 20.984473952225276, ssim: 0.8244357783169973
Epoch:113/500
Total Loss: 0.26395 || Val Loss: 0.72779 
114 - psnr: 20.240757737840926, ssim: 0.8053861185198739
Epoch:114/500
Total Loss: 0.27694 || Val Loss: 0.91677 
115 - psnr: 22.78441378899983, ssim: 0.8391107532240095
Epoch:115/500
Total Loss: 0.29045 || Val Loss: 0.85557 
116 - psnr: 22.463037167276656, ssim: 0.840067169779823
Epoch:116/500
Total Loss: 0.27239 || Val Loss: 0.68681 
117 - psnr: 23.24204653217679, ssim: 0.8455404721555255
Epoch:117/500
Total Loss: 0.26281 || Val Loss: 0.69025 
118 - psnr: 16.560102357750846, ssim: 0.7736751515240896
Epoch:118/500
Total Loss: 0.26286 || Val Loss: 1.38566 
119 - psnr: 21.611401228677657, ssim: 0.8307739604087103
Epoch:119/500
Total Loss: 0.28258 || Val Loss: 0.69407 
120 - psnr: 22.420302266166324, ssim: 0.8358204115004767
Epoch:120/500
Total Loss: 0.28037 || Val Loss: 0.69587 
121 - psnr: 23.652371747153147, ssim: 0.8481783246710187
Epoch:121/500
Total Loss: 0.26559 || Val Loss: 0.68101 
122 - psnr: 23.299549534207298, ssim: 0.8475238967509496
Epoch:122/500
Total Loss: 0.25538 || Val Loss: 0.69329 
123 - psnr: 21.978727391787938, ssim: 0.8264427373806635
Epoch:123/500
Total Loss: 0.26470 || Val Loss: 0.72043 
124 - psnr: 19.434126365752448, ssim: 0.8147661146663484
Epoch:124/500
Total Loss: 0.27813 || Val Loss: 0.81688 
125 - psnr: 21.781085519563582, ssim: 0.8360289841890335
Epoch:125/500
Total Loss: 0.27988 || Val Loss: 0.67785 
126 - psnr: 23.033785502115887, ssim: 0.8452216826734089
Epoch:126/500
Total Loss: 0.26628 || Val Loss: 0.66734 
127 - psnr: 23.185983941668557, ssim: 0.8440952817598979
Epoch:127/500
Total Loss: 0.25632 || Val Loss: 0.66090 
128 - psnr: 20.278934842064267, ssim: 0.8093470827454612
Epoch:128/500
Total Loss: 0.26896 || Val Loss: 0.71284 
129 - psnr: 18.337336310318538, ssim: 0.788952147109168
Epoch:129/500
Total Loss: 0.27398 || Val Loss: 0.91942 
130 - psnr: 23.32112193107605, ssim: 0.8433266107525145
Epoch:130/500
Total Loss: 0.27536 || Val Loss: 0.69120 
131 - psnr: 22.334980186961946, ssim: 0.840693896157401
Epoch:131/500
Total Loss: 0.25813 || Val Loss: 0.67704 
132 - psnr: 22.14689793473198, ssim: 0.8406144039971488
Epoch:132/500
Total Loss: 0.26205 || Val Loss: 0.70158 
133 - psnr: 20.333638956149418, ssim: 0.8149914422205516
Epoch:133/500
Total Loss: 0.26689 || Val Loss: 0.82849 
134 - psnr: 20.793682935692015, ssim: 0.8196727185022263
Epoch:134/500
Total Loss: 0.28149 || Val Loss: 0.74335 
135 - psnr: 22.8202067840667, ssim: 0.8437041447276161
Epoch:135/500
Total Loss: 0.26629 || Val Loss: 0.70969 
136 - psnr: 23.55509132430667, ssim: 0.8484376633451098
Epoch:136/500
Total Loss: 0.25837 || Val Loss: 0.69632 
137 - psnr: 22.059511496907188, ssim: 0.8331549985068185
Epoch:137/500
Total Loss: 0.25567 || Val Loss: 0.70494 
138 - psnr: 21.6601246992747, ssim: 0.8324141884133929
Epoch:138/500
Total Loss: 0.27160 || Val Loss: 0.69480 
139 - psnr: 20.896967320215133, ssim: 0.822097992613202
Epoch:139/500
Total Loss: 0.27520 || Val Loss: 0.80802 
140 - psnr: 21.90751580397288, ssim: 0.8361951677572159
Epoch:140/500
Total Loss: 0.26146 || Val Loss: 0.73315 
141 - psnr: 22.641322595732554, ssim: 0.8427374842621032
Epoch:141/500
Total Loss: 0.24951 || Val Loss: 0.70145 
142 - psnr: 19.65530216693878, ssim: 0.8085374464591344
Epoch:142/500
Total Loss: 0.25942 || Val Loss: 0.80128 
143 - psnr: 21.466234876995994, ssim: 0.8271677611839203
Epoch:143/500
Total Loss: 0.26924 || Val Loss: 0.72225 
144 - psnr: 23.056670875776383, ssim: 0.8432219063951856
Epoch:144/500
Total Loss: 0.26454 || Val Loss: 0.67717 
145 - psnr: 23.54224435488383, ssim: 0.847991427495366
Epoch:145/500
Total Loss: 0.25767 || Val Loss: 0.65937 
146 - psnr: 24.08937356017885, ssim: 0.8495279875539598
Epoch:146/500
Total Loss: 0.25050 || Val Loss: 0.68511 
Best model saved at epoch —— 146, metric —— 24.08937356017885
Save best model to ./logs/2025_12_18_00_27_44/weights/best_metric_model.pth
147 - psnr: 21.64980932076772, ssim: 0.8310934950908025
Epoch:147/500
Total Loss: 0.25721 || Val Loss: 0.70246 
148 - psnr: 23.540823919432505, ssim: 0.8461357220297768
Epoch:148/500
Total Loss: 0.26979 || Val Loss: 0.77903 
149 - psnr: 22.121470695450192, ssim: 0.8384212722380956
Epoch:149/500
Total Loss: 0.26659 || Val Loss: 0.74348 
150 - psnr: 23.022419685409183, ssim: 0.8465098874909537
Epoch:150/500
Total Loss: 0.25585 || Val Loss: 0.70781 
151 - psnr: 22.643138788995287, ssim: 0.8374826642728987
Epoch:151/500
Total Loss: 0.24905 || Val Loss: 0.72239 
152 - psnr: 19.579406020187196, ssim: 0.7961843866677512
Epoch:152/500
Total Loss: 0.26335 || Val Loss: 1.07796 
153 - psnr: 22.17113779272352, ssim: 0.8330399958860306
Epoch:153/500
Total Loss: 0.27120 || Val Loss: 0.72188 
154 - psnr: 22.45118488584246, ssim: 0.8381426565703891
Epoch:154/500
Total Loss: 0.25589 || Val Loss: 0.78439 
155 - psnr: 23.48140759695144, ssim: 0.8456805307240713
Epoch:155/500
Total Loss: 0.25203 || Val Loss: 0.70967 
156 - psnr: 20.808026024273463, ssim: 0.8223233335074924
Epoch:156/500
Total Loss: 0.25080 || Val Loss: 0.79064 
157 - psnr: 18.21247278508686, ssim: 0.7825657880022412
Epoch:157/500
Total Loss: 0.26313 || Val Loss: 0.84745 
158 - psnr: 21.598242850530717, ssim: 0.8268243717295783
Epoch:158/500
Total Loss: 0.27234 || Val Loss: 0.79098 
159 - psnr: 23.41492697738466, ssim: 0.8467141179811387
Epoch:159/500
Total Loss: 0.25754 || Val Loss: 0.68857 
160 - psnr: 23.939468571117946, ssim: 0.8506649206082026
Epoch:160/500
Total Loss: 0.25032 || Val Loss: 0.73332 
161 - psnr: 21.917544024331228, ssim: 0.8360349286170233
Epoch:161/500
Total Loss: 0.25161 || Val Loss: 0.68532 
162 - psnr: 17.652200224853697, ssim: 0.7888457875876199
Epoch:162/500
Total Loss: 0.27053 || Val Loss: 1.25773 
163 - psnr: 22.5908074151902, ssim: 0.8421942466781253
Epoch:163/500
Total Loss: 0.26743 || Val Loss: 0.67821 
164 - psnr: 22.67147731781006, ssim: 0.84383301507859
Epoch:164/500
Total Loss: 0.25134 || Val Loss: 0.69569 
165 - psnr: 22.91990756420862, ssim: 0.8447073500780832
Epoch:165/500
Total Loss: 0.24742 || Val Loss: 0.66693 
166 - psnr: 21.802856749012356, ssim: 0.8322995510129702
Epoch:166/500
Total Loss: 0.24882 || Val Loss: 0.94339 
167 - psnr: 16.799466720649175, ssim: 0.7620739072561264
Epoch:167/500
Total Loss: 0.27405 || Val Loss: 1.27469 
168 - psnr: 20.699096168790543, ssim: 0.819403064250946
Epoch:168/500
Total Loss: 0.26561 || Val Loss: 0.77494 
169 - psnr: 22.52778174763634, ssim: 0.8411984164090384
Epoch:169/500
Total Loss: 0.25232 || Val Loss: 0.70798 
170 - psnr: 22.474952760196867, ssim: 0.8412963742301578
Epoch:170/500
Total Loss: 0.24897 || Val Loss: 0.72364 
171 - psnr: 21.454222786994208, ssim: 0.8312557339668274
Epoch:171/500
Total Loss: 0.25963 || Val Loss: 0.71305 
172 - psnr: 23.512367759432113, ssim: 0.847626612725712
Epoch:172/500
Total Loss: 0.26460 || Val Loss: 0.75398 
173 - psnr: 24.106407205263775, ssim: 0.8503356483720598
Epoch:173/500
Total Loss: 0.25545 || Val Loss: 0.72590 
Best model saved at epoch —— 173, metric —— 24.106407205263775
Save best model to ./logs/2025_12_18_00_27_44/weights/best_metric_model.pth
174 - psnr: 24.31041497275943, ssim: 0.8536368743294761
Epoch:174/500
Total Loss: 0.24361 || Val Loss: 0.65641 
Best model saved at epoch —— 174, metric —— 24.31041497275943
Save best model to ./logs/2025_12_18_00_27_44/weights/best_metric_model.pth
175 - psnr: 22.300276410012017, ssim: 0.844639636363302
Epoch:175/500
Total Loss: 0.24945 || Val Loss: 0.65484 
176 - psnr: 23.33213248139336, ssim: 0.8482111136118571
Epoch:176/500
Total Loss: 0.26186 || Val Loss: 0.64696 
177 - psnr: 20.04123120080857, ssim: 0.8133634950433458
Epoch:177/500
Total Loss: 0.26865 || Val Loss: 0.95241 
178 - psnr: 23.53959233987899, ssim: 0.8534281632729939
Epoch:178/500
Total Loss: 0.25533 || Val Loss: 0.63926 
179 - psnr: 22.143110916728066, ssim: 0.841908005305699
Epoch:179/500
Total Loss: 0.24409 || Val Loss: 0.70223 
180 - psnr: 23.831523503576005, ssim: 0.848121441971688
Epoch:180/500
Total Loss: 0.24452 || Val Loss: 0.65852 
181 - psnr: 22.326683186349413, ssim: 0.8343533669199262
Epoch:181/500
Total Loss: 0.26332 || Val Loss: 0.70491 
182 - psnr: 22.917484255064103, ssim: 0.848203629822958
Epoch:182/500
Total Loss: 0.26183 || Val Loss: 0.65251 
183 - psnr: 24.267570109594438, ssim: 0.8530854333014716
Epoch:183/500
Total Loss: 0.25128 || Val Loss: 0.67363 
184 - psnr: 23.87129397051675, ssim: 0.851829800435475
Epoch:184/500
Total Loss: 0.24064 || Val Loss: 0.66669 
185 - psnr: 22.499503629548208, ssim: 0.8354418744643529
Epoch:185/500
Total Loss: 0.25021 || Val Loss: 0.73462 
186 - psnr: 22.538520165852137, ssim: 0.8335540953136625
Epoch:186/500
Total Loss: 0.26009 || Val Loss: 0.79897 
187 - psnr: 22.906391972587222, ssim: 0.8433808725504648
Epoch:187/500
Total Loss: 0.25867 || Val Loss: 0.67320 
188 - psnr: 24.128995117687044, ssim: 0.8537613789240519
Epoch:188/500
Total Loss: 0.24684 || Val Loss: 0.65722 
189 - psnr: 24.294228559448605, ssim: 0.8556913564602534
Epoch:189/500
Total Loss: 0.23890 || Val Loss: 0.67640 
190 - psnr: 19.528609508559818, ssim: 0.8126763398448626
Epoch:190/500
Total Loss: 0.25288 || Val Loss: 0.78511 
191 - psnr: 22.515335857868195, ssim: 0.8394379746346247
Epoch:191/500
Total Loss: 0.26428 || Val Loss: 0.71359 
192 - psnr: 24.299842908268882, ssim: 0.8536229014396668
Epoch:192/500
Total Loss: 0.25631 || Val Loss: 0.67968 
193 - psnr: 24.129259540921165, ssim: 0.8543046251648948
Epoch:193/500
Total Loss: 0.24025 || Val Loss: 0.63868 
194 - psnr: 23.642811780884152, ssim: 0.8482055845714751
Epoch:194/500
Total Loss: 0.24334 || Val Loss: 0.69548 
195 - psnr: 21.937329842930748, ssim: 0.8371953349737894
Epoch:195/500
Total Loss: 0.25472 || Val Loss: 0.68436 
196 - psnr: 22.872487119265966, ssim: 0.8444249561854771
Epoch:196/500
Total Loss: 0.25704 || Val Loss: 0.71367 
197 - psnr: 23.96093883684703, ssim: 0.852998085958617
Epoch:197/500
Total Loss: 0.24827 || Val Loss: 0.64154 
198 - psnr: 23.5798541420982, ssim: 0.8515328966435932
Epoch:198/500
Total Loss: 0.24028 || Val Loss: 0.65282 
199 - psnr: 23.01329783598582, ssim: 0.8376319995948247
Epoch:199/500
Total Loss: 0.24475 || Val Loss: 0.70710 
200 - psnr: 16.433741386447632, ssim: 0.7756399055322011
Epoch:200/500
Total Loss: 0.25286 || Val Loss: 1.41606 
201 - psnr: 22.114381409826734, ssim: 0.8301879925387247
Epoch:201/500
Total Loss: 0.25814 || Val Loss: 0.78569 
202 - psnr: 22.66235115982237, ssim: 0.8468671784514472
Epoch:202/500
Total Loss: 0.24610 || Val Loss: 0.65052 
203 - psnr: 24.498061781837826, ssim: 0.8552990003710701
Epoch:203/500
Total Loss: 0.24179 || Val Loss: 0.66572 
Best model saved at epoch —— 203, metric —— 24.498061781837826
Save best model to ./logs/2025_12_18_00_27_44/weights/best_metric_model.pth
204 - psnr: 22.115636553083146, ssim: 0.8344465935514087
Epoch:204/500
Total Loss: 0.24785 || Val Loss: 0.73581 
205 - psnr: 23.255676195735024, ssim: 0.8470999375695274
Epoch:205/500
Total Loss: 0.26180 || Val Loss: 0.69543 
206 - psnr: 21.70481023901985, ssim: 0.8332644725129718
Epoch:206/500
Total Loss: 0.25401 || Val Loss: 0.74374 
207 - psnr: 21.12948577176957, ssim: 0.8356380519412813
Epoch:207/500
Total Loss: 0.24042 || Val Loss: 0.72759 
208 - psnr: 23.411958592278616, ssim: 0.8517134327264059
Epoch:208/500
Total Loss: 0.23686 || Val Loss: 0.68074 
209 - psnr: 24.80644354366121, ssim: 0.8577283995492118
Epoch:209/500
Total Loss: 0.24713 || Val Loss: 0.77484 
Best model saved at epoch —— 209, metric —— 24.80644354366121
Save best model to ./logs/2025_12_18_00_27_44/weights/best_metric_model.pth
210 - psnr: 21.371306674821035, ssim: 0.8359041896604357
Epoch:210/500
Total Loss: 0.25886 || Val Loss: 0.68770 
211 - psnr: 24.348688409441994, ssim: 0.8565869288785117
Epoch:211/500
Total Loss: 0.24931 || Val Loss: 0.63999 
212 - psnr: 24.331514296077547, ssim: 0.8567204987718946
Epoch:212/500
Total Loss: 0.24041 || Val Loss: 0.63700 
213 - psnr: 24.133540908495586, ssim: 0.8546454883757092
Epoch:213/500
Total Loss: 0.24262 || Val Loss: 0.64190 
214 - psnr: 21.70981092112405, ssim: 0.8307492047548294
Epoch:214/500
Total Loss: 0.25218 || Val Loss: 0.73573 
215 - psnr: 18.12839222522009, ssim: 0.7937291488760994
Epoch:215/500
Total Loss: 0.25538 || Val Loss: 1.07841 
216 - psnr: 21.486817229361762, ssim: 0.8408006783042635
Epoch:216/500
Total Loss: 0.24441 || Val Loss: 0.67702 
217 - psnr: 23.61387524150667, ssim: 0.8533250199896949
Epoch:217/500
Total Loss: 0.23888 || Val Loss: 0.64350 
218 - psnr: 24.08767390818823, ssim: 0.8519868222020921
Epoch:218/500
Total Loss: 0.23925 || Val Loss: 0.66870 
219 - psnr: 19.308880672568367, ssim: 0.7988512724637985
Epoch:219/500
Total Loss: 0.25052 || Val Loss: 1.18233 
220 - psnr: 22.027164124307177, ssim: 0.8396637922241574
Epoch:220/500
Total Loss: 0.25038 || Val Loss: 0.74062 
221 - psnr: 24.036862895602273, ssim: 0.855314336504255
Epoch:221/500
Total Loss: 0.23951 || Val Loss: 0.65136 
222 - psnr: 24.01905738172077, ssim: 0.8544060570853097
Epoch:222/500
Total Loss: 0.23876 || Val Loss: 0.65167 
223 - psnr: 19.256846921784536, ssim: 0.8117707331975301
Epoch:223/500
Total Loss: 0.24245 || Val Loss: 1.16083 
224 - psnr: 22.37254425741377, ssim: 0.8304347276687623
Epoch:224/500
Total Loss: 0.25863 || Val Loss: 0.81493 
225 - psnr: 21.332246093522933, ssim: 0.8322237458967027
Epoch:225/500
Total Loss: 0.25365 || Val Loss: 0.79800 
226 - psnr: 24.423271094049728, ssim: 0.8548018630061831
Epoch:226/500
Total Loss: 0.24018 || Val Loss: 0.64570 
227 - psnr: 23.721518732252576, ssim: 0.8505354867095039
Epoch:227/500
Total Loss: 0.23857 || Val Loss: 0.66908 
228 - psnr: 22.25329727785928, ssim: 0.8338456358228411
Epoch:228/500
Total Loss: 0.24600 || Val Loss: 0.77826 
229 - psnr: 18.48230433747882, ssim: 0.802389302565938
Epoch:229/500
Total Loss: 0.25320 || Val Loss: 1.22393 
230 - psnr: 24.261335401307967, ssim: 0.8515874587354206
Epoch:230/500
Total Loss: 0.24879 || Val Loss: 0.67320 
231 - psnr: 23.690343703542435, ssim: 0.8504471922204608
Epoch:231/500
Total Loss: 0.23635 || Val Loss: 0.67674 
232 - psnr: 22.767370008286974, ssim: 0.8467937873942512
Epoch:232/500
Total Loss: 0.23383 || Val Loss: 0.70551 
233 - psnr: 23.433969656626385, ssim: 0.846612312680199
Epoch:233/500
Total Loss: 0.24344 || Val Loss: 0.70750 
234 - psnr: 21.344741446631296, ssim: 0.8228141282285962
Epoch:234/500
Total Loss: 0.25218 || Val Loss: 0.91659 
235 - psnr: 23.3588083868935, ssim: 0.8496666939485641
Epoch:235/500
Total Loss: 0.24514 || Val Loss: 0.66381 
236 - psnr: 24.782072510038102, ssim: 0.8564198713927041
Epoch:236/500
Total Loss: 0.23724 || Val Loss: 0.64776 
237 - psnr: 23.46991144475483, ssim: 0.850324047321365
Epoch:237/500
Total Loss: 0.23518 || Val Loss: 0.63512 
238 - psnr: 19.06714900334676, ssim: 0.8015730321407318
Epoch:238/500
Total Loss: 0.24827 || Val Loss: 1.06667 
239 - psnr: 20.11405129375912, ssim: 0.8146085162957509
Epoch:239/500
Total Loss: 0.25345 || Val Loss: 0.87176 
240 - psnr: 23.94900526603063, ssim: 0.8539132067135402
Epoch:240/500
Total Loss: 0.23538 || Val Loss: 0.67103 
241 - psnr: 24.619677713939122, ssim: 0.8578454009124211
Epoch:241/500
Total Loss: 0.23472 || Val Loss: 0.63971 
242 - psnr: 23.20294235433851, ssim: 0.846020394563675
Epoch:242/500
Total Loss: 0.23754 || Val Loss: 0.69230 
243 - psnr: 22.958838054112025, ssim: 0.8460546859673092
Epoch:243/500
Total Loss: 0.24976 || Val Loss: 0.69716 
244 - psnr: 22.76624233949752, ssim: 0.8439338119257064
Epoch:244/500
Total Loss: 0.24737 || Val Loss: 0.72971 
245 - psnr: 23.8028754620325, ssim: 0.8535326849846613
Epoch:245/500
Total Loss: 0.24276 || Val Loss: 0.65427 
246 - psnr: 24.571281228746688, ssim: 0.8570398821717217
Epoch:246/500
Total Loss: 0.23713 || Val Loss: 0.65258 
247 - psnr: 23.90728945959182, ssim: 0.8456518296684538
Epoch:247/500
Total Loss: 0.24222 || Val Loss: 0.74349 
248 - psnr: 23.29454014414833, ssim: 0.8505851715803147
Epoch:248/500
Total Loss: 0.25129 || Val Loss: 0.72042 
249 - psnr: 22.727276702721912, ssim: 0.8426828619979677
Epoch:249/500
Total Loss: 0.24641 || Val Loss: 0.68589 
250 - psnr: 24.081172457763127, ssim: 0.8540417695329303
Epoch:250/500
Total Loss: 0.23348 || Val Loss: 0.64758 
Model saved at epoch 250 to ./logs/2025_12_18_00_27_44/weights/model_epoch_250.pth
251 - psnr: 24.55202226127897, ssim: 0.8589907118252346
Epoch:251/500
Total Loss: 0.23357 || Val Loss: 0.64540 
252 - psnr: 17.074874758720398, ssim: 0.7877903149241493
Epoch:252/500
Total Loss: 0.24586 || Val Loss: 1.37614 
253 - psnr: 20.70203192744936, ssim: 0.8190739580563137
Epoch:253/500
Total Loss: 0.24928 || Val Loss: 1.04574 
254 - psnr: 24.3918118874232, ssim: 0.8563555785587855
Epoch:254/500
Total Loss: 0.25045 || Val Loss: 0.64015 
255 - psnr: 24.5460516782034, ssim: 0.858109245839573
Epoch:255/500
Total Loss: 0.23355 || Val Loss: 0.64246 
256 - psnr: 22.57516110511053, ssim: 0.8456854556288038
Epoch:256/500
Total Loss: 0.23679 || Val Loss: 0.69850 
257 - psnr: 20.0090438695181, ssim: 0.8118682082210268
Epoch:257/500
Total Loss: 0.24508 || Val Loss: 1.09881 
258 - psnr: 22.708033164342243, ssim: 0.8402056871425538
Epoch:258/500
Total Loss: 0.25099 || Val Loss: 0.80179 
259 - psnr: 24.33675992488861, ssim: 0.8568609091497603
Epoch:259/500
Total Loss: 0.23750 || Val Loss: 0.65411 
260 - psnr: 24.479992673510598, ssim: 0.8583187584366118
Epoch:260/500
Total Loss: 0.23034 || Val Loss: 0.64918 
261 - psnr: 24.28770269666399, ssim: 0.8533117010479881
Epoch:261/500
Total Loss: 0.23901 || Val Loss: 0.69431 
262 - psnr: 22.36975416115352, ssim: 0.8400988923651832
Epoch:262/500
Total Loss: 0.24622 || Val Loss: 0.76716 
263 - psnr: 20.497924120653245, ssim: 0.8225186207464763
Epoch:263/500
Total Loss: 0.25155 || Val Loss: 1.03795 
264 - psnr: 24.054819904622576, ssim: 0.8540797412395478
Epoch:264/500
Total Loss: 0.23707 || Val Loss: 0.66656 
265 - psnr: 24.62554420459838, ssim: 0.8567666398627417
Epoch:265/500
Total Loss: 0.23241 || Val Loss: 0.65846 
266 - psnr: 24.244351727621897, ssim: 0.8555542422192437
Epoch:266/500
Total Loss: 0.23358 || Val Loss: 0.66977 
267 - psnr: 21.552137369201297, ssim: 0.8320127352362587
Epoch:267/500
Total Loss: 0.24587 || Val Loss: 0.76858 
268 - psnr: 24.65825764054344, ssim: 0.8578638099488758
Epoch:268/500
Total Loss: 0.24849 || Val Loss: 0.65342 
269 - psnr: 24.776939712819598, ssim: 0.8581598209483283
Epoch:269/500
Total Loss: 0.23824 || Val Loss: 0.64754 
270 - psnr: 23.636556761605398, ssim: 0.8494588265816371
Epoch:270/500
Total Loss: 0.22848 || Val Loss: 0.70366 
271 - psnr: 22.050368856816064, ssim: 0.8411002665758133
Epoch:271/500
Total Loss: 0.23630 || Val Loss: 0.74257 
272 - psnr: 23.690462929861887, ssim: 0.8485593642507281
Epoch:272/500
Total Loss: 0.24370 || Val Loss: 0.70921 
273 - psnr: 23.874727146966116, ssim: 0.8548743012405577
Epoch:273/500
Total Loss: 0.23945 || Val Loss: 0.69811 
274 - psnr: 24.651752829551697, ssim: 0.8592671072199232
Epoch:274/500
Total Loss: 0.22944 || Val Loss: 0.65297 
275 - psnr: 24.66115745476314, ssim: 0.8584259613638833
Epoch:275/500
Total Loss: 0.23365 || Val Loss: 0.63539 
276 - psnr: 16.30273680743717, ssim: 0.7710136376676106
Epoch:276/500
Total Loss: 0.24641 || Val Loss: 1.32159 
277 - psnr: 22.438531807490758, ssim: 0.8453206249645778
Epoch:277/500
Total Loss: 0.25465 || Val Loss: 0.71960 
278 - psnr: 24.184795163926623, ssim: 0.8539537561791284
Epoch:278/500
Total Loss: 0.23850 || Val Loss: 0.67280 
279 - psnr: 24.65758244196574, ssim: 0.8577938684395381
Epoch:279/500
Total Loss: 0.23265 || Val Loss: 0.65396 
280 - psnr: 22.913334494545346, ssim: 0.8419079676980064
Epoch:280/500
Total Loss: 0.23036 || Val Loss: 0.74124 
281 - psnr: 19.822671702929906, ssim: 0.8086215623787472
Epoch:281/500
Total Loss: 0.23933 || Val Loss: 1.08753 
282 - psnr: 23.8334976321175, ssim: 0.852103069566545
Epoch:282/500
Total Loss: 0.24394 || Val Loss: 0.71482 
283 - psnr: 24.70712127572014, ssim: 0.8569007967199598
Epoch:283/500
Total Loss: 0.23449 || Val Loss: 0.66361 
284 - psnr: 24.655173409552802, ssim: 0.8582657138506572
Epoch:284/500
Total Loss: 0.22791 || Val Loss: 0.66822 
285 - psnr: 23.306846729346685, ssim: 0.849979019165039
Epoch:285/500
Total Loss: 0.23422 || Val Loss: 0.72185 
286 - psnr: 22.63715364251818, ssim: 0.8396650670539765
Epoch:286/500
Total Loss: 0.24798 || Val Loss: 0.78036 
287 - psnr: 23.76983858857836, ssim: 0.8551263462929498
Epoch:287/500
Total Loss: 0.24043 || Val Loss: 0.68493 
288 - psnr: 23.989355666296824, ssim: 0.8567035303229378
Epoch:288/500
Total Loss: 0.23279 || Val Loss: 0.66994 
289 - psnr: 24.05604790505909, ssim: 0.8566292189416431
Epoch:289/500
Total Loss: 0.22752 || Val Loss: 0.66977 
290 - psnr: 21.183658577146986, ssim: 0.8372751504182816
Epoch:290/500
Total Loss: 0.23510 || Val Loss: 0.77171 
291 - psnr: 19.865810649735586, ssim: 0.8140731893834614
Epoch:291/500
Total Loss: 0.24684 || Val Loss: 0.89485 
292 - psnr: 23.628591355823335, ssim: 0.8535982361861638
Epoch:292/500
Total Loss: 0.23806 || Val Loss: 0.69449 
293 - psnr: 24.491248477072944, ssim: 0.8584595744098936
Epoch:293/500
Total Loss: 0.22939 || Val Loss: 0.62727 
294 - psnr: 24.71468524138133, ssim: 0.8608560671408971
Epoch:294/500
Total Loss: 0.22935 || Val Loss: 0.65703 
295 - psnr: 20.445319618497575, ssim: 0.8183234521320888
Epoch:295/500
Total Loss: 0.23291 || Val Loss: 0.87352 
296 - psnr: 19.99045893408003, ssim: 0.8171338589418502
Epoch:296/500
Total Loss: 0.24478 || Val Loss: 1.16753 
297 - psnr: 24.922619728814986, ssim: 0.8612352256264005
Epoch:297/500
Total Loss: 0.23501 || Val Loss: 0.63587 
Best model saved at epoch —— 297, metric —— 24.922619728814986
Save best model to ./logs/2025_12_18_00_27_44/weights/best_metric_model.pth
298 - psnr: 24.57044830208733, ssim: 0.8600488513708114
Epoch:298/500
Total Loss: 0.22638 || Val Loss: 0.63777 
299 - psnr: 24.636389601798285, ssim: 0.8578102767467499
Epoch:299/500
Total Loss: 0.22894 || Val Loss: 0.68114 
300 - psnr: 20.36992245061057, ssim: 0.8211296450524103
Epoch:300/500
Total Loss: 0.23957 || Val Loss: 0.84299 
301 - psnr: 23.447192725681123, ssim: 0.8477699715466727
Epoch:301/500
Total Loss: 0.24513 || Val Loss: 0.73125 
302 - psnr: 24.922229284331912, ssim: 0.8605228069282713
Epoch:302/500
Total Loss: 0.23368 || Val Loss: 0.65594 
303 - psnr: 24.425480825560435, ssim: 0.8583383888006211
Epoch:303/500
Total Loss: 0.22912 || Val Loss: 0.66496 
304 - psnr: 18.97968493756794, ssim: 0.8104061864671253
Epoch:304/500
Total Loss: 0.23176 || Val Loss: 0.85582 
305 - psnr: 19.796022216478985, ssim: 0.814494257739612
Epoch:305/500
Total Loss: 0.24449 || Val Loss: 0.96046 
306 - psnr: 22.774078227224805, ssim: 0.851378166391736
Epoch:306/500
Total Loss: 0.24080 || Val Loss: 0.69583 
307 - psnr: 23.59712541103363, ssim: 0.8545682630368642
Epoch:307/500
Total Loss: 0.22790 || Val Loss: 0.68145 
308 - psnr: 22.548890709877014, ssim: 0.8495148830470585
Epoch:308/500
Total Loss: 0.22553 || Val Loss: 0.71049 
309 - psnr: 24.344376671881903, ssim: 0.8562095119839623
Epoch:309/500
Total Loss: 0.23034 || Val Loss: 0.67498 
310 - psnr: 24.495879014333088, ssim: 0.8528807753608341
Epoch:310/500
Total Loss: 0.24352 || Val Loss: 0.69542 
311 - psnr: 25.08676396665119, ssim: 0.862128295642989
Epoch:311/500
Total Loss: 0.23858 || Val Loss: 0.63630 
Best model saved at epoch —— 311, metric —— 25.08676396665119
Save best model to ./logs/2025_12_18_00_27_44/weights/best_metric_model.pth
312 - psnr: 24.212747179326556, ssim: 0.8584718670163836
Epoch:312/500
Total Loss: 0.22517 || Val Loss: 0.66466 
313 - psnr: 24.976200887135096, ssim: 0.8613561381896336
Epoch:313/500
Total Loss: 0.22789 || Val Loss: 0.63845 
314 - psnr: 23.728791026842025, ssim: 0.855747694060916
Epoch:314/500
Total Loss: 0.23040 || Val Loss: 0.64721 
315 - psnr: 24.064965838477725, ssim: 0.8527814940327689
Epoch:315/500
Total Loss: 0.25073 || Val Loss: 0.67902 
316 - psnr: 24.448117778414773, ssim: 0.8589100221792857
Epoch:316/500
Total Loss: 0.23005 || Val Loss: 0.66618 
317 - psnr: 24.715308938707626, ssim: 0.8595504618826366
Epoch:317/500
Total Loss: 0.22753 || Val Loss: 0.66086 
318 - psnr: 23.40535865511213, ssim: 0.8514000381742205
Epoch:318/500
Total Loss: 0.22611 || Val Loss: 0.74102 
319 - psnr: 23.162354946136475, ssim: 0.8431737904037748
Epoch:319/500
Total Loss: 0.23721 || Val Loss: 0.79604 
320 - psnr: 22.65989647592817, ssim: 0.8445356129180818
Epoch:320/500
Total Loss: 0.23929 || Val Loss: 0.72529 
321 - psnr: 24.514731622877576, ssim: 0.8595295891875312
Epoch:321/500
Total Loss: 0.23383 || Val Loss: 0.63348 
322 - psnr: 23.667700029554823, ssim: 0.8553689207349505
Epoch:322/500
Total Loss: 0.22246 || Val Loss: 0.65281 
323 - psnr: 22.885154366493225, ssim: 0.8476325984512056
Epoch:323/500
Total Loss: 0.23335 || Val Loss: 0.74274 
324 - psnr: 22.774553684961226, ssim: 0.8378834774096807
Epoch:324/500
Total Loss: 0.23638 || Val Loss: 0.79608 
325 - psnr: 23.179630217098055, ssim: 0.846521762297267
Epoch:325/500
Total Loss: 0.24000 || Val Loss: 0.72491 
326 - psnr: 24.54518753574008, ssim: 0.8599981153295153
Epoch:326/500
Total Loss: 0.22820 || Val Loss: 0.68138 
327 - psnr: 25.474921090262278, ssim: 0.8638885404382434
Epoch:327/500
Total Loss: 0.22688 || Val Loss: 0.63471 
Best model saved at epoch —— 327, metric —— 25.474921090262278
Save best model to ./logs/2025_12_18_00_27_44/weights/best_metric_model.pth
328 - psnr: 24.096199024291266, ssim: 0.8579003935768491
Epoch:328/500
Total Loss: 0.22684 || Val Loss: 0.66157 
329 - psnr: 22.166144166673934, ssim: 0.8394363061303184
Epoch:329/500
Total Loss: 0.24226 || Val Loss: 0.85778 
330 - psnr: 24.713572150184994, ssim: 0.8562843456154778
Epoch:330/500
Total Loss: 0.23412 || Val Loss: 0.68985 
331 - psnr: 23.68476546946026, ssim: 0.8557893754470915
Epoch:331/500
Total Loss: 0.22720 || Val Loss: 0.66408 
332 - psnr: 24.065447495097207, ssim: 0.8545040535075324
Epoch:332/500
Total Loss: 0.22119 || Val Loss: 0.66373 
333 - psnr: 19.076595831485022, ssim: 0.8023665455125627
Epoch:333/500
Total Loss: 0.22798 || Val Loss: 1.19742 
334 - psnr: 24.285930480275834, ssim: 0.8562262221461251
Epoch:334/500
Total Loss: 0.24376 || Val Loss: 0.68100 
335 - psnr: 24.887843518030074, ssim: 0.8609087230194182
Epoch:335/500
Total Loss: 0.23276 || Val Loss: 0.64685 
336 - psnr: 24.95106642019181, ssim: 0.8616343899851754
Epoch:336/500
Total Loss: 0.22252 || Val Loss: 0.63941 
337 - psnr: 24.73982486270723, ssim: 0.859547773145494
Epoch:337/500
Total Loss: 0.22100 || Val Loss: 0.68675 
338 - psnr: 23.282902524584816, ssim: 0.8510139339026951
Epoch:338/500
Total Loss: 0.23290 || Val Loss: 0.77027 
339 - psnr: 19.66459542229062, ssim: 0.8078244796821049
Epoch:339/500
Total Loss: 0.24357 || Val Loss: 0.92411 
340 - psnr: 25.1316207022894, ssim: 0.8640338708957036
Epoch:340/500
Total Loss: 0.23049 || Val Loss: 0.62294 
341 - psnr: 24.760967447644187, ssim: 0.8616884373483203
Epoch:341/500
Total Loss: 0.22431 || Val Loss: 0.62828 
342 - psnr: 24.093733316376095, ssim: 0.8552917937437693
Epoch:342/500
Total Loss: 0.22704 || Val Loss: 0.65510 
343 - psnr: 23.77754076889583, ssim: 0.8512299747694106
Epoch:343/500
Total Loss: 0.23594 || Val Loss: 0.73188 
344 - psnr: 21.856683163415816, ssim: 0.8426714567911058
Epoch:344/500
Total Loss: 0.23559 || Val Loss: 0.78238 
345 - psnr: 25.438867137545632, ssim: 0.8653334237280346
Epoch:345/500
Total Loss: 0.22997 || Val Loss: 0.62146 
346 - psnr: 24.74902247814905, ssim: 0.8615209329695929
Epoch:346/500
Total Loss: 0.22077 || Val Loss: 0.67145 
347 - psnr: 22.94398071652367, ssim: 0.8487006204468863
Epoch:347/500
Total Loss: 0.23129 || Val Loss: 0.73404 
348 - psnr: 23.9206558182126, ssim: 0.8568334101211457
Epoch:348/500
Total Loss: 0.23695 || Val Loss: 0.65541 
349 - psnr: 21.784356673558552, ssim: 0.8471973414931978
Epoch:349/500
Total Loss: 0.24095 || Val Loss: 0.73204 
350 - psnr: 24.693151774860564, ssim: 0.8617984414100647
Epoch:350/500
Total Loss: 0.22570 || Val Loss: 0.62411 
351 - psnr: 24.859604472205753, ssim: 0.8613043445916403
Epoch:351/500
Total Loss: 0.22034 || Val Loss: 0.63050 
352 - psnr: 23.233045115357353, ssim: 0.8432779234080088
Epoch:352/500
Total Loss: 0.23106 || Val Loss: 0.71374 
353 - psnr: 24.037765749863215, ssim: 0.8554402713264738
Epoch:353/500
Total Loss: 0.23867 || Val Loss: 0.63471 
354 - psnr: 24.069915754454478, ssim: 0.8605380884238651
Epoch:354/500
Total Loss: 0.23306 || Val Loss: 0.63588 
355 - psnr: 24.479068279266357, ssim: 0.8609238732428778
Epoch:355/500
Total Loss: 0.22119 || Val Loss: 0.63092 
356 - psnr: 23.15752140680949, ssim: 0.854785905849366
Epoch:356/500
Total Loss: 0.22028 || Val Loss: 0.74031 
357 - psnr: 22.585600489661807, ssim: 0.8408852039348511
Epoch:357/500
Total Loss: 0.23341 || Val Loss: 0.75096 
358 - psnr: 22.950310729798815, ssim: 0.8426688360316413
Epoch:358/500
Total Loss: 0.23087 || Val Loss: 0.73030 
359 - psnr: 24.75108513945625, ssim: 0.8593544200772331
Epoch:359/500
Total Loss: 0.22458 || Val Loss: 0.66172 
360 - psnr: 24.410071957679023, ssim: 0.8602871564172563
Epoch:360/500
Total Loss: 0.22159 || Val Loss: 0.66157 
361 - psnr: 21.682199018342153, ssim: 0.8337017760390327
Epoch:361/500
Total Loss: 0.22130 || Val Loss: 0.88954 
362 - psnr: 23.440296990530832, ssim: 0.8529164047468276
Epoch:362/500
Total Loss: 0.23571 || Val Loss: 0.67420 
363 - psnr: 23.648268523670378, ssim: 0.8491629272699356
Epoch:363/500
Total Loss: 0.23935 || Val Loss: 0.78584 
364 - psnr: 24.119689898831503, ssim: 0.8579088326011385
Epoch:364/500
Total Loss: 0.22237 || Val Loss: 0.67771 
365 - psnr: 24.79902653183256, ssim: 0.8599612491471427
Epoch:365/500
Total Loss: 0.22042 || Val Loss: 0.65877 
366 - psnr: 24.71777090004512, ssim: 0.8570123837107704
Epoch:366/500
Total Loss: 0.22624 || Val Loss: 0.63244 
367 - psnr: 23.115437104588462, ssim: 0.8483154302551633
Epoch:367/500
Total Loss: 0.24053 || Val Loss: 0.69985 
368 - psnr: 23.81869431904384, ssim: 0.8558369234913872
Epoch:368/500
Total Loss: 0.23207 || Val Loss: 0.67774 
369 - psnr: 24.196521909463975, ssim: 0.8588228922514688
Epoch:369/500
Total Loss: 0.22266 || Val Loss: 0.64740 
370 - psnr: 24.8515421691395, ssim: 0.861530018846194
Epoch:370/500
Total Loss: 0.21958 || Val Loss: 0.64800 
371 - psnr: 23.522720075788953, ssim: 0.8491351526407969
Epoch:371/500
Total Loss: 0.22959 || Val Loss: 0.68924 
372 - psnr: 24.0090347074327, ssim: 0.8599137480769838
Epoch:372/500
Total Loss: 0.23740 || Val Loss: 0.64148 
373 - psnr: 25.00204114119212, ssim: 0.8619147428444454
Epoch:373/500
Total Loss: 0.23026 || Val Loss: 0.65664 
374 - psnr: 25.386749409493945, ssim: 0.8643615120933169
Epoch:374/500
Total Loss: 0.22185 || Val Loss: 0.63532 
375 - psnr: 24.74597174213046, ssim: 0.8595233570961726
Epoch:375/500
Total Loss: 0.22354 || Val Loss: 0.64167 
376 - psnr: 22.114427648839495, ssim: 0.8325153197560992
Epoch:376/500
Total Loss: 0.23001 || Val Loss: 1.06372 
377 - psnr: 21.407488896733238, ssim: 0.8373460644767398
Epoch:377/500
Total Loss: 0.23539 || Val Loss: 0.84696 
378 - psnr: 25.45725107192993, ssim: 0.8641082782120931
Epoch:378/500
Total Loss: 0.22512 || Val Loss: 0.61955 
379 - psnr: 25.546005717345647, ssim: 0.8641604722965331
Epoch:379/500
Total Loss: 0.21857 || Val Loss: 0.62122 
Best model saved at epoch —— 379, metric —— 25.546005717345647
Save best model to ./logs/2025_12_18_00_27_44/weights/best_metric_model.pth
380 - psnr: 23.788193208830698, ssim: 0.8544055273135504
Epoch:380/500
Total Loss: 0.21715 || Val Loss: 0.70428 
381 - psnr: 22.55393734432402, ssim: 0.8494036841960181
Epoch:381/500
Total Loss: 0.23214 || Val Loss: 0.71289 
382 - psnr: 23.5959708463578, ssim: 0.8517289627166021
Epoch:382/500
Total Loss: 0.23167 || Val Loss: 0.76966 
383 - psnr: 25.512757951305026, ssim: 0.8647016722531545
Epoch:383/500
Total Loss: 0.22114 || Val Loss: 0.61974 
384 - psnr: 25.24150267669133, ssim: 0.8624766906102498
Epoch:384/500
Total Loss: 0.21894 || Val Loss: 0.63467 
385 - psnr: 19.379568094298953, ssim: 0.8187924485831034
Epoch:385/500
Total Loss: 0.22277 || Val Loss: 1.14407 
386 - psnr: 24.606436417216347, ssim: 0.858083562481971
Epoch:386/500
Total Loss: 0.23597 || Val Loss: 0.66433 
387 - psnr: 23.581826317877997, ssim: 0.8496394153152194
Epoch:387/500
Total Loss: 0.22793 || Val Loss: 0.68692 
388 - psnr: 25.37819078422728, ssim: 0.8643301491226468
Epoch:388/500
Total Loss: 0.21810 || Val Loss: 0.64417 
389 - psnr: 24.251286676951818, ssim: 0.8611451580410912
Epoch:389/500
Total Loss: 0.21466 || Val Loss: 0.63446 
390 - psnr: 22.86707630895433, ssim: 0.838968179552328
Epoch:390/500
Total Loss: 0.22643 || Val Loss: 0.91440 
391 - psnr: 22.769914422716415, ssim: 0.8402225857689267
Epoch:391/500
Total Loss: 0.23759 || Val Loss: 0.79295 
392 - psnr: 25.21924720491682, ssim: 0.8621088990143367
Epoch:392/500
Total Loss: 0.22592 || Val Loss: 0.63292 
393 - psnr: 25.49070381550562, ssim: 0.8645840683153697
Epoch:393/500
Total Loss: 0.21842 || Val Loss: 0.62105 
394 - psnr: 24.377998272577923, ssim: 0.8582154105106989
Epoch:394/500
Total Loss: 0.21807 || Val Loss: 0.66922 
395 - psnr: 21.899484018484753, ssim: 0.8402494640577407
Epoch:395/500
Total Loss: 0.21972 || Val Loss: 0.84226 
396 - psnr: 24.414265791575115, ssim: 0.8568317989508311
Epoch:396/500
Total Loss: 0.23319 || Val Loss: 0.76868 
397 - psnr: 24.639769281659806, ssim: 0.8602561715103331
Epoch:397/500
Total Loss: 0.22129 || Val Loss: 0.64802 
398 - psnr: 24.80326736824853, ssim: 0.8604223408869335
Epoch:398/500
Total Loss: 0.21926 || Val Loss: 0.63498 
399 - psnr: 24.44272481827509, ssim: 0.856519396106402
Epoch:399/500
Total Loss: 0.21922 || Val Loss: 0.64978 
400 - psnr: 25.123738805452984, ssim: 0.8597545720282055
Epoch:400/500
Total Loss: 0.23177 || Val Loss: 0.64681 
401 - psnr: 24.265187672206334, ssim: 0.8537186709188279
Epoch:401/500
Total Loss: 0.22914 || Val Loss: 0.76708 
402 - psnr: 25.73129301411765, ssim: 0.8664137166170847
Epoch:402/500
Total Loss: 0.22129 || Val Loss: 0.62464 
Best model saved at epoch —— 402, metric —— 25.73129301411765
Save best model to ./logs/2025_12_18_00_27_44/weights/best_metric_model.pth
403 - psnr: 25.46094540754954, ssim: 0.8645098111459187
Epoch:403/500
Total Loss: 0.21346 || Val Loss: 0.61877 
404 - psnr: 23.609727433749608, ssim: 0.8536941874594915
Epoch:404/500
Total Loss: 0.21964 || Val Loss: 0.74558 
405 - psnr: 22.270694216092426, ssim: 0.8372578241995403
Epoch:405/500
Total Loss: 0.23477 || Val Loss: 0.96876 
406 - psnr: 23.96049596014477, ssim: 0.8606671075026194
Epoch:406/500
Total Loss: 0.22609 || Val Loss: 0.64199 
407 - psnr: 25.4450299626305, ssim: 0.8664795736471812
Epoch:407/500
Total Loss: 0.21786 || Val Loss: 0.62483 
408 - psnr: 25.39929967834836, ssim: 0.8652416552816119
Epoch:408/500
Total Loss: 0.21469 || Val Loss: 0.62999 
409 - psnr: 24.009714245796204, ssim: 0.8522514926535742
Epoch:409/500
Total Loss: 0.22183 || Val Loss: 0.70609 
410 - psnr: 24.16809392543066, ssim: 0.8498367413168861
Epoch:410/500
Total Loss: 0.23290 || Val Loss: 0.75002 
411 - psnr: 25.20833794843583, ssim: 0.8641504086199261
Epoch:411/500
Total Loss: 0.22668 || Val Loss: 0.65211 
412 - psnr: 25.611066613878524, ssim: 0.8664942026138306
Epoch:412/500
Total Loss: 0.21778 || Val Loss: 0.61360 
413 - psnr: 25.735542779877072, ssim: 0.8662407958791369
Epoch:413/500
Total Loss: 0.21729 || Val Loss: 0.62615 
Best model saved at epoch —— 413, metric —— 25.735542779877072
Save best model to ./logs/2025_12_18_00_27_44/weights/best_metric_model.pth
414 - psnr: 21.452207281475975, ssim: 0.8340967833995819
Epoch:414/500
Total Loss: 0.22257 || Val Loss: 0.90278 
415 - psnr: 23.414995517049515, ssim: 0.8501101490997133
Epoch:415/500
Total Loss: 0.22905 || Val Loss: 0.94529 
416 - psnr: 24.801617832410905, ssim: 0.8615833674158369
Epoch:416/500
Total Loss: 0.22103 || Val Loss: 0.70582 
417 - psnr: 24.87250021525792, ssim: 0.8636046714725949
Epoch:417/500
Total Loss: 0.21908 || Val Loss: 0.63860 
418 - psnr: 24.708759847141447, ssim: 0.8597779532273611
Epoch:418/500
Total Loss: 0.21711 || Val Loss: 0.69664 
419 - psnr: 19.407921559753873, ssim: 0.8120314862046923
Epoch:419/500
Total Loss: 0.22540 || Val Loss: 1.02948 
420 - psnr: 23.437435927845183, ssim: 0.84671705024583
Epoch:420/500
Total Loss: 0.23395 || Val Loss: 0.78633 
421 - psnr: 24.497137058348883, ssim: 0.8628470608166285
Epoch:421/500
Total Loss: 0.22117 || Val Loss: 0.62981 
422 - psnr: 24.418615857760113, ssim: 0.8619649408828645
Epoch:422/500
Total Loss: 0.21495 || Val Loss: 0.64592 
423 - psnr: 24.88734803313301, ssim: 0.860511663556099
Epoch:423/500
Total Loss: 0.21919 || Val Loss: 0.66187 
424 - psnr: 22.35050292809804, ssim: 0.8347225637662978
Epoch:424/500
Total Loss: 0.22677 || Val Loss: 0.89010 
425 - psnr: 24.766865945997694, ssim: 0.8606096171197437
Epoch:425/500
Total Loss: 0.22741 || Val Loss: 0.64717 
426 - psnr: 25.444682847885858, ssim: 0.865924259310677
Epoch:426/500
Total Loss: 0.22008 || Val Loss: 0.62272 
427 - psnr: 25.74310627437773, ssim: 0.867046890939985
Epoch:427/500
Total Loss: 0.21341 || Val Loss: 0.60263 
Best model saved at epoch —— 427, metric —— 25.74310627437773
Save best model to ./logs/2025_12_18_00_27_44/weights/best_metric_model.pth
428 - psnr: 23.83211394718715, ssim: 0.8552511199599221
Epoch:428/500
Total Loss: 0.21606 || Val Loss: 0.71672 
429 - psnr: 21.158088465531666, ssim: 0.8315159279675711
Epoch:429/500
Total Loss: 0.23282 || Val Loss: 1.02391 
430 - psnr: 24.64656978277933, ssim: 0.859954467131978
Epoch:430/500
Total Loss: 0.22535 || Val Loss: 0.67270 
431 - psnr: 25.497224501201085, ssim: 0.8672174702088038
Epoch:431/500
Total Loss: 0.21559 || Val Loss: 0.62274 
432 - psnr: 24.342069131987436, ssim: 0.8574064190898623
Epoch:432/500
Total Loss: 0.21753 || Val Loss: 0.72623 
433 - psnr: 22.039233173642838, ssim: 0.8436364637953895
Epoch:433/500
Total Loss: 0.22309 || Val Loss: 0.72654 
434 - psnr: 19.830678688628332, ssim: 0.8048760172866639
Epoch:434/500
Total Loss: 0.23178 || Val Loss: 0.77579 
435 - psnr: 25.431248755682084, ssim: 0.8664190938075383
Epoch:435/500
Total Loss: 0.22462 || Val Loss: 0.61648 
436 - psnr: 25.116194895335607, ssim: 0.8646524794044949
Epoch:436/500
Total Loss: 0.21483 || Val Loss: 0.62886 
437 - psnr: 25.49420567637398, ssim: 0.8653361333268029
Epoch:437/500
Total Loss: 0.21696 || Val Loss: 0.60988 
438 - psnr: 23.116886201358977, ssim: 0.8528562884955179
Epoch:438/500
Total Loss: 0.22544 || Val Loss: 0.70124 
439 - psnr: 24.114481148265657, ssim: 0.8564064853248142
Epoch:439/500
Total Loss: 0.22745 || Val Loss: 0.71490 
440 - psnr: 25.427942037582397, ssim: 0.8661722014347712
Epoch:440/500
Total Loss: 0.21655 || Val Loss: 0.62718 
441 - psnr: 25.52660908585503, ssim: 0.8660206940912065
Epoch:441/500
Total Loss: 0.21771 || Val Loss: 0.61501 
442 - psnr: 23.288147205398197, ssim: 0.8450705145086561
Epoch:442/500
Total Loss: 0.21538 || Val Loss: 0.92386 
443 - psnr: 23.873350376174564, ssim: 0.855678861339887
Epoch:443/500
Total Loss: 0.22442 || Val Loss: 0.68257 
444 - psnr: 23.80410194964636, ssim: 0.8551168471574784
Epoch:444/500
Total Loss: 0.22733 || Val Loss: 0.65747 
445 - psnr: 25.847660382588703, ssim: 0.8677797567276727
Epoch:445/500
Total Loss: 0.21860 || Val Loss: 0.61523 
Best model saved at epoch —— 445, metric —— 25.847660382588703
Save best model to ./logs/2025_12_18_00_27_44/weights/best_metric_model.pth
446 - psnr: 25.874292396363757, ssim: 0.8670325797228586
Epoch:446/500
Total Loss: 0.21394 || Val Loss: 0.62326 
Best model saved at epoch —— 446, metric —— 25.874292396363757
Save best model to ./logs/2025_12_18_00_27_44/weights/best_metric_model.pth
447 - psnr: 22.52986358460926, ssim: 0.8411435561520713
Epoch:447/500
Total Loss: 0.21648 || Val Loss: 0.88569 
448 - psnr: 21.754068431400118, ssim: 0.8496703734000524
Epoch:448/500
Total Loss: 0.22856 || Val Loss: 0.78598 
449 - psnr: 24.611495421046303, ssim: 0.8597032363925662
Epoch:449/500
Total Loss: 0.22569 || Val Loss: 0.66109 
450 - psnr: 25.646777587277548, ssim: 0.8662169970217205
Epoch:450/500
Total Loss: 0.21508 || Val Loss: 0.60858 
451 - psnr: 25.32822272323427, ssim: 0.8636582581769853
Epoch:451/500
Total Loss: 0.21293 || Val Loss: 0.62532 
452 - psnr: 21.195913715021952, ssim: 0.8255205581585566
Epoch:452/500
Total Loss: 0.22131 || Val Loss: 0.89362 
453 - psnr: 16.80375490444047, ssim: 0.7827024977831614
Epoch:453/500
Total Loss: 0.22505 || Val Loss: 1.47909 
454 - psnr: 25.45441706975301, ssim: 0.8660101697558449
Epoch:454/500
Total Loss: 0.22565 || Val Loss: 0.64109 
455 - psnr: 25.852194462503707, ssim: 0.868650491180874
Epoch:455/500
Total Loss: 0.21463 || Val Loss: 0.62360 
456 - psnr: 24.82167031083788, ssim: 0.8637513014532271
Epoch:456/500
Total Loss: 0.21509 || Val Loss: 0.65970 
457 - psnr: 24.330981033188955, ssim: 0.8567326819612866
Epoch:457/500
Total Loss: 0.21946 || Val Loss: 0.70326 
458 - psnr: 23.945224901040394, ssim: 0.8548604377678463
Epoch:458/500
Total Loss: 0.22628 || Val Loss: 0.67309 
459 - psnr: 25.535087182408287, ssim: 0.8655732434420359
Epoch:459/500
Total Loss: 0.21675 || Val Loss: 0.64143 
460 - psnr: 25.156603393100557, ssim: 0.8631539495218368
Epoch:460/500
Total Loss: 0.21249 || Val Loss: 0.65426 
461 - psnr: 24.746588854562667, ssim: 0.8601364192508516
Epoch:461/500
Total Loss: 0.21548 || Val Loss: 0.66966 
462 - psnr: 25.006537715593975, ssim: 0.8650938168877647
Epoch:462/500
Total Loss: 0.22646 || Val Loss: 0.61695 
463 - psnr: 24.730992311523075, ssim: 0.8624145145927157
Epoch:463/500
Total Loss: 0.22433 || Val Loss: 0.75702 
464 - psnr: 25.664382900510514, ssim: 0.8681124329566956
Epoch:464/500
Total Loss: 0.21422 || Val Loss: 0.63741 
465 - psnr: 25.339129169782, ssim: 0.8645563041880018
Epoch:465/500
Total Loss: 0.20882 || Val Loss: 0.66792 
466 - psnr: 24.239581057003566, ssim: 0.8571451449678058
Epoch:466/500
Total Loss: 0.21484 || Val Loss: 0.75013 
467 - psnr: 23.537399246579124, ssim: 0.845578588900112
Epoch:467/500
Total Loss: 0.22555 || Val Loss: 0.81893 
468 - psnr: 23.562387687819346, ssim: 0.8515265830925532
Epoch:468/500
Total Loss: 0.22310 || Val Loss: 0.73521 
469 - psnr: 25.413247525691986, ssim: 0.8656083267359507
Epoch:469/500
Total Loss: 0.21235 || Val Loss: 0.65582 
470 - psnr: 25.471921812920343, ssim: 0.8653426563455945
Epoch:470/500
Total Loss: 0.21304 || Val Loss: 0.64601 
471 - psnr: 19.872287963117873, ssim: 0.8064677264718783
Epoch:471/500
Total Loss: 0.22042 || Val Loss: 1.34638 
472 - psnr: 24.465351485070727, ssim: 0.8581394382885524
Epoch:472/500
Total Loss: 0.23149 || Val Loss: 0.70971 
473 - psnr: 25.246736855733964, ssim: 0.8652748356262843
Epoch:473/500
Total Loss: 0.22002 || Val Loss: 0.65793 
474 - psnr: 24.725629681632633, ssim: 0.8635348073073796
Epoch:474/500
Total Loss: 0.21292 || Val Loss: 0.66913 
475 - psnr: 25.787291112400236, ssim: 0.8682261107932954
Epoch:475/500
Total Loss: 0.20957 || Val Loss: 0.61182 
476 - psnr: 23.821767245020187, ssim: 0.8547927497398286
Epoch:476/500
Total Loss: 0.21783 || Val Loss: 0.71955 
477 - psnr: 23.709398275329953, ssim: 0.8474271362736112
Epoch:477/500
Total Loss: 0.22520 || Val Loss: 0.71593 
478 - psnr: 24.48625204392842, ssim: 0.859856112798055
Epoch:478/500
Total Loss: 0.21508 || Val Loss: 0.73509 
479 - psnr: 25.155865362712316, ssim: 0.8642948792094276
Epoch:479/500
Total Loss: 0.21304 || Val Loss: 0.67915 
480 - psnr: 24.13415762924013, ssim: 0.8572703863893236
Epoch:480/500
Total Loss: 0.21192 || Val Loss: 0.74145 
481 - psnr: 19.570137568882533, ssim: 0.806939243205956
Epoch:481/500
Total Loss: 0.21952 || Val Loss: 1.12405 
482 - psnr: 23.922950832616714, ssim: 0.8534450668664205
Epoch:482/500
Total Loss: 0.22443 || Val Loss: 0.70232 
483 - psnr: 24.520905716078623, ssim: 0.8601300668148767
Epoch:483/500
Total Loss: 0.21536 || Val Loss: 0.68241 
484 - psnr: 25.708327923502242, ssim: 0.8678369065125783
Epoch:484/500
Total Loss: 0.21201 || Val Loss: 0.62653 
485 - psnr: 25.18192886170887, ssim: 0.864925788130079
Epoch:485/500
Total Loss: 0.21736 || Val Loss: 0.60595 
486 - psnr: 23.799369738215493, ssim: 0.85368901462782
Epoch:486/500
Total Loss: 0.22889 || Val Loss: 0.72690 
487 - psnr: 25.63990717274802, ssim: 0.8661839742036093
Epoch:487/500
Total Loss: 0.22176 || Val Loss: 0.62831 
488 - psnr: 25.717494249343872, ssim: 0.8668544458491462
Epoch:488/500
Total Loss: 0.21433 || Val Loss: 0.62095 
489 - psnr: 24.38979715392703, ssim: 0.8542502505438668
Epoch:489/500
Total Loss: 0.20686 || Val Loss: 0.71451 
490 - psnr: 24.82333094733102, ssim: 0.8607663744971865
Epoch:490/500
Total Loss: 0.21653 || Val Loss: 0.69589 
491 - psnr: 24.06619119644165, ssim: 0.8593407877853938
Epoch:491/500
Total Loss: 0.21917 || Val Loss: 0.67235 
492 - psnr: 25.79652692590441, ssim: 0.8686565505606788
Epoch:492/500
Total Loss: 0.22028 || Val Loss: 0.62666 
493 - psnr: 25.111787923744746, ssim: 0.863912503918012
Epoch:493/500
Total Loss: 0.20718 || Val Loss: 0.65317 
494 - psnr: 25.536214666707174, ssim: 0.8674011904568899
Epoch:494/500
Total Loss: 0.21400 || Val Loss: 0.62519 
495 - psnr: 23.93898085753123, ssim: 0.8570118953784307
Epoch:495/500
Total Loss: 0.21761 || Val Loss: 0.67562 
496 - psnr: 21.89757334050678, ssim: 0.8389596836907524
Epoch:496/500
Total Loss: 0.22899 || Val Loss: 0.82888 
497 - psnr: 25.903732555253164, ssim: 0.8687538207996459
Epoch:497/500
Total Loss: 0.21914 || Val Loss: 0.62716 
Best model saved at epoch —— 497, metric —— 25.903732555253164
Save best model to ./logs/2025_12_18_00_27_44/weights/best_metric_model.pth
498 - psnr: 26.063725880214147, ssim: 0.870149886466208
Epoch:498/500
Total Loss: 0.21293 || Val Loss: 0.61653 
Best model saved at epoch —— 498, metric —— 26.063725880214147
Save best model to ./logs/2025_12_18_00_27_44/weights/best_metric_model.pth
499 - psnr: 23.70868632339296, ssim: 0.8543559708765575
Epoch:499/500
Total Loss: 0.21165 || Val Loss: 0.68753 
500 - psnr: 23.74599720182873, ssim: 0.8531597143127805
Epoch:500/500
Total Loss: 0.22570 || Val Loss: 0.71687 
Model saved at epoch 500 to ./logs/2025_12_18_00_27_44/weights/model_epoch_500.pth
