Configurations - 2025-12-26 09:23:53
-----------------------------------------------------------------------------------------------------------------
|order |                                          keys |                                                  values|
-----------------------------------------------------------------------------------------------------------------
|    1 |                                         model |                                               PGS2Net_b|
|    2 |                               resume_training |                                                    None|
|    3 |                                  dataset_path | /home/inspur/PythonProject/zjr/DehazeLab/data/SateHaze1K/Haze1k_thin|
|    4 |                                          seed |                                                      11|
|    5 |                                        epochs |                                                     500|
|    6 |                                   input_shape |                                              [256, 256]|
|    7 |                                    batch_size |                                                       4|
|    8 |                                       log_dir |                                                  ./logs|
|    9 |                                            lr |                                                  0.0002|
|   10 |                                      momentum |                                                     0.9|
|   11 |                                  weight_decay |                                                  0.0001|
|   12 |                                     optimizer |                                                   adamw|
|   13 |                                           amp |                                                   False|
|   14 |                                       gpu_ids |                                                       0|
-----------------------------------------------------------------------------------------------------------------
使用设备: cuda:0
使用单卡训练: cuda:0
初始训练 DCTNet_b
1 - psnr: 18.530629714330036, ssim: 0.8635662807358636
Epoch:1/500
Total Loss: 0.47118 || Val Loss: 0.53126 
Best model saved at epoch —— 1, metric —— 18.530629714330036
Save best model to ./logs/2025_12_26_09_23_53/weights/best_metric_model.pth
2 - psnr: 19.207632223765057, ssim: 0.872014578183492
Epoch:2/500
Total Loss: 0.36258 || Val Loss: 0.58150 
Best model saved at epoch —— 2, metric —— 19.207632223765057
Save best model to ./logs/2025_12_26_09_23_53/weights/best_metric_model.pth
3 - psnr: 19.318524016274345, ssim: 0.8664941602283054
Epoch:3/500
Total Loss: 0.34197 || Val Loss: 0.59647 
Best model saved at epoch —— 3, metric —— 19.318524016274345
Save best model to ./logs/2025_12_26_09_23_53/weights/best_metric_model.pth
4 - psnr: 20.331031322479248, ssim: 0.8795919484562345
Epoch:4/500
Total Loss: 0.33114 || Val Loss: 0.52186 
Best model saved at epoch —— 4, metric —— 20.331031322479248
Save best model to ./logs/2025_12_26_09_23_53/weights/best_metric_model.pth
5 - psnr: 21.16282998190986, ssim: 0.8860023379325866
Epoch:5/500
Total Loss: 0.32427 || Val Loss: 0.50159 
Best model saved at epoch —— 5, metric —— 21.16282998190986
Save best model to ./logs/2025_12_26_09_23_53/weights/best_metric_model.pth
6 - psnr: 20.4856592019399, ssim: 0.8827015227741666
Epoch:6/500
Total Loss: 0.32165 || Val Loss: 0.51431 
7 - psnr: 20.883356942070854, ssim: 0.8853377845552233
Epoch:7/500
Total Loss: 0.32423 || Val Loss: 0.49428 
8 - psnr: 20.954602506425644, ssim: 0.8877898467911615
Epoch:8/500
Total Loss: 0.32503 || Val Loss: 0.48389 
9 - psnr: 21.610100322299534, ssim: 0.8905453364054362
Epoch:9/500
Total Loss: 0.32149 || Val Loss: 0.46953 
Best model saved at epoch —— 9, metric —— 21.610100322299534
Save best model to ./logs/2025_12_26_09_23_53/weights/best_metric_model.pth
10 - psnr: 19.524264362123276, ssim: 0.8748755746417576
Epoch:10/500
Total Loss: 0.32423 || Val Loss: 0.56152 
11 - psnr: 20.76854639583164, ssim: 0.883557591173384
Epoch:11/500
Total Loss: 0.32397 || Val Loss: 0.51230 
12 - psnr: 24.150820679134792, ssim: 0.9070444054073757
Epoch:12/500
Total Loss: 0.32025 || Val Loss: 0.37930 
Best model saved at epoch —— 12, metric —— 24.150820679134792
Save best model to ./logs/2025_12_26_09_23_53/weights/best_metric_model.pth
13 - psnr: 20.818597343232895, ssim: 0.8838472512033251
Epoch:13/500
Total Loss: 0.32458 || Val Loss: 0.57284 
14 - psnr: 23.520350827111137, ssim: 0.9047174374262492
Epoch:14/500
Total Loss: 0.31681 || Val Loss: 0.41236 
15 - psnr: 21.72597485118442, ssim: 0.8913223465283712
Epoch:15/500
Total Loss: 0.30938 || Val Loss: 0.45984 
16 - psnr: 21.693054411146377, ssim: 0.8928331587049696
Epoch:16/500
Total Loss: 0.30531 || Val Loss: 0.46404 
17 - psnr: 22.607436762915718, ssim: 0.8978032390276591
Epoch:17/500
Total Loss: 0.30383 || Val Loss: 0.43861 
18 - psnr: 23.02985503938463, ssim: 0.9008080257309807
Epoch:18/500
Total Loss: 0.30048 || Val Loss: 0.42535 
19 - psnr: 23.525677654478287, ssim: 0.9033121440145705
Epoch:19/500
Total Loss: 0.29532 || Val Loss: 0.41255 
20 - psnr: 22.88023813565572, ssim: 0.8985099196434021
Epoch:20/500
Total Loss: 0.29505 || Val Loss: 0.43383 
21 - psnr: 23.540582127041286, ssim: 0.9043120304743449
Epoch:21/500
Total Loss: 0.29885 || Val Loss: 0.41011 
22 - psnr: 21.886024369133843, ssim: 0.8977519128057692
Epoch:22/500
Total Loss: 0.29978 || Val Loss: 0.39562 
23 - psnr: 20.57299568918016, ssim: 0.884777099556393
Epoch:23/500
Total Loss: 0.29940 || Val Loss: 0.48254 
24 - psnr: 24.251320468054878, ssim: 0.9088924474186367
Epoch:24/500
Total Loss: 0.30758 || Val Loss: 0.39642 
Best model saved at epoch —— 24, metric —— 24.251320468054878
Save best model to ./logs/2025_12_26_09_23_53/weights/best_metric_model.pth
25 - psnr: 22.433002312978108, ssim: 0.8982721103562249
Epoch:25/500
Total Loss: 0.29946 || Val Loss: 0.44860 
26 - psnr: 22.913926945792305, ssim: 0.903881495528751
Epoch:26/500
Total Loss: 0.30061 || Val Loss: 0.43214 
27 - psnr: 23.34672811296251, ssim: 0.9061811923980713
Epoch:27/500
Total Loss: 0.29712 || Val Loss: 0.40063 
28 - psnr: 21.694441848331028, ssim: 0.896128339237637
Epoch:28/500
Total Loss: 0.29391 || Val Loss: 0.42243 
29 - psnr: 24.813769075605606, ssim: 0.9115977618429396
Epoch:29/500
Total Loss: 0.29056 || Val Loss: 0.34829 
Best model saved at epoch —— 29, metric —— 24.813769075605606
Save best model to ./logs/2025_12_26_09_23_53/weights/best_metric_model.pth
30 - psnr: 23.14739195505778, ssim: 0.9045769135157268
Epoch:30/500
Total Loss: 0.28307 || Val Loss: 0.39971 
31 - psnr: 23.631202856699627, ssim: 0.9055652221043905
Epoch:31/500
Total Loss: 0.28121 || Val Loss: 0.38984 
32 - psnr: 23.74505885442098, ssim: 0.9060827559894986
Epoch:32/500
Total Loss: 0.28084 || Val Loss: 0.38976 
33 - psnr: 23.213178210788303, ssim: 0.9033505426512825
Epoch:33/500
Total Loss: 0.28412 || Val Loss: 0.40032 
34 - psnr: 22.86307952139113, ssim: 0.9018027279112074
Epoch:34/500
Total Loss: 0.28324 || Val Loss: 0.41461 
35 - psnr: 22.629006412294174, ssim: 0.9008046574062771
Epoch:35/500
Total Loss: 0.28501 || Val Loss: 0.40384 
36 - psnr: 23.369561221864487, ssim: 0.9059634923934936
Epoch:36/500
Total Loss: 0.29626 || Val Loss: 0.38328 
37 - psnr: 19.820379734039307, ssim: 0.8774049427774218
Epoch:37/500
Total Loss: 0.29118 || Val Loss: 0.49563 
38 - psnr: 23.816906187269424, ssim: 0.9059604459338718
Epoch:38/500
Total Loss: 0.29494 || Val Loss: 0.40384 
39 - psnr: 22.877054850260418, ssim: 0.8990307251612345
Epoch:39/500
Total Loss: 0.28509 || Val Loss: 0.40356 
40 - psnr: 24.839656564924454, ssim: 0.9137899319330851
Epoch:40/500
Total Loss: 0.28783 || Val Loss: 0.35984 
Best model saved at epoch —— 40, metric —— 24.839656564924454
Save best model to ./logs/2025_12_26_09_23_53/weights/best_metric_model.pth
41 - psnr: 24.552567799886067, ssim: 0.9103707644674514
Epoch:41/500
Total Loss: 0.28162 || Val Loss: 0.35930 
42 - psnr: 23.820581409666275, ssim: 0.9077246083153618
Epoch:42/500
Total Loss: 0.27852 || Val Loss: 0.38090 
43 - psnr: 23.899853070576984, ssim: 0.9079006301032172
Epoch:43/500
Total Loss: 0.27593 || Val Loss: 0.38623 
44 - psnr: 24.175735314687092, ssim: 0.9094947271876865
Epoch:44/500
Total Loss: 0.27661 || Val Loss: 0.37236 
45 - psnr: 24.31810145907932, ssim: 0.9100381082958645
Epoch:45/500
Total Loss: 0.27612 || Val Loss: 0.36958 
46 - psnr: 24.17612494362725, ssim: 0.909476293457879
Epoch:46/500
Total Loss: 0.27379 || Val Loss: 0.37480 
47 - psnr: 22.6929825146993, ssim: 0.9015855775939093
Epoch:47/500
Total Loss: 0.27514 || Val Loss: 0.41652 
48 - psnr: 24.17690896987915, ssim: 0.9091251227590773
Epoch:48/500
Total Loss: 0.27871 || Val Loss: 0.37688 
49 - psnr: 23.75799814860026, ssim: 0.909012970659468
Epoch:49/500
Total Loss: 0.28085 || Val Loss: 0.39517 
50 - psnr: 20.847515265146892, ssim: 0.8937010513411627
Epoch:50/500
Total Loss: 0.28219 || Val Loss: 0.45160 
51 - psnr: 22.82734881507026, ssim: 0.9049484001265632
Epoch:51/500
Total Loss: 0.28316 || Val Loss: 0.41077 
52 - psnr: 23.330363670984905, ssim: 0.9076557437578837
Epoch:52/500
Total Loss: 0.28248 || Val Loss: 0.39749 
53 - psnr: 22.72313830587599, ssim: 0.9004837618933783
Epoch:53/500
Total Loss: 0.27767 || Val Loss: 0.42230 
54 - psnr: 24.157635741763645, ssim: 0.9094923337300619
Epoch:54/500
Total Loss: 0.27465 || Val Loss: 0.37325 
55 - psnr: 23.88278669781155, ssim: 0.9079341597027248
Epoch:55/500
Total Loss: 0.27230 || Val Loss: 0.37128 
56 - psnr: 24.000639888975357, ssim: 0.908478319644928
Epoch:56/500
Total Loss: 0.26951 || Val Loss: 0.37352 
57 - psnr: 24.33257171842787, ssim: 0.9108254273732503
Epoch:57/500
Total Loss: 0.26870 || Val Loss: 0.35898 
58 - psnr: 24.18042227956984, ssim: 0.9101669298277961
Epoch:58/500
Total Loss: 0.27133 || Val Loss: 0.35863 
59 - psnr: 25.51386637157864, ssim: 0.9154516180356344
Epoch:59/500
Total Loss: 0.27103 || Val Loss: 0.33392 
Best model saved at epoch —— 59, metric —— 25.51386637157864
Save best model to ./logs/2025_12_26_09_23_53/weights/best_metric_model.pth
60 - psnr: 22.533640914493137, ssim: 0.9026062700483534
Epoch:60/500
Total Loss: 0.27568 || Val Loss: 0.40234 
61 - psnr: 23.236341158548992, ssim: 0.904425651497311
Epoch:61/500
Total Loss: 0.27726 || Val Loss: 0.38736 
62 - psnr: 25.321449915568035, ssim: 0.9136740644772847
Epoch:62/500
Total Loss: 0.27650 || Val Loss: 0.34516 
63 - psnr: 23.779096788830227, ssim: 0.9077437228626675
Epoch:63/500
Total Loss: 0.27835 || Val Loss: 0.38298 
64 - psnr: 23.778018368615044, ssim: 0.9081055773629083
Epoch:64/500
Total Loss: 0.27972 || Val Loss: 0.37350 
65 - psnr: 23.055126614040798, ssim: 0.9045541326204936
Epoch:65/500
Total Loss: 0.27738 || Val Loss: 0.39391 
66 - psnr: 24.556478871239555, ssim: 0.9123999436696371
Epoch:66/500
Total Loss: 0.27256 || Val Loss: 0.36809 
67 - psnr: 24.144346449110245, ssim: 0.9106278803613451
Epoch:67/500
Total Loss: 0.27226 || Val Loss: 0.38132 
68 - psnr: 23.891104247834946, ssim: 0.9087545156478882
Epoch:68/500
Total Loss: 0.27117 || Val Loss: 0.39073 
69 - psnr: 24.214452584584553, ssim: 0.9104966017935011
Epoch:69/500
Total Loss: 0.26928 || Val Loss: 0.37393 
70 - psnr: 24.14130751291911, ssim: 0.9102429760826959
Epoch:70/500
Total Loss: 0.26906 || Val Loss: 0.37281 
71 - psnr: 24.157481511433918, ssim: 0.9110209372308519
Epoch:71/500
Total Loss: 0.26915 || Val Loss: 0.36768 
72 - psnr: 23.575527985890705, ssim: 0.9076145940356785
Epoch:72/500
Total Loss: 0.27138 || Val Loss: 0.37584 
73 - psnr: 22.692935837639702, ssim: 0.9047951857248943
Epoch:73/500
Total Loss: 0.27265 || Val Loss: 0.41240 
74 - psnr: 22.559220128589207, ssim: 0.9003186398082309
Epoch:74/500
Total Loss: 0.27526 || Val Loss: 0.44073 
75 - psnr: 24.660496870676678, ssim: 0.9120214753680759
Epoch:75/500
Total Loss: 0.27948 || Val Loss: 0.34620 
76 - psnr: 23.151963737275864, ssim: 0.9031733963224623
Epoch:76/500
Total Loss: 0.28223 || Val Loss: 0.41429 
77 - psnr: 24.29584773381551, ssim: 0.9117399997181362
Epoch:77/500
Total Loss: 0.27077 || Val Loss: 0.37566 
78 - psnr: 22.781566196017796, ssim: 0.9041963736216228
Epoch:78/500
Total Loss: 0.27202 || Val Loss: 0.42331 
79 - psnr: 24.944868829515244, ssim: 0.9138135313987732
Epoch:79/500
Total Loss: 0.26890 || Val Loss: 0.35525 
80 - psnr: 24.629054440392387, ssim: 0.9126204000578986
Epoch:80/500
Total Loss: 0.26858 || Val Loss: 0.36020 
81 - psnr: 24.290928390291, ssim: 0.910924067762163
Epoch:81/500
Total Loss: 0.26595 || Val Loss: 0.36272 
82 - psnr: 24.65415398279826, ssim: 0.9128283156288994
Epoch:82/500
Total Loss: 0.26627 || Val Loss: 0.35325 
83 - psnr: 24.625038941701252, ssim: 0.9128329833348592
Epoch:83/500
Total Loss: 0.26775 || Val Loss: 0.36282 
84 - psnr: 24.80076577928331, ssim: 0.9128958609369066
Epoch:84/500
Total Loss: 0.26764 || Val Loss: 0.34850 
85 - psnr: 23.89048319392734, ssim: 0.9108343799908956
Epoch:85/500
Total Loss: 0.26800 || Val Loss: 0.38259 
86 - psnr: 22.38193220562405, ssim: 0.8957284927368164
Epoch:86/500
Total Loss: 0.27041 || Val Loss: 0.42102 
87 - psnr: 24.165551503499348, ssim: 0.9092472036679585
Epoch:87/500
Total Loss: 0.27115 || Val Loss: 0.37375 
88 - psnr: 24.90304634306166, ssim: 0.9137347605493333
Epoch:88/500
Total Loss: 0.27245 || Val Loss: 0.34062 
89 - psnr: 24.4260663456387, ssim: 0.9127005815505982
Epoch:89/500
Total Loss: 0.27448 || Val Loss: 0.36553 
90 - psnr: 24.12677600648668, ssim: 0.909344904952579
Epoch:90/500
Total Loss: 0.27071 || Val Loss: 0.38618 
91 - psnr: 24.497368812561035, ssim: 0.9136837999025981
Epoch:91/500
Total Loss: 0.26737 || Val Loss: 0.36445 
92 - psnr: 24.462489472495186, ssim: 0.9130364497502644
Epoch:92/500
Total Loss: 0.26801 || Val Loss: 0.35803 
93 - psnr: 24.761762036217583, ssim: 0.9135411620140076
Epoch:93/500
Total Loss: 0.26317 || Val Loss: 0.35619 
94 - psnr: 24.56597900390625, ssim: 0.9121367123391894
Epoch:94/500
Total Loss: 0.26383 || Val Loss: 0.36283 
95 - psnr: 24.224403142929077, ssim: 0.9110545873641968
Epoch:95/500
Total Loss: 0.26459 || Val Loss: 0.37464 
96 - psnr: 24.004958417680527, ssim: 0.9093002650472853
Epoch:96/500
Total Loss: 0.26352 || Val Loss: 0.38465 
97 - psnr: 23.511481311586166, ssim: 0.9088959111107721
Epoch:97/500
Total Loss: 0.26740 || Val Loss: 0.40249 
98 - psnr: 24.441365506913925, ssim: 0.912130339940389
Epoch:98/500
Total Loss: 0.26680 || Val Loss: 0.38176 
99 - psnr: 24.272610055075752, ssim: 0.9109087387720743
Epoch:99/500
Total Loss: 0.26815 || Val Loss: 0.37628 
100 - psnr: 23.74538238843282, ssim: 0.9070644736289978
Epoch:100/500
Total Loss: 0.27362 || Val Loss: 0.39342 
101 - psnr: 25.657656245761448, ssim: 0.9175056298573812
Epoch:101/500
Total Loss: 0.27127 || Val Loss: 0.33327 
Best model saved at epoch —— 101, metric —— 25.657656245761448
Save best model to ./logs/2025_12_26_09_23_53/weights/best_metric_model.pth
102 - psnr: 24.79176182217068, ssim: 0.9144854214456346
Epoch:102/500
Total Loss: 0.27345 || Val Loss: 0.35151 
103 - psnr: 25.15690830018785, ssim: 0.9142749865849813
Epoch:103/500
Total Loss: 0.27281 || Val Loss: 0.34615 
104 - psnr: 24.65226787990994, ssim: 0.9132229288419088
Epoch:104/500
Total Loss: 0.26485 || Val Loss: 0.34613 
105 - psnr: 24.627507474687363, ssim: 0.91290309826533
Epoch:105/500
Total Loss: 0.26544 || Val Loss: 0.35178 
106 - psnr: 24.41104547182719, ssim: 0.9117211447821723
Epoch:106/500
Total Loss: 0.26403 || Val Loss: 0.35677 
107 - psnr: 24.593093819088406, ssim: 0.9126497864723205
Epoch:107/500
Total Loss: 0.26441 || Val Loss: 0.35286 
108 - psnr: 24.49576012293498, ssim: 0.9119033813476562
Epoch:108/500
Total Loss: 0.26220 || Val Loss: 0.35852 
109 - psnr: 24.394150680965847, ssim: 0.9119279874695672
Epoch:109/500
Total Loss: 0.26378 || Val Loss: 0.35705 
110 - psnr: 24.59271200497945, ssim: 0.9126984225379096
Epoch:110/500
Total Loss: 0.26663 || Val Loss: 0.34711 
111 - psnr: 21.486581352021958, ssim: 0.8949573013517592
Epoch:111/500
Total Loss: 0.26934 || Val Loss: 0.43692 
112 - psnr: 24.467850791083443, ssim: 0.9127412146992153
Epoch:112/500
Total Loss: 0.27480 || Val Loss: 0.35270 
113 - psnr: 23.815968328052097, ssim: 0.9100554572211371
Epoch:113/500
Total Loss: 0.27154 || Val Loss: 0.37212 
114 - psnr: 24.567158699035645, ssim: 0.9121001362800598
Epoch:114/500
Total Loss: 0.26934 || Val Loss: 0.38823 
115 - psnr: 24.820587423112656, ssim: 0.9149707621998258
Epoch:115/500
Total Loss: 0.26797 || Val Loss: 0.34670 
116 - psnr: 25.01705715391371, ssim: 0.9155448449982537
Epoch:116/500
Total Loss: 0.26652 || Val Loss: 0.35042 
117 - psnr: 24.803430292341446, ssim: 0.9143179482883877
Epoch:117/500
Total Loss: 0.26505 || Val Loss: 0.35504 
118 - psnr: 24.90456528133816, ssim: 0.9141740534040663
Epoch:118/500
Total Loss: 0.26252 || Val Loss: 0.35261 
119 - psnr: 25.05798625946045, ssim: 0.915261443456014
Epoch:119/500
Total Loss: 0.25996 || Val Loss: 0.34697 
120 - psnr: 24.98351303736369, ssim: 0.9153034382396275
Epoch:120/500
Total Loss: 0.26239 || Val Loss: 0.34971 
121 - psnr: 24.82202413347032, ssim: 0.9146842201550801
Epoch:121/500
Total Loss: 0.26169 || Val Loss: 0.34994 
122 - psnr: 24.962531566619873, ssim: 0.9137710213661194
Epoch:122/500
Total Loss: 0.26219 || Val Loss: 0.35256 
123 - psnr: 24.813668992784287, ssim: 0.9155703398916456
Epoch:123/500
Total Loss: 0.26306 || Val Loss: 0.34666 
124 - psnr: 24.994265026516384, ssim: 0.9128683898184035
Epoch:124/500
Total Loss: 0.26750 || Val Loss: 0.35426 
125 - psnr: 22.519790437486435, ssim: 0.9007393916447958
Epoch:125/500
Total Loss: 0.26961 || Val Loss: 0.44295 
126 - psnr: 23.438906325234306, ssim: 0.9082340823279487
Epoch:126/500
Total Loss: 0.26852 || Val Loss: 0.41060 
127 - psnr: 24.623313691880966, ssim: 0.9128897905349731
Epoch:127/500
Total Loss: 0.26619 || Val Loss: 0.35920 
128 - psnr: 24.480999575720894, ssim: 0.9125735998153687
Epoch:128/500
Total Loss: 0.26576 || Val Loss: 0.37784 
129 - psnr: 25.079443878597683, ssim: 0.9159793125258552
Epoch:129/500
Total Loss: 0.26181 || Val Loss: 0.34350 
130 - psnr: 24.932819843292236, ssim: 0.9149659779336717
Epoch:130/500
Total Loss: 0.26122 || Val Loss: 0.35831 
131 - psnr: 25.04587517844306, ssim: 0.9151111788219876
Epoch:131/500
Total Loss: 0.26214 || Val Loss: 0.34971 
132 - psnr: 24.755170663197834, ssim: 0.9143567495875888
Epoch:132/500
Total Loss: 0.26089 || Val Loss: 0.35645 
133 - psnr: 24.798259523179794, ssim: 0.9139707989162869
Epoch:133/500
Total Loss: 0.25958 || Val Loss: 0.35285 
134 - psnr: 24.918382750617134, ssim: 0.9140560203128391
Epoch:134/500
Total Loss: 0.26114 || Val Loss: 0.35806 
135 - psnr: 25.0504916244083, ssim: 0.9145482010311551
Epoch:135/500
Total Loss: 0.26056 || Val Loss: 0.35443 
136 - psnr: 24.38623637623257, ssim: 0.9118438296847873
Epoch:136/500
Total Loss: 0.26449 || Val Loss: 0.36672 
137 - psnr: 24.69821376270718, ssim: 0.9148698727289836
Epoch:137/500
Total Loss: 0.26695 || Val Loss: 0.34679 
138 - psnr: 23.80291027492947, ssim: 0.9062188982963562
Epoch:138/500
Total Loss: 0.26583 || Val Loss: 0.37814 
139 - psnr: 24.25355341699388, ssim: 0.9084355288081699
Epoch:139/500
Total Loss: 0.26435 || Val Loss: 0.35759 
140 - psnr: 24.756535900963677, ssim: 0.9140798687934876
Epoch:140/500
Total Loss: 0.26671 || Val Loss: 0.36167 
141 - psnr: 24.736724774042766, ssim: 0.9136170215076871
Epoch:141/500
Total Loss: 0.26370 || Val Loss: 0.35726 
142 - psnr: 24.97912836074829, ssim: 0.9152222792307536
Epoch:142/500
Total Loss: 0.26277 || Val Loss: 0.34427 
143 - psnr: 25.07454506556193, ssim: 0.9157530532942878
Epoch:143/500
Total Loss: 0.25960 || Val Loss: 0.34672 
144 - psnr: 25.1596130794949, ssim: 0.915716658698188
Epoch:144/500
Total Loss: 0.25948 || Val Loss: 0.34570 
145 - psnr: 25.040176709493, ssim: 0.9154932737350464
Epoch:145/500
Total Loss: 0.26083 || Val Loss: 0.34676 
146 - psnr: 24.81855116950141, ssim: 0.9141270412339104
Epoch:146/500
Total Loss: 0.26139 || Val Loss: 0.35370 
147 - psnr: 25.676074292924667, ssim: 0.91715636783176
Epoch:147/500
Total Loss: 0.26202 || Val Loss: 0.34217 
Best model saved at epoch —— 147, metric —— 25.676074292924667
Save best model to ./logs/2025_12_26_09_23_53/weights/best_metric_model.pth
148 - psnr: 24.37161440319485, ssim: 0.9126327223247952
Epoch:148/500
Total Loss: 0.26194 || Val Loss: 0.35116 
149 - psnr: 23.104155434502495, ssim: 0.9063225123617384
Epoch:149/500
Total Loss: 0.26692 || Val Loss: 0.39696 
150 - psnr: 23.98725650045607, ssim: 0.9076373245981004
Epoch:150/500
Total Loss: 0.26632 || Val Loss: 0.36049 
151 - psnr: 24.022604836357964, ssim: 0.9086054815186395
Epoch:151/500
Total Loss: 0.26836 || Val Loss: 0.37257 
152 - psnr: 24.92834891213311, ssim: 0.9154674172401428
Epoch:152/500
Total Loss: 0.26642 || Val Loss: 0.35396 
153 - psnr: 23.495033661524456, ssim: 0.9062366922696431
Epoch:153/500
Total Loss: 0.26318 || Val Loss: 0.39065 
154 - psnr: 25.39229244656033, ssim: 0.917256956630283
Epoch:154/500
Total Loss: 0.25957 || Val Loss: 0.34358 
155 - psnr: 25.086426390541924, ssim: 0.9153271132045322
Epoch:155/500
Total Loss: 0.25859 || Val Loss: 0.34680 
156 - psnr: 25.14734297328525, ssim: 0.9157691571447585
Epoch:156/500
Total Loss: 0.25960 || Val Loss: 0.34610 
157 - psnr: 25.111015770170425, ssim: 0.9156197057829962
Epoch:157/500
Total Loss: 0.25805 || Val Loss: 0.35243 
158 - psnr: 25.083330551783245, ssim: 0.9156058245235019
Epoch:158/500
Total Loss: 0.25777 || Val Loss: 0.34617 
159 - psnr: 25.061241971121895, ssim: 0.9160910977257622
Epoch:159/500
Total Loss: 0.26042 || Val Loss: 0.35204 
160 - psnr: 25.713151666853165, ssim: 0.9179320640034145
Epoch:160/500
Total Loss: 0.26007 || Val Loss: 0.34554 
Best model saved at epoch —— 160, metric —— 25.713151666853165
Save best model to ./logs/2025_12_26_09_23_53/weights/best_metric_model.pth
161 - psnr: 25.306008100509644, ssim: 0.9166036910480924
Epoch:161/500
Total Loss: 0.26371 || Val Loss: 0.34995 
162 - psnr: 23.26368546485901, ssim: 0.9056467307938469
Epoch:162/500
Total Loss: 0.26454 || Val Loss: 0.43071 
163 - psnr: 24.39469157324897, ssim: 0.9094638731744554
Epoch:163/500
Total Loss: 0.27128 || Val Loss: 0.36570 
164 - psnr: 22.969987048043144, ssim: 0.9083788275718689
Epoch:164/500
Total Loss: 0.26495 || Val Loss: 0.38927 
165 - psnr: 24.62233543395996, ssim: 0.9122631549835205
Epoch:165/500
Total Loss: 0.26685 || Val Loss: 0.36581 
166 - psnr: 24.559458653132122, ssim: 0.9126849889755249
Epoch:166/500
Total Loss: 0.26126 || Val Loss: 0.36333 
167 - psnr: 24.63528299331665, ssim: 0.9134304443995158
Epoch:167/500
Total Loss: 0.26069 || Val Loss: 0.36850 
168 - psnr: 24.87157442834642, ssim: 0.9148833182122972
Epoch:168/500
Total Loss: 0.25994 || Val Loss: 0.35272 
169 - psnr: 24.79133693377177, ssim: 0.9143958608309428
Epoch:169/500
Total Loss: 0.26058 || Val Loss: 0.35991 
170 - psnr: 24.834069384468926, ssim: 0.9144299202495151
Epoch:170/500
Total Loss: 0.25672 || Val Loss: 0.35732 
171 - psnr: 25.09409851498074, ssim: 0.9155197050836351
Epoch:171/500
Total Loss: 0.25898 || Val Loss: 0.34576 
172 - psnr: 25.125617927975124, ssim: 0.9155413150787354
Epoch:172/500
Total Loss: 0.25791 || Val Loss: 0.35074 
173 - psnr: 25.3294931517707, ssim: 0.9169294052653842
Epoch:173/500
Total Loss: 0.26115 || Val Loss: 0.34629 
174 - psnr: 25.1163936191135, ssim: 0.9139792283376058
Epoch:174/500
Total Loss: 0.26317 || Val Loss: 0.36168 
175 - psnr: 24.6001783741845, ssim: 0.912207125292884
Epoch:175/500
Total Loss: 0.26789 || Val Loss: 0.36463 
176 - psnr: 22.998690790600246, ssim: 0.9059721973207262
Epoch:176/500
Total Loss: 0.26210 || Val Loss: 0.39342 
177 - psnr: 24.833873801761204, ssim: 0.9145752191543579
Epoch:177/500
Total Loss: 0.26550 || Val Loss: 0.35279 
178 - psnr: 25.243057356940376, ssim: 0.9158652941385905
Epoch:178/500
Total Loss: 0.26067 || Val Loss: 0.33590 
179 - psnr: 25.15747266345554, ssim: 0.9156455198923746
Epoch:179/500
Total Loss: 0.25743 || Val Loss: 0.34511 
180 - psnr: 25.21598047680325, ssim: 0.9162632346153259
Epoch:180/500
Total Loss: 0.26052 || Val Loss: 0.34233 
181 - psnr: 25.07554825146993, ssim: 0.915487719906701
Epoch:181/500
Total Loss: 0.25854 || Val Loss: 0.34520 
182 - psnr: 24.965308321846855, ssim: 0.9149269620577495
Epoch:182/500
Total Loss: 0.25815 || Val Loss: 0.34880 
183 - psnr: 24.761830144458347, ssim: 0.9139030575752258
Epoch:183/500
Total Loss: 0.25876 || Val Loss: 0.35337 
184 - psnr: 25.427003648546005, ssim: 0.9171627706951565
Epoch:184/500
Total Loss: 0.26109 || Val Loss: 0.34014 
185 - psnr: 24.23005806075202, ssim: 0.9126328971650866
Epoch:185/500
Total Loss: 0.26019 || Val Loss: 0.36824 
186 - psnr: 23.956935511695015, ssim: 0.9104853709538777
Epoch:186/500
Total Loss: 0.26089 || Val Loss: 0.40505 
187 - psnr: 24.10674826304118, ssim: 0.9131661772727966
Epoch:187/500
Total Loss: 0.26388 || Val Loss: 0.38393 
188 - psnr: 24.208435535430908, ssim: 0.9154845979478624
Epoch:188/500
Total Loss: 0.26454 || Val Loss: 0.36774 
189 - psnr: 24.449859354231094, ssim: 0.9141207191679213
Epoch:189/500
Total Loss: 0.26246 || Val Loss: 0.36957 
190 - psnr: 25.429575814141167, ssim: 0.9175138526492649
Epoch:190/500
Total Loss: 0.26144 || Val Loss: 0.34738 
191 - psnr: 24.9922005865309, ssim: 0.9160611192385356
Epoch:191/500
Total Loss: 0.25855 || Val Loss: 0.35054 
192 - psnr: 25.176095989015366, ssim: 0.9165251943800184
Epoch:192/500
Total Loss: 0.25778 || Val Loss: 0.33606 
193 - psnr: 24.874370071623062, ssim: 0.9148581875695123
Epoch:193/500
Total Loss: 0.25892 || Val Loss: 0.34834 
194 - psnr: 25.070441325505573, ssim: 0.9155018117692736
Epoch:194/500
Total Loss: 0.25701 || Val Loss: 0.34330 
195 - psnr: 24.979517883724636, ssim: 0.9154721736907959
Epoch:195/500
Total Loss: 0.25547 || Val Loss: 0.34861 
196 - psnr: 24.47752520773146, ssim: 0.9138019336594476
Epoch:196/500
Total Loss: 0.25928 || Val Loss: 0.35268 
197 - psnr: 24.32346770498488, ssim: 0.9117371916770936
Epoch:197/500
Total Loss: 0.25679 || Val Loss: 0.36987 
198 - psnr: 25.082314438290066, ssim: 0.9151075323422749
Epoch:198/500
Total Loss: 0.25872 || Val Loss: 0.34279 
199 - psnr: 24.44185733795166, ssim: 0.9135057065221999
Epoch:199/500
Total Loss: 0.26059 || Val Loss: 0.36994 
200 - psnr: 23.537609630160862, ssim: 0.9070038119951884
Epoch:200/500
Total Loss: 0.26256 || Val Loss: 0.39422 
201 - psnr: 24.774657885233562, ssim: 0.9160744110743205
Epoch:201/500
Total Loss: 0.26232 || Val Loss: 0.35755 
202 - psnr: 25.21238750881619, ssim: 0.9161646299892001
Epoch:202/500
Total Loss: 0.26105 || Val Loss: 0.35386 
203 - psnr: 24.745984474817913, ssim: 0.914053467909495
Epoch:203/500
Total Loss: 0.26026 || Val Loss: 0.35430 
204 - psnr: 24.802276876237656, ssim: 0.9143894632657369
Epoch:204/500
Total Loss: 0.25782 || Val Loss: 0.35063 
205 - psnr: 24.968453778160942, ssim: 0.9158887982368469
Epoch:205/500
Total Loss: 0.25865 || Val Loss: 0.34361 
206 - psnr: 24.865533457862007, ssim: 0.9148619850476583
Epoch:206/500
Total Loss: 0.25517 || Val Loss: 0.35671 
207 - psnr: 24.78273566563924, ssim: 0.9147784060902066
Epoch:207/500
Total Loss: 0.25880 || Val Loss: 0.35813 
208 - psnr: 25.259014288584392, ssim: 0.9161496056450738
Epoch:208/500
Total Loss: 0.25473 || Val Loss: 0.34465 
209 - psnr: 24.73352387216356, ssim: 0.9140190972222222
Epoch:209/500
Total Loss: 0.25744 || Val Loss: 0.35904 
210 - psnr: 24.112191279729206, ssim: 0.9121312234136794
Epoch:210/500
Total Loss: 0.25803 || Val Loss: 0.36516 
211 - psnr: 24.08420795864529, ssim: 0.910657544930776
Epoch:211/500
Total Loss: 0.25877 || Val Loss: 0.40752 
212 - psnr: 25.54245350095961, ssim: 0.9182854175567627
Epoch:212/500
Total Loss: 0.26156 || Val Loss: 0.34536 
213 - psnr: 24.435360113779705, ssim: 0.9122923705312941
Epoch:213/500
Total Loss: 0.26159 || Val Loss: 0.35990 
214 - psnr: 23.395975245369804, ssim: 0.9105946408377753
Epoch:214/500
Total Loss: 0.26087 || Val Loss: 0.38272 
215 - psnr: 24.526233434677124, ssim: 0.9131525595982869
Epoch:215/500
Total Loss: 0.26094 || Val Loss: 0.35048 
216 - psnr: 24.755281262927586, ssim: 0.9140026450157166
Epoch:216/500
Total Loss: 0.25856 || Val Loss: 0.36456 
217 - psnr: 24.79350497987535, ssim: 0.9147551774978637
Epoch:217/500
Total Loss: 0.25709 || Val Loss: 0.36351 
218 - psnr: 25.048843966590034, ssim: 0.9162591497103373
Epoch:218/500
Total Loss: 0.25758 || Val Loss: 0.35255 
219 - psnr: 24.944910473293728, ssim: 0.9153600984149509
Epoch:219/500
Total Loss: 0.25626 || Val Loss: 0.35667 
220 - psnr: 24.78077295091417, ssim: 0.9152070893181695
Epoch:220/500
Total Loss: 0.25640 || Val Loss: 0.36055 
221 - psnr: 25.377169609069824, ssim: 0.9177417702145046
Epoch:221/500
Total Loss: 0.25724 || Val Loss: 0.34471 
222 - psnr: 24.55051475101047, ssim: 0.9148823923534817
Epoch:222/500
Total Loss: 0.25701 || Val Loss: 0.36788 
223 - psnr: 24.606668604744804, ssim: 0.9140299346711901
Epoch:223/500
Total Loss: 0.25914 || Val Loss: 0.34801 
224 - psnr: 23.8957183625963, ssim: 0.9106732606887817
Epoch:224/500
Total Loss: 0.26177 || Val Loss: 0.38752 
225 - psnr: 23.9476691087087, ssim: 0.9114139848285251
Epoch:225/500
Total Loss: 0.26093 || Val Loss: 0.39445 
226 - psnr: 23.983208073510063, ssim: 0.9120276278919643
Epoch:226/500
Total Loss: 0.26267 || Val Loss: 0.35289 
227 - psnr: 24.1181214650472, ssim: 0.9123905115657382
Epoch:227/500
Total Loss: 0.26369 || Val Loss: 0.36302 
228 - psnr: 24.85371075736152, ssim: 0.9136848396725125
Epoch:228/500
Total Loss: 0.26023 || Val Loss: 0.36300 
229 - psnr: 24.76212321387397, ssim: 0.9151235077116224
Epoch:229/500
Total Loss: 0.25669 || Val Loss: 0.36191 
230 - psnr: 24.938332743114895, ssim: 0.9156545678774516
Epoch:230/500
Total Loss: 0.25753 || Val Loss: 0.35155 
231 - psnr: 25.148507118225098, ssim: 0.9168008009592692
Epoch:231/500
Total Loss: 0.25328 || Val Loss: 0.34605 
232 - psnr: 24.920859575271606, ssim: 0.9157835033204821
Epoch:232/500
Total Loss: 0.25633 || Val Loss: 0.35249 
233 - psnr: 25.14229374461704, ssim: 0.9167696436246237
Epoch:233/500
Total Loss: 0.25520 || Val Loss: 0.34413 
234 - psnr: 24.835889445410835, ssim: 0.915579448805915
Epoch:234/500
Total Loss: 0.25640 || Val Loss: 0.35253 
235 - psnr: 24.849517822265625, ssim: 0.9161875168482463
Epoch:235/500
Total Loss: 0.25546 || Val Loss: 0.36777 
236 - psnr: 24.967545085483128, ssim: 0.9155145234531826
Epoch:236/500
Total Loss: 0.25650 || Val Loss: 0.35768 
237 - psnr: 24.49704451031155, ssim: 0.9143398523330688
Epoch:237/500
Total Loss: 0.25980 || Val Loss: 0.36700 
238 - psnr: 24.604812886979843, ssim: 0.9133350676960416
Epoch:238/500
Total Loss: 0.25949 || Val Loss: 0.35717 
239 - psnr: 25.22070778740777, ssim: 0.9160496685240004
Epoch:239/500
Total Loss: 0.26135 || Val Loss: 0.34626 
240 - psnr: 25.35213475757175, ssim: 0.9171437051561143
Epoch:240/500
Total Loss: 0.25881 || Val Loss: 0.35168 
241 - psnr: 24.77768103281657, ssim: 0.9158269087473552
Epoch:241/500
Total Loss: 0.25601 || Val Loss: 0.35730 
242 - psnr: 25.45744800567627, ssim: 0.9179358667797513
Epoch:242/500
Total Loss: 0.25673 || Val Loss: 0.34354 
243 - psnr: 25.250333733028835, ssim: 0.9170307649506463
Epoch:243/500
Total Loss: 0.25426 || Val Loss: 0.34956 
244 - psnr: 25.358069048987495, ssim: 0.9176556282573276
Epoch:244/500
Total Loss: 0.25491 || Val Loss: 0.34559 
245 - psnr: 25.1114075978597, ssim: 0.9160767979092068
Epoch:245/500
Total Loss: 0.25450 || Val Loss: 0.35440 
246 - psnr: 24.98666026857164, ssim: 0.9157934877607558
Epoch:246/500
Total Loss: 0.25443 || Val Loss: 0.36031 
247 - psnr: 25.57635233137343, ssim: 0.918160527282291
Epoch:247/500
Total Loss: 0.25379 || Val Loss: 0.34434 
248 - psnr: 24.411632829242283, ssim: 0.913091778755188
Epoch:248/500
Total Loss: 0.25741 || Val Loss: 0.36174 
249 - psnr: 25.29734230041504, ssim: 0.917616499794854
Epoch:249/500
Total Loss: 0.25860 || Val Loss: 0.35160 
250 - psnr: 23.738692045211792, ssim: 0.9128180636299981
Epoch:250/500
Total Loss: 0.25837 || Val Loss: 0.36838 
Model saved at epoch 250 to ./logs/2025_12_26_09_23_53/weights/model_epoch_250.pth
251 - psnr: 24.396993425157333, ssim: 0.9118678344620599
Epoch:251/500
Total Loss: 0.26004 || Val Loss: 0.35429 
252 - psnr: 23.813902722464668, ssim: 0.9117988493707445
Epoch:252/500
Total Loss: 0.25772 || Val Loss: 0.37792 
253 - psnr: 24.467780378129746, ssim: 0.9140825576252407
Epoch:253/500
Total Loss: 0.25814 || Val Loss: 0.37069 
254 - psnr: 25.113164742787678, ssim: 0.9171963943375482
Epoch:254/500
Total Loss: 0.25793 || Val Loss: 0.35217 
255 - psnr: 25.17465705341763, ssim: 0.91662677526474
Epoch:255/500
Total Loss: 0.25502 || Val Loss: 0.34924 
256 - psnr: 25.346121152242024, ssim: 0.9176778184043036
Epoch:256/500
Total Loss: 0.25550 || Val Loss: 0.34708 
257 - psnr: 25.219842857784695, ssim: 0.9169438335630629
Epoch:257/500
Total Loss: 0.25311 || Val Loss: 0.35004 
258 - psnr: 24.979257504145306, ssim: 0.9162557694647048
Epoch:258/500
Total Loss: 0.25532 || Val Loss: 0.35416 
259 - psnr: 25.03606669108073, ssim: 0.9163856784502665
Epoch:259/500
Total Loss: 0.25606 || Val Loss: 0.35171 
260 - psnr: 25.48216899236043, ssim: 0.9181514488326179
Epoch:260/500
Total Loss: 0.25906 || Val Loss: 0.34379 
261 - psnr: 24.61562140782674, ssim: 0.914801009496053
Epoch:261/500
Total Loss: 0.25673 || Val Loss: 0.37813 
262 - psnr: 24.277826203240288, ssim: 0.914817312028673
Epoch:262/500
Total Loss: 0.25641 || Val Loss: 0.35515 
263 - psnr: 25.72253269619412, ssim: 0.9180220736397637
Epoch:263/500
Total Loss: 0.25833 || Val Loss: 0.33319 
Best model saved at epoch —— 263, metric —— 25.72253269619412
Save best model to ./logs/2025_12_26_09_23_53/weights/best_metric_model.pth
264 - psnr: 24.535908672544693, ssim: 0.9123811629083421
Epoch:264/500
Total Loss: 0.26226 || Val Loss: 0.36964 
265 - psnr: 25.31062724855211, ssim: 0.9170838925573561
Epoch:265/500
Total Loss: 0.25842 || Val Loss: 0.33510 
266 - psnr: 25.187174850040012, ssim: 0.9153746300273471
Epoch:266/500
Total Loss: 0.25876 || Val Loss: 0.34826 
267 - psnr: 24.964322514004177, ssim: 0.9148062282138401
Epoch:267/500
Total Loss: 0.25547 || Val Loss: 0.35586 
268 - psnr: 25.118305577172173, ssim: 0.9156812243991428
Epoch:268/500
Total Loss: 0.25232 || Val Loss: 0.35113 
269 - psnr: 25.260612620247734, ssim: 0.9163559754689534
Epoch:269/500
Total Loss: 0.25431 || Val Loss: 0.34584 
270 - psnr: 25.17208520571391, ssim: 0.9160779608620537
Epoch:270/500
Total Loss: 0.25284 || Val Loss: 0.34906 
271 - psnr: 25.097613467110527, ssim: 0.9163841035630967
Epoch:271/500
Total Loss: 0.25190 || Val Loss: 0.35176 
272 - psnr: 24.918900118933784, ssim: 0.9148659891552395
Epoch:272/500
Total Loss: 0.25562 || Val Loss: 0.35450 
273 - psnr: 24.9516531891293, ssim: 0.9140343136257596
Epoch:273/500
Total Loss: 0.25616 || Val Loss: 0.35342 
274 - psnr: 25.568741533491348, ssim: 0.9195175064934624
Epoch:274/500
Total Loss: 0.25816 || Val Loss: 0.34782 
275 - psnr: 24.58841355641683, ssim: 0.9150664342774285
Epoch:275/500
Total Loss: 0.26003 || Val Loss: 0.35725 
276 - psnr: 25.484222412109375, ssim: 0.9185411930084229
Epoch:276/500
Total Loss: 0.25870 || Val Loss: 0.34840 
277 - psnr: 24.82034683227539, ssim: 0.9149338695738051
Epoch:277/500
Total Loss: 0.25914 || Val Loss: 0.35284 
278 - psnr: 25.38856079843309, ssim: 0.9179535706837972
Epoch:278/500
Total Loss: 0.25732 || Val Loss: 0.34205 
279 - psnr: 25.219362020492554, ssim: 0.9166902197731865
Epoch:279/500
Total Loss: 0.25919 || Val Loss: 0.36142 
280 - psnr: 25.375892533196343, ssim: 0.9172872808244493
Epoch:280/500
Total Loss: 0.25324 || Val Loss: 0.34766 
281 - psnr: 25.29204906357659, ssim: 0.9171289271778531
Epoch:281/500
Total Loss: 0.25315 || Val Loss: 0.34963 
282 - psnr: 25.34889112578498, ssim: 0.91731346183353
Epoch:282/500
Total Loss: 0.25101 || Val Loss: 0.34842 
283 - psnr: 25.33257820871141, ssim: 0.9171034402317471
Epoch:283/500
Total Loss: 0.25632 || Val Loss: 0.34667 
284 - psnr: 25.175429397159153, ssim: 0.9166280799441867
Epoch:284/500
Total Loss: 0.25312 || Val Loss: 0.35068 
285 - psnr: 24.30660941865709, ssim: 0.9128041678004795
Epoch:285/500
Total Loss: 0.25551 || Val Loss: 0.37350 
286 - psnr: 24.950388140148586, ssim: 0.9156802574793498
Epoch:286/500
Total Loss: 0.25631 || Val Loss: 0.34512 
287 - psnr: 25.213473902808296, ssim: 0.9176417350769043
Epoch:287/500
Total Loss: 0.25769 || Val Loss: 0.35453 
288 - psnr: 24.49350494808621, ssim: 0.9149465746349759
Epoch:288/500
Total Loss: 0.25737 || Val Loss: 0.35538 
289 - psnr: 25.49569098154704, ssim: 0.9190753168529935
Epoch:289/500
Total Loss: 0.25841 || Val Loss: 0.34815 
290 - psnr: 24.57634769545661, ssim: 0.9156945321294997
Epoch:290/500
Total Loss: 0.25729 || Val Loss: 0.36703 
291 - psnr: 25.05389388402303, ssim: 0.9169401460223727
Epoch:291/500
Total Loss: 0.25502 || Val Loss: 0.35431 
292 - psnr: 25.385663721296524, ssim: 0.917686070336236
Epoch:292/500
Total Loss: 0.25272 || Val Loss: 0.34808 
293 - psnr: 25.464669863382976, ssim: 0.9180536680751377
Epoch:293/500
Total Loss: 0.25340 || Val Loss: 0.34347 
294 - psnr: 25.40532790289985, ssim: 0.9183560887972514
Epoch:294/500
Total Loss: 0.25379 || Val Loss: 0.34612 
295 - psnr: 25.42693238788181, ssim: 0.9182874533865187
Epoch:295/500
Total Loss: 0.25433 || Val Loss: 0.34539 
296 - psnr: 25.673767407735188, ssim: 0.9180447379748027
Epoch:296/500
Total Loss: 0.25408 || Val Loss: 0.34261 
297 - psnr: 25.786818557315403, ssim: 0.9187252786424425
Epoch:297/500
Total Loss: 0.25361 || Val Loss: 0.33266 
Best model saved at epoch —— 297, metric —— 25.786818557315403
Save best model to ./logs/2025_12_26_09_23_53/weights/best_metric_model.pth
298 - psnr: 25.690930101606583, ssim: 0.9192382547590467
Epoch:298/500
Total Loss: 0.25604 || Val Loss: 0.33071 
299 - psnr: 24.648094654083252, ssim: 0.9158896936310662
Epoch:299/500
Total Loss: 0.25824 || Val Loss: 0.35703 
300 - psnr: 25.71678903367784, ssim: 0.917988293700748
Epoch:300/500
Total Loss: 0.25885 || Val Loss: 0.34154 
301 - psnr: 24.961090670691597, ssim: 0.9150768915812174
Epoch:301/500
Total Loss: 0.25753 || Val Loss: 0.34935 
302 - psnr: 25.655939022699993, ssim: 0.9183174901538425
Epoch:302/500
Total Loss: 0.25720 || Val Loss: 0.33609 
303 - psnr: 25.47957838906182, ssim: 0.9188554803530375
Epoch:303/500
Total Loss: 0.25532 || Val Loss: 0.33812 
304 - psnr: 25.35684087541368, ssim: 0.9173335724406773
Epoch:304/500
Total Loss: 0.25287 || Val Loss: 0.35184 
305 - psnr: 25.41004729270935, ssim: 0.9180023153622945
Epoch:305/500
Total Loss: 0.25196 || Val Loss: 0.34361 
306 - psnr: 25.256380531522964, ssim: 0.9171626064512465
Epoch:306/500
Total Loss: 0.25456 || Val Loss: 0.35122 
307 - psnr: 25.356492148505318, ssim: 0.9177319712109036
Epoch:307/500
Total Loss: 0.25361 || Val Loss: 0.34514 
308 - psnr: 25.402412520514595, ssim: 0.917761336432563
Epoch:308/500
Total Loss: 0.25342 || Val Loss: 0.34642 
309 - psnr: 25.442228688134087, ssim: 0.9172839005788167
Epoch:309/500
Total Loss: 0.25451 || Val Loss: 0.34882 
310 - psnr: 25.34238115946452, ssim: 0.9166799810197618
Epoch:310/500
Total Loss: 0.25489 || Val Loss: 0.34653 
311 - psnr: 25.00051148732503, ssim: 0.9159707175360785
Epoch:311/500
Total Loss: 0.25414 || Val Loss: 0.36003 
312 - psnr: 25.20530562930637, ssim: 0.9163128044870165
Epoch:312/500
Total Loss: 0.25740 || Val Loss: 0.35879 
313 - psnr: 25.37770673963759, ssim: 0.9182999028099907
Epoch:313/500
Total Loss: 0.25794 || Val Loss: 0.36056 
314 - psnr: 24.446259763505722, ssim: 0.9152595599492391
Epoch:314/500
Total Loss: 0.25855 || Val Loss: 0.38141 
315 - psnr: 25.657234986623127, ssim: 0.9187679608662923
Epoch:315/500
Total Loss: 0.25510 || Val Loss: 0.34108 
316 - psnr: 25.33810255262587, ssim: 0.9170420633422004
Epoch:316/500
Total Loss: 0.25394 || Val Loss: 0.36187 
317 - psnr: 25.333062410354614, ssim: 0.917224301232232
Epoch:317/500
Total Loss: 0.25452 || Val Loss: 0.35936 
318 - psnr: 25.344069004058838, ssim: 0.9176237172550625
Epoch:318/500
Total Loss: 0.25480 || Val Loss: 0.35328 
319 - psnr: 25.28233395682441, ssim: 0.9173756255043878
Epoch:319/500
Total Loss: 0.25234 || Val Loss: 0.35778 
320 - psnr: 25.36036756303575, ssim: 0.9176717122395833
Epoch:320/500
Total Loss: 0.25268 || Val Loss: 0.35639 
321 - psnr: 25.327525907092625, ssim: 0.9178999331262376
Epoch:321/500
Total Loss: 0.25378 || Val Loss: 0.35188 
322 - psnr: 25.65676154030694, ssim: 0.9177548011144002
Epoch:322/500
Total Loss: 0.25376 || Val Loss: 0.34770 
323 - psnr: 25.445837868584526, ssim: 0.9176354911592272
Epoch:323/500
Total Loss: 0.25566 || Val Loss: 0.35368 
324 - psnr: 25.14177793926663, ssim: 0.9172125842836168
Epoch:324/500
Total Loss: 0.25674 || Val Loss: 0.36800 
325 - psnr: 23.918251276016235, ssim: 0.9116963148117065
Epoch:325/500
Total Loss: 0.25582 || Val Loss: 0.38195 
326 - psnr: 25.295464118321735, ssim: 0.9153520504633585
Epoch:326/500
Total Loss: 0.25857 || Val Loss: 0.34802 
327 - psnr: 25.023664474487305, ssim: 0.9148134311040242
Epoch:327/500
Total Loss: 0.25890 || Val Loss: 0.36286 
328 - psnr: 25.683305952284073, ssim: 0.9181113190121121
Epoch:328/500
Total Loss: 0.25451 || Val Loss: 0.33611 
329 - psnr: 25.725420263078476, ssim: 0.9192695829603407
Epoch:329/500
Total Loss: 0.25352 || Val Loss: 0.34246 
330 - psnr: 25.369904067781235, ssim: 0.9179834855927361
Epoch:330/500
Total Loss: 0.25312 || Val Loss: 0.35251 
331 - psnr: 25.443635781606037, ssim: 0.9182358264923096
Epoch:331/500
Total Loss: 0.25317 || Val Loss: 0.35213 
332 - psnr: 25.553610854678684, ssim: 0.9185098475880094
Epoch:332/500
Total Loss: 0.25061 || Val Loss: 0.34804 
333 - psnr: 25.557689560784233, ssim: 0.9184147053294711
Epoch:333/500
Total Loss: 0.25152 || Val Loss: 0.35022 
334 - psnr: 24.903785785039265, ssim: 0.916187032063802
Epoch:334/500
Total Loss: 0.25162 || Val Loss: 0.35597 
335 - psnr: 25.603175587124294, ssim: 0.9194452126820882
Epoch:335/500
Total Loss: 0.25343 || Val Loss: 0.35116 
336 - psnr: 24.923281722598606, ssim: 0.9149120171864827
Epoch:336/500
Total Loss: 0.25512 || Val Loss: 0.36583 
337 - psnr: 25.4684100151062, ssim: 0.9187029944525824
Epoch:337/500
Total Loss: 0.25603 || Val Loss: 0.33604 
338 - psnr: 24.75146261850993, ssim: 0.9149998426437378
Epoch:338/500
Total Loss: 0.25693 || Val Loss: 0.36413 
339 - psnr: 24.486399968465168, ssim: 0.9134681741396586
Epoch:339/500
Total Loss: 0.25757 || Val Loss: 0.41719 
340 - psnr: 25.617117245992024, ssim: 0.9181742866834005
Epoch:340/500
Total Loss: 0.25907 || Val Loss: 0.34605 
341 - psnr: 25.18875135315789, ssim: 0.9171937968995836
Epoch:341/500
Total Loss: 0.25701 || Val Loss: 0.33722
342 - psnr: 25.16570297876994, ssim: 0.9170888463656107
Epoch:342/500
Total Loss: 0.25399 || Val Loss: 0.34679
343 - psnr: 25.41187598970201, ssim: 0.9179931786325243
Epoch:343/500
Total Loss: 0.25222 || Val Loss: 0.33754
344 - psnr: 24.821899996863472, ssim: 0.9160084313816494
Epoch:344/500
Total Loss: 0.25459 || Val Loss: 0.36670
345 - psnr: 24.772357092963325, ssim: 0.9150311880641513
Epoch:345/500
Total Loss: 0.25526 || Val Loss: 0.36374
346 - psnr: 25.005234320958454, ssim: 0.9169100019666884
Epoch:346/500
Total Loss: 0.25404 || Val Loss: 0.35193
347 - psnr: 25.343247201707626, ssim: 0.9176934560139974
Epoch:347/500
Total Loss: 0.25391 || Val Loss: 0.34809
348 - psnr: 24.45361301634047, ssim: 0.9131479303042094
Epoch:348/500
Total Loss: 0.25506 || Val Loss: 0.36404
349 - psnr: 25.362303680843777, ssim: 0.9179895453982883
Epoch:349/500
Total Loss: 0.25736 || Val Loss: 0.33698
350 - psnr: 25.34548732969496, ssim: 0.9182066533300611
Epoch:350/500
Total Loss: 0.25356 || Val Loss: 0.34271
351 - psnr: 25.293964438968235, ssim: 0.9181234121322632
Epoch:351/500
Total Loss: 0.25339 || Val Loss: 0.34555
352 - psnr: 25.664823532104492, ssim: 0.9192490379015604
Epoch:352/500
Total Loss: 0.25565 || Val Loss: 0.34917
353 - psnr: 25.41734833187527, ssim: 0.918317989508311
Epoch:353/500
Total Loss: 0.26079 || Val Loss: 0.33239
354 - psnr: 25.569834020402695, ssim: 0.9191250933541192
Epoch:354/500
Total Loss: 0.25466 || Val Loss: 0.33824
355 - psnr: 25.479769971635605, ssim: 0.9182493090629578
Epoch:355/500
Total Loss: 0.25179 || Val Loss: 0.34654
356 - psnr: 25.83864402770996, ssim: 0.920287099149492
Epoch:356/500
Total Loss: 0.25460 || Val Loss: 0.33861
Best model saved at epoch —— 356, metric —— 25.83864402770996
Save best model to ./logs/2025_12_26_09_23_53/weights/best_metric_model.pth
357 - psnr: 25.59609423743354, ssim: 0.9194990674654643
Epoch:357/500
Total Loss: 0.25769 || Val Loss: 0.33452
358 - psnr: 25.493598620096844, ssim: 0.9183843308024936
Epoch:358/500
Total Loss: 0.25391 || Val Loss: 0.34274
359 - psnr: 25.813112046983505, ssim: 0.9195036729176839
Epoch:359/500
Total Loss: 0.25274 || Val Loss: 0.33672
360 - psnr: 25.76613500383165, ssim: 0.9188883900642395
Epoch:360/500
Total Loss: 0.25292 || Val Loss: 0.33504
361 - psnr: 25.66043308046129, ssim: 0.9189717981550428
Epoch:361/500
Total Loss: 0.25643 || Val Loss: 0.34299
362 - psnr: 25.43646412425571, ssim: 0.9180534429020352
Epoch:362/500
Total Loss: 0.25205 || Val Loss: 0.34824
363 - psnr: 25.78322633107503, ssim: 0.91951914495892
Epoch:363/500
Total Loss: 0.25075 || Val Loss: 0.34111
364 - psnr: 24.457466178470188, ssim: 0.9122971442010668
Epoch:364/500
Total Loss: 0.25683 || Val Loss: 0.36928
365 - psnr: 24.46776665581597, ssim: 0.9131527874204848
Epoch:365/500
Total Loss: 0.25661 || Val Loss: 0.36969
366 - psnr: 25.476180341508652, ssim: 0.918271799882253
Epoch:26/500
Total Loss: 0.25484 || Val Loss: 0.34411
367 - psnr: 25.42669047249688, ssim: 0.919127533170912
Epoch:367/500
Total Loss: 0.25206 || Val Loss: 0.34519
368 - psnr: 24.610340754191082, ssim: 0.916093357404073
Epoch:368/500
Total Loss: 0.25233 || Val Loss: 0.35770
369 - psnr: 24.983627637227375, ssim: 0.9170901113086276
Epoch:369/500
Total Loss: 0.25577 || Val Loss: 0.35196
370 - psnr: 25.574647002749973, ssim: 0.9191230575243632
Epoch:370/500
Total Loss: 0.25144 || Val Loss: 0.34586
371 - psnr: 25.556611167060005, ssim: 0.9185028354326884
Epoch:371/500
Total Loss: 0.25143 || Val Loss: 0.34399
372 - psnr: 24.830103000005085, ssim: 0.9171604355176289
Epoch:372/500
Total Loss: 0.25169 || Val Loss: 0.36733
373 - psnr: 25.514684385723537, ssim: 0.9183848924107022
Epoch:373/500
Total Loss: 0.25552 || Val Loss: 0.34180
374 - psnr: 25.386689530478584, ssim: 0.9183842764960395
Epoch:374/500
Total Loss: 0.25363 || Val Loss: 0.34688
375 - psnr: 25.172790421379936, ssim: 0.9181297527419197
Epoch:375/500
Total Loss: 0.25152 || Val Loss: 0.35299
376 - psnr: 25.026803970336914, ssim: 0.9181971377796597
Epoch:376/500
Total Loss: 0.25489 || Val Loss: 0.36562
377 - psnr: 25.014704757266575, ssim: 0.9169257216983371
Epoch:377/500
Total Loss: 0.25486 || Val Loss: 0.37057
378 - psnr: 25.217999166912502, ssim: 0.9173645324177212
Epoch:378/500
Total Loss: 0.25472 || Val Loss: 0.36803
379 - psnr: 24.849140220218235, ssim: 0.9161625968085395
Epoch:379/500
Total Loss: 0.25116 || Val Loss: 0.36683
380 - psnr: 25.5579178598192, ssim: 0.9179143985112508
Epoch:380/500
Total Loss: 0.25294 || Val Loss: 0.35755
381 - psnr: 25.4855744043986, ssim: 0.918623513645596
Epoch:381/500
Total Loss: 0.25525 || Val Loss: 0.35571
382 - psnr: 25.35869476530287, ssim: 0.9177274823188781
Epoch:382/500
Total Loss: 0.25196 || Val Loss: 0.36031
383 - psnr: 25.00119988123576, ssim: 0.9166273885303073
Epoch:383/500
Total Loss: 0.25136 || Val Loss: 0.36979
384 - psnr: 25.715768390231663, ssim: 0.9196867439481947
Epoch:384/500
Total Loss: 0.25560 || Val Loss: 0.34508
385 - psnr: 24.749375131395126, ssim: 0.914678712685903
Epoch:385/500
Total Loss: 0.25500 || Val Loss: 0.36518
386 - psnr: 25.42404826482137, ssim: 0.9181017690234714
Epoch:386/500
Total Loss: 0.25014 || Val Loss: 0.35386
387 - psnr: 24.81351089477539, ssim: 0.9158769183688693
Epoch:387/500
Total Loss: 0.25046 || Val Loss: 0.36833
388 - psnr: 24.482251167297363, ssim: 0.9154627084732055
Epoch:388/500
Total Loss: 0.25356 || Val Loss: 0.36142
389 - psnr: 24.443559461169773, ssim: 0.9161242908901639
Epoch:389/500
Total Loss: 0.25471 || Val Loss: 0.35929
390 - psnr: 25.333607885572647, ssim: 0.9186394744449191
Epoch:390/500
Total Loss: 0.25249 || Val Loss: 0.35053
391 - psnr: 25.245720439487034, ssim: 0.9177788946363661
Epoch:391/500
Total Loss: 0.25098 || Val Loss: 0.35571
392 - psnr: 25.573054790496826, ssim: 0.9198987192577786
Epoch:392/500
Total Loss: 0.25145 || Val Loss: 0.33884
393 - psnr: 24.700285567177666, ssim: 0.9149268640412225
Epoch:393/500
Total Loss: 0.25407 || Val Loss: 0.37276
394 - psnr: 25.197727627224392, ssim: 0.9176064239607917
Epoch:394/500
Total Loss: 0.25118 || Val Loss: 0.36152
395 - psnr: 25.260654820336235, ssim: 0.9183300998475816
Epoch:395/500
Total Loss: 0.25045 || Val Loss: 0.35447
396 - psnr: 24.76846906873915, ssim: 0.9140333082940844
Epoch:396/500
Total Loss: 0.25091 || Val Loss: 0.37187
397 - psnr: 24.81393003463745, ssim: 0.9156929916805692
Epoch:397/500
Total Loss: 0.25154 || Val Loss: 0.36035
398 - psnr: 25.304609722561306, ssim: 0.918383761246999
Epoch:398/500
Total Loss: 0.25207 || Val Loss: 0.35198
399 - psnr: 25.122356573740642, ssim: 0.9166997128062778
Epoch:399/500
Total Loss: 0.25083 || Val Loss: 0.36165
400 - psnr: 25.14428604973687, ssim: 0.9170600851376851
Epoch:400/500
Total Loss: 0.25370 || Val Loss: 0.34456
401 - psnr: 24.646031644609238, ssim: 0.9149415175120036
Epoch:401/500
Total Loss: 0.25494 || Val Loss: 0.35698
402 - psnr: 25.235112614101833, ssim: 0.9178773297203912
Epoch:402/500
Total Loss: 0.25210 || Val Loss: 0.35150
403 - psnr: 25.364290926191543, ssim: 0.918737178378635
Epoch:403/500
Total Loss: 0.25122 || Val Loss: 0.34470
404 - psnr: 24.375253465440537, ssim: 0.9138283954726325
Epoch:404/500
Total Loss: 0.25305 || Val Loss: 0.37727
405 - psnr: 25.522374682956272, ssim: 0.919124354256524
Epoch:405/500
Total Loss: 0.25364 || Val Loss: 0.34987
406 - psnr: 25.37924888398912, ssim: 0.9180520666970147
Epoch:406/500
Total Loss: 0.25114 || Val Loss: 0.34956
407 - psnr: 25.338336414761013, ssim: 0.9181270202000936
Epoch:407/500
Total Loss: 0.25233 || Val Loss: 0.35680
408 - psnr: 24.547942691379124, ssim: 0.9174129658275181
Epoch:408/500
Total Loss: 0.25483 || Val Loss: 0.35629
409 - psnr: 25.66731622483995, ssim: 0.9195109049479167
Epoch:409/500
Total Loss: 0.25429 || Val Loss: 0.34883
410 - psnr: 25.503190835316975, ssim: 0.9185399015744528
Epoch:410/500
Total Loss: 0.25250 || Val Loss: 0.34537
411 - psnr: 25.782022847069634, ssim: 0.9195572018623352
Epoch:411/500
Total Loss: 0.25128 || Val Loss: 0.34308
412 - psnr: 25.520409901936848, ssim: 0.9179898526933458
Epoch:412/500
Total Loss: 0.25337 || Val Loss: 0.34208
413 - psnr: 24.86472601360745, ssim: 0.9173950062857734
Epoch:413/500
Total Loss: 0.25461 || Val Loss: 0.34764
414 - psnr: 25.35266266928779, ssim: 0.9182855486869812
Epoch:414/500
Total Loss: 0.25278 || Val Loss: 0.34627
415 - psnr: 25.248899857203167, ssim: 0.9176040371259053
Epoch:415/500
Total Loss: 0.25104 || Val Loss: 0.35565
416 - psnr: 25.79748312632243, ssim: 0.9197787973615859
Epoch:416/500
Total Loss: 0.25570 || Val Loss: 0.33450
417 - psnr: 25.243428654140896, ssim: 0.9179297844568889
Epoch:417/500
Total Loss: 0.25149 || Val Loss: 0.36288
418 - psnr: 24.775974379645454, ssim: 0.9156932433446249
Epoch:418/500
Total Loss: 0.25145 || Val Loss: 0.37294
419 - psnr: 24.960560666190254, ssim: 0.9171597692701552
Epoch:419/500
Total Loss: 0.25095 || Val Loss: 0.36517
420 - psnr: 24.62407702869839, ssim: 0.9146896097395155
Epoch:420/500
Total Loss: 0.25402 || Val Loss: 0.36433
421 - psnr: 24.940091212590534, ssim: 0.9162998252444797
Epoch:421/500
Total Loss: 0.25305 || Val Loss: 0.36257
422 - psnr: 25.27350902557373, ssim: 0.9179114262262981
Epoch:422/500
Total Loss: 0.25070 || Val Loss: 0.35464
423 - psnr: 25.24228575494554, ssim: 0.9180329402287801
Epoch:423/500
Total Loss: 0.25196 || Val Loss: 0.35560
424 - psnr: 24.78436909781562, ssim: 0.9163358092308045
Epoch:424/500
Total Loss: 0.25288 || Val Loss: 0.35714
425 - psnr: 24.752788490719265, ssim: 0.9152708477444119
Epoch:425/500
Total Loss: 0.25323 || Val Loss: 0.36913
426 - psnr: 25.000409258736504, ssim: 0.9166542092959086
Epoch:426/500
Total Loss: 0.25123 || Val Loss: 0.35950
427 - psnr: 24.97378002272712, ssim: 0.9167466772927179
Epoch:427/500
Total Loss: 0.25077 || Val Loss: 0.36142
428 - psnr: 25.199732568528916, ssim: 0.9170422355333964
Epoch:428/500
Total Loss: 0.25211 || Val Loss: 0.36062
429 - psnr: 24.995674239264595, ssim: 0.9175013780593873
Epoch:429/500
Total Loss: 0.25358 || Val Loss: 0.35605
430 - psnr: 25.22728368971083, ssim: 0.9180852439668443
Epoch:430/500
Total Loss: 0.25148 || Val Loss: 0.35037
431 - psnr: 25.252042770385742, ssim: 0.9183632572491963
Epoch:431/500
Total Loss: 0.24841 || Val Loss: 0.35108
432 - psnr: 25.39812225765652, ssim: 0.9197604656219482
Epoch:432/500
Total Loss: 0.25416 || Val Loss: 0.33279
433 - psnr: 25.026190333896214, ssim: 0.9169879092110528
Epoch:433/500
Total Loss: 0.25106 || Val Loss: 0.35316
434 - psnr: 25.000455485449898, ssim: 0.9164972596698338
Epoch:434/500
Total Loss: 0.25045 || Val Loss: 0.35573
435 - psnr: 24.74736099772983, ssim: 0.9168333636389838
Epoch:435/500
Total Loss: 0.25076 || Val Loss: 0.35577
436 - psnr: 25.322941541671753, ssim: 0.9182066056463454
Epoch:436/500
Total Loss: 0.25087 || Val Loss: 0.34327
437 - psnr: 25.032404237323338, ssim: 0.9170079032580057
Epoch:437/500
Total Loss: 0.25274 || Val Loss: 0.36146
438 - psnr: 25.069798707962036, ssim: 0.9173040390014648
Epoch:438/500
Total Loss: 0.25083 || Val Loss: 0.35725
439 - psnr: 24.886713451809353, ssim: 0.9158899320496453
Epoch:439/500
Total Loss: 0.25048 || Val Loss: 0.36259
440 - psnr: 24.72734210226271, ssim: 0.9167877091301813
Epoch:440/500
Total Loss: 0.25187 || Val Loss: 0.37796
441 - psnr: 25.985945648617214, ssim: 0.9210469100210402
Epoch:441/500
Total Loss: 0.25343 || Val Loss: 0.33480
Best model saved at epoch —— 101, metric —— 25.985945648617214
Save best model to ./logs/2025_12_26_09_23_53/weights/best_metric_model.pth
442 - psnr: 25.31956630282932, ssim: 0.9181764350997077
Epoch:442/500
Total Loss: 0.25197 || Val Loss: 0.35335
443 - psnr: 25.749293486277264, ssim: 0.9196005980173747
Epoch:443/500
Total Loss: 0.25225 || Val Loss: 0.34608
444 - psnr: 24.306967231962417, ssim: 0.9153103007210626
Epoch:444/500
Total Loss: 0.25192 || Val Loss: 0.36402
445 - psnr: 25.286573939853245, ssim: 0.9181122832828098
Epoch:445/500
Total Loss: 0.25520 || Val Loss: 0.35533
446 - psnr: 25.044734080632526, ssim: 0.9173545546001858
Epoch:446/500
Total Loss: 0.25141 || Val Loss: 0.35935
447 - psnr: 25.610026147630478, ssim: 0.9191064516703288
Epoch:447/500
Total Loss: 0.25141 || Val Loss: 0.34590
448 - psnr: 24.18517263730367, ssim: 0.9135266436470879
Epoch:448/500
Total Loss: 0.25132 || Val Loss: 0.38270
449 - psnr: 24.80198595258925, ssim: 0.9167769114176433
Epoch:449/500
Total Loss: 0.25227 || Val Loss: 0.36138
450 - psnr: 25.392726951175266, ssim: 0.9185490846633911
Epoch:450/500
Total Loss: 0.25131 || Val Loss: 0.35990
451 - psnr: 24.821346124013264, ssim: 0.916698243882921
Epoch:451/500
Total Loss: 0.25097 || Val Loss: 0.36752
452 - psnr: 25.852421071794296, ssim: 0.9215576555993822
Epoch:452/500
Total Loss: 0.25248 || Val Loss: 0.34734
453 - psnr: 24.575056976742214, ssim: 0.9155023270183139
Epoch:453/500
Total Loss: 0.25333 || Val Loss: 0.36000
454 - psnr: 25.43387492497762, ssim: 0.918891723950704
Epoch:454/500
Total Loss: 0.25066 || Val Loss: 0.34839
455 - psnr: 24.98622618781196, ssim: 0.9177710811297098
Epoch:455/500
Total Loss: 0.25073 || Val Loss: 0.36218
456 - psnr: 25.211074617173935, ssim: 0.9174487762980991
Epoch:456/500
Total Loss: 0.25362 || Val Loss: 0.36649
457 - psnr: 25.246490955352783, ssim: 0.9181967629326715
Epoch:457/500
Total Loss: 0.25441 || Val Loss: 0.36194
458 - psnr: 25.335121048821343, ssim: 0.9184096733729045
Epoch:458/500
Total Loss: 0.25130 || Val Loss: 0.36152
459 - psnr: 25.179792986975777, ssim: 0.9184906668133206
Epoch:459/500
Total Loss: 0.24869 || Val Loss: 0.36133
460 - psnr: 24.618720478481716, ssim: 0.9157325029373169
Epoch:460/500
Total Loss: 0.25145 || Val Loss: 0.37790
461 - psnr: 24.8901313940684, ssim: 0.9169104602601793
Epoch:461/500
Total Loss: 0.25285 || Val Loss: 0.35437
462 - psnr: 25.176659372117783, ssim: 0.9180924548043146
Epoch:462/500
Total Loss: 0.24969 || Val Loss: 0.36051
463 - psnr: 25.09351878696018, ssim: 0.9176597952842712
Epoch:463/500
Total Loss: 0.24889 || Val Loss: 0.36894
464 - psnr: 26.154667324490017, ssim: 0.920858269267612
Epoch:464/500
Total Loss: 0.25294 || Val Loss: 0.35473
Best model saved at epoch —— 464, metric —— 26.154667324490017
Save best model to ./logs/2025_12_26_09_23_53/weights/best_metric_model.pth
465 - psnr: 24.56181748708089, ssim: 0.9150902337498135
Epoch:465/500
Total Loss: 0.25158 || Val Loss: 0.38870
466 - psnr: 24.992543326483833, ssim: 0.9168266786469353
Epoch:466/500
Total Loss: 0.24917 || Val Loss: 0.36707
467 - psnr: 25.256658448113335, ssim: 0.9185020049413045
Epoch:467/500
Total Loss: 0.24857 || Val Loss: 0.36123
468 - psnr: 25.016464551289875, ssim: 0.915245529015859
Epoch:468/500
Total Loss: 0.25164 || Val Loss: 0.36724
469 - psnr: 25.01049304008484, ssim: 0.9178534454769558
Epoch:469/500
Total Loss: 0.25112 || Val Loss: 0.34978
470 - psnr: 25.137798839145237, ssim: 0.9176418609089322
Epoch:470/500
Total Loss: 0.24975 || Val Loss: 0.35278
471 - psnr: 25.390569157070583, ssim: 0.9191688352160984
Epoch:471/500
Total Loss: 0.25126 || Val Loss: 0.34605
472 - psnr: 23.53956649038527, ssim: 0.911524788538615
Epoch:472/500
Total Loss: 0.25216 || Val Loss: 0.39156
473 - psnr: 24.75032509697808, ssim: 0.9156125214364793
Epoch:473/500
Total Loss: 0.25209 || Val Loss: 0.36003
474 - psnr: 24.931034167607624, ssim: 0.9170871297518413
Epoch:474/500
Total Loss: 0.25087 || Val Loss: 0.35976
475 - psnr: 25.263545592625935, ssim: 0.9180700792206659
Epoch:475/500
Total Loss: 0.24858 || Val Loss: 0.35465
476 - psnr: 25.376664108700222, ssim: 0.9183798750241597
Epoch:476/500
Total Loss: 0.25213 || Val Loss: 0.34191
477 - psnr: 24.840566237767536, ssim: 0.9167871766620213
Epoch:477/500
Total Loss: 0.25421 || Val Loss: 0.36393
478 - psnr: 25.361712084876167, ssim: 0.9186981558799744
Epoch:478/500
Total Loss: 0.25021 || Val Loss: 0.34986
479 - psnr: 25.075186093648274, ssim: 0.9176525367630852
Epoch:479/500
Total Loss: 0.24886 || Val Loss: 0.35109
480 - psnr: 25.449743111928303, ssim: 0.9192983190218608
Epoch:480/500
Total Loss: 0.25244 || Val Loss: 0.34691
481 - psnr: 25.184243811501396, ssim: 0.9179659896426731
Epoch:481/500
Total Loss: 0.25254 || Val Loss: 0.35942
482 - psnr: 25.51678244272868, ssim: 0.9191180573569404
Epoch:482/500
Total Loss: 0.25171 || Val Loss: 0.34945
483 - psnr: 25.11954591009352, ssim: 0.9177177839808994
Epoch:483/500
Total Loss: 0.24893 || Val Loss: 0.35945
484 - psnr: 25.148915396796333, ssim: 0.9186057421896193
Epoch:484/500
Total Loss: 0.25061 || Val Loss: 0.35672
485 - psnr: 25.081309901343452, ssim: 0.9178718116548327
Epoch:485/500
Total Loss: 0.25292 || Val Loss: 0.34616
486 - psnr: 25.059782690472073, ssim: 0.9176025059488084
Epoch:486/500
Total Loss: 0.25128 || Val Loss: 0.35520
487 - psnr: 25.565703233083088, ssim: 0.9196704427401224
Epoch:147/500
Total Loss: 0.25039 || Val Loss: 0.34484
488 - psnr: 24.69262072775099, ssim: 0.9149631341298421
Epoch:488/500
Total Loss: 0.25199 || Val Loss: 0.35581
489 - psnr: 25.16427951388889, ssim: 0.9174587859047784
Epoch:489/500
Total Loss: 0.25302 || Val Loss: 0.36520
490 - psnr: 25.467756854163277, ssim: 0.9192519002490573
Epoch:490/500
Total Loss: 0.25020 || Val Loss: 0.34760
491 - psnr: 25.757590346866184, ssim: 0.9198621074358623
Epoch:491/500
Total Loss: 0.25003 || Val Loss: 0.34649
492 - psnr: 25.774873309665256, ssim: 0.9203727775149875
Epoch:492/500
Total Loss: 0.25230 || Val Loss: 0.34908
493 - psnr: 25.01984214782715, ssim: 0.9174369745784335
Epoch:493/500
Total Loss: 0.25218 || Val Loss: 0.37353
494 - psnr: 25.271933184729683, ssim: 0.9180133422215779
Epoch:494/500
Total Loss: 0.24832 || Val Loss: 0.36117
495 - psnr: 25.354555394914414, ssim: 0.9182362874348958
Epoch:495/500
Total Loss: 0.24814 || Val Loss: 0.35259
496 - psnr: 24.714408609602188, ssim: 0.9168337040477329
Epoch:496/500
Total Loss: 0.25162 || Val Loss: 0.37673
497 - psnr: 24.944958845774334, ssim: 0.9171018057399326
Epoch:497/500
Total Loss: 0.25055 || Val Loss: 0.35254
498 - psnr: 25.109668466779922, ssim: 0.9178525500827366
Epoch:498/500
Total Loss: 0.24862 || Val Loss: 0.35056
499 - psnr: 25.127268022961086, ssim: 0.917740711900923
Epoch:499/500
Total Loss: 0.25022 || Val Loss: 0.35351
500 - psnr: 25.565537240770126, ssim: 0.919909249411689
Epoch:500/500
Total Loss: 0.25027 || Val Loss: 0.34946
Model saved at epoch 500 to ./logs/2025_12_26_09_23_53/weights/model_epoch_500.pth