Configurations - 2025-12-28 17:33:06
-----------------------------------------------------------------------------------------------------------------
|order |                                          keys |                                                  values|
-----------------------------------------------------------------------------------------------------------------
|    1 |                                         model |                                               PGS2Net_b|
|    2 |                               resume_training |                                                    None|
|    3 |                                  dataset_path | /home/inspur/PythonProject/zjr/DehazeLab/data/SateHaze1K/Haze1k_moderate|
|    4 |                                          seed |                                                      11|
|    5 |                                        epochs |                                                     500|
|    6 |                                   input_shape |                                              [256, 256]|
|    7 |                                    batch_size |                                                       4|
|    8 |                                       log_dir |                                                  ./logs|
|    9 |                                            lr |                                                  0.0002|
|   10 |                                      momentum |                                                     0.9|
|   11 |                                  weight_decay |                                                  0.0001|
|   12 |                                     optimizer |                                                   adamw|
|   13 |                                           amp |                                                   False|
|   14 |                                       gpu_ids |                                                       0|
-----------------------------------------------------------------------------------------------------------------
使用设备: cuda:0
使用单卡训练: cuda:0
初始训练 DCTNet_b
1 - psnr: 24.3808143403795, ssim: 0.9362714952892728
Epoch:1/500
Total Loss: 0.72538 || Val Loss: 0.32726 
Best model saved at epoch —— 1, metric —— 24.3808143403795
Save best model to ./logs/2025_12_28_17_33_06/weights/best_metric_model.pth
2 - psnr: 26.804401768578423, ssim: 0.9503830631573995
Epoch:2/500
Total Loss: 0.49293 || Val Loss: 0.28012 
Best model saved at epoch —— 2, metric —— 26.804401768578423
Save best model to ./logs/2025_12_28_17_33_06/weights/best_metric_model.pth
3 - psnr: 23.932890123791164, ssim: 0.9339674393335978
Epoch:3/500
Total Loss: 0.48790 || Val Loss: 0.29043 
4 - psnr: 27.210769282446968, ssim: 0.9524875190522936
Epoch:4/500
Total Loss: 0.46840 || Val Loss: 0.28792 
Best model saved at epoch —— 4, metric —— 27.210769282446968
Save best model to ./logs/2025_12_28_17_33_06/weights/best_metric_model.pth
5 - psnr: 25.53579436408149, ssim: 0.9486352629131741
Epoch:5/500
Total Loss: 0.46222 || Val Loss: 0.29136 
6 - psnr: 25.837276458740234, ssim: 0.9497733632723491
Epoch:6/500
Total Loss: 0.45925 || Val Loss: 0.28578 
7 - psnr: 25.581977049509685, ssim: 0.9488361173205906
Epoch:7/500
Total Loss: 0.45516 || Val Loss: 0.29051 
8 - psnr: 25.513040595584446, ssim: 0.9486083282364739
Epoch:8/500
Total Loss: 0.46217 || Val Loss: 0.29866 
9 - psnr: 25.884831799401177, ssim: 0.9496349771817525
Epoch:9/500
Total Loss: 0.45421 || Val Loss: 0.31166 
10 - psnr: 25.7061517768436, ssim: 0.9445007946756151
Epoch:10/500
Total Loss: 0.46648 || Val Loss: 0.27805 
11 - psnr: 22.985752238167656, ssim: 0.9299696617656283
Epoch:11/500
Total Loss: 0.45822 || Val Loss: 0.40602 
12 - psnr: 26.732288042704266, ssim: 0.9526734113693237
Epoch:12/500
Total Loss: 0.45554 || Val Loss: 0.27420 
13 - psnr: 24.006926165686714, ssim: 0.941306103600396
Epoch:13/500
Total Loss: 0.45746 || Val Loss: 0.28912 
14 - psnr: 26.21946636835734, ssim: 0.9498045523961385
Epoch:14/500
Total Loss: 0.45366 || Val Loss: 0.28248 
15 - psnr: 21.9677124288347, ssim: 0.9320762475331624
Epoch:15/500
Total Loss: 0.44842 || Val Loss: 0.36625 
16 - psnr: 26.217682944403755, ssim: 0.9510598527060614
Epoch:16/500
Total Loss: 0.44612 || Val Loss: 0.27589 
17 - psnr: 25.014755725860596, ssim: 0.9472527239057753
Epoch:17/500
Total Loss: 0.43841 || Val Loss: 0.28157 
18 - psnr: 25.390659544203018, ssim: 0.9486252506573994
Epoch:18/500
Total Loss: 0.43290 || Val Loss: 0.29423 
19 - psnr: 25.581028832329643, ssim: 0.9489178074730767
Epoch:19/500
Total Loss: 0.43273 || Val Loss: 0.28390 
20 - psnr: 25.192911095089382, ssim: 0.9479087458716499
Epoch:20/500
Total Loss: 0.42980 || Val Loss: 0.29117 
21 - psnr: 25.794797526465523, ssim: 0.9498965952131483
Epoch:21/500
Total Loss: 0.43057 || Val Loss: 0.27992 
22 - psnr: 26.17882474263509, ssim: 0.9501524262958103
Epoch:22/500
Total Loss: 0.43550 || Val Loss: 0.27108 
23 - psnr: 24.685014989640976, ssim: 0.9465708653132121
Epoch:23/500
Total Loss: 0.43666 || Val Loss: 0.36879 
24 - psnr: 27.506058322058784, ssim: 0.9541827625698514
Epoch:24/500
Total Loss: 0.43638 || Val Loss: 0.27539 
Best model saved at epoch —— 24, metric —— 27.506058322058784
Save best model to ./logs/2025_12_28_17_33_06/weights/best_metric_model.pth
25 - psnr: 25.726272371080185, ssim: 0.9502642419603136
Epoch:25/500
Total Loss: 0.43893 || Val Loss: 0.28626 
26 - psnr: 25.227370023727417, ssim: 0.944418007797665
Epoch:26/500
Total Loss: 0.43087 || Val Loss: 0.38300 
27 - psnr: 26.44199535581801, ssim: 0.9525109238094753
Epoch:27/500
Total Loss: 0.43057 || Val Loss: 0.28679 
28 - psnr: 23.86546121703254, ssim: 0.938857822948032
Epoch:28/500
Total Loss: 0.43538 || Val Loss: 0.30202 
29 - psnr: 24.697340329488117, ssim: 0.9441108293003506
Epoch:29/500
Total Loss: 0.42505 || Val Loss: 0.27587 
30 - psnr: 23.55335463417901, ssim: 0.935384832488166
Epoch:30/500
Total Loss: 0.42070 || Val Loss: 0.28564 
31 - psnr: 25.045652283562553, ssim: 0.9455204089482625
Epoch:31/500
Total Loss: 0.42078 || Val Loss: 0.28149 
32 - psnr: 25.640551884969074, ssim: 0.9479050676027934
Epoch:32/500
Total Loss: 0.41997 || Val Loss: 0.27398 
33 - psnr: 25.572121567196316, ssim: 0.9479105962647332
Epoch:33/500
Total Loss: 0.42024 || Val Loss: 0.28085 
34 - psnr: 24.70120758480496, ssim: 0.9442579759491815
Epoch:34/500
Total Loss: 0.41891 || Val Loss: 0.29355 
35 - psnr: 22.83390710088942, ssim: 0.9335585898823209
Epoch:35/500
Total Loss: 0.41926 || Val Loss: 0.31889 
36 - psnr: 24.857057041592068, ssim: 0.9451125741004944
Epoch:36/500
Total Loss: 0.42139 || Val Loss: 0.28489 
37 - psnr: 24.30398522482978, ssim: 0.9422275278303358
Epoch:37/500
Total Loss: 0.42390 || Val Loss: 0.32470 
38 - psnr: 20.93361653221978, ssim: 0.9181334031952753
Epoch:38/500
Total Loss: 0.42066 || Val Loss: 0.43970 
39 - psnr: 24.35798478126526, ssim: 0.9398288938734266
Epoch:39/500
Total Loss: 0.42621 || Val Loss: 0.28235 
40 - psnr: 28.086581971910263, ssim: 0.9550446788469951
Epoch:40/500
Total Loss: 0.42398 || Val Loss: 0.27304 
Best model saved at epoch —— 40, metric —— 28.086581971910263
Save best model to ./logs/2025_12_28_17_33_06/weights/best_metric_model.pth
41 - psnr: 27.00261953141954, ssim: 0.953324920601315
Epoch:41/500
Total Loss: 0.41595 || Val Loss: 0.27006 
42 - psnr: 24.497839715745712, ssim: 0.9442624462975396
Epoch:42/500
Total Loss: 0.41138 || Val Loss: 0.28922 
43 - psnr: 24.668658203548855, ssim: 0.9446284532546997
Epoch:43/500
Total Loss: 0.40857 || Val Loss: 0.29898 
44 - psnr: 25.30069902208116, ssim: 0.9468463606304592
Epoch:44/500
Total Loss: 0.41174 || Val Loss: 0.28228 
45 - psnr: 25.0791302257114, ssim: 0.9460119684537251
Epoch:45/500
Total Loss: 0.40857 || Val Loss: 0.28090 
46 - psnr: 24.64110252592299, ssim: 0.9443270603815714
Epoch:46/500
Total Loss: 0.40795 || Val Loss: 0.28683 
47 - psnr: 24.805732515123154, ssim: 0.94473151895735
Epoch:47/500
Total Loss: 0.41114 || Val Loss: 0.31869 
48 - psnr: 22.849497583177353, ssim: 0.927361626095242
Epoch:48/500
Total Loss: 0.41037 || Val Loss: 0.36805 
49 - psnr: 26.538190258873833, ssim: 0.9505740655793085
Epoch:49/500
Total Loss: 0.41249 || Val Loss: 0.27761 
50 - psnr: 22.36966135766771, ssim: 0.9227529486020406
Epoch:50/500
Total Loss: 0.41435 || Val Loss: 0.35408 
51 - psnr: 27.919991970062256, ssim: 0.9527574552430047
Epoch:51/500
Total Loss: 0.42276 || Val Loss: 0.30254 
52 - psnr: 25.088157812754314, ssim: 0.9412433875931634
Epoch:52/500
Total Loss: 0.41558 || Val Loss: 0.28793 
53 - psnr: 24.289307912190754, ssim: 0.9394299043549432
Epoch:53/500
Total Loss: 0.40982 || Val Loss: 0.31792 
54 - psnr: 24.92387999428643, ssim: 0.9444101730982463
Epoch:54/500
Total Loss: 0.40487 || Val Loss: 0.30250 
55 - psnr: 25.602232880062527, ssim: 0.9467494885126749
Epoch:55/500
Total Loss: 0.40424 || Val Loss: 0.29276 
56 - psnr: 25.5055324766371, ssim: 0.9467084725697835
Epoch:56/500
Total Loss: 0.40148 || Val Loss: 0.28648 
57 - psnr: 25.44411579767863, ssim: 0.9462373985184563
Epoch:57/500
Total Loss: 0.40358 || Val Loss: 0.28752 
58 - psnr: 25.46015951368544, ssim: 0.9467059956656562
Epoch:58/500
Total Loss: 0.40126 || Val Loss: 0.29107 
59 - psnr: 26.4557327164544, ssim: 0.9505151510238647
Epoch:59/500
Total Loss: 0.40168 || Val Loss: 0.28449 
60 - psnr: 24.083443482716877, ssim: 0.9407573329077826
Epoch:60/500
Total Loss: 0.40315 || Val Loss: 0.29338 
61 - psnr: 28.493413819207085, ssim: 0.9528061005804274
Epoch:61/500
Total Loss: 0.40682 || Val Loss: 0.27214 
Best model saved at epoch —— 61, metric —— 28.493413819207085
Save best model to ./logs/2025_12_28_17_33_06/weights/best_metric_model.pth
62 - psnr: 26.956361028883194, ssim: 0.9505905588467916
Epoch:62/500
Total Loss: 0.41053 || Val Loss: 0.28084 
63 - psnr: 19.826521899965073, ssim: 0.8970379590988159
Epoch:63/500
Total Loss: 0.40905 || Val Loss: 0.47880 
64 - psnr: 23.996584097544353, ssim: 0.9376882672309875
Epoch:64/500
Total Loss: 0.41139 || Val Loss: 0.31009 
65 - psnr: 25.942441516452366, ssim: 0.9481914493772718
Epoch:65/500
Total Loss: 0.40849 || Val Loss: 0.33323 
66 - psnr: 27.178955131106907, ssim: 0.9505975776248508
Epoch:66/500
Total Loss: 0.40935 || Val Loss: 0.28190 
67 - psnr: 24.01511748631795, ssim: 0.9394055896335178
Epoch:67/500
Total Loss: 0.40242 || Val Loss: 0.32185 
68 - psnr: 26.3355163998074, ssim: 0.9486046645376417
Epoch:68/500
Total Loss: 0.40439 || Val Loss: 0.28191 
69 - psnr: 24.91545836130778, ssim: 0.9436321258544922
Epoch:69/500
Total Loss: 0.40118 || Val Loss: 0.29522 
70 - psnr: 25.489991346995037, ssim: 0.9460279597176446
Epoch:70/500
Total Loss: 0.40151 || Val Loss: 0.29074 
71 - psnr: 26.031086444854736, ssim: 0.9479769945144654
Epoch:71/500
Total Loss: 0.39934 || Val Loss: 0.28169 
72 - psnr: 24.857559151119656, ssim: 0.9431886699464586
Epoch:72/500
Total Loss: 0.39858 || Val Loss: 0.28883 
73 - psnr: 25.00697061750624, ssim: 0.944622360335456
Epoch:73/500
Total Loss: 0.40226 || Val Loss: 0.30436 
74 - psnr: 25.401646190219456, ssim: 0.9455618951055739
Epoch:74/500
Total Loss: 0.40034 || Val Loss: 0.28484 
75 - psnr: 21.998182270261978, ssim: 0.9208867536650763
Epoch:75/500
Total Loss: 0.40176 || Val Loss: 0.43988 
76 - psnr: 26.07765203052097, ssim: 0.9454393307367961
Epoch:76/500
Total Loss: 0.40788 || Val Loss: 0.28998 
77 - psnr: 27.178376992543537, ssim: 0.948894100719028
Epoch:77/500
Total Loss: 0.40250 || Val Loss: 0.30665 
78 - psnr: 24.79393031862047, ssim: 0.9421473489867316
Epoch:78/500
Total Loss: 0.40066 || Val Loss: 0.30085 
79 - psnr: 27.013988759782578, ssim: 0.9498764766587151
Epoch:79/500
Total Loss: 0.40177 || Val Loss: 0.28073 
80 - psnr: 24.823152754041885, ssim: 0.943633210659027
Epoch:80/500
Total Loss: 0.40130 || Val Loss: 0.30194 
81 - psnr: 25.077415254380966, ssim: 0.9438828256395128
Epoch:81/500
Total Loss: 0.39787 || Val Loss: 0.30449 
82 - psnr: 25.695490042368572, ssim: 0.9459974315431383
Epoch:82/500
Total Loss: 0.39713 || Val Loss: 0.29161 
83 - psnr: 25.68469868765937, ssim: 0.9458757400512695
Epoch:83/500
Total Loss: 0.39519 || Val Loss: 0.28929 
84 - psnr: 24.87478870815701, ssim: 0.9430524865786235
Epoch:84/500
Total Loss: 0.39823 || Val Loss: 0.29815 
85 - psnr: 23.659137354956734, ssim: 0.9362850189208984
Epoch:85/500
Total Loss: 0.39672 || Val Loss: 0.30556 
86 - psnr: 25.106491724650066, ssim: 0.9432869460847643
Epoch:86/500
Total Loss: 0.39905 || Val Loss: 0.28936 
87 - psnr: 27.263241661919487, ssim: 0.9482561005486383
Epoch:87/500
Total Loss: 0.40391 || Val Loss: 0.32450 
88 - psnr: 24.73475382063124, ssim: 0.9402066932784187
Epoch:88/500
Total Loss: 0.40489 || Val Loss: 0.36855 
89 - psnr: 26.050046496921116, ssim: 0.9479610946443345
Epoch:89/500
Total Loss: 0.40227 || Val Loss: 0.28265 
90 - psnr: 23.205639865663315, ssim: 0.9320922493934631
Epoch:90/500
Total Loss: 0.40432 || Val Loss: 0.31661 
91 - psnr: 23.339738104078506, ssim: 0.9345006333457099
Epoch:91/500
Total Loss: 0.40500 || Val Loss: 0.35691 
92 - psnr: 25.30299843682183, ssim: 0.9451546470324198
Epoch:92/500
Total Loss: 0.39980 || Val Loss: 0.29556 
93 - psnr: 25.53878953721788, ssim: 0.9456858767403497
Epoch:93/500
Total Loss: 0.39250 || Val Loss: 0.29212 
94 - psnr: 25.054280545976425, ssim: 0.9433788829379611
Epoch:94/500
Total Loss: 0.39188 || Val Loss: 0.29595 
95 - psnr: 25.541335900624592, ssim: 0.9451746556493971
Epoch:95/500
Total Loss: 0.39558 || Val Loss: 0.29500 
96 - psnr: 24.88226466708713, ssim: 0.9433562464184231
Epoch:96/500
Total Loss: 0.39539 || Val Loss: 0.30658 
97 - psnr: 25.483469009399414, ssim: 0.9456987129317389
Epoch:97/500
Total Loss: 0.39203 || Val Loss: 0.29829 
98 - psnr: 25.28028859032525, ssim: 0.9452193035019769
Epoch:98/500
Total Loss: 0.39585 || Val Loss: 0.29313 
99 - psnr: 24.031593587663437, ssim: 0.9382925748825073
Epoch:99/500
Total Loss: 0.39994 || Val Loss: 0.30940 
100 - psnr: 26.264725155300564, ssim: 0.9464060293303596
Epoch:100/500
Total Loss: 0.40344 || Val Loss: 0.28806 
101 - psnr: 24.765265411800808, ssim: 0.9425755235883925
Epoch:101/500
Total Loss: 0.39959 || Val Loss: 0.32498 
102 - psnr: 26.48696491453383, ssim: 0.948372687233819
Epoch:102/500
Total Loss: 0.40674 || Val Loss: 0.28127 
103 - psnr: 24.187191486358643, ssim: 0.9376602941089206
Epoch:103/500
Total Loss: 0.39879 || Val Loss: 0.32467 
104 - psnr: 24.5539198451572, ssim: 0.9414692746268378
Epoch:104/500
Total Loss: 0.39782 || Val Loss: 0.30408 
105 - psnr: 24.53735918468899, ssim: 0.9416343927383423
Epoch:105/500
Total Loss: 0.39436 || Val Loss: 0.30978 
106 - psnr: 25.008421685960556, ssim: 0.9434740861256917
Epoch:106/500
Total Loss: 0.39118 || Val Loss: 0.30499 
107 - psnr: 25.274744245741104, ssim: 0.9447863433096144
Epoch:107/500
Total Loss: 0.39242 || Val Loss: 0.30087 
108 - psnr: 25.154117849138046, ssim: 0.9444097346729703
Epoch:108/500
Total Loss: 0.38967 || Val Loss: 0.30284 
109 - psnr: 25.497024801042343, ssim: 0.9455103238423666
Epoch:109/500
Total Loss: 0.39163 || Val Loss: 0.29484 
110 - psnr: 26.639169110192192, ssim: 0.9489834997389052
Epoch:110/500
Total Loss: 0.39409 || Val Loss: 0.29194 
111 - psnr: 25.423261907365585, ssim: 0.9449109885427687
Epoch:111/500
Total Loss: 0.39364 || Val Loss: 0.31079 
112 - psnr: 26.59657515419854, ssim: 0.9482304745250278
Epoch:112/500
Total Loss: 0.39534 || Val Loss: 0.29284 
113 - psnr: 23.696036762661404, ssim: 0.9362095594406128
Epoch:113/500
Total Loss: 0.39630 || Val Loss: 0.33809 
114 - psnr: 27.917955981360542, ssim: 0.9512201428413392
Epoch:114/500
Total Loss: 0.39806 || Val Loss: 0.27661 
115 - psnr: 23.07495339711507, ssim: 0.9324608365694682
Epoch:115/500
Total Loss: 0.39735 || Val Loss: 0.31740 
116 - psnr: 25.753162066141766, ssim: 0.946038822333018
Epoch:116/500
Total Loss: 0.39519 || Val Loss: 0.29724 
117 - psnr: 25.891501744588215, ssim: 0.9461451172828674
Epoch:117/500
Total Loss: 0.39419 || Val Loss: 0.29856 
118 - psnr: 26.60608376397027, ssim: 0.9489969253540039
Epoch:118/500
Total Loss: 0.39387 || Val Loss: 0.28381 
119 - psnr: 25.28914366828071, ssim: 0.9447082943386502
Epoch:119/500
Total Loss: 0.39084 || Val Loss: 0.29716 
120 - psnr: 25.72528510623508, ssim: 0.9461237801445855
Epoch:120/500
Total Loss: 0.38986 || Val Loss: 0.29007 
121 - psnr: 25.330226315392387, ssim: 0.9449353138605754
Epoch:121/500
Total Loss: 0.39169 || Val Loss: 0.29848 
122 - psnr: 25.57466310924954, ssim: 0.9457744161287943
Epoch:122/500
Total Loss: 0.38909 || Val Loss: 0.29124 
123 - psnr: 25.771272871229385, ssim: 0.9461423688464694
Epoch:123/500
Total Loss: 0.39178 || Val Loss: 0.28428 
124 - psnr: 23.330365816752117, ssim: 0.9332738306787279
Epoch:124/500
Total Loss: 0.39463 || Val Loss: 0.31786 
125 - psnr: 23.84379047817654, ssim: 0.9380356603198581
Epoch:125/500
Total Loss: 0.39699 || Val Loss: 0.32130 
126 - psnr: 22.309350967407227, ssim: 0.9245929439862569
Epoch:126/500
Total Loss: 0.39517 || Val Loss: 0.37887 
127 - psnr: 26.55795086754693, ssim: 0.9478479517830742
Epoch:127/500
Total Loss: 0.39495 || Val Loss: 0.28821 
128 - psnr: 20.153685569763184, ssim: 0.9001074473063151
Epoch:128/500
Total Loss: 0.39674 || Val Loss: 0.39868 
129 - psnr: 26.383546299404568, ssim: 0.9469167775577969
Epoch:129/500
Total Loss: 0.39833 || Val Loss: 0.29120 
130 - psnr: 27.38177760442098, ssim: 0.9488676534758673
Epoch:130/500
Total Loss: 0.39291 || Val Loss: 0.28107 
131 - psnr: 25.239187982347275, ssim: 0.9438198857837253
Epoch:131/500
Total Loss: 0.38913 || Val Loss: 0.30324 
132 - psnr: 25.38754807578193, ssim: 0.9438021633360121
Epoch:132/500
Total Loss: 0.39295 || Val Loss: 0.29743 
133 - psnr: 25.324944496154785, ssim: 0.9443141433927748
Epoch:133/500
Total Loss: 0.38894 || Val Loss: 0.29706 
134 - psnr: 25.5821533203125, ssim: 0.9448933217260572
Epoch:134/500
Total Loss: 0.39002 || Val Loss: 0.29815 
135 - psnr: 25.94884416792128, ssim: 0.9461904605229695
Epoch:135/500
Total Loss: 0.38981 || Val Loss: 0.29005 
136 - psnr: 26.60879733827379, ssim: 0.9485255903667874
Epoch:136/500
Total Loss: 0.38787 || Val Loss: 0.28016 
137 - psnr: 23.414945602416992, ssim: 0.9347495012813144
Epoch:137/500
Total Loss: 0.39189 || Val Loss: 0.35501 
138 - psnr: 22.46919012069702, ssim: 0.9229956772592333
Epoch:138/500
Total Loss: 0.39150 || Val Loss: 0.37585 
139 - psnr: 25.426480611165363, ssim: 0.9450912104712592
Epoch:139/500
Total Loss: 0.40073 || Val Loss: 0.30015 
140 - psnr: 23.503462314605713, ssim: 0.9353058086501227
Epoch:140/500
Total Loss: 0.39447 || Val Loss: 0.30681 
141 - psnr: 25.685306072235107, ssim: 0.9447611239221361
Epoch:141/500
Total Loss: 0.39497 || Val Loss: 0.31339 
142 - psnr: 25.937085787455242, ssim: 0.9460509657859802
Epoch:142/500
Total Loss: 0.39040 || Val Loss: 0.30136 
143 - psnr: 25.417182551489937, ssim: 0.9449209226502313
Epoch:143/500
Total Loss: 0.38920 || Val Loss: 0.31552 
144 - psnr: 25.900702741410996, ssim: 0.9462956719928317
Epoch:144/500
Total Loss: 0.38905 || Val Loss: 0.31345 
145 - psnr: 25.531419807010227, ssim: 0.9451972047487894
Epoch:145/500
Total Loss: 0.39016 || Val Loss: 0.30715 
146 - psnr: 25.653538544972736, ssim: 0.9456837614377339
Epoch:146/500
Total Loss: 0.38858 || Val Loss: 0.30315 
147 - psnr: 24.78564585579766, ssim: 0.9425980687141419
Epoch:147/500
Total Loss: 0.38638 || Val Loss: 0.31789 
148 - psnr: 24.861207008361816, ssim: 0.942213217417399
Epoch:148/500
Total Loss: 0.38840 || Val Loss: 0.30515 
149 - psnr: 25.07388946745131, ssim: 0.944080830944909
Epoch:149/500
Total Loss: 0.38645 || Val Loss: 0.31168 
150 - psnr: 24.213355541229248, ssim: 0.9393523865275912
Epoch:150/500
Total Loss: 0.38906 || Val Loss: 0.32069 
151 - psnr: 22.06335539287991, ssim: 0.9270326972007752
Epoch:151/500
Total Loss: 0.39408 || Val Loss: 0.37074 
152 - psnr: 28.213403913709854, ssim: 0.9468690183427598
Epoch:152/500
Total Loss: 0.39610 || Val Loss: 0.28227 
153 - psnr: 24.33948500951131, ssim: 0.938122010231018
Epoch:153/500
Total Loss: 0.39795 || Val Loss: 0.30535 
154 - psnr: 24.50175926420424, ssim: 0.9409412913852268
Epoch:154/500
Total Loss: 0.39643 || Val Loss: 0.30346 
155 - psnr: 27.285277154710556, ssim: 0.9486393345726861
Epoch:155/500
Total Loss: 0.38761 || Val Loss: 0.28462 
156 - psnr: 25.257511032952202, ssim: 0.9438267880015903
Epoch:156/500
Total Loss: 0.39058 || Val Loss: 0.31935 
157 - psnr: 25.282482571072048, ssim: 0.9448454883363512
Epoch:157/500
Total Loss: 0.38798 || Val Loss: 0.29734 
158 - psnr: 25.615070237053764, ssim: 0.9454818487167358
Epoch:158/500
Total Loss: 0.38750 || Val Loss: 0.29954 
159 - psnr: 25.506217426723904, ssim: 0.9451040387153625
Epoch:159/500
Total Loss: 0.38867 || Val Loss: 0.30079 
160 - psnr: 24.867237673865425, ssim: 0.9421650184525384
Epoch:160/500
Total Loss: 0.38738 || Val Loss: 0.31213 
161 - psnr: 25.063622421688503, ssim: 0.9431502514415318
Epoch:161/500
Total Loss: 0.38887 || Val Loss: 0.30328 
162 - psnr: 24.71253236134847, ssim: 0.9412210424741109
Epoch:162/500
Total Loss: 0.38775 || Val Loss: 0.32691 
163 - psnr: 23.782292154100205, ssim: 0.9349547386169433
Epoch:163/500
Total Loss: 0.39167 || Val Loss: 0.31998 
164 - psnr: 26.317657947540283, ssim: 0.946551345454322
Epoch:164/500
Total Loss: 0.39197 || Val Loss: 0.29081 
165 - psnr: 27.737495846218533, ssim: 0.9489445977740818
Epoch:165/500
Total Loss: 0.39596 || Val Loss: 0.28211 
166 - psnr: 24.539481851789688, ssim: 0.9409923990567525
Epoch:166/500
Total Loss: 0.39768 || Val Loss: 0.32197 
167 - psnr: 26.3965810669793, ssim: 0.9472714675797357
Epoch:167/500
Total Loss: 0.39040 || Val Loss: 0.29099 
168 - psnr: 26.389198515150284, ssim: 0.9471722152498033
Epoch:168/500
Total Loss: 0.38698 || Val Loss: 0.29469 
169 - psnr: 25.526527404785156, ssim: 0.9444241735670301
Epoch:169/500
Total Loss: 0.38603 || Val Loss: 0.29780 
170 - psnr: 25.294842455122208, ssim: 0.9437796049647861
Epoch:170/500
Total Loss: 0.38672 || Val Loss: 0.30795 
171 - psnr: 25.661434332529705, ssim: 0.9448713858922323
Epoch:171/500
Total Loss: 0.38727 || Val Loss: 0.30221 
172 - psnr: 25.77965588039822, ssim: 0.9452262759208679
Epoch:172/500
Total Loss: 0.38722 || Val Loss: 0.30189 
173 - psnr: 25.964837710062664, ssim: 0.9464431431558397
Epoch:173/500
Total Loss: 0.38532 || Val Loss: 0.30055 
174 - psnr: 25.086100313398575, ssim: 0.9430206404791938
Epoch:174/500
Total Loss: 0.38642 || Val Loss: 0.29735 
175 - psnr: 27.427978038787842, ssim: 0.9487780465020074
Epoch:175/500
Total Loss: 0.38771 || Val Loss: 0.28766 
176 - psnr: 25.034296406639946, ssim: 0.9423136194547017
Epoch:176/500
Total Loss: 0.38906 || Val Loss: 0.32646 
177 - psnr: 25.617202599843342, ssim: 0.9460508531994289
Epoch:177/500
Total Loss: 0.39134 || Val Loss: 0.30619 
178 - psnr: 27.1332172287835, ssim: 0.948825188477834
Epoch:178/500
Total Loss: 0.39311 || Val Loss: 0.29273 
179 - psnr: 26.031299167209202, ssim: 0.945630223221249
Epoch:179/500
Total Loss: 0.39667 || Val Loss: 0.29904 
180 - psnr: 26.021761841244167, ssim: 0.9471207327312894
Epoch:180/500
Total Loss: 0.38998 || Val Loss: 0.30152 
181 - psnr: 25.003012127346462, ssim: 0.9431299646695455
Epoch:181/500
Total Loss: 0.38643 || Val Loss: 0.30657 
182 - psnr: 25.553680102030437, ssim: 0.945406084590488
Epoch:182/500
Total Loss: 0.38800 || Val Loss: 0.30088 
183 - psnr: 25.505443996853298, ssim: 0.944979006714291
Epoch:183/500
Total Loss: 0.38413 || Val Loss: 0.30974 
184 - psnr: 25.705863104926216, ssim: 0.9456510954433017
Epoch:184/500
Total Loss: 0.38303 || Val Loss: 0.30258 
185 - psnr: 25.9049105114407, ssim: 0.9461421728134155
Epoch:185/500
Total Loss: 0.38495 || Val Loss: 0.30333 
186 - psnr: 25.924494637383354, ssim: 0.9469364272223578
Epoch:186/500
Total Loss: 0.38780 || Val Loss: 0.30084 
187 - psnr: 25.219753159417046, ssim: 0.9442532791031731
Epoch:187/500
Total Loss: 0.38573 || Val Loss: 0.33052 
188 - psnr: 25.7755938106113, ssim: 0.9451948311593797
Epoch:188/500
Total Loss: 0.38858 || Val Loss: 0.30828 
189 - psnr: 27.74816714392768, ssim: 0.951320571369595
Epoch:189/500
Total Loss: 0.38947 || Val Loss: 0.28401 
190 - psnr: 25.947420438130695, ssim: 0.9450286865234375
Epoch:190/500
Total Loss: 0.39133 || Val Loss: 0.30937 
191 - psnr: 26.2622266875373, ssim: 0.945818120903439
Epoch:191/500
Total Loss: 0.39052 || Val Loss: 0.30913 
192 - psnr: 28.339203993479412, ssim: 0.9501111335224576
Epoch:192/500
Total Loss: 0.39112 || Val Loss: 0.27795 
193 - psnr: 25.391402827368843, ssim: 0.9432639771037632
Epoch:193/500
Total Loss: 0.39001 || Val Loss: 0.29938 
194 - psnr: 25.571724361843533, ssim: 0.9448283010058933
Epoch:194/500
Total Loss: 0.38853 || Val Loss: 0.30879 
195 - psnr: 25.6341659228007, ssim: 0.9453814930386013
Epoch:195/500
Total Loss: 0.38239 || Val Loss: 0.30697 
196 - psnr: 25.891508102416992, ssim: 0.9460036582416959
Epoch:196/500
Total Loss: 0.38471 || Val Loss: 0.30531 
197 - psnr: 25.765538745456272, ssim: 0.9457027395566304
Epoch:197/500
Total Loss: 0.38418 || Val Loss: 0.30679 
198 - psnr: 26.928680366939968, ssim: 0.9483533554606968
Epoch:198/500
Total Loss: 0.38473 || Val Loss: 0.29450 
199 - psnr: 24.505191220177544, ssim: 0.9410902341206868
Epoch:199/500
Total Loss: 0.38575 || Val Loss: 0.32506 
200 - psnr: 26.471724192301433, ssim: 0.9476349751154581
Epoch:200/500
Total Loss: 0.38303 || Val Loss: 0.29099 
201 - psnr: 25.265036794874405, ssim: 0.9441568771998088
Epoch:201/500
Total Loss: 0.38800 || Val Loss: 0.29794 
202 - psnr: 26.279911200205486, ssim: 0.9465653300285339
Epoch:202/500
Total Loss: 0.39085 || Val Loss: 0.31490 
203 - psnr: 28.671563996209038, ssim: 0.9498888585302565
Epoch:203/500
Total Loss: 0.38977 || Val Loss: 0.28183 
Best model saved at epoch —— 203, metric —— 28.671563996209038
Save best model to ./logs/2025_12_28_17_33_06/weights/best_metric_model.pth
204 - psnr: 27.321953614552815, ssim: 0.9488996810383267
Epoch:204/500
Total Loss: 0.38915 || Val Loss: 0.28928 
205 - psnr: 26.168326377868652, ssim: 0.9467351290914747
Epoch:205/500
Total Loss: 0.38726 || Val Loss: 0.30610 
206 - psnr: 25.076719548967148, ssim: 0.9430492096477084
Epoch:206/500
Total Loss: 0.38457 || Val Loss: 0.30774 
207 - psnr: 25.857562488979763, ssim: 0.9461890816688537
Epoch:207/500
Total Loss: 0.38642 || Val Loss: 0.30335 
208 - psnr: 25.254457738664414, ssim: 0.9441136201222737
Epoch:208/500
Total Loss: 0.38406 || Val Loss: 0.30978 
209 - psnr: 25.715417120191788, ssim: 0.9455561929278904
Epoch:209/500
Total Loss: 0.38342 || Val Loss: 0.30207 
210 - psnr: 25.707209216223823, ssim: 0.945655365784963
Epoch:210/500
Total Loss: 0.38263 || Val Loss: 0.30649 
211 - psnr: 26.624477916293674, ssim: 0.9478344572914972
Epoch:211/500
Total Loss: 0.38477 || Val Loss: 0.29331 
212 - psnr: 24.859883255428738, ssim: 0.9422453906801012
Epoch:212/500
Total Loss: 0.38449 || Val Loss: 0.31641 
213 - psnr: 26.728475252787273, ssim: 0.9476974381340875
Epoch:213/500
Total Loss: 0.38704 || Val Loss: 0.28756 
214 - psnr: 23.464562628004288, ssim: 0.9350312577353583
Epoch:214/500
Total Loss: 0.38730 || Val Loss: 0.34762 
215 - psnr: 25.247394137912327, ssim: 0.9434712065590752
Epoch:215/500
Total Loss: 0.38984 || Val Loss: 0.32817 
216 - psnr: 25.775182829962837, ssim: 0.9441554639074538
Epoch:216/500
Total Loss: 0.38957 || Val Loss: 0.31533 
217 - psnr: 24.139689657423233, ssim: 0.9387524684270223
Epoch:217/500
Total Loss: 0.38995 || Val Loss: 0.31684 
218 - psnr: 25.682304594251846, ssim: 0.9445230311817593
Epoch:218/500
Total Loss: 0.38780 || Val Loss: 0.29230 
219 - psnr: 26.486743397182888, ssim: 0.947305358780755
Epoch:219/500
Total Loss: 0.38248 || Val Loss: 0.30183 
220 - psnr: 25.777539253234863, ssim: 0.9451428890228272
Epoch:220/500
Total Loss: 0.38306 || Val Loss: 0.30316 
221 - psnr: 26.017132494184708, ssim: 0.9459619681040446
Epoch:221/500
Total Loss: 0.38408 || Val Loss: 0.29971 
222 - psnr: 26.008130338456894, ssim: 0.9460425191455417
Epoch:222/500
Total Loss: 0.38251 || Val Loss: 0.29943 
223 - psnr: 26.03370173772176, ssim: 0.9464625822173225
Epoch:223/500
Total Loss: 0.38630 || Val Loss: 0.29819 
224 - psnr: 25.789068910810684, ssim: 0.9457567771275838
Epoch:224/500
Total Loss: 0.38337 || Val Loss: 0.29666 
225 - psnr: 25.70932647917006, ssim: 0.9452221949895223
Epoch:225/500
Total Loss: 0.38329 || Val Loss: 0.29342 
226 - psnr: 27.5687550968594, ssim: 0.9501379887262981
Epoch:226/500
Total Loss: 0.38689 || Val Loss: 0.28866 
227 - psnr: 25.98369402355618, ssim: 0.9458916160795424
Epoch:227/500
Total Loss: 0.38686 || Val Loss: 0.29533 
228 - psnr: 25.85915920469496, ssim: 0.9453495184580485
Epoch:228/500
Total Loss: 0.38689 || Val Loss: 0.30486 
229 - psnr: 24.893718030717636, ssim: 0.942075584994422
Epoch:229/500
Total Loss: 0.38770 || Val Loss: 0.29353 
230 - psnr: 26.633252779642742, ssim: 0.9471694734361437
Epoch:230/500
Total Loss: 0.38747 || Val Loss: 0.30027 
231 - psnr: 26.46445761786567, ssim: 0.9467888659901089
Epoch:231/500
Total Loss: 0.38397 || Val Loss: 0.29382 
232 - psnr: 26.16677125295003, ssim: 0.9461819092432658
Epoch:232/500
Total Loss: 0.38466 || Val Loss: 0.29715 
233 - psnr: 25.811127768622505, ssim: 0.9453251361846924
Epoch:233/500
Total Loss: 0.38155 || Val Loss: 0.30188 
234 - psnr: 26.44398217731052, ssim: 0.9470218817392985
Epoch:234/500
Total Loss: 0.38413 || Val Loss: 0.29663 
235 - psnr: 26.281911744011772, ssim: 0.946849693192376
Epoch:235/500
Total Loss: 0.38111 || Val Loss: 0.29761 
236 - psnr: 25.77512264251709, ssim: 0.9450896739959717
Epoch:236/500
Total Loss: 0.38054 || Val Loss: 0.30286 
237 - psnr: 27.270789358350967, ssim: 0.9487039181921217
Epoch:237/500
Total Loss: 0.38230 || Val Loss: 0.28531 
238 - psnr: 26.224511358473038, ssim: 0.9473045905431111
Epoch:238/500
Total Loss: 0.38371 || Val Loss: 0.29578 
239 - psnr: 27.33083889219496, ssim: 0.9495328254169888
Epoch:239/500
Total Loss: 0.38572 || Val Loss: 0.28827 
240 - psnr: 26.35945251252916, ssim: 0.9450073268678453
Epoch:240/500
Total Loss: 0.39192 || Val Loss: 0.29860 
241 - psnr: 26.904559559292263, ssim: 0.9486614690886603
Epoch:241/500
Total Loss: 0.38638 || Val Loss: 0.29540 
242 - psnr: 26.965722666846382, ssim: 0.949450781610277
Epoch:242/500
Total Loss: 0.38627 || Val Loss: 0.29188 
243 - psnr: 25.25006373723348, ssim: 0.9447211398018731
Epoch:243/500
Total Loss: 0.38923 || Val Loss: 0.31415 
244 - psnr: 26.09831651051839, ssim: 0.9468978775872124
Epoch:244/500
Total Loss: 0.38634 || Val Loss: 0.29321 
245 - psnr: 26.60133038626777, ssim: 0.9479711996184454
Epoch:245/500
Total Loss: 0.38347 || Val Loss: 0.28890 
246 - psnr: 25.908539454142254, ssim: 0.9463316652509901
Epoch:246/500
Total Loss: 0.38191 || Val Loss: 0.30456 
247 - psnr: 26.289378537072075, ssim: 0.9475058158238728
Epoch:247/500
Total Loss: 0.38274 || Val Loss: 0.29645 
248 - psnr: 26.29636181725396, ssim: 0.9474246038330926
Epoch:248/500
Total Loss: 0.38258 || Val Loss: 0.29547 
249 - psnr: 26.09448062049018, ssim: 0.9468255175484551
Epoch:249/500
Total Loss: 0.37984 || Val Loss: 0.29725 
250 - psnr: 25.751485029856365, ssim: 0.9465010947651333
Epoch:250/500
Total Loss: 0.38399 || Val Loss: 0.29833 
Model saved at epoch 250 to ./logs/2025_12_28_17_33_06/weights/model_epoch_250.pth
251 - psnr: 26.00692017873128, ssim: 0.947077480951945
Epoch:251/500
Total Loss: 0.38478 || Val Loss: 0.29788 
252 - psnr: 26.582146962483723, ssim: 0.9478552685843573
Epoch:252/500
Total Loss: 0.38295 || Val Loss: 0.29363 
253 - psnr: 25.355626265207928, ssim: 0.9436649256282382
Epoch:253/500
Total Loss: 0.38772 || Val Loss: 0.30813 
254 - psnr: 27.642586284213596, ssim: 0.9499209033118354
Epoch:254/500
Total Loss: 0.38860 || Val Loss: 0.27749 
255 - psnr: 26.88566123114692, ssim: 0.9483428650432163
Epoch:255/500
Total Loss: 0.38799 || Val Loss: 0.28381 
256 - psnr: 26.62617778778076, ssim: 0.9477933247884115
Epoch:256/500
Total Loss: 0.38450 || Val Loss: 0.29563 
257 - psnr: 25.884079138437908, ssim: 0.9458940757645501
Epoch:257/500
Total Loss: 0.38371 || Val Loss: 0.29633 
258 - psnr: 26.190733697679306, ssim: 0.9469475547472636
Epoch:258/500
Total Loss: 0.38297 || Val Loss: 0.29623 
259 - psnr: 26.093704806433784, ssim: 0.946747264597151
Epoch:259/500
Total Loss: 0.38062 || Val Loss: 0.29826 
260 - psnr: 26.14030737347073, ssim: 0.9470356358422174
Epoch:260/500
Total Loss: 0.37985 || Val Loss: 0.29566 
261 - psnr: 26.13561413023207, ssim: 0.9466704805692037
Epoch:261/500
Total Loss: 0.38062 || Val Loss: 0.29716 
262 - psnr: 25.680991384718155, ssim: 0.9450131747457716
Epoch:262/500
Total Loss: 0.38186 || Val Loss: 0.30226 
263 - psnr: 26.267400635613335, ssim: 0.947534708182017
Epoch:263/500
Total Loss: 0.38301 || Val Loss: 0.29977 
264 - psnr: 28.048659907446968, ssim: 0.9508159690433078
Epoch:264/500
Total Loss: 0.38234 || Val Loss: 0.28633 
265 - psnr: 28.128559006585014, ssim: 0.9506866243150499
Epoch:265/500
Total Loss: 0.38462 || Val Loss: 0.28366 
266 - psnr: 25.13101816177368, ssim: 0.9431057373682658
Epoch:266/500
Total Loss: 0.38552 || Val Loss: 0.32814 
267 - psnr: 25.15482627020942, ssim: 0.9425948037041558
Epoch:267/500
Total Loss: 0.38726 || Val Loss: 0.32286 
268 - psnr: 27.216280884212917, ssim: 0.9488835533459982
Epoch:268/500
Total Loss: 0.38590 || Val Loss: 0.28790 
269 - psnr: 26.251633379194473, ssim: 0.9461575428644816
Epoch:269/500
Total Loss: 0.38142 || Val Loss: 0.29546 
270 - psnr: 25.403089735243057, ssim: 0.943968904018402
Epoch:270/500
Total Loss: 0.38346 || Val Loss: 0.31432 
271 - psnr: 26.65234088897705, ssim: 0.9482403662469652
Epoch:271/500
Total Loss: 0.38273 || Val Loss: 0.29596 
272 - psnr: 26.350697199503582, ssim: 0.9470171782705519
Epoch:272/500
Total Loss: 0.38309 || Val Loss: 0.29617 
273 - psnr: 26.39305697547065, ssim: 0.9475573831134372
Epoch:273/500
Total Loss: 0.37967 || Val Loss: 0.29637 
274 - psnr: 26.305695427788628, ssim: 0.9468175980779859
Epoch:274/500
Total Loss: 0.38087 || Val Loss: 0.29783 
275 - psnr: 27.19807306925456, ssim: 0.9488578902350532
Epoch:275/500
Total Loss: 0.38039 || Val Loss: 0.28925 
276 - psnr: 25.564539273579914, ssim: 0.9459367738829718
Epoch:276/500
Total Loss: 0.38159 || Val Loss: 0.31340 
277 - psnr: 27.13270049624973, ssim: 0.9491720424758063
Epoch:277/500
Total Loss: 0.38192 || Val Loss: 0.29542 
278 - psnr: 28.220548099941677, ssim: 0.949698167377048
Epoch:278/500
Total Loss: 0.38450 || Val Loss: 0.29235 
279 - psnr: 24.35715463426378, ssim: 0.9397347105873955
Epoch:279/500
Total Loss: 0.38620 || Val Loss: 0.32697 
280 - psnr: 27.525238513946533, ssim: 0.9493409620390998
Epoch:280/500
Total Loss: 0.38526 || Val Loss: 0.29242 
281 - psnr: 26.805781735314262, ssim: 0.9478030403455099
Epoch:281/500
Total Loss: 0.38266 || Val Loss: 0.29517 
282 - psnr: 26.586964395311142, ssim: 0.9478982435332404
Epoch:282/500
Total Loss: 0.38415 || Val Loss: 0.28925 
283 - psnr: 26.239770942264133, ssim: 0.9469532529513042
Epoch:283/500
Total Loss: 0.38179 || Val Loss: 0.29435 
284 - psnr: 25.996122307247585, ssim: 0.9464659611384074
Epoch:284/500
Total Loss: 0.38279 || Val Loss: 0.29856 
285 - psnr: 26.056278387705486, ssim: 0.9464810954199897
Epoch:285/500
Total Loss: 0.38027 || Val Loss: 0.29855 
286 - psnr: 26.036168734232586, ssim: 0.9463598397043016
Epoch:286/500
Total Loss: 0.38141 || Val Loss: 0.29520 
287 - psnr: 26.38120852576362, ssim: 0.9467618412441677
Epoch:287/500
Total Loss: 0.38065 || Val Loss: 0.29705 
288 - psnr: 26.149999300638836, ssim: 0.9461472776201036
Epoch:288/500
Total Loss: 0.38264 || Val Loss: 0.29793 
289 - psnr: 26.881475077735054, ssim: 0.9477858463923137
Epoch:289/500
Total Loss: 0.38296 || Val Loss: 0.29728 
290 - psnr: 26.306206438276504, ssim: 0.9460727704895867
Epoch:290/500
Total Loss: 0.38012 || Val Loss: 0.30310 
291 - psnr: 25.498064359029133, ssim: 0.9425250596470303
Epoch:291/500
Total Loss: 0.38482 || Val Loss: 0.31952 
292 - psnr: 24.847893132103813, ssim: 0.9418462157249451
Epoch:292/500
Total Loss: 0.38410 || Val Loss: 0.31016 
293 - psnr: 25.392201635572647, ssim: 0.9437211672465007
Epoch:293/500
Total Loss: 0.38405 || Val Loss: 0.30786 
294 - psnr: 25.90147352218628, ssim: 0.9457754757669237
Epoch:294/500
Total Loss: 0.38544 || Val Loss: 0.29949 
295 - psnr: 26.6334564420912, ssim: 0.9479605621761746
Epoch:295/500
Total Loss: 0.38027 || Val Loss: 0.29391 
296 - psnr: 26.34113449520535, ssim: 0.9474954962730407
Epoch:296/500
Total Loss: 0.38161 || Val Loss: 0.29946 
297 - psnr: 26.339124785529243, ssim: 0.9473294456799825
Epoch:297/500
Total Loss: 0.38091 || Val Loss: 0.29806 
298 - psnr: 26.334826363457573, ssim: 0.9469371994336446
Epoch:298/500
Total Loss: 0.38283 || Val Loss: 0.29826 
299 - psnr: 26.205224619971382, ssim: 0.9464336421754626
Epoch:299/500
Total Loss: 0.38125 || Val Loss: 0.29762 
300 - psnr: 25.758556207021076, ssim: 0.9445433974266052
Epoch:300/500
Total Loss: 0.38021 || Val Loss: 0.30745 
301 - psnr: 26.06468121210734, ssim: 0.9457068072424994
Epoch:301/500
Total Loss: 0.37927 || Val Loss: 0.30024 
302 - psnr: 27.009939193725586, ssim: 0.9485484772258335
Epoch:302/500
Total Loss: 0.38167 || Val Loss: 0.29400 
303 - psnr: 25.79659393098619, ssim: 0.9455573028988309
Epoch:303/500
Total Loss: 0.38311 || Val Loss: 0.31179 
304 - psnr: 28.832458549075657, ssim: 0.9507159895367092
Epoch:304/500
Total Loss: 0.38494 || Val Loss: 0.28222 
Best model saved at epoch —— 304, metric —— 28.832458549075657
Save best model to ./logs/2025_12_28_17_33_06/weights/best_metric_model.pth
305 - psnr: 25.951390319400364, ssim: 0.9458695186509026
Epoch:305/500
Total Loss: 0.38649 || Val Loss: 0.29306 
306 - psnr: 25.431818697187637, ssim: 0.9427746150228712
Epoch:306/500
Total Loss: 0.38584 || Val Loss: 0.31512 
307 - psnr: 26.56580071979099, ssim: 0.9481135209401449
Epoch:307/500
Total Loss: 0.38350 || Val Loss: 0.29081 
308 - psnr: 26.333163102467854, ssim: 0.9469341503249274
Epoch:308/500
Total Loss: 0.38531 || Val Loss: 0.29476 
309 - psnr: 26.156244807773167, ssim: 0.9463722427686055
Epoch:309/500
Total Loss: 0.37969 || Val Loss: 0.30354 
310 - psnr: 26.258448388841416, ssim: 0.9464330077171326
Epoch:310/500
Total Loss: 0.38140 || Val Loss: 0.30169 
311 - psnr: 26.374278863271076, ssim: 0.9470953106880188
Epoch:311/500
Total Loss: 0.38005 || Val Loss: 0.30070 
312 - psnr: 26.68286392423842, ssim: 0.9477939287821452
Epoch:312/500
Total Loss: 0.38000 || Val Loss: 0.29932 
313 - psnr: 26.9192476272583, ssim: 0.9480137546857198
Epoch:313/500
Total Loss: 0.37863 || Val Loss: 0.29680 
314 - psnr: 26.83139239417182, ssim: 0.9483868850602044
Epoch:314/500
Total Loss: 0.37973 || Val Loss: 0.30306 
315 - psnr: 26.69541072845459, ssim: 0.9485198166635301
Epoch:315/500
Total Loss: 0.38177 || Val Loss: 0.29824 
316 - psnr: 24.193344804975723, ssim: 0.939404653178321
Epoch:316/500
Total Loss: 0.38647 || Val Loss: 0.34560 
317 - psnr: 26.18249691857232, ssim: 0.9460497856140136
Epoch:317/500
Total Loss: 0.38311 || Val Loss: 0.30024 
318 - psnr: 25.30338584052192, ssim: 0.9438565664821201
Epoch:318/500
Total Loss: 0.38250 || Val Loss: 0.31093 
319 - psnr: 26.538875526852078, ssim: 0.9468054718441433
Epoch:319/500
Total Loss: 0.38222 || Val Loss: 0.30058 
320 - psnr: 26.7706429693434, ssim: 0.9470750212669372
Epoch:320/500
Total Loss: 0.37955 || Val Loss: 0.29244 
321 - psnr: 26.525065898895264, ssim: 0.9476912524965074
Epoch:321/500
Total Loss: 0.37997 || Val Loss: 0.29979 
322 - psnr: 26.29821401172214, ssim: 0.9468849897384644
Epoch:322/500
Total Loss: 0.37863 || Val Loss: 0.29857 
323 - psnr: 26.132153352101643, ssim: 0.9460970865355598
Epoch:323/500
Total Loss: 0.37793 || Val Loss: 0.30032 
324 - psnr: 26.45800166659885, ssim: 0.9476947453286912
Epoch:324/500
Total Loss: 0.38066 || Val Loss: 0.29830 
325 - psnr: 27.210719214545357, ssim: 0.9490747465027703
Epoch:325/500
Total Loss: 0.38026 || Val Loss: 0.29494 
326 - psnr: 27.304251776801216, ssim: 0.9494019283188714
Epoch:326/500
Total Loss: 0.38200 || Val Loss: 0.30068 
327 - psnr: 24.64291371239556, ssim: 0.9380407399601407
Epoch:327/500
Total Loss: 0.38164 || Val Loss: 0.31252 
328 - psnr: 24.40926260418362, ssim: 0.9393990291489496
Epoch:328/500
Total Loss: 0.38139 || Val Loss: 0.33732 
329 - psnr: 26.84585862689548, ssim: 0.94765242073271
Epoch:329/500
Total Loss: 0.38183 || Val Loss: 0.30404 
330 - psnr: 26.04844829771254, ssim: 0.9463692254490322
Epoch:330/500
Total Loss: 0.38456 || Val Loss: 0.30289 
331 - psnr: 27.102552202012802, ssim: 0.9494802925321791
Epoch:331/500
Total Loss: 0.38240 || Val Loss: 0.28781 
332 - psnr: 25.701709853278267, ssim: 0.9448019199901156
Epoch:332/500
Total Loss: 0.37981 || Val Loss: 0.30969 
333 - psnr: 26.616623666551376, ssim: 0.9484315567546421
Epoch:333/500
Total Loss: 0.38118 || Val Loss: 0.29073 
334 - psnr: 26.34084913465712, ssim: 0.9469243446985881
Epoch:334/500
Total Loss: 0.37836 || Val Loss: 0.29971 
335 - psnr: 26.452721701727974, ssim: 0.9475354499287075
Epoch:335/500
Total Loss: 0.37900 || Val Loss: 0.29678 
336 - psnr: 26.501637405819363, ssim: 0.947752673096127
Epoch:336/500
Total Loss: 0.37781 || Val Loss: 0.29776 
337 - psnr: 26.413137329949272, ssim: 0.9475573605961269
Epoch:337/500
Total Loss: 0.37891 || Val Loss: 0.29873 
338 - psnr: 26.00849045647515, ssim: 0.9461587879392835
Epoch:338/500
Total Loss: 0.37939 || Val Loss: 0.30326 
339 - psnr: 25.84703614976671, ssim: 0.9458478252092998
Epoch:339/500
Total Loss: 0.38074 || Val Loss: 0.30040 
340 - psnr: 25.986281236012776, ssim: 0.9446931627061632
Epoch:340/500
Total Loss: 0.38045 || Val Loss: 0.30153 
341 - psnr: 24.955201413896347, ssim: 0.9402448481983608
Epoch:341/500
Total Loss: 0.38137 || Val Loss: 0.31532 
342 - psnr: 25.074945555792915, ssim: 0.9408615244759454
Epoch:342/500
Total Loss: 0.38282 || Val Loss: 0.29956 
343 - psnr: 25.687568770514595, ssim: 0.9445520652665033
Epoch:343/500
Total Loss: 0.38290 || Val Loss: 0.31632 
344 - psnr: 28.16583718193902, ssim: 0.9512529677814907
Epoch:344/500
Total Loss: 0.38415 || Val Loss: 0.27902 
345 - psnr: 25.458925194210476, ssim: 0.9445556124051412
Epoch:345/500
Total Loss: 0.38313 || Val Loss: 0.31127 
346 - psnr: 27.010299099816216, ssim: 0.9491205162472195
Epoch:346/500
Total Loss: 0.37936 || Val Loss: 0.29226 
347 - psnr: 26.278588665856255, ssim: 0.9473839892281426
Epoch:347/500
Total Loss: 0.37997 || Val Loss: 0.29794 
348 - psnr: 26.4648019472758, ssim: 0.9476924631330702
Epoch:348/500
Total Loss: 0.37932 || Val Loss: 0.29825 
349 - psnr: 26.358912997775608, ssim: 0.9478306730588277
Epoch:349/500
Total Loss: 0.37971 || Val Loss: 0.29945 
350 - psnr: 26.557176113128662, ssim: 0.9480988754166497
Epoch:350/500
Total Loss: 0.38041 || Val Loss: 0.29727 
351 - psnr: 26.717501322428387, ssim: 0.9478939917352465
Epoch:351/500
Total Loss: 0.37685 || Val Loss: 0.30368 
352 - psnr: 27.84017319149441, ssim: 0.9504255996810065
Epoch:352/500
Total Loss: 0.37896 || Val Loss: 0.28445 
353 - psnr: 26.714029788970947, ssim: 0.9470966378847758
Epoch:353/500
Total Loss: 0.38091 || Val Loss: 0.30525 
354 - psnr: 26.89281760321723, ssim: 0.9475629700554742
Epoch:354/500
Total Loss: 0.38226 || Val Loss: 0.29726 
355 - psnr: 25.82803667916192, ssim: 0.9451785259776645
Epoch:355/500
Total Loss: 0.38231 || Val Loss: 0.30955 
356 - psnr: 27.82588619656033, ssim: 0.9505117230945164
Epoch:356/500
Total Loss: 0.38450 || Val Loss: 0.28145 
357 - psnr: 24.705910841623943, ssim: 0.9404833594957988
Epoch:357/500
Total Loss: 0.38336 || Val Loss: 0.33546 
358 - psnr: 26.955685986412895, ssim: 0.9490654786427816
Epoch:358/500
Total Loss: 0.37979 || Val Loss: 0.29416 
359 - psnr: 26.55966393152873, ssim: 0.9474923107359144
Epoch:359/500
Total Loss: 0.38146 || Val Loss: 0.29145 
360 - psnr: 26.45877202351888, ssim: 0.9475682391060724
Epoch:360/500
Total Loss: 0.37758 || Val Loss: 0.29445 
361 - psnr: 26.411580562591553, ssim: 0.9472052666876051
Epoch:361/500
Total Loss: 0.37831 || Val Loss: 0.29773 
362 - psnr: 26.62260405222575, ssim: 0.9479195872942606
Epoch:362/500
Total Loss: 0.37642 || Val Loss: 0.29572 
363 - psnr: 27.156496047973633, ssim: 0.9493434932496813
Epoch:363/500
Total Loss: 0.37842 || Val Loss: 0.29201 
364 - psnr: 26.796107398139107, ssim: 0.9479864186710781
Epoch:364/500
Total Loss: 0.37821 || Val Loss: 0.29763 
365 - psnr: 25.382770432366264, ssim: 0.9436256408691406
Epoch:365/500
Total Loss: 0.37910 || Val Loss: 0.31741 
366 - psnr: 25.948329713609482, ssim: 0.9467036088307699
Epoch:366/500
Total Loss: 0.38139 || Val Loss: 0.32107 
367 - psnr: 26.770039134555393, ssim: 0.9489048149850633
Epoch:367/500
Total Loss: 0.38321 || Val Loss: 0.29689 
368 - psnr: 24.5446580780877, ssim: 0.9410799927181668
Epoch:368/500
Total Loss: 0.38421 || Val Loss: 0.32800 
369 - psnr: 26.329352643754746, ssim: 0.9475203765763177
Epoch:369/500
Total Loss: 0.38100 || Val Loss: 0.31528 
370 - psnr: 26.186791314019096, ssim: 0.9455030335320367
Epoch:370/500
Total Loss: 0.37874 || Val Loss: 0.29484 
371 - psnr: 26.50261984931098, ssim: 0.9475874874326918
Epoch:371/500
Total Loss: 0.38076 || Val Loss: 0.29147 
372 - psnr: 26.645042260487873, ssim: 0.9477709253629049
Epoch:372/500
Total Loss: 0.37788 || Val Loss: 0.28915 
373 - psnr: 26.252353032430012, ssim: 0.9470504032240974
Epoch:373/500
Total Loss: 0.37733 || Val Loss: 0.29463 
374 - psnr: 26.424182573954266, ssim: 0.9469878183470832
Epoch:374/500
Total Loss: 0.37785 || Val Loss: 0.29461 
375 - psnr: 26.212761137220596, ssim: 0.9466025127304925
Epoch:375/500
Total Loss: 0.38176 || Val Loss: 0.29638 
376 - psnr: 26.248959223429363, ssim: 0.9465375595622593
Epoch:376/500
Total Loss: 0.37833 || Val Loss: 0.30100 
377 - psnr: 26.668060567643906, ssim: 0.9480321486790975
Epoch:377/500
Total Loss: 0.37857 || Val Loss: 0.29557 
378 - psnr: 26.249308427174885, ssim: 0.946414323647817
Epoch:378/500
Total Loss: 0.37950 || Val Loss: 0.32004 
379 - psnr: 28.125020768907333, ssim: 0.9500759402910869
Epoch:379/500
Total Loss: 0.38262 || Val Loss: 0.28683 
380 - psnr: 26.971284283532036, ssim: 0.9478949771987067
Epoch:380/500
Total Loss: 0.38213 || Val Loss: 0.30125 
381 - psnr: 25.740068859524197, ssim: 0.9447172469562954
Epoch:381/500
Total Loss: 0.38558 || Val Loss: 0.29096 
382 - psnr: 27.229585117763943, ssim: 0.9495200673739116
Epoch:382/500
Total Loss: 0.38088 || Val Loss: 0.28717 
383 - psnr: 26.851634979248047, ssim: 0.9488230241669549
Epoch:383/500
Total Loss: 0.38092 || Val Loss: 0.29465 
384 - psnr: 26.11136505338881, ssim: 0.9467826207478841
Epoch:384/500
Total Loss: 0.37950 || Val Loss: 0.31065 
385 - psnr: 26.675313737657333, ssim: 0.9485350184970431
Epoch:385/500
Total Loss: 0.37983 || Val Loss: 0.30217 
386 - psnr: 26.517753018273247, ssim: 0.947843627134959
Epoch:386/500
Total Loss: 0.37948 || Val Loss: 0.30806 
387 - psnr: 26.608456982506645, ssim: 0.948122665617201
Epoch:387/500
Total Loss: 0.37705 || Val Loss: 0.30576 
388 - psnr: 26.445408715142143, ssim: 0.9475937512185838
Epoch:388/500
Total Loss: 0.38078 || Val Loss: 0.30409 
389 - psnr: 26.67442496617635, ssim: 0.948190090391371
Epoch:389/500
Total Loss: 0.37723 || Val Loss: 0.29635 
390 - psnr: 25.36808141072591, ssim: 0.943769097328186
Epoch:390/500
Total Loss: 0.37914 || Val Loss: 0.31098 
391 - psnr: 25.720207532246906, ssim: 0.9455163439114889
Epoch:391/500
Total Loss: 0.37882 || Val Loss: 0.31023 
392 - psnr: 27.508413473765057, ssim: 0.9503543986214532
Epoch:392/500
Total Loss: 0.38122 || Val Loss: 0.29098 
393 - psnr: 27.519246313307022, ssim: 0.9504314422607422
Epoch:393/500
Total Loss: 0.38028 || Val Loss: 0.29157 
394 - psnr: 26.175049304962158, ssim: 0.9470634327994453
Epoch:394/500
Total Loss: 0.38069 || Val Loss: 0.29874 
395 - psnr: 27.508192433251274, ssim: 0.9502890374925401
Epoch:395/500
Total Loss: 0.37844 || Val Loss: 0.29350 
396 - psnr: 25.998604509565567, ssim: 0.9454985896746317
Epoch:396/500
Total Loss: 0.38010 || Val Loss: 0.30559 
397 - psnr: 26.895219802856445, ssim: 0.9490058488316007
Epoch:397/500
Total Loss: 0.38035 || Val Loss: 0.29340 
398 - psnr: 26.614685482449, ssim: 0.9482638743188646
Epoch:398/500
Total Loss: 0.37954 || Val Loss: 0.29588 
399 - psnr: 26.541909058888752, ssim: 0.9479653742578295
Epoch:399/500
Total Loss: 0.37886 || Val Loss: 0.29675 
400 - psnr: 26.638812912835014, ssim: 0.9482936514748468
Epoch:400/500
Total Loss: 0.37695 || Val Loss: 0.29429 
401 - psnr: 26.368484285142685, ssim: 0.947319151295556
Epoch:401/500
Total Loss: 0.37854 || Val Loss: 0.30026 
402 - psnr: 26.861277792188858, ssim: 0.9479549765586853
Epoch:402/500
Total Loss: 0.37824 || Val Loss: 0.29201 
403 - psnr: 26.349853568606907, ssim: 0.946423508061303
Epoch:403/500
Total Loss: 0.37889 || Val Loss: 0.30077 
404 - psnr: 27.35488160451253, ssim: 0.950367193751865
Epoch:404/500
Total Loss: 0.37962 || Val Loss: 0.28610 
405 - psnr: 25.785892539554172, ssim: 0.9463938275973002
Epoch:405/500
Total Loss: 0.37941 || Val Loss: 0.32043 
406 - psnr: 25.028020699818928, ssim: 0.941469653447469
Epoch:406/500
Total Loss: 0.38342 || Val Loss: 0.32070 
407 - psnr: 25.750794304741753, ssim: 0.9462817814615038
Epoch:407/500
Total Loss: 0.38342 || Val Loss: 0.31161 
408 - psnr: 28.048955069647896, ssim: 0.9512918538517422
Epoch:408/500
Total Loss: 0.38204 || Val Loss: 0.29148 
409 - psnr: 26.644764582316082, ssim: 0.948575747013092
Epoch:409/500
Total Loss: 0.37701 || Val Loss: 0.29652 
410 - psnr: 26.060275024837917, ssim: 0.9464167224036323
Epoch:410/500
Total Loss: 0.37711 || Val Loss: 0.30404 
411 - psnr: 26.564318392011856, ssim: 0.9481797774632772
Epoch:411/500
Total Loss: 0.37894 || Val Loss: 0.30139 
412 - psnr: 26.5041307343377, ssim: 0.9480604635344612
Epoch:412/500
Total Loss: 0.37681 || Val Loss: 0.30001 
413 - psnr: 26.584314346313477, ssim: 0.9485346264309353
Epoch:413/500
Total Loss: 0.37915 || Val Loss: 0.29642 
414 - psnr: 27.102878358629013, ssim: 0.9486891084247165
Epoch:414/500
Total Loss: 0.37975 || Val Loss: 0.30030 
415 - psnr: 26.58281162050035, ssim: 0.9482576476203071
Epoch:415/500
Total Loss: 0.37858 || Val Loss: 0.29997 
416 - psnr: 27.57148445977105, ssim: 0.9503108501434326
Epoch:416/500
Total Loss: 0.38317 || Val Loss: 0.29727 
417 - psnr: 28.059644646114773, ssim: 0.9511478106180827
Epoch:417/500
Total Loss: 0.37917 || Val Loss: 0.28988 
418 - psnr: 27.032094054751926, ssim: 0.9500801179144117
Epoch:418/500
Total Loss: 0.38154 || Val Loss: 0.29435 
419 - psnr: 26.75807370079888, ssim: 0.9485795934995015
Epoch:419/500
Total Loss: 0.38057 || Val Loss: 0.29275 
420 - psnr: 26.51248942481147, ssim: 0.9472024414274428
Epoch:420/500
Total Loss: 0.37835 || Val Loss: 0.30328 
421 - psnr: 27.33207109239366, ssim: 0.9505007796817355
Epoch:421/500
Total Loss: 0.37831 || Val Loss: 0.30222 
422 - psnr: 26.566440688239204, ssim: 0.9483390423986647
Epoch:422/500
Total Loss: 0.37739 || Val Loss: 0.30414 
423 - psnr: 26.529279126061333, ssim: 0.9482132024235196
Epoch:423/500
Total Loss: 0.37611 || Val Loss: 0.30594 
424 - psnr: 26.598224269019234, ssim: 0.9485306302706401
Epoch:424/500
Total Loss: 0.37719 || Val Loss: 0.30448 
425 - psnr: 26.533403237660725, ssim: 0.9486801041497125
Epoch:425/500
Total Loss: 0.37756 || Val Loss: 0.31165 
426 - psnr: 26.432601239946152, ssim: 0.9477579938040839
Epoch:426/500
Total Loss: 0.37776 || Val Loss: 0.30620 
427 - psnr: 26.964350594414604, ssim: 0.9493673894140455
Epoch:427/500
Total Loss: 0.37671 || Val Loss: 0.30342 
428 - psnr: 26.179631498124863, ssim: 0.9471207062403361
Epoch:428/500
Total Loss: 0.37872 || Val Loss: 0.30146 
429 - psnr: 27.727569527096218, ssim: 0.9504172563552856
Epoch:429/500
Total Loss: 0.37999 || Val Loss: 0.30308 
430 - psnr: 23.66206932067871, ssim: 0.9367109205987718
Epoch:430/500
Total Loss: 0.38091 || Val Loss: 0.37986 
431 - psnr: 26.423994329240585, ssim: 0.947390251689487
Epoch:431/500
Total Loss: 0.38246 || Val Loss: 0.30652 
432 - psnr: 26.744226720598007, ssim: 0.9481480730904474
Epoch:432/500
Total Loss: 0.38105 || Val Loss: 0.29718 
433 - psnr: 27.025623957316082, ssim: 0.9497764521174961
Epoch:433/500
Total Loss: 0.37963 || Val Loss: 0.29543 
434 - psnr: 26.61531988779704, ssim: 0.9488711184925503
Epoch:434/500
Total Loss: 0.37986 || Val Loss: 0.30933 
435 - psnr: 27.080714967515732, ssim: 0.9490487191412184
Epoch:435/500
Total Loss: 0.37628 || Val Loss: 0.30205 
436 - psnr: 26.606329176161026, ssim: 0.9486800140804714
Epoch:436/500
Total Loss: 0.37672 || Val Loss: 0.30421 
437 - psnr: 26.702871057722305, ssim: 0.9487735602590773
Epoch:437/500
Total Loss: 0.37525 || Val Loss: 0.30515 
438 - psnr: 27.041950755649143, ssim: 0.9498225291570027
Epoch:438/500
Total Loss: 0.37616 || Val Loss: 0.29927 
439 - psnr: 27.117162068684895, ssim: 0.9504255043135749
Epoch:439/500
Total Loss: 0.37830 || Val Loss: 0.29873 
440 - psnr: 27.133840613894993, ssim: 0.9495078629917568
Epoch:440/500
Total Loss: 0.37739 || Val Loss: 0.29682 
441 - psnr: 25.418399175008137, ssim: 0.9453156762652927
Epoch:441/500
Total Loss: 0.37793 || Val Loss: 0.32421 
442 - psnr: 26.80024226506551, ssim: 0.9493079450395372
Epoch:442/500
Total Loss: 0.38021 || Val Loss: 0.29136 
443 - psnr: 26.720925913916695, ssim: 0.9486586292584737
Epoch:443/500
Total Loss: 0.38270 || Val Loss: 0.29870 
444 - psnr: 25.070643107096355, ssim: 0.9431909534666273
Epoch:444/500
Total Loss: 0.37956 || Val Loss: 0.32774 
445 - psnr: 26.075219949086506, ssim: 0.9464480638504028
Epoch:445/500
Total Loss: 0.38253 || Val Loss: 0.30730 
446 - psnr: 26.4247571627299, ssim: 0.9480402112007141
Epoch:446/500
Total Loss: 0.37558 || Val Loss: 0.30575 
447 - psnr: 26.43901300430298, ssim: 0.9481076704131233
Epoch:447/500
Total Loss: 0.37738 || Val Loss: 0.29954 
448 - psnr: 26.235055923461914, ssim: 0.9477135525809394
Epoch:448/500
Total Loss: 0.37757 || Val Loss: 0.30423 
449 - psnr: 26.677980264027912, ssim: 0.9483086599244012
Epoch:449/500
Total Loss: 0.37573 || Val Loss: 0.30057 
450 - psnr: 26.70180262459649, ssim: 0.9491962869962056
Epoch:450/500
Total Loss: 0.37840 || Val Loss: 0.29968 
451 - psnr: 26.517600059509277, ssim: 0.9482291579246521
Epoch:451/500
Total Loss: 0.37787 || Val Loss: 0.30459 
452 - psnr: 26.13324949476454, ssim: 0.9465236928727891
Epoch:452/500
Total Loss: 0.37669 || Val Loss: 0.30729 
453 - psnr: 27.076093620724148, ssim: 0.9489307986365424
Epoch:453/500
Total Loss: 0.37963 || Val Loss: 0.29783 
454 - psnr: 24.57176658842299, ssim: 0.9397505442301433
Epoch:454/500
Total Loss: 0.37953 || Val Loss: 0.35877 
455 - psnr: 26.666020075480144, ssim: 0.9473551140891181
Epoch:455/500
Total Loss: 0.38582 || Val Loss: 0.31092 
456 - psnr: 27.664603180355495, ssim: 0.9502684222327338
Epoch:456/500
Total Loss: 0.38495 || Val Loss: 0.28380 
457 - psnr: 26.308111826578777, ssim: 0.9470045354631212
Epoch:457/500
Total Loss: 0.38118 || Val Loss: 0.30461 
458 - psnr: 27.173209879133438, ssim: 0.9497075809372796
Epoch:458/500
Total Loss: 0.37925 || Val Loss: 0.29466 
459 - psnr: 26.967298295762802, ssim: 0.9489943941434225
Epoch:459/500
Total Loss: 0.37743 || Val Loss: 0.29647 
460 - psnr: 26.794067488776314, ssim: 0.9489686952696906
Epoch:460/500
Total Loss: 0.38002 || Val Loss: 0.29898 
461 - psnr: 26.713602277967667, ssim: 0.9487359987364875
Epoch:461/500
Total Loss: 0.37559 || Val Loss: 0.30246 
462 - psnr: 26.842337237464058, ssim: 0.9493202924728393
Epoch:462/500
Total Loss: 0.37738 || Val Loss: 0.29694 
463 - psnr: 26.718408849504257, ssim: 0.9492448767026266
Epoch:463/500
Total Loss: 0.37740 || Val Loss: 0.29872 
464 - psnr: 26.511767864227295, ssim: 0.9478625416755676
Epoch:464/500
Total Loss: 0.37603 || Val Loss: 0.30611 
465 - psnr: 26.12297550837199, ssim: 0.946037330892351
Epoch:465/500
Total Loss: 0.37504 || Val Loss: 0.31306 
466 - psnr: 26.209272702534992, ssim: 0.9458264218436347
Epoch:466/500
Total Loss: 0.38065 || Val Loss: 0.32014 
467 - psnr: 26.00152497821384, ssim: 0.9471214400397406
Epoch:467/500
Total Loss: 0.37626 || Val Loss: 0.31218 
468 - psnr: 25.77118704054091, ssim: 0.9455928325653076
Epoch:468/500
Total Loss: 0.38006 || Val Loss: 0.29859 
469 - psnr: 27.500405417548286, ssim: 0.9506799949540032
Epoch:469/500
Total Loss: 0.37712 || Val Loss: 0.28908 
470 - psnr: 25.526903735266792, ssim: 0.9439021865526835
Epoch:470/500
Total Loss: 0.37722 || Val Loss: 0.30911 
471 - psnr: 26.535578568776447, ssim: 0.9490049534373813
Epoch:471/500
Total Loss: 0.37988 || Val Loss: 0.29806 
472 - psnr: 26.63328472773234, ssim: 0.9483921315934923
Epoch:472/500
Total Loss: 0.37883 || Val Loss: 0.29742 
473 - psnr: 26.925460815429688, ssim: 0.9492746882968479
Epoch:473/500
Total Loss: 0.37722 || Val Loss: 0.29685 
474 - psnr: 26.761890093485516, ssim: 0.9490984068976508
Epoch:474/500
Total Loss: 0.37595 || Val Loss: 0.29590 
475 - psnr: 26.740460236867268, ssim: 0.9488802790641785
Epoch:475/500
Total Loss: 0.37920 || Val Loss: 0.29776 
476 - psnr: 26.60306978225708, ssim: 0.9487003472116259
Epoch:476/500
Total Loss: 0.37657 || Val Loss: 0.30014 
477 - psnr: 27.172677834828693, ssim: 0.9498885154724122
Epoch:477/500
Total Loss: 0.37325 || Val Loss: 0.29619 
478 - psnr: 26.821744441986084, ssim: 0.9494805720117357
Epoch:478/500
Total Loss: 0.37664 || Val Loss: 0.30241 
479 - psnr: 26.051699214511448, ssim: 0.9465989099608527
Epoch:479/500
Total Loss: 0.37821 || Val Loss: 0.30605 
480 - psnr: 26.99804751078288, ssim: 0.9505141192012363
Epoch:480/500
Total Loss: 0.37970 || Val Loss: 0.30254 
481 - psnr: 26.08737352159288, ssim: 0.9474343895912171
Epoch:481/500
Total Loss: 0.37672 || Val Loss: 0.30527 
482 - psnr: 27.079063521491157, ssim: 0.9495149413744609
Epoch:482/500
Total Loss: 0.38108 || Val Loss: 0.30358 
483 - psnr: 28.281858444213867, ssim: 0.9517829457918803
Epoch:483/500
Total Loss: 0.37945 || Val Loss: 0.28487 
484 - psnr: 26.43738868501451, ssim: 0.948003723886278
Epoch:484/500
Total Loss: 0.37642 || Val Loss: 0.30995 
485 - psnr: 26.69509161843194, ssim: 0.9489557822545369
Epoch:485/500
Total Loss: 0.37766 || Val Loss: 0.30639 
486 - psnr: 26.590937243567573, ssim: 0.948563109503852
Epoch:486/500
Total Loss: 0.37424 || Val Loss: 0.30448 
487 - psnr: 26.702007664574516, ssim: 0.9486678997675578
Epoch:487/500
Total Loss: 0.37636 || Val Loss: 0.30211 
488 - psnr: 26.56430133183797, ssim: 0.9484384086396959
Epoch:488/500
Total Loss: 0.37794 || Val Loss: 0.30293 
489 - psnr: 26.883459726969402, ssim: 0.949173653125763
Epoch:489/500
Total Loss: 0.37760 || Val Loss: 0.30088 
490 - psnr: 27.07449558046129, ssim: 0.9496486266454061
Epoch:490/500
Total Loss: 0.37511 || Val Loss: 0.30324 
491 - psnr: 26.97830608155992, ssim: 0.9491001023186578
Epoch:491/500
Total Loss: 0.37577 || Val Loss: 0.30434 
492 - psnr: 27.226229190826416, ssim: 0.9488161497645908
Epoch:492/500
Total Loss: 0.37476 || Val Loss: 0.29127 
493 - psnr: 25.24559513727824, ssim: 0.9438155810038249
Epoch:493/500
Total Loss: 0.37895 || Val Loss: 0.32322 
494 - psnr: 27.146169662475586, ssim: 0.9498613410525851
Epoch:494/500
Total Loss: 0.37902 || Val Loss: 0.28839 
495 - psnr: 27.09050226211548, ssim: 0.949393363793691
Epoch:495/500
Total Loss: 0.37799 || Val Loss: 0.29308 
496 - psnr: 27.103414217631023, ssim: 0.9496622376971775
Epoch:496/500
Total Loss: 0.38068 || Val Loss: 0.29364 
497 - psnr: 26.736147827572292, ssim: 0.9483263452847799
Epoch:497/500
Total Loss: 0.37728 || Val Loss: 0.28835 
498 - psnr: 26.605901930067276, ssim: 0.9484260837237041
Epoch:498/500
Total Loss: 0.37761 || Val Loss: 0.29937 
499 - psnr: 26.784397019280327, ssim: 0.9492335491710239
Epoch:499/500
Total Loss: 0.37637 || Val Loss: 0.29730 
500 - psnr: 26.67623207304213, ssim: 0.9485085778766208
Epoch:500/500
Total Loss: 0.37945 || Val Loss: 0.30198 
Model saved at epoch 500 to ./logs/2025_12_28_17_33_06/weights/model_epoch_500.pth
